2025-08-06 00:17:31,449 [ERROR] LogOutputStream:75 - [STDERR_REDIRECT] 
2025-08-06 22:09:52,572 [INFO] Activator:176 - 


2025-08-06 22:09:52,575 [INFO] Activator:177 - !SESSION log4j initialized
2025-08-06 22:09:58,613 [INFO] LogOutputStream:77 - [STDOUT_REDIRECT] 
2025-08-06 22:10:02,176 [INFO] ApplicationProperties:184 - Using Application install path: C:\ST\STM32CubeIDE_1.14.0\STM32CubeIDE\plugins\com.st.stm32cube.common.mx_6.15.0.202507011659
2025-08-06 22:10:02,200 [INFO] DbMcusXml:78 - Set database path to: C:\ST\STM32CubeIDE_1.14.0\STM32CubeIDE\plugins\com.st.stm32cube.common.mx_6.15.0.202507011659\\db\/mcu/
2025-08-06 22:10:02,200 [INFO] ApiDb:274 - Set plugin database path to: C:\ST\STM32CubeIDE_1.14.0\STM32CubeIDE\plugins\com.st.stm32cube.common.mx_6.15.0.202507011659\\db\/plugins/boardmanager/
2025-08-06 22:10:02,201 [WARN] ApiDb:259 - Overriding images path with different value:  => C:\ST\STM32CubeIDE_1.14.0\STM32CubeIDE\plugins\com.st.stm32cube.common.mx_6.15.0.202507011659\\db\/plugins/mcufinder/images/
2025-08-06 22:10:02,211 [INFO] ApiDb:250 - Set database path to: C:\Users\jihoo\.stmcufinder\plugins\mcufinder//mcu/
2025-08-06 22:10:02,213 [INFO] DbMcusAds:125 - Set database path to: C:\Users\jihoo\.stmcufinder\plugins\mcufinder//mcu/
2025-08-06 22:10:02,216 [INFO] CrossReferenceDbSqlite:203 - Set database path to: C:\Users\jihoo\.stmcufinder\plugins\mcufinder//mcu/cs/
2025-08-06 22:10:02,341 [INFO] RulesReader:64 - Compatibility file has been processed (317 Rules)
2025-08-06 22:10:02,467 [INFO] DbMcusXml:78 - Set database path to: C:\ST\STM32CubeIDE_1.14.0\STM32CubeIDE\plugins\com.st.stm32cube.common.mx_6.15.0.202507011659\\db\/mcu/
2025-08-06 22:10:02,467 [INFO] ApiDb:274 - Set plugin database path to: C:\ST\STM32CubeIDE_1.14.0\STM32CubeIDE\plugins\com.st.stm32cube.common.mx_6.15.0.202507011659\\db\/plugins/boardmanager/
2025-08-06 22:10:02,467 [INFO] ApiDb:261 - Set plugin images path to: C:\ST\STM32CubeIDE_1.14.0\STM32CubeIDE\plugins\com.st.stm32cube.common.mx_6.15.0.202507011659\\db\/plugins/mcufinder/images/
2025-08-06 22:10:02,468 [WARN] DbFile:41 - Overriding database path with different value: C:\Users\jihoo\.stmcufinder\plugins\mcufinder/ => C:\Users\jihoo\.stmcufinder\plugins\mcufinder
2025-08-06 22:10:02,468 [INFO] ApiDb:250 - Set database path to: C:\Users\jihoo\.stmcufinder\plugins\mcufinder//mcu/
2025-08-06 22:10:02,468 [WARN] DbFile:41 - Overriding database path with different value: C:\Users\jihoo\.stmcufinder\plugins\mcufinder/ => C:\Users\jihoo\.stmcufinder\plugins\mcufinder
2025-08-06 22:10:02,468 [INFO] DbMcusAds:125 - Set database path to: C:\Users\jihoo\.stmcufinder\plugins\mcufinder//mcu/
2025-08-06 22:10:02,468 [WARN] DbFile:41 - Overriding database path with different value: C:\Users\jihoo\.stmcufinder\plugins\mcufinder/ => C:\Users\jihoo\.stmcufinder\plugins\mcufinder
2025-08-06 22:10:02,468 [WARN] DbFile:41 - Overriding database path with different value: C:\Users\jihoo\.stmcufinder\plugins\mcufinder/ => C:\Users\jihoo\.stmcufinder\plugins\mcufinder
2025-08-06 22:10:02,468 [INFO] CrossReferenceDbSqlite:203 - Set database path to: C:\Users\jihoo\.stmcufinder\plugins\mcufinder//mcu/cs/
2025-08-06 22:10:02,554 [INFO] MainPanel:274 - HeapMemory: 507510784
2025-08-06 22:10:02,698 [INFO] DbMcusXml:78 - Set database path to: C:\ST\STM32CubeIDE_1.14.0\STM32CubeIDE\plugins\com.st.stm32cube.common.mx_6.15.0.202507011659\\db\/mcu/
2025-08-06 22:10:02,698 [INFO] ApiDb:274 - Set plugin database path to: C:\ST\STM32CubeIDE_1.14.0\STM32CubeIDE\plugins\com.st.stm32cube.common.mx_6.15.0.202507011659\\db\/plugins/boardmanager/
2025-08-06 22:10:02,698 [INFO] ApiDb:261 - Set plugin images path to: C:\ST\STM32CubeIDE_1.14.0\STM32CubeIDE\plugins\com.st.stm32cube.common.mx_6.15.0.202507011659\\db\/plugins/mcufinder/images/
2025-08-06 22:10:02,699 [WARN] DbFile:41 - Overriding database path with different value: C:\Users\jihoo\.stmcufinder\plugins\mcufinder/ => C:\Users\jihoo\.stmcufinder\plugins\mcufinder
2025-08-06 22:10:02,699 [INFO] ApiDb:250 - Set database path to: C:\Users\jihoo\.stmcufinder\plugins\mcufinder//mcu/
2025-08-06 22:10:02,699 [WARN] DbFile:41 - Overriding database path with different value: C:\Users\jihoo\.stmcufinder\plugins\mcufinder/ => C:\Users\jihoo\.stmcufinder\plugins\mcufinder
2025-08-06 22:10:02,699 [INFO] DbMcusAds:125 - Set database path to: C:\Users\jihoo\.stmcufinder\plugins\mcufinder//mcu/
2025-08-06 22:10:02,700 [WARN] DbFile:41 - Overriding database path with different value: C:\Users\jihoo\.stmcufinder\plugins\mcufinder/ => C:\Users\jihoo\.stmcufinder\plugins\mcufinder
2025-08-06 22:10:02,700 [WARN] DbFile:41 - Overriding database path with different value: C:\Users\jihoo\.stmcufinder\plugins\mcufinder/ => C:\Users\jihoo\.stmcufinder\plugins\mcufinder
2025-08-06 22:10:02,700 [INFO] CrossReferenceDbSqlite:203 - Set database path to: C:\Users\jihoo\.stmcufinder\plugins\mcufinder//mcu/cs/
2025-08-06 22:10:02,722 [INFO] ApplicationProperties:184 - Using Application install path: C:\ST\STM32CubeIDE_1.14.0\STM32CubeIDE\plugins\com.st.stm32cube.common.mx_6.15.0.202507011659
2025-08-06 22:10:02,724 [INFO] PluginManage:196 - Search for loadable plugins [exclusion list=, ]
2025-08-06 22:10:02,725 [INFO] PluginManage:310 - Check plugin analytics
2025-08-06 22:10:02,949 [INFO] AnalyticsPlugin:253 - Accepted Software Licenses: STM32CubeMX.6.6.1,STM32CubeMX.6.7.0,STM32CubeMX.6.10.0,STM32CubeMX.6.12.0,STM32CubeMX.6.13.0,STM32CubeMX.6.14.1,STM32CubeMX.6.15.0
2025-08-06 22:10:02,949 [INFO] AnalyticsPlugin:255 - Accepted CMSIS Pack Licenses: 
2025-08-06 22:10:02,950 [INFO] AnalyticsPlugin:257 - Accepted Firmware Licenses: FW.H7.1.12.0,FW.F4.1.28.0
2025-08-06 22:10:02,955 [INFO] PluginManage:359 - Loaded plugin analytics (category:tool,tabindex:-1)
2025-08-06 22:10:02,955 [INFO] PluginManage:310 - Check plugin cadmodel
2025-08-06 22:10:02,966 [INFO] CADModel:105 - Init CAD model plugin
2025-08-06 22:10:02,966 [INFO] PluginManage:359 - Loaded plugin cadmodel (category:power,tabindex:5)
2025-08-06 22:10:02,966 [INFO] PluginManage:310 - Check plugin clock
2025-08-06 22:10:02,979 [INFO] PluginManage:359 - Loaded plugin clock (category:base,tabindex:2)
2025-08-06 22:10:02,979 [INFO] PluginManage:310 - Check plugin ddr
2025-08-06 22:10:02,984 [INFO] PluginManage:359 - Loaded plugin ddr (category:tool,tabindex:6)
2025-08-06 22:10:02,984 [INFO] PluginManage:310 - Check plugin filemanager
2025-08-06 22:10:03,126 [INFO] PluginManage:359 - Loaded plugin filemanager (category:base,tabindex:10)
2025-08-06 22:10:03,126 [INFO] PluginManage:310 - Check plugin ipmanager
2025-08-06 22:10:03,133 [INFO] PluginManage:359 - Loaded plugin ipmanager (category:base,tabindex:5)
2025-08-06 22:10:03,133 [INFO] PluginManage:310 - Check plugin lpbam
2025-08-06 22:10:03,142 [INFO] PluginManage:359 - Loaded plugin lpbam (category:base,tabindex:0)
2025-08-06 22:10:03,142 [INFO] PluginManage:310 - Check plugin memorymap
2025-08-06 22:10:03,158 [INFO] PluginManage:359 - Loaded plugin memorymap (category:base,tabindex:4)
2025-08-06 22:10:03,158 [INFO] PluginManage:310 - Check plugin pinoutandconfiguration
2025-08-06 22:10:03,169 [INFO] PluginManage:359 - Loaded plugin pinoutandconfiguration (category:base,tabindex:1)
2025-08-06 22:10:03,169 [INFO] PluginManage:310 - Check plugin pinoutconfig
2025-08-06 22:10:03,269 [WARN] SupportedApi:132 - Cannot load RTOS API schema: s4s-elt-must-match.1: The content of 'definitions' must match (annotation?, (simpleType | complexType)?, (unique | key | keyref)*)). A problem was found starting at: attribute.
2025-08-06 22:10:03,432 [INFO] PluginManage:359 - Loaded plugin pinoutconfig (category:base,tabindex:0)
2025-08-06 22:10:03,432 [INFO] PluginManage:310 - Check plugin power
2025-08-06 22:10:03,443 [INFO] PluginManage:359 - Loaded plugin power (category:power,tabindex:4)
2025-08-06 22:10:03,443 [INFO] PluginManage:310 - Check plugin projectmanager
2025-08-06 22:10:03,459 [INFO] PluginManage:359 - Loaded plugin projectmanager (category:projectmanager,tabindex:4)
2025-08-06 22:10:03,459 [INFO] PluginManage:310 - Check plugin rif
2025-08-06 22:10:03,472 [INFO] PluginManage:359 - Loaded plugin rif (category:base,tabindex:3)
2025-08-06 22:10:03,473 [INFO] PluginManage:310 - Check plugin thirdparty
2025-08-06 22:10:03,617 [INFO] PluginManage:359 - Loaded plugin thirdparty (category:base,tabindex:-1)
2025-08-06 22:10:03,618 [INFO] PluginManage:310 - Check plugin tools
2025-08-06 22:10:03,617 [WARN] IntegrityCheckThread:84 - waiting for thirdparty lock release [integrity check]
2025-08-06 22:10:03,618 [INFO] IntegrityCheckThread:86 - entering critical section [integrity check]
2025-08-06 22:10:03,618 [INFO] ThirdPartyUpdaterWithRetryManager:70 - Updater plugin not ready yet. [1/15]
2025-08-06 22:10:03,620 [INFO] PluginManage:359 - Loaded plugin tools (category:base,tabindex:7)
2025-08-06 22:10:03,620 [INFO] PluginManage:310 - Check plugin tutovideos
2025-08-06 22:10:03,862 [INFO] PluginManage:359 - Loaded plugin tutovideos (category:base,tabindex:-1)
2025-08-06 22:10:03,862 [INFO] PluginManage:310 - Check plugin updater
2025-08-06 22:10:03,884 [INFO] PluginManage:359 - Loaded plugin updater (category:base,tabindex:12)
2025-08-06 22:10:03,884 [INFO] PluginManage:310 - Check plugin userauth
2025-08-06 22:10:03,890 [INFO] UserAuth:118 - Init User Auth plugin
2025-08-06 22:10:03,891 [INFO] PluginManage:359 - Loaded plugin userauth (category:base,tabindex:14)
2025-08-06 22:10:03,891 [INFO] PluginManage:283 - PluginManage : Loaded plugins [18]
2025-08-06 22:10:04,141 [INFO] PinOutPanel:1589 - setPackage(No Configuration,No Configuration)
2025-08-06 22:10:04,232 [INFO] CADModel:165 - CPN selected for project level
2025-08-06 22:10:04,232 [INFO] CADModel:114 - Register for checkConnection events
2025-08-06 22:10:04,279 [INFO] IPUIPlugin:80 - create IPUIPlugin
2025-08-06 22:10:04,279 [INFO] PluginManager:220 - loadIPPluginJar : add adc
2025-08-06 22:10:04,284 [INFO] IPUIPlugin:80 - create IPUIPlugin
2025-08-06 22:10:04,284 [INFO] PluginManager:220 - loadIPPluginJar : add aes
2025-08-06 22:10:04,287 [INFO] IPUIPlugin:80 - create IPUIPlugin
2025-08-06 22:10:04,288 [INFO] PluginManager:220 - loadIPPluginJar : add can
2025-08-06 22:10:04,289 [INFO] IPUIPlugin:80 - create IPUIPlugin
2025-08-06 22:10:04,290 [INFO] PluginManager:220 - loadIPPluginJar : add comp
2025-08-06 22:10:04,293 [INFO] IPUIPlugin:80 - create IPUIPlugin
2025-08-06 22:10:04,293 [INFO] PluginManager:220 - loadIPPluginJar : add cryp
2025-08-06 22:10:04,298 [INFO] IPUIPlugin:80 - create IPUIPlugin
2025-08-06 22:10:04,298 [INFO] PluginManager:220 - loadIPPluginJar : add ddr_ctrl_phy
2025-08-06 22:10:04,302 [INFO] IPUIPlugin:80 - create IPUIPlugin
2025-08-06 22:10:04,302 [INFO] PluginManager:220 - loadIPPluginJar : add dfsdm
2025-08-06 22:10:04,308 [INFO] IPUIPlugin:80 - create IPUIPlugin
2025-08-06 22:10:04,308 [INFO] PluginManager:220 - loadIPPluginJar : add dma
2025-08-06 22:10:04,313 [INFO] IPUIPlugin:80 - create IPUIPlugin
2025-08-06 22:10:04,313 [INFO] PluginManager:220 - loadIPPluginJar : add dma3
2025-08-06 22:10:04,316 [INFO] IPUIPlugin:80 - create IPUIPlugin
2025-08-06 22:10:04,316 [INFO] PluginManager:220 - loadIPPluginJar : add extmemmanager
2025-08-06 22:10:04,318 [INFO] IPUIPlugin:80 - create IPUIPlugin
2025-08-06 22:10:04,318 [INFO] PluginManager:220 - loadIPPluginJar : add fatfs
2025-08-06 22:10:04,323 [INFO] IPUIPlugin:80 - create IPUIPlugin
2025-08-06 22:10:04,323 [INFO] PluginManager:220 - loadIPPluginJar : add fmc
2025-08-06 22:10:04,329 [INFO] IPUIPlugin:80 - create IPUIPlugin
2025-08-06 22:10:04,329 [INFO] PluginManager:220 - loadIPPluginJar : add freertos
2025-08-06 22:10:04,331 [INFO] IPUIPlugin:80 - create IPUIPlugin
2025-08-06 22:10:04,331 [INFO] PluginManager:220 - loadIPPluginJar : add genericplugin
2025-08-06 22:10:04,333 [INFO] IPUIPlugin:80 - create IPUIPlugin
2025-08-06 22:10:04,333 [INFO] PluginManager:220 - loadIPPluginJar : add gfxmmu
2025-08-06 22:10:04,337 [INFO] IPUIPlugin:80 - create IPUIPlugin
2025-08-06 22:10:04,338 [INFO] PluginManager:220 - loadIPPluginJar : add gic
2025-08-06 22:10:04,342 [INFO] IPUIPlugin:80 - create IPUIPlugin
2025-08-06 22:10:04,342 [INFO] PluginManager:220 - loadIPPluginJar : add gpio
2025-08-06 22:10:04,344 [INFO] IPUIPlugin:80 - create IPUIPlugin
2025-08-06 22:10:04,344 [INFO] PluginManager:220 - loadIPPluginJar : add gtzc
2025-08-06 22:10:04,347 [INFO] IPUIPlugin:80 - create IPUIPlugin
2025-08-06 22:10:04,347 [INFO] PluginManager:220 - loadIPPluginJar : add hash
2025-08-06 22:10:04,350 [INFO] IPUIPlugin:80 - create IPUIPlugin
2025-08-06 22:10:04,350 [INFO] PluginManager:220 - loadIPPluginJar : add i2c
2025-08-06 22:10:04,352 [INFO] IPUIPlugin:80 - create IPUIPlugin
2025-08-06 22:10:04,353 [INFO] PluginManager:220 - loadIPPluginJar : add i2s
2025-08-06 22:10:04,355 [INFO] IPUIPlugin:80 - create IPUIPlugin
2025-08-06 22:10:04,355 [INFO] PluginManager:220 - loadIPPluginJar : add i3c
2025-08-06 22:10:04,359 [INFO] IPUIPlugin:80 - create IPUIPlugin
2025-08-06 22:10:04,359 [INFO] PluginManager:220 - loadIPPluginJar : add ipddr
2025-08-06 22:10:04,365 [INFO] IPUIPlugin:80 - create IPUIPlugin
2025-08-06 22:10:04,366 [INFO] PluginManager:220 - loadIPPluginJar : add linkedlist
2025-08-06 22:10:04,368 [INFO] IPUIPlugin:80 - create IPUIPlugin
2025-08-06 22:10:04,368 [INFO] PluginManager:220 - loadIPPluginJar : add lorawan
2025-08-06 22:10:04,371 [INFO] IPUIPlugin:80 - create IPUIPlugin
2025-08-06 22:10:04,371 [INFO] PluginManager:220 - loadIPPluginJar : add ltdc
2025-08-06 22:10:04,376 [INFO] IPUIPlugin:80 - create IPUIPlugin
2025-08-06 22:10:04,377 [INFO] PluginManager:220 - loadIPPluginJar : add mdma
2025-08-06 22:10:04,382 [INFO] IPUIPlugin:80 - create IPUIPlugin
2025-08-06 22:10:04,382 [INFO] PluginManager:220 - loadIPPluginJar : add nvic
2025-08-06 22:10:04,385 [INFO] IPUIPlugin:80 - create IPUIPlugin
2025-08-06 22:10:04,386 [INFO] PluginManager:220 - loadIPPluginJar : add opamp
2025-08-06 22:10:04,393 [INFO] IPUIPlugin:80 - create IPUIPlugin
2025-08-06 22:10:04,393 [INFO] PluginManager:220 - loadIPPluginJar : add openamp
2025-08-06 22:10:04,396 [INFO] IPUIPlugin:80 - create IPUIPlugin
2025-08-06 22:10:04,396 [INFO] PluginManager:220 - loadIPPluginJar : add pdm2pcm
2025-08-06 22:10:04,405 [INFO] IPUIPlugin:80 - create IPUIPlugin
2025-08-06 22:10:04,408 [INFO] PluginManager:220 - loadIPPluginJar : add plateformsettings
2025-08-06 22:10:04,409 [INFO] IPUIPlugin:80 - create IPUIPlugin
2025-08-06 22:10:04,409 [INFO] PluginManager:220 - loadIPPluginJar : add quadspi
2025-08-06 22:10:04,412 [INFO] IPUIPlugin:80 - create IPUIPlugin
2025-08-06 22:10:04,412 [INFO] PluginManager:220 - loadIPPluginJar : add radio
2025-08-06 22:10:04,417 [INFO] IPUIPlugin:80 - create IPUIPlugin
2025-08-06 22:10:04,417 [INFO] PluginManager:220 - loadIPPluginJar : add resmgrutility
2025-08-06 22:10:04,421 [INFO] IPUIPlugin:80 - create IPUIPlugin
2025-08-06 22:10:04,421 [INFO] PluginManager:220 - loadIPPluginJar : add sai
2025-08-06 22:10:04,424 [INFO] IPUIPlugin:80 - create IPUIPlugin
2025-08-06 22:10:04,424 [INFO] PluginManager:220 - loadIPPluginJar : add spi
2025-08-06 22:10:04,431 [INFO] IPUIPlugin:80 - create IPUIPlugin
2025-08-06 22:10:04,431 [INFO] PluginManager:220 - loadIPPluginJar : add stm32_wpan
2025-08-06 22:10:04,433 [INFO] IPUIPlugin:80 - create IPUIPlugin
2025-08-06 22:10:04,433 [INFO] PluginManager:220 - loadIPPluginJar : add tim
2025-08-06 22:10:04,437 [INFO] IPUIPlugin:80 - create IPUIPlugin
2025-08-06 22:10:04,437 [INFO] PluginManager:220 - loadIPPluginJar : add touchsensing
2025-08-06 22:10:04,440 [INFO] IPUIPlugin:80 - create IPUIPlugin
2025-08-06 22:10:04,441 [INFO] PluginManager:220 - loadIPPluginJar : add tracer_emb
2025-08-06 22:10:04,443 [INFO] IPUIPlugin:80 - create IPUIPlugin
2025-08-06 22:10:04,443 [INFO] PluginManager:220 - loadIPPluginJar : add ts
2025-08-06 22:10:04,445 [INFO] IPUIPlugin:80 - create IPUIPlugin
2025-08-06 22:10:04,445 [INFO] PluginManager:220 - loadIPPluginJar : add tsc
2025-08-06 22:10:04,448 [INFO] IPUIPlugin:80 - create IPUIPlugin
2025-08-06 22:10:04,448 [INFO] PluginManager:220 - loadIPPluginJar : add ucpd
2025-08-06 22:10:04,452 [INFO] IPUIPlugin:80 - create IPUIPlugin
2025-08-06 22:10:04,452 [INFO] PluginManager:220 - loadIPPluginJar : add usart
2025-08-06 22:10:04,456 [INFO] IPUIPlugin:80 - create IPUIPlugin
2025-08-06 22:10:04,456 [INFO] PluginManager:220 - loadIPPluginJar : add usbx
2025-08-06 22:10:04,586 [FATAL] Updater:351 - Updater called before beeing initialized
2025-08-06 22:10:04,616 [INFO] RulesReader:64 - Compatibility file has been processed (317 Rules)
2025-08-06 22:10:04,626 [INFO] RulesReader:64 - Compatibility file has been processed (317 Rules)
2025-08-06 22:10:04,634 [INFO] CADModel:165 - CPN selected for project level
2025-08-06 22:10:04,634 [INFO] CADModel:114 - Register for checkConnection events
2025-08-06 22:10:04,634 [FATAL] Updater:351 - Updater called before beeing initialized
2025-08-06 22:10:04,635 [ERROR] CADModel:125 - Updater not yet initialized, retry later 
2025-08-06 22:10:04,815 [FATAL] Updater:351 - Updater called before beeing initialized
2025-08-06 22:10:04,819 [INFO] CADModel:165 - CPN selected for project level
2025-08-06 22:10:04,819 [INFO] CADModel:114 - Register for checkConnection events
2025-08-06 22:10:04,819 [FATAL] Updater:351 - Updater called before beeing initialized
2025-08-06 22:10:04,819 [ERROR] CADModel:125 - Updater not yet initialized, retry later 
2025-08-06 22:10:04,823 [FATAL] Updater:351 - Updater called before beeing initialized
2025-08-06 22:10:04,970 [FATAL] Updater:351 - Updater called before beeing initialized
2025-08-06 22:10:04,973 [INFO] DbMcusAds:53 - JSON generation date=Tue Jul 08 17:14:23 KST 2025 (1751962463593)
2025-08-06 22:10:04,974 [FATAL] Updater:351 - Updater called before beeing initialized
2025-08-06 22:10:05,019 [WARN] DetailPanel:346 - Failed to get advertising image, set to default
2025-08-06 22:10:05,103 [FATAL] Updater:351 - Updater called before beeing initialized
2025-08-06 22:10:05,105 [FATAL] Updater:351 - Updater called before beeing initialized
2025-08-06 22:10:05,105 [FATAL] Updater:351 - Updater called before beeing initialized
2025-08-06 22:10:05,105 [WARN] DetailPanel:346 - Failed to get advertising image, set to default
2025-08-06 22:10:05,108 [FATAL] Updater:351 - Updater called before beeing initialized
2025-08-06 22:10:05,182 [ERROR] Updater:1198 - MainUpdater not yet initialized. External WinMGr cannot be set.
2025-08-06 22:10:05,187 [INFO] Updater:1134 - Updater Version found : 6.15.0
2025-08-06 22:10:05,219 [INFO] ApplicationProperties:184 - Using Application install path: C:\ST\STM32CubeIDE_1.14.0\STM32CubeIDE\plugins\com.st.stm32cube.common.mx_6.15.0.202507011659
2025-08-06 22:10:05,696 [INFO] MainUpdater:2872 - connection check result : 10
2025-08-06 22:10:05,697 [INFO] MainUpdater:289 - Updater Check For Update Now.
2025-08-06 22:10:05,697 [INFO] MicroXplorer:498 - Change Database Version : DB.6.0.150
2025-08-06 22:10:05,706 [INFO] McuFinderGlobals:63 - Set McuFinder mode to 2 (CubeIDE integrated)
2025-08-06 22:10:05,707 [INFO] UserAuth:487 - Internet connection configuration mode: 1
2025-08-06 22:10:05,734 [INFO] JxBrowserEngine:152 - Initiate JxBrowser Engine with user profile folder
2025-08-06 22:10:05,923 [INFO] CheckServerUpdateThread:120 - End of CheckServer Thread
2025-08-06 22:10:07,559 [WARN] PackLoader:240 - Cannot read IP mode file for STMicroelectronics.FP-SNS-MOTENVWB1.1.4.0
2025-08-06 22:10:07,570 [WARN] PackLoader:240 - Cannot read IP mode file for STMicroelectronics.FP-ATR-ASTRA1.2.0.2
2025-08-06 22:10:07,574 [WARN] PackLoader:240 - Cannot read IP mode file for STMicroelectronics.FP-ATR-ASTRA1.2.0.1
2025-08-06 22:10:07,589 [WARN] PackLoader:240 - Cannot read IP mode file for STMicroelectronics.X-CUBE-SMBUS.2.1.0
2025-08-06 22:10:07,602 [WARN] PackLoader:240 - Cannot read IP mode file for STMicroelectronics.X-CUBE-WB05N.1.1.0
2025-08-06 22:10:07,608 [WARN] PackLoader:240 - Cannot read IP mode file for STMicroelectronics.X-CUBE-ST60.1.0.0
2025-08-06 22:10:07,616 [WARN] PackLoader:240 - Cannot read IP mode file for STMicroelectronics.X-CUBE-TOUCHGFX.4.23.0
2025-08-06 22:10:07,644 [WARN] PackLoader:240 - Cannot read IP mode file for STMicroelectronics.X-CUBE-AZRTOS-F7.1.1.0
2025-08-06 22:10:07,652 [WARN] PackLoader:240 - Cannot read IP mode file for STMicroelectronics.FP-SNS-MOTENV1.4.3.2
2025-08-06 22:10:07,658 [ERROR] RealEvaluatedCondition:428 - Found unsupported composite condition: GROUP='STM32_MetaDataManager' CLASS='Data Exchange'
2025-08-06 22:10:07,658 [ERROR] RealEvaluatedCondition:428 - Found unsupported composite condition: GROUP='STM32_MetaDataManager' CLASS='Data Exchange'
2025-08-06 22:10:07,660 [WARN] PackLoader:240 - Cannot read IP mode file for STMicroelectronics.FP-SNS-MOTENV1.4.3.1
2025-08-06 22:10:07,666 [WARN] PackLoader:240 - Cannot read IP mode file for STMicroelectronics.FP-SNS-FLIGHT1.5.0.1
2025-08-06 22:10:07,671 [WARN] PackLoader:240 - Cannot read IP mode file for STMicroelectronics.X-CUBE-BLE1.6.2.3
2025-08-06 22:10:07,722 [WARN] PackLoader:240 - Cannot read IP mode file for STMicroelectronics.X-CUBE-MEMS1.11.0.0
2025-08-06 22:10:07,929 [WARN] PackLoader:240 - Cannot read IP mode file for STMicroelectronics.X-CUBE-BLE1.6.2.4
2025-08-06 22:10:07,934 [WARN] PackLoader:240 - Cannot read IP mode file for STMicroelectronics.FP-SNS-FLIGHT1.5.0.2
2025-08-06 22:10:07,946 [WARN] PackLoader:240 - Cannot read IP mode file for STMicroelectronics.X-CUBE-TOF1.3.1.0
2025-08-06 22:10:07,974 [WARN] PackLoader:240 - Cannot read IP mode file for STMicroelectronics.X-CUBE-AZRTOS-H7.3.4.0
2025-08-06 22:10:07,990 [WARN] PackLoader:240 - Cannot read IP mode file for STMicroelectronics.X-CUBE-DISPLAY.3.0.0
2025-08-06 22:10:08,002 [WARN] PackLoader:240 - Cannot read IP mode file for STMicroelectronics.X-CUBE-BLE1.7.0.0
2025-08-06 22:10:08,011 [WARN] PackLoader:240 - Cannot read IP mode file for STMicroelectronics.X-CUBE-NFC10.1.0.0
2025-08-06 22:10:08,024 [WARN] PackLoader:240 - Cannot read IP mode file for STMicroelectronics.X-CUBE-BLEMGR.4.0.0
2025-08-06 22:10:08,034 [WARN] PackLoader:240 - Cannot read IP mode file for emotas.I-CUBE-CANOPEN.1.3.0
2025-08-06 22:10:08,077 [WARN] PackLoader:240 - Cannot read IP mode file for STMicroelectronics.X-CUBE-MEMS1.9.3.0
2025-08-06 22:10:08,180 [INFO] WebApp:169 - Instantiating new browser for Auth
2025-08-06 22:10:08,240 [WARN] PackLoader:240 - Cannot read IP mode file for STMicroelectronics.X-CUBE-AI.7.2.0
2025-08-06 22:10:08,254 [WARN] PackLoader:240 - Cannot read IP mode file for STMicroelectronics.X-CUBE-BLEMGR.3.1.0
2025-08-06 22:10:08,259 [WARN] PackLoader:240 - Cannot read IP mode file for STMicroelectronics.X-CUBE-AI.10.0.0
2025-08-06 22:10:08,266 [WARN] PackLoader:240 - Cannot read IP mode file for STMicroelectronics.FP-SNS-STBOX1.2.1.0
2025-08-06 22:10:08,272 [WARN] PackLoader:240 - Cannot read IP mode file for STMicroelectronics.FP-SNS-SMARTAG2.1.2.0
2025-08-06 22:10:08,276 [WARN] PackLoader:240 - Cannot read IP mode file for STMicroelectronics.FP-SNS-FLIGHT1.5.1.0
2025-08-06 22:10:08,287 [INFO] LogOutputStream:77 - [STDOUT_REDIRECT] 1 : Invalid condition id : UX_CORESTACK_Condition cause : null
2025-08-06 22:10:08,288 [INFO] LogOutputStream:77 - [STDOUT_REDIRECT] 1 : Invalid condition id : UX_CORESTACK_Condition cause : null
2025-08-06 22:10:08,289 [INFO] LogOutputStream:77 - [STDOUT_REDIRECT] 1 : Invalid condition id : UX_CORESTACK_Condition cause : null
2025-08-06 22:10:08,291 [INFO] LogOutputStream:77 - [STDOUT_REDIRECT] 1 : Invalid condition id : UX_CORESTACK_Condition cause : null
2025-08-06 22:10:08,292 [INFO] LogOutputStream:77 - [STDOUT_REDIRECT] 1 : Invalid condition id : UX_CORESTACK_Condition cause : null
2025-08-06 22:10:08,295 [WARN] PackLoader:240 - Cannot read IP mode file for STMicroelectronics.X-CUBE-AZRTOS-WL.2.0.0
2025-08-06 22:10:08,300 [WARN] PackLoader:240 - Cannot read IP mode file for STMicroelectronics.FP-SNS-MOTENV1.5.0.0
2025-08-06 22:10:08,305 [WARN] PackLoader:240 - Cannot read IP mode file for wolfSSL.I-CUBE-wolfMQTT.1.19.0
2025-08-06 22:10:08,315 [WARN] PackLoader:240 - Cannot read IP mode file for WES.I-CUBE-Cesium.1.3.0
2025-08-06 22:10:08,328 [WARN] PackLoader:240 - Cannot read IP mode file for STMicroelectronics.X-CUBE-BLE2.3.3.0
2025-08-06 22:10:08,336 [WARN] PackLoader:240 - Cannot read IP mode file for STMicroelectronics.X-CUBE-DISPLAY.2.2.0
2025-08-06 22:10:08,345 [WARN] PackLoader:240 - Cannot read IP mode file for STMicroelectronics.X-CUBE-TOF1.3.2.0
2025-08-06 22:10:08,355 [WARN] PackLoader:240 - Cannot read IP mode file for STMicroelectronics.X-CUBE-ISPU.1.0.0
2025-08-06 22:10:08,363 [WARN] PackLoader:240 - Cannot read IP mode file for STMicroelectronics.X-CUBE-NFC9.1.0.0
2025-08-06 22:10:08,384 [WARN] PackLoader:240 - Cannot read IP mode file for STMicroelectronics.X-CUBE-AZRTOS-H7.2.1.0
2025-08-06 22:10:08,392 [WARN] PackLoader:240 - Cannot read IP mode file for STMicroelectronics.X-CUBE-BLE1.7.1.0
2025-08-06 22:10:08,400 [WARN] PackLoader:240 - Cannot read IP mode file for STMicroelectronics.X-CUBE-TCPP.4.1.0
2025-08-06 22:10:08,406 [WARN] PackLoader:240 - Cannot read IP mode file for STMicroelectronics.X-CUBE-EEPRMA1.5.2.0
2025-08-06 22:10:08,410 [WARN] PackLoader:240 - Cannot read IP mode file for STMicroelectronics.X-CUBE-TOUCHGFX.4.21.1
2025-08-06 22:10:08,413 [WARN] PackLoader:240 - Cannot read IP mode file for STMicroelectronics.X-CUBE-TOUCHGFX.4.21.0
2025-08-06 22:10:08,416 [WARN] PackLoader:240 - Cannot read IP mode file for STMicroelectronics.X-CUBE-TOUCHGFX.4.21.4
2025-08-06 22:10:08,446 [WARN] PackLoader:240 - Cannot read IP mode file for STMicroelectronics.X-CUBE-MEMS1.9.4.0
2025-08-06 22:10:08,530 [WARN] PackLoader:240 - Cannot read IP mode file for STMicroelectronics.X-CUBE-AI.7.3.0
2025-08-06 22:10:08,535 [WARN] PackLoader:240 - Cannot read IP mode file for STMicroelectronics.X-CUBE-AI.10.1.0
2025-08-06 22:10:08,542 [WARN] PackLoader:240 - Cannot read IP mode file for STMicroelectronics.X-CUBE-ALGOBUILD.1.3.0
2025-08-06 22:10:08,592 [WARN] PackLoader:240 - Cannot read IP mode file for STMicroelectronics.X-CUBE-MEMS1.11.2.0
2025-08-06 22:10:08,747 [WARN] PackLoader:240 - Cannot read IP mode file for STMicroelectronics.X-CUBE-AZRTOS-G0.1.1.0
2025-08-06 22:10:08,757 [WARN] PackLoader:240 - Cannot read IP mode file for STMicroelectronics.X-CUBE-SAFEA1.1.2.2
2025-08-06 22:10:08,764 [WARN] PackLoader:240 - Cannot read IP mode file for STMicroelectronics.X-CUBE-NFC4.3.0.0
2025-08-06 22:10:08,798 [WARN] PackLoader:240 - Cannot read IP mode file for SEGGER.I-CUBE-embOS.1.2.0
2025-08-06 22:10:08,833 [WARN] PackLoader:240 - Cannot read IP mode file for EmbeddedOffice.I-CUBE-FS-RTOS.1.0.1
2025-08-06 22:10:08,838 [WARN] PackLoader:240 - Cannot read IP mode file for STMicroelectronics.X-CUBE-WB05N.2.0.0
2025-08-06 22:10:08,845 [WARN] PackLoader:240 - Cannot read IP mode file for STMicroelectronics.X-CUBE-BLEMGR.3.0.0
2025-08-06 22:10:08,851 [WARN] PackLoader:240 - Cannot read IP mode file for STMicroelectronics.X-CUBE-BLEMGR.1.3.0
2025-08-06 22:10:08,855 [WARN] PackLoader:240 - Cannot read IP mode file for STMicroelectronics.X-CUBE-TCPP.4.2.0
2025-08-06 22:10:08,860 [WARN] PackLoader:240 - Cannot read IP mode file for RealThread.X-CUBE-RT-Thread_Nano.4.1.1
2025-08-06 22:10:08,864 [WARN] PackLoader:240 - Cannot read IP mode file for STMicroelectronics.FP-ATR-SIGFOX1.3.2.0
2025-08-06 22:10:08,868 [WARN] ConditionMgr:438 - getConditionDescription Invalid condition id : Cortex-A Device cause : null
2025-08-06 22:10:08,880 [WARN] ConditionMgr:1044 - genDependencies : Invalid condition id : Cortex-A Device cause : null
2025-08-06 22:10:08,880 [WARN] ConditionMgr:1044 - genDependencies : Invalid condition id : Cortex-A Device cause : null
2025-08-06 22:10:08,880 [WARN] ConditionMgr:1044 - genDependencies : Invalid condition id : Cortex-A Device cause : null
2025-08-06 22:10:08,884 [WARN] PackLoader:240 - Cannot read IP mode file for STMicroelectronics.X-CUBE-EEPRMA1.5.1.0
2025-08-06 22:10:08,888 [WARN] PackLoader:240 - Cannot read IP mode file for emotas.I-CUBE-CANOPEN.1.1.2
2025-08-06 22:10:08,891 [WARN] PackLoader:240 - Cannot read IP mode file for STMicroelectronics.X-CUBE-TOUCHGFX.4.20.0
2025-08-06 22:10:08,895 [WARN] PackLoader:240 - Cannot read IP mode file for STMicroelectronics.X-CUBE-ST67W61.1.0.0
2025-08-06 22:10:08,898 [WARN] PackLoader:240 - Cannot read IP mode file for STMicroelectronics.X-CUBE-AI.10.2.0
2025-08-06 22:10:08,914 [WARN] PackLoader:240 - Cannot read IP mode file for SEGGER.I-CUBE-embOS.1.3.1
2025-08-06 22:10:08,938 [WARN] PackLoader:240 - Cannot read IP mode file for STMicroelectronics.X-CUBE-ALGOBUILD.1.4.0
2025-08-06 22:10:08,975 [WARN] PackLoader:240 - Cannot read IP mode file for STMicroelectronics.X-CUBE-MEMS1.11.3.0
2025-08-06 22:10:09,182 [WARN] PackLoader:240 - Cannot read IP mode file for STMicroelectronics.X-CUBE-AI.9.1.0
2025-08-06 22:10:09,187 [WARN] PackLoader:240 - Cannot read IP mode file for STMicroelectronics.X-CUBE-PM33A1.1.0.0
2025-08-06 22:10:09,196 [WARN] PackLoader:240 - Cannot read IP mode file for STMicroelectronics.X-CUBE-GNSS1.6.0.0
2025-08-06 22:10:09,198 [INFO] WebApp:463 - Apply proxy settings
2025-08-06 22:10:09,200 [INFO] WebApp:548 - Chromium requires no authentication
2025-08-06 22:10:09,213 [WARN] PackLoader:240 - Cannot read IP mode file for STMicroelectronics.X-CUBE-AZRTOS-F4.1.1.0
2025-08-06 22:10:09,216 [INFO] WebApp:491 - Direct internet connection detected
2025-08-06 22:10:09,224 [WARN] PackLoader:240 - Cannot read IP mode file for Avnet-IotConnect.X-CUBE-IoTC-DA16k-PMOD.1.0.0
2025-08-06 22:10:09,228 [WARN] PackLoader:240 - Cannot read IP mode file for STMicroelectronics.X-CUBE-ISPU.2.1.0
2025-08-06 22:10:09,237 [WARN] PackLoader:240 - Cannot read IP mode file for STMicroelectronics.X-CUBE-FREERTOS.1.2.0
2025-08-06 22:10:09,241 [WARN] PackLoader:240 - Cannot read IP mode file for wolfSSL.I-CUBE-wolfSSL.5.6.6
2025-08-06 22:10:09,248 [WARN] PackLoader:240 - Cannot read IP mode file for STMicroelectronics.X-CUBE-NFC12.1.0.0
2025-08-06 22:10:09,256 [INFO] WebApp:900 - Register for checkConnection events
2025-08-06 22:10:09,257 [INFO] WebApp:463 - Apply proxy settings
2025-08-06 22:10:09,257 [INFO] WebApp:548 - Chromium requires no authentication
2025-08-06 22:10:09,258 [INFO] WebApp:491 - Direct internet connection detected
2025-08-06 22:10:09,263 [WARN] PackLoader:240 - Cannot read IP mode file for STMicroelectronics.X-CUBE-AZRTOS-L5.2.0.0
2025-08-06 22:10:09,294 [WARN] PackLoader:240 - Cannot read IP mode file for STMicroelectronics.X-CUBE-MEMS1.9.6.0
2025-08-06 22:10:09,387 [WARN] PackLoader:240 - Cannot read IP mode file for STMicroelectronics.X-CUBE-EEPRMA1.4.2.0
2025-08-06 22:10:09,395 [WARN] PackLoader:240 - Cannot read IP mode file for STMicroelectronics.X-CUBE-NFC6.3.1.0
2025-08-06 22:10:09,403 [WARN] PackLoader:240 - Cannot read IP mode file for ITTIA_DB.I-CUBE-ITTIADB.8.8.0
2025-08-06 22:10:09,425 [WARN] PackLoader:240 - Cannot read IP mode file for STMicroelectronics.X-CUBE-BLEMGR.2.0.0
2025-08-06 22:10:09,433 [WARN] PackLoader:240 - Cannot read IP mode file for STMicroelectronics.X-CUBE-DPower.1.2.0
2025-08-06 22:10:09,437 [WARN] PackLoader:240 - Cannot read IP mode file for STMicroelectronics.X-CUBE-NFC4.2.0.5
2025-08-06 22:10:09,441 [WARN] PackLoader:240 - Cannot read IP mode file for STMicroelectronics.X-CUBE-NFC4.2.0.4
2025-08-06 22:10:09,446 [WARN] PackLoader:240 - Cannot read IP mode file for STMicroelectronics.X-CUBE-AI.9.0.0
2025-08-06 22:10:09,460 [WARN] ConditionMgr:438 - getConditionDescription Invalid condition id : UX DEVICE CLASS RTOS Condition cause : null
2025-08-06 22:10:09,460 [WARN] ConditionMgr:438 - getConditionDescription Invalid condition id : UX DEVICE CLASS RTOS Condition cause : null
2025-08-06 22:10:09,462 [WARN] PackLoader:240 - Cannot read IP mode file for STMicroelectronics.X-CUBE-AZRTOS-H7.3.1.0
2025-08-06 22:10:09,463 [WARN] ConditionMgr:1044 - genDependencies : Invalid condition id : UX DEVICE CLASS RTOS Condition cause : null
2025-08-06 22:10:09,464 [WARN] ConditionMgr:1044 - genDependencies : Invalid condition id : UX DEVICE CLASS RTOS Condition cause : null
2025-08-06 22:10:09,465 [WARN] ConditionMgr:1044 - genDependencies : Invalid condition id : UX DEVICE CLASS RTOS Condition cause : null
2025-08-06 22:10:09,466 [WARN] ConditionMgr:1044 - genDependencies : Invalid condition id : UX DEVICE CLASS RTOS Condition cause : null
2025-08-06 22:10:09,466 [WARN] ConditionMgr:1044 - genDependencies : Invalid condition id : UX DEVICE CLASS RTOS Condition cause : null
2025-08-06 22:10:09,472 [WARN] PackLoader:240 - Cannot read IP mode file for STMicroelectronics.X-CUBE-FREERTOS.1.3.1
2025-08-06 22:10:09,478 [WARN] PackLoader:240 - Cannot read IP mode file for STMicroelectronics.X-CUBE-FREERTOS.1.3.0
2025-08-06 22:10:09,485 [WARN] PackLoader:240 - Cannot read IP mode file for STMicroelectronics.X-CUBE-NFC7.1.0.1
2025-08-06 22:10:09,491 [WARN] PackLoader:240 - Cannot read IP mode file for STMicroelectronics.X-CUBE-NFC7.1.0.0
2025-08-06 22:10:09,509 [WARN] PackLoader:240 - Cannot read IP mode file for STMicroelectronics.X-CUBE-NFC6.3.0.0
2025-08-06 22:10:09,531 [WARN] PackLoader:240 - Cannot read IP mode file for STMicroelectronics.X-CUBE-EEPRMA1.4.1.0
2025-08-06 22:10:09,535 [INFO] WebApp:191 - Connection restablished
2025-08-06 22:10:09,542 [WARN] PackLoader:240 - Cannot read IP mode file for STMicroelectronics.FP-SNS-STAIOTCFT.1.0.0
2025-08-06 22:10:09,548 [WARN] PackLoader:240 - Cannot read IP mode file for STMicroelectronics.X-CUBE-DPower.1.3.0
2025-08-06 22:10:09,555 [WARN] PackLoader:240 - Cannot read IP mode file for STMicroelectronics.X-CUBE-AI.8.1.0
2025-08-06 22:10:09,577 [WARN] ConditionMgr:438 - getConditionDescription Invalid condition id : LAN8742 Phy interface Condition cause : null
2025-08-06 22:10:09,578 [WARN] PackLoader:240 - Cannot read IP mode file for STMicroelectronics.X-CUBE-AZRTOS-L4.2.0.0
2025-08-06 22:10:09,579 [WARN] ConditionMgr:1044 - genDependencies : Invalid condition id : LAN8742 Phy interface Condition cause : null
2025-08-06 22:10:09,580 [WARN] ConditionMgr:1044 - genDependencies : Invalid condition id : LAN8742 Phy interface Condition cause : null
2025-08-06 22:10:09,580 [WARN] ConditionMgr:1044 - genDependencies : Invalid condition id : LAN8742 Phy interface Condition cause : null
2025-08-06 22:10:09,591 [WARN] PackLoader:240 - Cannot read IP mode file for STMicroelectronics.X-CUBE-SFXS2LP1.4.0.0
2025-08-06 22:10:09,598 [INFO] WebApp:225 - Starting web application
2025-08-06 22:10:09,599 [INFO] WebApp:593 - Web application path used C:\ST\STM32CubeIDE_1.14.0\STM32CubeIDE\plugins\com.st.stm32cube.common.mx_6.15.0.202507011659\db\plugins\mcufinder\reactClient1\index.html
2025-08-06 22:10:09,632 [WARN] PackLoader:240 - Cannot read IP mode file for STMicroelectronics.X-CUBE-AZRTOS-H7.3.0.0
2025-08-06 22:10:09,649 [WARN] PackLoader:240 - Cannot read IP mode file for STMicroelectronics.X-CUBE-ISPU.1.1.0
2025-08-06 22:10:09,687 [WARN] PackLoader:240 - Cannot read IP mode file for STMicroelectronics.X-CUBE-AZRTOS-H7.3.3.0
2025-08-06 22:10:09,702 [WARN] PackLoader:240 - Cannot read IP mode file for RoweBots.I-CUBE-UNISONRTOS.5.5.0-4
2025-08-06 22:10:09,708 [WARN] PackLoader:240 - Cannot read IP mode file for wolfSSL.I-CUBE-wolfSSL.5.4.0
2025-08-06 22:10:09,722 [WARN] PackLoader:240 - Cannot read IP mode file for STMicroelectronics.X-CUBE-BLEMGR.4.1.0
2025-08-06 22:10:09,743 [WARN] PackLoader:240 - Cannot read IP mode file for STMicroelectronics.X-CUBE-IPS.3.0.0
2025-08-06 22:10:09,768 [WARN] ConditionMgr:438 - getConditionDescription Invalid condition id : UX DEVICE CLASS RTOS Condition cause : null
2025-08-06 22:10:09,768 [WARN] ConditionMgr:438 - getConditionDescription Invalid condition id : UX DEVICE CLASS RTOS Condition cause : null
2025-08-06 22:10:09,771 [WARN] PackLoader:240 - Cannot read IP mode file for STMicroelectronics.X-CUBE-AZRTOS-WB.2.0.0
2025-08-06 22:10:09,772 [WARN] ConditionMgr:1044 - genDependencies : Invalid condition id : UX DEVICE CLASS RTOS Condition cause : null
2025-08-06 22:10:09,772 [WARN] ConditionMgr:1044 - genDependencies : Invalid condition id : UX DEVICE CLASS RTOS Condition cause : null
2025-08-06 22:10:09,773 [WARN] ConditionMgr:1044 - genDependencies : Invalid condition id : UX DEVICE CLASS RTOS Condition cause : null
2025-08-06 22:10:09,774 [WARN] ConditionMgr:1044 - genDependencies : Invalid condition id : UX DEVICE CLASS RTOS Condition cause : null
2025-08-06 22:10:09,774 [WARN] ConditionMgr:1044 - genDependencies : Invalid condition id : UX DEVICE CLASS RTOS Condition cause : null
2025-08-06 22:10:09,785 [WARN] PackLoader:240 - Cannot read IP mode file for STMicroelectronics.X-CUBE-FREERTOS.1.0.1
2025-08-06 22:10:09,797 [WARN] PackLoader:240 - Cannot read IP mode file for STMicroelectronics.X-CUBE-GNSS1.7.0.0
2025-08-06 22:10:09,809 [WARN] PackLoader:240 - Cannot read IP mode file for STMicroelectronics.X-CUBE-GNSS1.7.0.1
2025-08-06 22:10:09,822 [WARN] PackLoader:240 - Cannot read IP mode file for STMicroelectronics.X-CUBE-BLEMGR.1.0.0
2025-08-06 22:10:09,829 [WARN] PackLoader:240 - Cannot read IP mode file for STMicroelectronics.X-CUBE-TOUCHGFX.4.25.0
2025-08-06 22:10:09,837 [WARN] PackLoader:240 - Cannot read IP mode file for STMicroelectronics.FP-SNS-STBOX1.2.0.0
2025-08-06 22:10:09,859 [WARN] PackLoader:240 - Cannot read IP mode file for STMicroelectronics.X-CUBE-AZRTOS-L5.1.1.0
2025-08-06 22:10:09,867 [WARN] PackLoader:240 - Cannot read IP mode file for STMicroelectronics.X-CUBE-AI.8.0.1
2025-08-06 22:10:09,894 [WARN] PackLoader:240 - Cannot read IP mode file for STMicroelectronics.X-CUBE-SUBG2.5.0.0
2025-08-06 22:10:09,921 [INFO] UserAuth:487 - Internet connection configuration mode: 1
2025-08-06 22:10:09,933 [WARN] PackLoader:240 - Cannot read IP mode file for STMicroelectronics.X-CUBE-AZRTOS-H7RS.1.1.0
2025-08-06 22:10:09,943 [WARN] PackLoader:240 - Cannot read IP mode file for Cesanta.I-CUBE-Mongoose.7.13.0
2025-08-06 22:10:09,961 [WARN] PackLoader:240 - Cannot read IP mode file for STMicroelectronics.X-CUBE-AZRTOS-G4.2.0.0
2025-08-06 22:10:09,974 [WARN] PackLoader:240 - Cannot read IP mode file for STMicroelectronics.X-CUBE-TOF1.3.3.0
2025-08-06 22:10:09,984 [WARN] PackLoader:240 - Cannot read IP mode file for STMicroelectronics.FP-ATR-ASTRA1.1.1.1
2025-08-06 22:10:09,998 [WARN] PackLoader:240 - Cannot read IP mode file for Infineon.AIROC-Wi-Fi-Bluetooth-STM32.1.5.1
2025-08-06 22:10:10,004 [WARN] PackLoader:240 - Cannot read IP mode file for STMicroelectronics.FP-ATR-ASTRA1.1.1.0
2025-08-06 22:10:10,011 [WARN] PackLoader:240 - Cannot read IP mode file for STMicroelectronics.X-CUBE-NFC7.2.0.0
2025-08-06 22:10:10,014 [WARN] PackLoader:240 - Cannot read IP mode file for STMicroelectronics.FP-SNS-MOTENVWB1.1.3.1
2025-08-06 22:10:10,025 [WARN] PackLoader:240 - Cannot read IP mode file for STMicroelectronics.X-CUBE-AZRTOS-G4.1.0.0
2025-08-06 22:10:10,038 [WARN] PackLoader:240 - Cannot read IP mode file for STMicroelectronics.X-CUBE-AZRTOS-L4.1.0.0
2025-08-06 22:10:10,043 [WARN] PackLoader:240 - Cannot read IP mode file for STMicroelectronics.X-CUBE-ISPU.2.0.0
2025-08-06 22:10:10,051 [WARN] PackLoader:240 - Cannot read IP mode file for STMicroelectronics.X-CUBE-IPS.3.1.0
2025-08-06 22:10:10,058 [WARN] PackLoader:240 - Cannot read IP mode file for STMicroelectronics.X-CUBE-ALS.1.0.2
2025-08-06 22:10:10,115 [WARN] PackLoader:240 - Cannot read IP mode file for STMicroelectronics.X-CUBE-MEMS1.10.0.0
2025-08-06 22:10:10,186 [WARN] PackLoader:240 - Cannot read IP mode file for STMicroelectronics.X-CUBE-FREERTOS.1.1.0
2025-08-06 22:10:10,192 [WARN] PackLoader:240 - Cannot read IP mode file for STMicroelectronics.X-CUBE-TOUCHGFX.4.24.0
2025-08-06 22:10:10,199 [WARN] PackLoader:240 - Cannot read IP mode file for STMicroelectronics.X-CUBE-AZRTOS-WL.1.0.0
2025-08-06 22:10:10,202 [WARN] PackLoader:240 - Cannot read IP mode file for STMicroelectronics.X-CUBE-TOUCHGFX.4.24.1
2025-08-06 22:10:10,205 [WARN] PackLoader:240 - Cannot read IP mode file for wolfSSL.I-CUBE-wolfTPM.3.4.0
2025-08-06 22:10:10,209 [WARN] PackLoader:240 - Cannot read IP mode file for portGmbH.I-Cube-SoM-uGOAL.1.1.0
2025-08-06 22:10:10,213 [WARN] PackLoader:240 - Cannot read IP mode file for STMicroelectronics.X-CUBE-ALS.1.0.1
2025-08-06 22:10:10,223 [WARN] PackLoader:240 - Cannot read IP mode file for STMicroelectronics.X-CUBE-AZRTOS-WB.1.1.0
2025-08-06 22:10:10,242 [WARN] PackLoader:240 - Cannot read IP mode file for STMicroelectronics.X-CUBE-AZRTOS-L5.1.0.0
2025-08-06 22:10:10,249 [WARN] PackLoader:240 - Cannot read IP mode file for STMicroelectronics.X-CUBE-EEPRMA1.3.1.1
2025-08-06 22:10:10,262 [WARN] PackLoader:240 - Cannot read IP mode file for STMicroelectronics.X-CUBE-AZRTOS-H7RS.1.0.0
2025-08-06 22:10:10,267 [WARN] PackLoader:240 - Cannot read IP mode file for STMicroelectronics.FP-ATR-ASTRA1.2.0.0
2025-08-06 22:10:10,277 [WARN] PackLoader:240 - Cannot read IP mode file for STMicroelectronics.X-CUBE-TOF1.3.4.2
2025-08-06 22:10:10,290 [WARN] PackLoader:240 - Cannot read IP mode file for STMicroelectronics.X-CUBE-TOF1.3.4.3
2025-08-06 22:10:10,309 [WARN] PackLoader:240 - Cannot read IP mode file for STMicroelectronics.X-CUBE-TOF1.3.4.0
2025-08-06 22:10:10,329 [WARN] PackLoader:240 - Cannot read IP mode file for STMicroelectronics.X-CUBE-TOF1.3.4.1
2025-08-06 22:10:10,348 [WARN] PackLoader:240 - Cannot read IP mode file for STMicroelectronics.X-CUBE-AZRTOS-H7.3.2.0
2025-08-06 22:10:10,353 [WARN] PackLoader:240 - Cannot read IP mode file for wolfSSL.I-CUBE-wolfSSH.1.4.17
2025-08-06 22:10:10,354 [INFO] ThirdParty:978 - Integrity check success = true
2025-08-06 22:10:10,354 [INFO] IntegrityCheckThread:100 - exiting critical section [integrity check]
2025-08-06 22:10:10,354 [INFO] IntegrityCheckThread:103 - End integrity checks thread
2025-08-06 22:25:22,161 [ERROR] LogOutputStream:75 - [STDERR_REDIRECT] 
