2025-08-11 00:08:02,285 [ERROR] LogOutputStream:75 - [STDERR_REDIRECT] 
2025-08-11 21:06:27,259 [INFO] Activator:176 - 


2025-08-11 21:06:27,260 [INFO] Activator:177 - !SESSION log4j initialized
2025-08-11 21:06:36,802 [INFO] LogOutputStream:77 - [STDOUT_REDIRECT] 
2025-08-11 21:06:39,844 [INFO] ApplicationProperties:184 - Using Application install path: C:\ST\STM32CubeIDE_1.14.0\STM32CubeIDE\plugins\com.st.stm32cube.common.mx_6.15.0.202507011659
2025-08-11 21:06:39,882 [INFO] DbMcusXml:78 - Set database path to: C:\ST\STM32CubeIDE_1.14.0\STM32CubeIDE\plugins\com.st.stm32cube.common.mx_6.15.0.202507011659\\db\/mcu/
2025-08-11 21:06:39,883 [INFO] ApiDb:274 - Set plugin database path to: C:\ST\STM32CubeIDE_1.14.0\STM32CubeIDE\plugins\com.st.stm32cube.common.mx_6.15.0.202507011659\\db\/plugins/boardmanager/
2025-08-11 21:06:39,884 [WARN] ApiDb:259 - Overriding images path with different value:  => C:\ST\STM32CubeIDE_1.14.0\STM32CubeIDE\plugins\com.st.stm32cube.common.mx_6.15.0.202507011659\\db\/plugins/mcufinder/images/
2025-08-11 21:06:39,896 [INFO] ApiDb:250 - Set database path to: C:\Users\jihoo\.stmcufinder\plugins\mcufinder//mcu/
2025-08-11 21:06:39,898 [INFO] DbMcusAds:125 - Set database path to: C:\Users\jihoo\.stmcufinder\plugins\mcufinder//mcu/
2025-08-11 21:06:39,902 [INFO] CrossReferenceDbSqlite:203 - Set database path to: C:\Users\jihoo\.stmcufinder\plugins\mcufinder//mcu/cs/
2025-08-11 21:06:40,075 [INFO] RulesReader:64 - Compatibility file has been processed (317 Rules)
2025-08-11 21:06:40,182 [INFO] DbMcusXml:78 - Set database path to: C:\ST\STM32CubeIDE_1.14.0\STM32CubeIDE\plugins\com.st.stm32cube.common.mx_6.15.0.202507011659\\db\/mcu/
2025-08-11 21:06:40,183 [INFO] ApiDb:274 - Set plugin database path to: C:\ST\STM32CubeIDE_1.14.0\STM32CubeIDE\plugins\com.st.stm32cube.common.mx_6.15.0.202507011659\\db\/plugins/boardmanager/
2025-08-11 21:06:40,183 [INFO] ApiDb:261 - Set plugin images path to: C:\ST\STM32CubeIDE_1.14.0\STM32CubeIDE\plugins\com.st.stm32cube.common.mx_6.15.0.202507011659\\db\/plugins/mcufinder/images/
2025-08-11 21:06:40,183 [WARN] DbFile:41 - Overriding database path with different value: C:\Users\jihoo\.stmcufinder\plugins\mcufinder/ => C:\Users\jihoo\.stmcufinder\plugins\mcufinder
2025-08-11 21:06:40,184 [INFO] ApiDb:250 - Set database path to: C:\Users\jihoo\.stmcufinder\plugins\mcufinder//mcu/
2025-08-11 21:06:40,184 [WARN] DbFile:41 - Overriding database path with different value: C:\Users\jihoo\.stmcufinder\plugins\mcufinder/ => C:\Users\jihoo\.stmcufinder\plugins\mcufinder
2025-08-11 21:06:40,184 [INFO] DbMcusAds:125 - Set database path to: C:\Users\jihoo\.stmcufinder\plugins\mcufinder//mcu/
2025-08-11 21:06:40,184 [WARN] DbFile:41 - Overriding database path with different value: C:\Users\jihoo\.stmcufinder\plugins\mcufinder/ => C:\Users\jihoo\.stmcufinder\plugins\mcufinder
2025-08-11 21:06:40,184 [WARN] DbFile:41 - Overriding database path with different value: C:\Users\jihoo\.stmcufinder\plugins\mcufinder/ => C:\Users\jihoo\.stmcufinder\plugins\mcufinder
2025-08-11 21:06:40,184 [INFO] CrossReferenceDbSqlite:203 - Set database path to: C:\Users\jihoo\.stmcufinder\plugins\mcufinder//mcu/cs/
2025-08-11 21:06:40,283 [INFO] MainPanel:274 - HeapMemory: 268435456
2025-08-11 21:06:40,427 [INFO] DbMcusXml:78 - Set database path to: C:\ST\STM32CubeIDE_1.14.0\STM32CubeIDE\plugins\com.st.stm32cube.common.mx_6.15.0.202507011659\\db\/mcu/
2025-08-11 21:06:40,427 [INFO] ApiDb:274 - Set plugin database path to: C:\ST\STM32CubeIDE_1.14.0\STM32CubeIDE\plugins\com.st.stm32cube.common.mx_6.15.0.202507011659\\db\/plugins/boardmanager/
2025-08-11 21:06:40,427 [INFO] ApiDb:261 - Set plugin images path to: C:\ST\STM32CubeIDE_1.14.0\STM32CubeIDE\plugins\com.st.stm32cube.common.mx_6.15.0.202507011659\\db\/plugins/mcufinder/images/
2025-08-11 21:06:40,428 [WARN] DbFile:41 - Overriding database path with different value: C:\Users\jihoo\.stmcufinder\plugins\mcufinder/ => C:\Users\jihoo\.stmcufinder\plugins\mcufinder
2025-08-11 21:06:40,428 [INFO] ApiDb:250 - Set database path to: C:\Users\jihoo\.stmcufinder\plugins\mcufinder//mcu/
2025-08-11 21:06:40,428 [WARN] DbFile:41 - Overriding database path with different value: C:\Users\jihoo\.stmcufinder\plugins\mcufinder/ => C:\Users\jihoo\.stmcufinder\plugins\mcufinder
2025-08-11 21:06:40,428 [INFO] DbMcusAds:125 - Set database path to: C:\Users\jihoo\.stmcufinder\plugins\mcufinder//mcu/
2025-08-11 21:06:40,428 [WARN] DbFile:41 - Overriding database path with different value: C:\Users\jihoo\.stmcufinder\plugins\mcufinder/ => C:\Users\jihoo\.stmcufinder\plugins\mcufinder
2025-08-11 21:06:40,428 [WARN] DbFile:41 - Overriding database path with different value: C:\Users\jihoo\.stmcufinder\plugins\mcufinder/ => C:\Users\jihoo\.stmcufinder\plugins\mcufinder
2025-08-11 21:06:40,428 [INFO] CrossReferenceDbSqlite:203 - Set database path to: C:\Users\jihoo\.stmcufinder\plugins\mcufinder//mcu/cs/
2025-08-11 21:06:40,451 [INFO] ApplicationProperties:184 - Using Application install path: C:\ST\STM32CubeIDE_1.14.0\STM32CubeIDE\plugins\com.st.stm32cube.common.mx_6.15.0.202507011659
2025-08-11 21:06:40,452 [INFO] PluginManage:196 - Search for loadable plugins [exclusion list=, ]
2025-08-11 21:06:40,453 [INFO] PluginManage:310 - Check plugin analytics
2025-08-11 21:06:40,660 [INFO] AnalyticsPlugin:253 - Accepted Software Licenses: STM32CubeMX.6.6.1,STM32CubeMX.6.7.0,STM32CubeMX.6.10.0,STM32CubeMX.6.12.0,STM32CubeMX.6.13.0,STM32CubeMX.6.14.1,STM32CubeMX.6.15.0
2025-08-11 21:06:40,660 [INFO] AnalyticsPlugin:255 - Accepted CMSIS Pack Licenses: 
2025-08-11 21:06:40,661 [INFO] AnalyticsPlugin:257 - Accepted Firmware Licenses: FW.H7.1.12.0,FW.F4.1.28.0
2025-08-11 21:06:40,663 [INFO] PluginManage:359 - Loaded plugin analytics (category:tool,tabindex:-1)
2025-08-11 21:06:40,663 [INFO] PluginManage:310 - Check plugin cadmodel
2025-08-11 21:06:40,671 [INFO] CADModel:105 - Init CAD model plugin
2025-08-11 21:06:40,671 [INFO] PluginManage:359 - Loaded plugin cadmodel (category:power,tabindex:5)
2025-08-11 21:06:40,672 [INFO] PluginManage:310 - Check plugin clock
2025-08-11 21:06:40,685 [INFO] PluginManage:359 - Loaded plugin clock (category:base,tabindex:2)
2025-08-11 21:06:40,685 [INFO] PluginManage:310 - Check plugin ddr
2025-08-11 21:06:40,689 [INFO] PluginManage:359 - Loaded plugin ddr (category:tool,tabindex:6)
2025-08-11 21:06:40,689 [INFO] PluginManage:310 - Check plugin filemanager
2025-08-11 21:06:40,862 [INFO] PluginManage:359 - Loaded plugin filemanager (category:base,tabindex:10)
2025-08-11 21:06:40,862 [INFO] PluginManage:310 - Check plugin ipmanager
2025-08-11 21:06:40,868 [INFO] PluginManage:359 - Loaded plugin ipmanager (category:base,tabindex:5)
2025-08-11 21:06:40,868 [INFO] PluginManage:310 - Check plugin lpbam
2025-08-11 21:06:40,876 [INFO] PluginManage:359 - Loaded plugin lpbam (category:base,tabindex:0)
2025-08-11 21:06:40,876 [INFO] PluginManage:310 - Check plugin memorymap
2025-08-11 21:06:40,891 [INFO] PluginManage:359 - Loaded plugin memorymap (category:base,tabindex:4)
2025-08-11 21:06:40,891 [INFO] PluginManage:310 - Check plugin pinoutandconfiguration
2025-08-11 21:06:40,901 [INFO] PluginManage:359 - Loaded plugin pinoutandconfiguration (category:base,tabindex:1)
2025-08-11 21:06:40,901 [INFO] PluginManage:310 - Check plugin pinoutconfig
2025-08-11 21:06:40,988 [WARN] SupportedApi:132 - Cannot load RTOS API schema: s4s-elt-must-match.1: The content of 'definitions' must match (annotation?, (simpleType | complexType)?, (unique | key | keyref)*)). A problem was found starting at: attribute.
2025-08-11 21:06:41,115 [INFO] PluginManage:359 - Loaded plugin pinoutconfig (category:base,tabindex:0)
2025-08-11 21:06:41,115 [INFO] PluginManage:310 - Check plugin power
2025-08-11 21:06:41,127 [INFO] PluginManage:359 - Loaded plugin power (category:power,tabindex:4)
2025-08-11 21:06:41,127 [INFO] PluginManage:310 - Check plugin projectmanager
2025-08-11 21:06:41,155 [INFO] PluginManage:359 - Loaded plugin projectmanager (category:projectmanager,tabindex:4)
2025-08-11 21:06:41,155 [INFO] PluginManage:310 - Check plugin rif
2025-08-11 21:06:41,166 [INFO] PluginManage:359 - Loaded plugin rif (category:base,tabindex:3)
2025-08-11 21:06:41,167 [INFO] PluginManage:310 - Check plugin thirdparty
2025-08-11 21:06:41,339 [INFO] PluginManage:359 - Loaded plugin thirdparty (category:base,tabindex:-1)
2025-08-11 21:06:41,339 [WARN] IntegrityCheckThread:84 - waiting for thirdparty lock release [integrity check]
2025-08-11 21:06:41,339 [INFO] PluginManage:310 - Check plugin tools
2025-08-11 21:06:41,339 [INFO] IntegrityCheckThread:86 - entering critical section [integrity check]
2025-08-11 21:06:41,340 [INFO] ThirdPartyUpdaterWithRetryManager:70 - Updater plugin not ready yet. [1/15]
2025-08-11 21:06:41,344 [INFO] PluginManage:359 - Loaded plugin tools (category:base,tabindex:7)
2025-08-11 21:06:41,344 [INFO] PluginManage:310 - Check plugin tutovideos
2025-08-11 21:06:41,635 [INFO] PluginManage:359 - Loaded plugin tutovideos (category:base,tabindex:-1)
2025-08-11 21:06:41,635 [INFO] PluginManage:310 - Check plugin updater
2025-08-11 21:06:41,657 [INFO] PluginManage:359 - Loaded plugin updater (category:base,tabindex:12)
2025-08-11 21:06:41,657 [INFO] PluginManage:310 - Check plugin userauth
2025-08-11 21:06:41,662 [INFO] UserAuth:118 - Init User Auth plugin
2025-08-11 21:06:41,663 [INFO] PluginManage:359 - Loaded plugin userauth (category:base,tabindex:14)
2025-08-11 21:06:41,664 [INFO] PluginManage:283 - PluginManage : Loaded plugins [18]
2025-08-11 21:06:41,869 [INFO] PinOutPanel:1589 - setPackage(No Configuration,No Configuration)
2025-08-11 21:06:41,953 [INFO] CADModel:165 - CPN selected for project level
2025-08-11 21:06:41,953 [INFO] CADModel:114 - Register for checkConnection events
2025-08-11 21:06:41,976 [INFO] IPUIPlugin:80 - create IPUIPlugin
2025-08-11 21:06:41,976 [INFO] PluginManager:220 - loadIPPluginJar : add adc
2025-08-11 21:06:41,981 [INFO] IPUIPlugin:80 - create IPUIPlugin
2025-08-11 21:06:41,981 [INFO] PluginManager:220 - loadIPPluginJar : add aes
2025-08-11 21:06:41,986 [INFO] IPUIPlugin:80 - create IPUIPlugin
2025-08-11 21:06:41,987 [INFO] PluginManager:220 - loadIPPluginJar : add can
2025-08-11 21:06:41,990 [INFO] IPUIPlugin:80 - create IPUIPlugin
2025-08-11 21:06:41,990 [INFO] PluginManager:220 - loadIPPluginJar : add comp
2025-08-11 21:06:41,993 [INFO] IPUIPlugin:80 - create IPUIPlugin
2025-08-11 21:06:41,993 [INFO] PluginManager:220 - loadIPPluginJar : add cryp
2025-08-11 21:06:41,999 [INFO] IPUIPlugin:80 - create IPUIPlugin
2025-08-11 21:06:41,999 [INFO] PluginManager:220 - loadIPPluginJar : add ddr_ctrl_phy
2025-08-11 21:06:42,003 [INFO] IPUIPlugin:80 - create IPUIPlugin
2025-08-11 21:06:42,003 [INFO] PluginManager:220 - loadIPPluginJar : add dfsdm
2025-08-11 21:06:42,009 [INFO] IPUIPlugin:80 - create IPUIPlugin
2025-08-11 21:06:42,010 [INFO] PluginManager:220 - loadIPPluginJar : add dma
2025-08-11 21:06:42,014 [INFO] IPUIPlugin:80 - create IPUIPlugin
2025-08-11 21:06:42,014 [INFO] PluginManager:220 - loadIPPluginJar : add dma3
2025-08-11 21:06:42,018 [INFO] IPUIPlugin:80 - create IPUIPlugin
2025-08-11 21:06:42,018 [INFO] PluginManager:220 - loadIPPluginJar : add extmemmanager
2025-08-11 21:06:42,020 [INFO] IPUIPlugin:80 - create IPUIPlugin
2025-08-11 21:06:42,020 [INFO] PluginManager:220 - loadIPPluginJar : add fatfs
2025-08-11 21:06:42,025 [INFO] IPUIPlugin:80 - create IPUIPlugin
2025-08-11 21:06:42,025 [INFO] PluginManager:220 - loadIPPluginJar : add fmc
2025-08-11 21:06:42,033 [INFO] IPUIPlugin:80 - create IPUIPlugin
2025-08-11 21:06:42,033 [INFO] PluginManager:220 - loadIPPluginJar : add freertos
2025-08-11 21:06:42,035 [INFO] IPUIPlugin:80 - create IPUIPlugin
2025-08-11 21:06:42,035 [INFO] PluginManager:220 - loadIPPluginJar : add genericplugin
2025-08-11 21:06:42,038 [INFO] IPUIPlugin:80 - create IPUIPlugin
2025-08-11 21:06:42,038 [INFO] PluginManager:220 - loadIPPluginJar : add gfxmmu
2025-08-11 21:06:42,044 [INFO] IPUIPlugin:80 - create IPUIPlugin
2025-08-11 21:06:42,044 [INFO] PluginManager:220 - loadIPPluginJar : add gic
2025-08-11 21:06:42,050 [INFO] IPUIPlugin:80 - create IPUIPlugin
2025-08-11 21:06:42,050 [INFO] PluginManager:220 - loadIPPluginJar : add gpio
2025-08-11 21:06:42,054 [INFO] IPUIPlugin:80 - create IPUIPlugin
2025-08-11 21:06:42,054 [INFO] PluginManager:220 - loadIPPluginJar : add gtzc
2025-08-11 21:06:42,057 [INFO] IPUIPlugin:80 - create IPUIPlugin
2025-08-11 21:06:42,057 [INFO] PluginManager:220 - loadIPPluginJar : add hash
2025-08-11 21:06:42,061 [INFO] IPUIPlugin:80 - create IPUIPlugin
2025-08-11 21:06:42,061 [INFO] PluginManager:220 - loadIPPluginJar : add i2c
2025-08-11 21:06:42,064 [INFO] IPUIPlugin:80 - create IPUIPlugin
2025-08-11 21:06:42,064 [INFO] PluginManager:220 - loadIPPluginJar : add i2s
2025-08-11 21:06:42,069 [INFO] IPUIPlugin:80 - create IPUIPlugin
2025-08-11 21:06:42,069 [INFO] PluginManager:220 - loadIPPluginJar : add i3c
2025-08-11 21:06:42,073 [INFO] IPUIPlugin:80 - create IPUIPlugin
2025-08-11 21:06:42,074 [INFO] PluginManager:220 - loadIPPluginJar : add ipddr
2025-08-11 21:06:42,082 [INFO] IPUIPlugin:80 - create IPUIPlugin
2025-08-11 21:06:42,082 [INFO] PluginManager:220 - loadIPPluginJar : add linkedlist
2025-08-11 21:06:42,085 [INFO] IPUIPlugin:80 - create IPUIPlugin
2025-08-11 21:06:42,085 [INFO] PluginManager:220 - loadIPPluginJar : add lorawan
2025-08-11 21:06:42,088 [INFO] IPUIPlugin:80 - create IPUIPlugin
2025-08-11 21:06:42,089 [INFO] PluginManager:220 - loadIPPluginJar : add ltdc
2025-08-11 21:06:42,095 [INFO] IPUIPlugin:80 - create IPUIPlugin
2025-08-11 21:06:42,095 [INFO] PluginManager:220 - loadIPPluginJar : add mdma
2025-08-11 21:06:42,100 [INFO] IPUIPlugin:80 - create IPUIPlugin
2025-08-11 21:06:42,101 [INFO] PluginManager:220 - loadIPPluginJar : add nvic
2025-08-11 21:06:42,105 [INFO] IPUIPlugin:80 - create IPUIPlugin
2025-08-11 21:06:42,105 [INFO] PluginManager:220 - loadIPPluginJar : add opamp
2025-08-11 21:06:42,110 [INFO] IPUIPlugin:80 - create IPUIPlugin
2025-08-11 21:06:42,110 [INFO] PluginManager:220 - loadIPPluginJar : add openamp
2025-08-11 21:06:42,115 [INFO] IPUIPlugin:80 - create IPUIPlugin
2025-08-11 21:06:42,115 [INFO] PluginManager:220 - loadIPPluginJar : add pdm2pcm
2025-08-11 21:06:42,123 [INFO] IPUIPlugin:80 - create IPUIPlugin
2025-08-11 21:06:42,127 [INFO] PluginManager:220 - loadIPPluginJar : add plateformsettings
2025-08-11 21:06:42,129 [INFO] IPUIPlugin:80 - create IPUIPlugin
2025-08-11 21:06:42,129 [INFO] PluginManager:220 - loadIPPluginJar : add quadspi
2025-08-11 21:06:42,132 [INFO] IPUIPlugin:80 - create IPUIPlugin
2025-08-11 21:06:42,133 [INFO] PluginManager:220 - loadIPPluginJar : add radio
2025-08-11 21:06:42,138 [INFO] IPUIPlugin:80 - create IPUIPlugin
2025-08-11 21:06:42,138 [INFO] PluginManager:220 - loadIPPluginJar : add resmgrutility
2025-08-11 21:06:42,142 [INFO] IPUIPlugin:80 - create IPUIPlugin
2025-08-11 21:06:42,142 [INFO] PluginManager:220 - loadIPPluginJar : add sai
2025-08-11 21:06:42,145 [INFO] IPUIPlugin:80 - create IPUIPlugin
2025-08-11 21:06:42,145 [INFO] PluginManager:220 - loadIPPluginJar : add spi
2025-08-11 21:06:42,152 [INFO] IPUIPlugin:80 - create IPUIPlugin
2025-08-11 21:06:42,152 [INFO] PluginManager:220 - loadIPPluginJar : add stm32_wpan
2025-08-11 21:06:42,155 [INFO] IPUIPlugin:80 - create IPUIPlugin
2025-08-11 21:06:42,155 [INFO] PluginManager:220 - loadIPPluginJar : add tim
2025-08-11 21:06:42,158 [INFO] IPUIPlugin:80 - create IPUIPlugin
2025-08-11 21:06:42,158 [INFO] PluginManager:220 - loadIPPluginJar : add touchsensing
2025-08-11 21:06:42,161 [INFO] IPUIPlugin:80 - create IPUIPlugin
2025-08-11 21:06:42,161 [INFO] PluginManager:220 - loadIPPluginJar : add tracer_emb
2025-08-11 21:06:42,163 [INFO] IPUIPlugin:80 - create IPUIPlugin
2025-08-11 21:06:42,163 [INFO] PluginManager:220 - loadIPPluginJar : add ts
2025-08-11 21:06:42,165 [INFO] IPUIPlugin:80 - create IPUIPlugin
2025-08-11 21:06:42,165 [INFO] PluginManager:220 - loadIPPluginJar : add tsc
2025-08-11 21:06:42,168 [INFO] IPUIPlugin:80 - create IPUIPlugin
2025-08-11 21:06:42,168 [INFO] PluginManager:220 - loadIPPluginJar : add ucpd
2025-08-11 21:06:42,170 [INFO] IPUIPlugin:80 - create IPUIPlugin
2025-08-11 21:06:42,171 [INFO] PluginManager:220 - loadIPPluginJar : add usart
2025-08-11 21:06:42,174 [INFO] IPUIPlugin:80 - create IPUIPlugin
2025-08-11 21:06:42,175 [INFO] PluginManager:220 - loadIPPluginJar : add usbx
2025-08-11 21:06:42,296 [FATAL] Updater:351 - Updater called before beeing initialized
2025-08-11 21:06:42,322 [INFO] RulesReader:64 - Compatibility file has been processed (317 Rules)
2025-08-11 21:06:42,332 [INFO] RulesReader:64 - Compatibility file has been processed (317 Rules)
2025-08-11 21:06:42,340 [INFO] CADModel:165 - CPN selected for project level
2025-08-11 21:06:42,340 [INFO] CADModel:114 - Register for checkConnection events
2025-08-11 21:06:42,340 [FATAL] Updater:351 - Updater called before beeing initialized
2025-08-11 21:06:42,340 [ERROR] CADModel:125 - Updater not yet initialized, retry later 
2025-08-11 21:06:42,513 [FATAL] Updater:351 - Updater called before beeing initialized
2025-08-11 21:06:42,515 [INFO] CADModel:165 - CPN selected for project level
2025-08-11 21:06:42,515 [INFO] CADModel:114 - Register for checkConnection events
2025-08-11 21:06:42,515 [FATAL] Updater:351 - Updater called before beeing initialized
2025-08-11 21:06:42,515 [ERROR] CADModel:125 - Updater not yet initialized, retry later 
2025-08-11 21:06:42,518 [FATAL] Updater:351 - Updater called before beeing initialized
2025-08-11 21:06:42,614 [FATAL] Updater:351 - Updater called before beeing initialized
2025-08-11 21:06:42,618 [INFO] DbMcusAds:53 - JSON generation date=Tue Jul 08 17:14:23 KST 2025 (1751962463593)
2025-08-11 21:06:42,618 [FATAL] Updater:351 - Updater called before beeing initialized
2025-08-11 21:06:42,659 [WARN] DetailPanel:346 - Failed to get advertising image, set to default
2025-08-11 21:06:42,732 [FATAL] Updater:351 - Updater called before beeing initialized
2025-08-11 21:06:42,733 [FATAL] Updater:351 - Updater called before beeing initialized
2025-08-11 21:06:42,733 [FATAL] Updater:351 - Updater called before beeing initialized
2025-08-11 21:06:42,733 [WARN] DetailPanel:346 - Failed to get advertising image, set to default
2025-08-11 21:06:42,734 [FATAL] Updater:351 - Updater called before beeing initialized
2025-08-11 21:06:42,780 [ERROR] Updater:1198 - MainUpdater not yet initialized. External WinMGr cannot be set.
2025-08-11 21:06:42,782 [INFO] Updater:1134 - Updater Version found : 6.15.0
2025-08-11 21:06:42,799 [INFO] ApplicationProperties:184 - Using Application install path: C:\ST\STM32CubeIDE_1.14.0\STM32CubeIDE\plugins\com.st.stm32cube.common.mx_6.15.0.202507011659
2025-08-11 21:06:43,175 [INFO] MainUpdater:2872 - connection check result : 10
2025-08-11 21:06:43,175 [INFO] MainUpdater:289 - Updater Check For Update Now.
2025-08-11 21:06:43,176 [INFO] MicroXplorer:498 - Change Database Version : DB.6.0.150
2025-08-11 21:06:43,183 [INFO] McuFinderGlobals:63 - Set McuFinder mode to 2 (CubeIDE integrated)
2025-08-11 21:06:43,184 [INFO] UserAuth:487 - Internet connection configuration mode: 1
2025-08-11 21:06:43,208 [INFO] JxBrowserEngine:152 - Initiate JxBrowser Engine with user profile folder
2025-08-11 21:06:43,349 [INFO] CheckServerUpdateThread:120 - End of CheckServer Thread
2025-08-11 21:06:44,947 [WARN] PackLoader:240 - Cannot read IP mode file for STMicroelectronics.FP-SNS-MOTENVWB1.1.4.0
2025-08-11 21:06:44,967 [WARN] PackLoader:240 - Cannot read IP mode file for STMicroelectronics.FP-ATR-ASTRA1.2.0.2
2025-08-11 21:06:44,974 [WARN] PackLoader:240 - Cannot read IP mode file for STMicroelectronics.FP-ATR-ASTRA1.2.0.1
2025-08-11 21:06:44,991 [WARN] PackLoader:240 - Cannot read IP mode file for STMicroelectronics.X-CUBE-SMBUS.2.1.0
2025-08-11 21:06:45,002 [WARN] PackLoader:240 - Cannot read IP mode file for STMicroelectronics.X-CUBE-WB05N.1.1.0
2025-08-11 21:06:45,010 [WARN] PackLoader:240 - Cannot read IP mode file for STMicroelectronics.X-CUBE-ST60.1.0.0
2025-08-11 21:06:45,017 [WARN] PackLoader:240 - Cannot read IP mode file for STMicroelectronics.X-CUBE-TOUCHGFX.4.23.0
2025-08-11 21:06:45,057 [WARN] PackLoader:240 - Cannot read IP mode file for STMicroelectronics.X-CUBE-AZRTOS-F7.1.1.0
2025-08-11 21:06:45,065 [WARN] PackLoader:240 - Cannot read IP mode file for STMicroelectronics.FP-SNS-MOTENV1.4.3.2
2025-08-11 21:06:45,070 [ERROR] RealEvaluatedCondition:428 - Found unsupported composite condition: CLASS='Data Exchange' GROUP='STM32_MetaDataManager'
2025-08-11 21:06:45,070 [ERROR] RealEvaluatedCondition:428 - Found unsupported composite condition: GROUP='STM32_MetaDataManager' CLASS='Data Exchange'
2025-08-11 21:06:45,071 [WARN] PackLoader:240 - Cannot read IP mode file for STMicroelectronics.FP-SNS-MOTENV1.4.3.1
2025-08-11 21:06:45,076 [WARN] PackLoader:240 - Cannot read IP mode file for STMicroelectronics.FP-SNS-FLIGHT1.5.0.1
2025-08-11 21:06:45,081 [WARN] PackLoader:240 - Cannot read IP mode file for STMicroelectronics.X-CUBE-BLE1.6.2.3
2025-08-11 21:06:45,128 [WARN] PackLoader:240 - Cannot read IP mode file for STMicroelectronics.X-CUBE-MEMS1.11.0.0
2025-08-11 21:06:45,286 [WARN] PackLoader:240 - Cannot read IP mode file for STMicroelectronics.X-CUBE-BLE1.6.2.4
2025-08-11 21:06:45,292 [WARN] PackLoader:240 - Cannot read IP mode file for STMicroelectronics.FP-SNS-FLIGHT1.5.0.2
2025-08-11 21:06:45,304 [WARN] PackLoader:240 - Cannot read IP mode file for STMicroelectronics.X-CUBE-TOF1.3.1.0
2025-08-11 21:06:45,366 [WARN] PackLoader:240 - Cannot read IP mode file for STMicroelectronics.X-CUBE-AZRTOS-H7.3.4.0
2025-08-11 21:06:45,377 [INFO] WebApp:169 - Instantiating new browser for Auth
2025-08-11 21:06:45,379 [WARN] PackLoader:240 - Cannot read IP mode file for STMicroelectronics.X-CUBE-DISPLAY.3.0.0
2025-08-11 21:06:45,391 [WARN] PackLoader:240 - Cannot read IP mode file for STMicroelectronics.X-CUBE-BLE1.7.0.0
2025-08-11 21:06:45,401 [WARN] PackLoader:240 - Cannot read IP mode file for STMicroelectronics.X-CUBE-NFC10.1.0.0
2025-08-11 21:06:45,423 [WARN] PackLoader:240 - Cannot read IP mode file for STMicroelectronics.X-CUBE-BLEMGR.4.0.0
2025-08-11 21:06:45,433 [WARN] PackLoader:240 - Cannot read IP mode file for emotas.I-CUBE-CANOPEN.1.3.0
2025-08-11 21:06:45,494 [WARN] PackLoader:240 - Cannot read IP mode file for STMicroelectronics.X-CUBE-MEMS1.9.3.0
2025-08-11 21:06:45,590 [WARN] PackLoader:240 - Cannot read IP mode file for STMicroelectronics.X-CUBE-AI.7.2.0
2025-08-11 21:06:45,597 [WARN] PackLoader:240 - Cannot read IP mode file for STMicroelectronics.X-CUBE-BLEMGR.3.1.0
2025-08-11 21:06:45,604 [WARN] PackLoader:240 - Cannot read IP mode file for STMicroelectronics.X-CUBE-AI.10.0.0
2025-08-11 21:06:45,623 [WARN] PackLoader:240 - Cannot read IP mode file for STMicroelectronics.FP-SNS-STBOX1.2.1.0
2025-08-11 21:06:45,631 [WARN] PackLoader:240 - Cannot read IP mode file for STMicroelectronics.FP-SNS-SMARTAG2.1.2.0
2025-08-11 21:06:45,635 [WARN] PackLoader:240 - Cannot read IP mode file for STMicroelectronics.FP-SNS-FLIGHT1.5.1.0
2025-08-11 21:06:45,643 [INFO] LogOutputStream:77 - [STDOUT_REDIRECT] 1 : Invalid condition id : UX_CORESTACK_Condition cause : null
2025-08-11 21:06:45,644 [INFO] LogOutputStream:77 - [STDOUT_REDIRECT] 1 : Invalid condition id : UX_CORESTACK_Condition cause : null
2025-08-11 21:06:45,645 [INFO] LogOutputStream:77 - [STDOUT_REDIRECT] 1 : Invalid condition id : UX_CORESTACK_Condition cause : null
2025-08-11 21:06:45,645 [INFO] LogOutputStream:77 - [STDOUT_REDIRECT] 1 : Invalid condition id : UX_CORESTACK_Condition cause : null
2025-08-11 21:06:45,646 [INFO] LogOutputStream:77 - [STDOUT_REDIRECT] 1 : Invalid condition id : UX_CORESTACK_Condition cause : null
2025-08-11 21:06:45,650 [WARN] PackLoader:240 - Cannot read IP mode file for STMicroelectronics.X-CUBE-AZRTOS-WL.2.0.0
2025-08-11 21:06:45,655 [WARN] PackLoader:240 - Cannot read IP mode file for STMicroelectronics.FP-SNS-MOTENV1.5.0.0
2025-08-11 21:06:45,661 [WARN] PackLoader:240 - Cannot read IP mode file for wolfSSL.I-CUBE-wolfMQTT.1.19.0
2025-08-11 21:06:45,669 [WARN] PackLoader:240 - Cannot read IP mode file for WES.I-CUBE-Cesium.1.3.0
2025-08-11 21:06:45,674 [WARN] PackLoader:240 - Cannot read IP mode file for STMicroelectronics.X-CUBE-BLE2.3.3.0
2025-08-11 21:06:45,681 [WARN] PackLoader:240 - Cannot read IP mode file for STMicroelectronics.X-CUBE-DISPLAY.2.2.0
2025-08-11 21:06:45,690 [WARN] PackLoader:240 - Cannot read IP mode file for STMicroelectronics.X-CUBE-TOF1.3.2.0
2025-08-11 21:06:45,698 [WARN] PackLoader:240 - Cannot read IP mode file for STMicroelectronics.X-CUBE-ISPU.1.0.0
2025-08-11 21:06:45,704 [WARN] PackLoader:240 - Cannot read IP mode file for STMicroelectronics.X-CUBE-NFC9.1.0.0
2025-08-11 21:06:45,719 [WARN] PackLoader:240 - Cannot read IP mode file for STMicroelectronics.X-CUBE-AZRTOS-H7.2.1.0
2025-08-11 21:06:45,728 [WARN] PackLoader:240 - Cannot read IP mode file for STMicroelectronics.X-CUBE-BLE1.7.1.0
2025-08-11 21:06:45,734 [WARN] PackLoader:240 - Cannot read IP mode file for STMicroelectronics.X-CUBE-TCPP.4.1.0
2025-08-11 21:06:45,748 [WARN] PackLoader:240 - Cannot read IP mode file for STMicroelectronics.X-CUBE-EEPRMA1.5.2.0
2025-08-11 21:06:45,752 [WARN] PackLoader:240 - Cannot read IP mode file for STMicroelectronics.X-CUBE-TOUCHGFX.4.21.1
2025-08-11 21:06:45,756 [WARN] PackLoader:240 - Cannot read IP mode file for STMicroelectronics.X-CUBE-TOUCHGFX.4.21.0
2025-08-11 21:06:45,760 [WARN] PackLoader:240 - Cannot read IP mode file for STMicroelectronics.X-CUBE-TOUCHGFX.4.21.4
2025-08-11 21:06:45,790 [WARN] PackLoader:240 - Cannot read IP mode file for STMicroelectronics.X-CUBE-MEMS1.9.4.0
2025-08-11 21:06:45,865 [WARN] PackLoader:240 - Cannot read IP mode file for STMicroelectronics.X-CUBE-AI.7.3.0
2025-08-11 21:06:45,869 [WARN] PackLoader:240 - Cannot read IP mode file for STMicroelectronics.X-CUBE-AI.10.1.0
2025-08-11 21:06:45,874 [WARN] PackLoader:240 - Cannot read IP mode file for STMicroelectronics.X-CUBE-ALGOBUILD.1.3.0
2025-08-11 21:06:45,908 [WARN] PackLoader:240 - Cannot read IP mode file for STMicroelectronics.X-CUBE-MEMS1.11.2.0
2025-08-11 21:06:46,059 [WARN] PackLoader:240 - Cannot read IP mode file for STMicroelectronics.X-CUBE-AZRTOS-G0.1.1.0
2025-08-11 21:06:46,066 [WARN] PackLoader:240 - Cannot read IP mode file for STMicroelectronics.X-CUBE-SAFEA1.1.2.2
2025-08-11 21:06:46,071 [WARN] PackLoader:240 - Cannot read IP mode file for STMicroelectronics.X-CUBE-NFC4.3.0.0
2025-08-11 21:06:46,096 [WARN] PackLoader:240 - Cannot read IP mode file for SEGGER.I-CUBE-embOS.1.2.0
2025-08-11 21:06:46,120 [WARN] PackLoader:240 - Cannot read IP mode file for EmbeddedOffice.I-CUBE-FS-RTOS.1.0.1
2025-08-11 21:06:46,123 [WARN] PackLoader:240 - Cannot read IP mode file for STMicroelectronics.X-CUBE-WB05N.2.0.0
2025-08-11 21:06:46,129 [WARN] PackLoader:240 - Cannot read IP mode file for STMicroelectronics.X-CUBE-BLEMGR.3.0.0
2025-08-11 21:06:46,137 [WARN] PackLoader:240 - Cannot read IP mode file for STMicroelectronics.X-CUBE-BLEMGR.1.3.0
2025-08-11 21:06:46,141 [WARN] PackLoader:240 - Cannot read IP mode file for STMicroelectronics.X-CUBE-TCPP.4.2.0
2025-08-11 21:06:46,147 [WARN] PackLoader:240 - Cannot read IP mode file for RealThread.X-CUBE-RT-Thread_Nano.4.1.1
2025-08-11 21:06:46,152 [WARN] PackLoader:240 - Cannot read IP mode file for STMicroelectronics.FP-ATR-SIGFOX1.3.2.0
2025-08-11 21:06:46,157 [WARN] ConditionMgr:438 - getConditionDescription Invalid condition id : Cortex-A Device cause : null
2025-08-11 21:06:46,169 [WARN] ConditionMgr:1044 - genDependencies : Invalid condition id : Cortex-A Device cause : null
2025-08-11 21:06:46,170 [WARN] ConditionMgr:1044 - genDependencies : Invalid condition id : Cortex-A Device cause : null
2025-08-11 21:06:46,170 [WARN] ConditionMgr:1044 - genDependencies : Invalid condition id : Cortex-A Device cause : null
2025-08-11 21:06:46,174 [WARN] PackLoader:240 - Cannot read IP mode file for STMicroelectronics.X-CUBE-EEPRMA1.5.1.0
2025-08-11 21:06:46,178 [WARN] PackLoader:240 - Cannot read IP mode file for emotas.I-CUBE-CANOPEN.1.1.2
2025-08-11 21:06:46,181 [WARN] PackLoader:240 - Cannot read IP mode file for STMicroelectronics.X-CUBE-TOUCHGFX.4.20.0
2025-08-11 21:06:46,186 [WARN] PackLoader:240 - Cannot read IP mode file for STMicroelectronics.X-CUBE-ST67W61.1.0.0
2025-08-11 21:06:46,188 [WARN] PackLoader:240 - Cannot read IP mode file for STMicroelectronics.X-CUBE-AI.10.2.0
2025-08-11 21:06:46,210 [WARN] PackLoader:240 - Cannot read IP mode file for SEGGER.I-CUBE-embOS.1.3.1
2025-08-11 21:06:46,262 [WARN] PackLoader:240 - Cannot read IP mode file for STMicroelectronics.X-CUBE-ALGOBUILD.1.4.0
2025-08-11 21:06:46,344 [WARN] PackLoader:240 - Cannot read IP mode file for STMicroelectronics.X-CUBE-MEMS1.11.3.0
2025-08-11 21:06:46,478 [INFO] WebApp:463 - Apply proxy settings
2025-08-11 21:06:46,479 [INFO] WebApp:548 - Chromium requires no authentication
2025-08-11 21:06:46,492 [INFO] WebApp:491 - Direct internet connection detected
2025-08-11 21:06:46,493 [WARN] PackLoader:240 - Cannot read IP mode file for STMicroelectronics.X-CUBE-AI.9.1.0
2025-08-11 21:06:46,497 [WARN] PackLoader:240 - Cannot read IP mode file for STMicroelectronics.X-CUBE-PM33A1.1.0.0
2025-08-11 21:06:46,503 [WARN] PackLoader:240 - Cannot read IP mode file for STMicroelectronics.X-CUBE-GNSS1.6.0.0
2025-08-11 21:06:46,514 [WARN] PackLoader:240 - Cannot read IP mode file for STMicroelectronics.X-CUBE-AZRTOS-F4.1.1.0
2025-08-11 21:06:46,521 [WARN] PackLoader:240 - Cannot read IP mode file for Avnet-IotConnect.X-CUBE-IoTC-DA16k-PMOD.1.0.0
2025-08-11 21:06:46,523 [WARN] PackLoader:240 - Cannot read IP mode file for STMicroelectronics.X-CUBE-ISPU.2.1.0
2025-08-11 21:06:46,525 [INFO] WebApp:900 - Register for checkConnection events
2025-08-11 21:06:46,526 [INFO] WebApp:463 - Apply proxy settings
2025-08-11 21:06:46,526 [INFO] WebApp:548 - Chromium requires no authentication
2025-08-11 21:06:46,527 [INFO] WebApp:491 - Direct internet connection detected
2025-08-11 21:06:46,529 [WARN] PackLoader:240 - Cannot read IP mode file for STMicroelectronics.X-CUBE-FREERTOS.1.2.0
2025-08-11 21:06:46,532 [WARN] PackLoader:240 - Cannot read IP mode file for wolfSSL.I-CUBE-wolfSSL.5.6.6
2025-08-11 21:06:46,538 [WARN] PackLoader:240 - Cannot read IP mode file for STMicroelectronics.X-CUBE-NFC12.1.0.0
2025-08-11 21:06:46,551 [WARN] PackLoader:240 - Cannot read IP mode file for STMicroelectronics.X-CUBE-AZRTOS-L5.2.0.0
2025-08-11 21:06:46,584 [WARN] PackLoader:240 - Cannot read IP mode file for STMicroelectronics.X-CUBE-MEMS1.9.6.0
2025-08-11 21:06:46,685 [WARN] PackLoader:240 - Cannot read IP mode file for STMicroelectronics.X-CUBE-EEPRMA1.4.2.0
2025-08-11 21:06:46,691 [WARN] PackLoader:240 - Cannot read IP mode file for STMicroelectronics.X-CUBE-NFC6.3.1.0
2025-08-11 21:06:46,697 [WARN] PackLoader:240 - Cannot read IP mode file for ITTIA_DB.I-CUBE-ITTIADB.8.8.0
2025-08-11 21:06:46,702 [WARN] PackLoader:240 - Cannot read IP mode file for STMicroelectronics.X-CUBE-BLEMGR.2.0.0
2025-08-11 21:06:46,707 [WARN] PackLoader:240 - Cannot read IP mode file for STMicroelectronics.X-CUBE-DPower.1.2.0
2025-08-11 21:06:46,711 [WARN] PackLoader:240 - Cannot read IP mode file for STMicroelectronics.X-CUBE-NFC4.2.0.5
2025-08-11 21:06:46,720 [WARN] PackLoader:240 - Cannot read IP mode file for STMicroelectronics.X-CUBE-NFC4.2.0.4
2025-08-11 21:06:46,723 [WARN] PackLoader:240 - Cannot read IP mode file for STMicroelectronics.X-CUBE-AI.9.0.0
2025-08-11 21:06:46,735 [WARN] ConditionMgr:438 - getConditionDescription Invalid condition id : UX DEVICE CLASS RTOS Condition cause : null
2025-08-11 21:06:46,735 [WARN] ConditionMgr:438 - getConditionDescription Invalid condition id : UX DEVICE CLASS RTOS Condition cause : null
2025-08-11 21:06:46,738 [WARN] PackLoader:240 - Cannot read IP mode file for STMicroelectronics.X-CUBE-AZRTOS-H7.3.1.0
2025-08-11 21:06:46,739 [WARN] ConditionMgr:1044 - genDependencies : Invalid condition id : UX DEVICE CLASS RTOS Condition cause : null
2025-08-11 21:06:46,739 [WARN] ConditionMgr:1044 - genDependencies : Invalid condition id : UX DEVICE CLASS RTOS Condition cause : null
2025-08-11 21:06:46,740 [WARN] ConditionMgr:1044 - genDependencies : Invalid condition id : UX DEVICE CLASS RTOS Condition cause : null
2025-08-11 21:06:46,740 [WARN] ConditionMgr:1044 - genDependencies : Invalid condition id : UX DEVICE CLASS RTOS Condition cause : null
2025-08-11 21:06:46,740 [WARN] ConditionMgr:1044 - genDependencies : Invalid condition id : UX DEVICE CLASS RTOS Condition cause : null
2025-08-11 21:06:46,745 [WARN] PackLoader:240 - Cannot read IP mode file for STMicroelectronics.X-CUBE-FREERTOS.1.3.1
2025-08-11 21:06:46,749 [WARN] PackLoader:240 - Cannot read IP mode file for STMicroelectronics.X-CUBE-FREERTOS.1.3.0
2025-08-11 21:06:46,753 [WARN] PackLoader:240 - Cannot read IP mode file for STMicroelectronics.X-CUBE-NFC7.1.0.1
2025-08-11 21:06:46,757 [WARN] PackLoader:240 - Cannot read IP mode file for STMicroelectronics.X-CUBE-NFC7.1.0.0
2025-08-11 21:06:46,762 [WARN] PackLoader:240 - Cannot read IP mode file for STMicroelectronics.X-CUBE-NFC6.3.0.0
2025-08-11 21:06:46,767 [WARN] PackLoader:240 - Cannot read IP mode file for STMicroelectronics.X-CUBE-EEPRMA1.4.1.0
2025-08-11 21:06:46,773 [WARN] PackLoader:240 - Cannot read IP mode file for STMicroelectronics.FP-SNS-STAIOTCFT.1.0.0
2025-08-11 21:06:46,776 [WARN] PackLoader:240 - Cannot read IP mode file for STMicroelectronics.X-CUBE-DPower.1.3.0
2025-08-11 21:06:46,779 [WARN] PackLoader:240 - Cannot read IP mode file for STMicroelectronics.X-CUBE-AI.8.1.0
2025-08-11 21:06:46,790 [WARN] ConditionMgr:438 - getConditionDescription Invalid condition id : LAN8742 Phy interface Condition cause : null
2025-08-11 21:06:46,791 [WARN] PackLoader:240 - Cannot read IP mode file for STMicroelectronics.X-CUBE-AZRTOS-L4.2.0.0
2025-08-11 21:06:46,792 [WARN] ConditionMgr:1044 - genDependencies : Invalid condition id : LAN8742 Phy interface Condition cause : null
2025-08-11 21:06:46,792 [WARN] ConditionMgr:1044 - genDependencies : Invalid condition id : LAN8742 Phy interface Condition cause : null
2025-08-11 21:06:46,793 [WARN] ConditionMgr:1044 - genDependencies : Invalid condition id : LAN8742 Phy interface Condition cause : null
2025-08-11 21:06:46,798 [WARN] PackLoader:240 - Cannot read IP mode file for STMicroelectronics.X-CUBE-SFXS2LP1.4.0.0
2025-08-11 21:06:46,809 [WARN] PackLoader:240 - Cannot read IP mode file for STMicroelectronics.X-CUBE-AZRTOS-H7.3.0.0
2025-08-11 21:06:46,810 [INFO] WebApp:225 - Starting web application
2025-08-11 21:06:46,811 [INFO] WebApp:593 - Web application path used C:\ST\STM32CubeIDE_1.14.0\STM32CubeIDE\plugins\com.st.stm32cube.common.mx_6.15.0.202507011659\db\plugins\mcufinder\reactClient1\index.html
2025-08-11 21:06:46,817 [WARN] PackLoader:240 - Cannot read IP mode file for STMicroelectronics.X-CUBE-ISPU.1.1.0
2025-08-11 21:06:46,839 [WARN] PackLoader:240 - Cannot read IP mode file for STMicroelectronics.X-CUBE-AZRTOS-H7.3.3.0
2025-08-11 21:06:46,850 [WARN] PackLoader:240 - Cannot read IP mode file for RoweBots.I-CUBE-UNISONRTOS.5.5.0-4
2025-08-11 21:06:46,855 [WARN] PackLoader:240 - Cannot read IP mode file for wolfSSL.I-CUBE-wolfSSL.5.4.0
2025-08-11 21:06:46,865 [WARN] PackLoader:240 - Cannot read IP mode file for STMicroelectronics.X-CUBE-BLEMGR.4.1.0
2025-08-11 21:06:46,895 [WARN] PackLoader:240 - Cannot read IP mode file for STMicroelectronics.X-CUBE-IPS.3.0.0
2025-08-11 21:06:46,910 [WARN] ConditionMgr:438 - getConditionDescription Invalid condition id : UX DEVICE CLASS RTOS Condition cause : null
2025-08-11 21:06:46,911 [WARN] ConditionMgr:438 - getConditionDescription Invalid condition id : UX DEVICE CLASS RTOS Condition cause : null
2025-08-11 21:06:46,913 [WARN] PackLoader:240 - Cannot read IP mode file for STMicroelectronics.X-CUBE-AZRTOS-WB.2.0.0
2025-08-11 21:06:46,914 [WARN] ConditionMgr:1044 - genDependencies : Invalid condition id : UX DEVICE CLASS RTOS Condition cause : null
2025-08-11 21:06:46,914 [WARN] ConditionMgr:1044 - genDependencies : Invalid condition id : UX DEVICE CLASS RTOS Condition cause : null
2025-08-11 21:06:46,915 [WARN] ConditionMgr:1044 - genDependencies : Invalid condition id : UX DEVICE CLASS RTOS Condition cause : null
2025-08-11 21:06:46,915 [WARN] ConditionMgr:1044 - genDependencies : Invalid condition id : UX DEVICE CLASS RTOS Condition cause : null
2025-08-11 21:06:46,915 [WARN] ConditionMgr:1044 - genDependencies : Invalid condition id : UX DEVICE CLASS RTOS Condition cause : null
2025-08-11 21:06:46,921 [WARN] PackLoader:240 - Cannot read IP mode file for STMicroelectronics.X-CUBE-FREERTOS.1.0.1
2025-08-11 21:06:46,926 [WARN] PackLoader:240 - Cannot read IP mode file for STMicroelectronics.X-CUBE-GNSS1.7.0.0
2025-08-11 21:06:46,933 [WARN] PackLoader:240 - Cannot read IP mode file for STMicroelectronics.X-CUBE-GNSS1.7.0.1
2025-08-11 21:06:46,940 [WARN] PackLoader:240 - Cannot read IP mode file for STMicroelectronics.X-CUBE-BLEMGR.1.0.0
2025-08-11 21:06:46,981 [INFO] WebApp:191 - Connection restablished
2025-08-11 21:06:47,023 [WARN] PackLoader:240 - Cannot read IP mode file for STMicroelectronics.X-CUBE-TOUCHGFX.4.25.0
2025-08-11 21:06:47,033 [WARN] PackLoader:240 - Cannot read IP mode file for STMicroelectronics.FP-SNS-STBOX1.2.0.0
2025-08-11 21:06:47,050 [WARN] PackLoader:240 - Cannot read IP mode file for STMicroelectronics.X-CUBE-AZRTOS-L5.1.1.0
2025-08-11 21:06:47,056 [WARN] PackLoader:240 - Cannot read IP mode file for STMicroelectronics.X-CUBE-AI.8.0.1
2025-08-11 21:06:47,067 [WARN] PackLoader:240 - Cannot read IP mode file for STMicroelectronics.X-CUBE-SUBG2.5.0.0
2025-08-11 21:06:47,068 [INFO] UserAuth:487 - Internet connection configuration mode: 1
2025-08-11 21:06:47,090 [WARN] PackLoader:240 - Cannot read IP mode file for STMicroelectronics.X-CUBE-AZRTOS-H7RS.1.1.0
2025-08-11 21:06:47,102 [WARN] PackLoader:240 - Cannot read IP mode file for Cesanta.I-CUBE-Mongoose.7.13.0
2025-08-11 21:06:47,122 [WARN] PackLoader:240 - Cannot read IP mode file for STMicroelectronics.X-CUBE-AZRTOS-G4.2.0.0
2025-08-11 21:06:47,134 [WARN] PackLoader:240 - Cannot read IP mode file for STMicroelectronics.X-CUBE-TOF1.3.3.0
2025-08-11 21:06:47,141 [WARN] PackLoader:240 - Cannot read IP mode file for STMicroelectronics.FP-ATR-ASTRA1.1.1.1
2025-08-11 21:06:47,150 [WARN] PackLoader:240 - Cannot read IP mode file for Infineon.AIROC-Wi-Fi-Bluetooth-STM32.1.5.1
2025-08-11 21:06:47,156 [WARN] PackLoader:240 - Cannot read IP mode file for STMicroelectronics.FP-ATR-ASTRA1.1.1.0
2025-08-11 21:06:47,160 [WARN] PackLoader:240 - Cannot read IP mode file for STMicroelectronics.X-CUBE-NFC7.2.0.0
2025-08-11 21:06:47,163 [WARN] PackLoader:240 - Cannot read IP mode file for STMicroelectronics.FP-SNS-MOTENVWB1.1.3.1
2025-08-11 21:06:47,173 [WARN] PackLoader:240 - Cannot read IP mode file for STMicroelectronics.X-CUBE-AZRTOS-G4.1.0.0
2025-08-11 21:06:47,188 [WARN] PackLoader:240 - Cannot read IP mode file for STMicroelectronics.X-CUBE-AZRTOS-L4.1.0.0
2025-08-11 21:06:47,197 [WARN] PackLoader:240 - Cannot read IP mode file for STMicroelectronics.X-CUBE-ISPU.2.0.0
2025-08-11 21:06:47,209 [WARN] PackLoader:240 - Cannot read IP mode file for STMicroelectronics.X-CUBE-IPS.3.1.0
2025-08-11 21:06:47,219 [WARN] PackLoader:240 - Cannot read IP mode file for STMicroelectronics.X-CUBE-ALS.1.0.2
2025-08-11 21:06:47,245 [WARN] PackLoader:240 - Cannot read IP mode file for STMicroelectronics.X-CUBE-MEMS1.10.0.0
2025-08-11 21:06:47,334 [WARN] PackLoader:240 - Cannot read IP mode file for STMicroelectronics.X-CUBE-FREERTOS.1.1.0
2025-08-11 21:06:47,340 [WARN] PackLoader:240 - Cannot read IP mode file for STMicroelectronics.X-CUBE-TOUCHGFX.4.24.0
2025-08-11 21:06:47,355 [WARN] PackLoader:240 - Cannot read IP mode file for STMicroelectronics.X-CUBE-AZRTOS-WL.1.0.0
2025-08-11 21:06:47,361 [WARN] PackLoader:240 - Cannot read IP mode file for STMicroelectronics.X-CUBE-TOUCHGFX.4.24.1
2025-08-11 21:06:47,366 [WARN] PackLoader:240 - Cannot read IP mode file for wolfSSL.I-CUBE-wolfTPM.3.4.0
2025-08-11 21:06:47,372 [WARN] PackLoader:240 - Cannot read IP mode file for portGmbH.I-Cube-SoM-uGOAL.1.1.0
2025-08-11 21:06:47,377 [WARN] PackLoader:240 - Cannot read IP mode file for STMicroelectronics.X-CUBE-ALS.1.0.1
2025-08-11 21:06:47,391 [WARN] PackLoader:240 - Cannot read IP mode file for STMicroelectronics.X-CUBE-AZRTOS-WB.1.1.0
2025-08-11 21:06:47,405 [WARN] PackLoader:240 - Cannot read IP mode file for STMicroelectronics.X-CUBE-AZRTOS-L5.1.0.0
2025-08-11 21:06:47,431 [WARN] PackLoader:240 - Cannot read IP mode file for STMicroelectronics.X-CUBE-EEPRMA1.3.1.1
2025-08-11 21:06:47,456 [WARN] PackLoader:240 - Cannot read IP mode file for STMicroelectronics.X-CUBE-AZRTOS-H7RS.1.0.0
2025-08-11 21:06:47,468 [WARN] PackLoader:240 - Cannot read IP mode file for STMicroelectronics.FP-ATR-ASTRA1.2.0.0
2025-08-11 21:06:47,481 [WARN] PackLoader:240 - Cannot read IP mode file for STMicroelectronics.X-CUBE-TOF1.3.4.2
2025-08-11 21:06:47,500 [WARN] PackLoader:240 - Cannot read IP mode file for STMicroelectronics.X-CUBE-TOF1.3.4.3
2025-08-11 21:06:47,520 [WARN] PackLoader:240 - Cannot read IP mode file for STMicroelectronics.X-CUBE-TOF1.3.4.0
2025-08-11 21:06:47,535 [WARN] PackLoader:240 - Cannot read IP mode file for STMicroelectronics.X-CUBE-TOF1.3.4.1
2025-08-11 21:06:47,565 [WARN] PackLoader:240 - Cannot read IP mode file for STMicroelectronics.X-CUBE-AZRTOS-H7.3.2.0
2025-08-11 21:06:47,571 [WARN] PackLoader:240 - Cannot read IP mode file for wolfSSL.I-CUBE-wolfSSH.1.4.17
2025-08-11 21:06:47,572 [INFO] ThirdParty:978 - Integrity check success = true
2025-08-11 21:06:47,572 [INFO] IntegrityCheckThread:100 - exiting critical section [integrity check]
2025-08-11 21:06:47,573 [INFO] IntegrityCheckThread:103 - End integrity checks thread
2025-08-11 23:14:28,907 [ERROR] LogOutputStream:75 - [STDERR_REDIRECT] 
