2025-08-15 09:48:18,122 [INFO] Activator:176 - 


2025-08-15 09:48:18,126 [INFO] Activator:177 - !SESSION log4j initialized
2025-08-15 09:48:26,724 [INFO] LogOutputStream:77 - [STDOUT_REDIRECT] 
2025-08-15 09:48:28,541 [INFO] ApplicationProperties:184 - Using Application install path: C:\ST\STM32CubeIDE_1.14.0\STM32CubeIDE\plugins\com.st.stm32cube.common.mx_6.15.0.202507011659
2025-08-15 09:48:28,560 [INFO] DbMcusXml:78 - Set database path to: C:\ST\STM32CubeIDE_1.14.0\STM32CubeIDE\plugins\com.st.stm32cube.common.mx_6.15.0.202507011659\\db\/mcu/
2025-08-15 09:48:28,560 [INFO] ApiDb:274 - Set plugin database path to: C:\ST\STM32CubeIDE_1.14.0\STM32CubeIDE\plugins\com.st.stm32cube.common.mx_6.15.0.202507011659\\db\/plugins/boardmanager/
2025-08-15 09:48:28,561 [WARN] ApiDb:259 - Overriding images path with different value:  => C:\ST\STM32CubeIDE_1.14.0\STM32CubeIDE\plugins\com.st.stm32cube.common.mx_6.15.0.202507011659\\db\/plugins/mcufinder/images/
2025-08-15 09:48:28,570 [INFO] ApiDb:250 - Set database path to: C:\Users\jihoo\.stmcufinder\plugins\mcufinder//mcu/
2025-08-15 09:48:28,571 [INFO] DbMcusAds:125 - Set database path to: C:\Users\jihoo\.stmcufinder\plugins\mcufinder//mcu/
2025-08-15 09:48:28,574 [INFO] CrossReferenceDbSqlite:203 - Set database path to: C:\Users\jihoo\.stmcufinder\plugins\mcufinder//mcu/cs/
2025-08-15 09:48:28,671 [INFO] RulesReader:64 - Compatibility file has been processed (317 Rules)
2025-08-15 09:48:28,744 [INFO] DbMcusXml:78 - Set database path to: C:\ST\STM32CubeIDE_1.14.0\STM32CubeIDE\plugins\com.st.stm32cube.common.mx_6.15.0.202507011659\\db\/mcu/
2025-08-15 09:48:28,744 [INFO] ApiDb:274 - Set plugin database path to: C:\ST\STM32CubeIDE_1.14.0\STM32CubeIDE\plugins\com.st.stm32cube.common.mx_6.15.0.202507011659\\db\/plugins/boardmanager/
2025-08-15 09:48:28,744 [INFO] ApiDb:261 - Set plugin images path to: C:\ST\STM32CubeIDE_1.14.0\STM32CubeIDE\plugins\com.st.stm32cube.common.mx_6.15.0.202507011659\\db\/plugins/mcufinder/images/
2025-08-15 09:48:28,744 [WARN] DbFile:41 - Overriding database path with different value: C:\Users\jihoo\.stmcufinder\plugins\mcufinder/ => C:\Users\jihoo\.stmcufinder\plugins\mcufinder
2025-08-15 09:48:28,744 [INFO] ApiDb:250 - Set database path to: C:\Users\jihoo\.stmcufinder\plugins\mcufinder//mcu/
2025-08-15 09:48:28,744 [WARN] DbFile:41 - Overriding database path with different value: C:\Users\jihoo\.stmcufinder\plugins\mcufinder/ => C:\Users\jihoo\.stmcufinder\plugins\mcufinder
2025-08-15 09:48:28,744 [INFO] DbMcusAds:125 - Set database path to: C:\Users\jihoo\.stmcufinder\plugins\mcufinder//mcu/
2025-08-15 09:48:28,744 [WARN] DbFile:41 - Overriding database path with different value: C:\Users\jihoo\.stmcufinder\plugins\mcufinder/ => C:\Users\jihoo\.stmcufinder\plugins\mcufinder
2025-08-15 09:48:28,745 [WARN] DbFile:41 - Overriding database path with different value: C:\Users\jihoo\.stmcufinder\plugins\mcufinder/ => C:\Users\jihoo\.stmcufinder\plugins\mcufinder
2025-08-15 09:48:28,745 [INFO] CrossReferenceDbSqlite:203 - Set database path to: C:\Users\jihoo\.stmcufinder\plugins\mcufinder//mcu/cs/
2025-08-15 09:48:28,810 [INFO] MainPanel:274 - HeapMemory: 268435456
2025-08-15 09:48:28,917 [INFO] DbMcusXml:78 - Set database path to: C:\ST\STM32CubeIDE_1.14.0\STM32CubeIDE\plugins\com.st.stm32cube.common.mx_6.15.0.202507011659\\db\/mcu/
2025-08-15 09:48:28,917 [INFO] ApiDb:274 - Set plugin database path to: C:\ST\STM32CubeIDE_1.14.0\STM32CubeIDE\plugins\com.st.stm32cube.common.mx_6.15.0.202507011659\\db\/plugins/boardmanager/
2025-08-15 09:48:28,917 [INFO] ApiDb:261 - Set plugin images path to: C:\ST\STM32CubeIDE_1.14.0\STM32CubeIDE\plugins\com.st.stm32cube.common.mx_6.15.0.202507011659\\db\/plugins/mcufinder/images/
2025-08-15 09:48:28,917 [WARN] DbFile:41 - Overriding database path with different value: C:\Users\jihoo\.stmcufinder\plugins\mcufinder/ => C:\Users\jihoo\.stmcufinder\plugins\mcufinder
2025-08-15 09:48:28,917 [INFO] ApiDb:250 - Set database path to: C:\Users\jihoo\.stmcufinder\plugins\mcufinder//mcu/
2025-08-15 09:48:28,917 [WARN] DbFile:41 - Overriding database path with different value: C:\Users\jihoo\.stmcufinder\plugins\mcufinder/ => C:\Users\jihoo\.stmcufinder\plugins\mcufinder
2025-08-15 09:48:28,917 [INFO] DbMcusAds:125 - Set database path to: C:\Users\jihoo\.stmcufinder\plugins\mcufinder//mcu/
2025-08-15 09:48:28,917 [WARN] DbFile:41 - Overriding database path with different value: C:\Users\jihoo\.stmcufinder\plugins\mcufinder/ => C:\Users\jihoo\.stmcufinder\plugins\mcufinder
2025-08-15 09:48:28,918 [WARN] DbFile:41 - Overriding database path with different value: C:\Users\jihoo\.stmcufinder\plugins\mcufinder/ => C:\Users\jihoo\.stmcufinder\plugins\mcufinder
2025-08-15 09:48:28,918 [INFO] CrossReferenceDbSqlite:203 - Set database path to: C:\Users\jihoo\.stmcufinder\plugins\mcufinder//mcu/cs/
2025-08-15 09:48:28,933 [INFO] ApplicationProperties:184 - Using Application install path: C:\ST\STM32CubeIDE_1.14.0\STM32CubeIDE\plugins\com.st.stm32cube.common.mx_6.15.0.202507011659
2025-08-15 09:48:28,935 [INFO] PluginManage:196 - Search for loadable plugins [exclusion list=, ]
2025-08-15 09:48:28,937 [INFO] PluginManage:310 - Check plugin analytics
2025-08-15 09:48:29,090 [INFO] AnalyticsPlugin:253 - Accepted Software Licenses: STM32CubeMX.6.6.1,STM32CubeMX.6.7.0,STM32CubeMX.6.10.0,STM32CubeMX.6.12.0,STM32CubeMX.6.13.0,STM32CubeMX.6.14.1,STM32CubeMX.6.15.0
2025-08-15 09:48:29,090 [INFO] AnalyticsPlugin:255 - Accepted CMSIS Pack Licenses: 
2025-08-15 09:48:29,090 [INFO] AnalyticsPlugin:257 - Accepted Firmware Licenses: FW.H7.1.12.0,FW.F4.1.28.0
2025-08-15 09:48:29,092 [INFO] PluginManage:359 - Loaded plugin analytics (category:tool,tabindex:-1)
2025-08-15 09:48:29,093 [INFO] PluginManage:310 - Check plugin cadmodel
2025-08-15 09:48:29,099 [INFO] CADModel:105 - Init CAD model plugin
2025-08-15 09:48:29,099 [INFO] PluginManage:359 - Loaded plugin cadmodel (category:power,tabindex:5)
2025-08-15 09:48:29,099 [INFO] PluginManage:310 - Check plugin clock
2025-08-15 09:48:29,109 [INFO] PluginManage:359 - Loaded plugin clock (category:base,tabindex:2)
2025-08-15 09:48:29,109 [INFO] PluginManage:310 - Check plugin ddr
2025-08-15 09:48:29,111 [INFO] PluginManage:359 - Loaded plugin ddr (category:tool,tabindex:6)
2025-08-15 09:48:29,111 [INFO] PluginManage:310 - Check plugin filemanager
2025-08-15 09:48:29,273 [INFO] PluginManage:359 - Loaded plugin filemanager (category:base,tabindex:10)
2025-08-15 09:48:29,273 [INFO] PluginManage:310 - Check plugin ipmanager
2025-08-15 09:48:29,279 [INFO] PluginManage:359 - Loaded plugin ipmanager (category:base,tabindex:5)
2025-08-15 09:48:29,279 [INFO] PluginManage:310 - Check plugin lpbam
2025-08-15 09:48:29,287 [INFO] PluginManage:359 - Loaded plugin lpbam (category:base,tabindex:0)
2025-08-15 09:48:29,288 [INFO] PluginManage:310 - Check plugin memorymap
2025-08-15 09:48:29,300 [INFO] PluginManage:359 - Loaded plugin memorymap (category:base,tabindex:4)
2025-08-15 09:48:29,301 [INFO] PluginManage:310 - Check plugin pinoutandconfiguration
2025-08-15 09:48:29,309 [INFO] PluginManage:359 - Loaded plugin pinoutandconfiguration (category:base,tabindex:1)
2025-08-15 09:48:29,309 [INFO] PluginManage:310 - Check plugin pinoutconfig
2025-08-15 09:48:29,389 [WARN] SupportedApi:132 - Cannot load RTOS API schema: s4s-elt-must-match.1: The content of 'definitions' must match (annotation?, (simpleType | complexType)?, (unique | key | keyref)*)). A problem was found starting at: attribute.
2025-08-15 09:48:29,517 [INFO] PluginManage:359 - Loaded plugin pinoutconfig (category:base,tabindex:0)
2025-08-15 09:48:29,517 [INFO] PluginManage:310 - Check plugin power
2025-08-15 09:48:29,528 [INFO] PluginManage:359 - Loaded plugin power (category:power,tabindex:4)
2025-08-15 09:48:29,528 [INFO] PluginManage:310 - Check plugin projectmanager
2025-08-15 09:48:29,552 [INFO] PluginManage:359 - Loaded plugin projectmanager (category:projectmanager,tabindex:4)
2025-08-15 09:48:29,552 [INFO] PluginManage:310 - Check plugin rif
2025-08-15 09:48:29,571 [INFO] PluginManage:359 - Loaded plugin rif (category:base,tabindex:3)
2025-08-15 09:48:29,571 [INFO] PluginManage:310 - Check plugin thirdparty
2025-08-15 09:48:29,732 [INFO] PluginManage:359 - Loaded plugin thirdparty (category:base,tabindex:-1)
2025-08-15 09:48:29,732 [INFO] PluginManage:310 - Check plugin tools
2025-08-15 09:48:29,732 [WARN] IntegrityCheckThread:84 - waiting for thirdparty lock release [integrity check]
2025-08-15 09:48:29,732 [INFO] IntegrityCheckThread:86 - entering critical section [integrity check]
2025-08-15 09:48:29,732 [INFO] ThirdPartyUpdaterWithRetryManager:70 - Updater plugin not ready yet. [1/15]
2025-08-15 09:48:29,735 [INFO] PluginManage:359 - Loaded plugin tools (category:base,tabindex:7)
2025-08-15 09:48:29,735 [INFO] PluginManage:310 - Check plugin tutovideos
2025-08-15 09:48:29,928 [INFO] PluginManage:359 - Loaded plugin tutovideos (category:base,tabindex:-1)
2025-08-15 09:48:29,928 [INFO] PluginManage:310 - Check plugin updater
2025-08-15 09:48:29,945 [INFO] PluginManage:359 - Loaded plugin updater (category:base,tabindex:12)
2025-08-15 09:48:29,946 [INFO] PluginManage:310 - Check plugin userauth
2025-08-15 09:48:29,949 [INFO] UserAuth:118 - Init User Auth plugin
2025-08-15 09:48:29,950 [INFO] PluginManage:359 - Loaded plugin userauth (category:base,tabindex:14)
2025-08-15 09:48:29,950 [INFO] PluginManage:283 - PluginManage : Loaded plugins [18]
2025-08-15 09:48:30,135 [INFO] PinOutPanel:1589 - setPackage(No Configuration,No Configuration)
2025-08-15 09:48:30,220 [INFO] CADModel:165 - CPN selected for project level
2025-08-15 09:48:30,220 [INFO] CADModel:114 - Register for checkConnection events
2025-08-15 09:48:30,238 [INFO] IPUIPlugin:80 - create IPUIPlugin
2025-08-15 09:48:30,238 [INFO] PluginManager:220 - loadIPPluginJar : add adc
2025-08-15 09:48:30,241 [INFO] IPUIPlugin:80 - create IPUIPlugin
2025-08-15 09:48:30,241 [INFO] PluginManager:220 - loadIPPluginJar : add aes
2025-08-15 09:48:30,245 [INFO] IPUIPlugin:80 - create IPUIPlugin
2025-08-15 09:48:30,245 [INFO] PluginManager:220 - loadIPPluginJar : add can
2025-08-15 09:48:30,246 [INFO] IPUIPlugin:80 - create IPUIPlugin
2025-08-15 09:48:30,246 [INFO] PluginManager:220 - loadIPPluginJar : add comp
2025-08-15 09:48:30,249 [INFO] IPUIPlugin:80 - create IPUIPlugin
2025-08-15 09:48:30,249 [INFO] PluginManager:220 - loadIPPluginJar : add cryp
2025-08-15 09:48:30,252 [INFO] IPUIPlugin:80 - create IPUIPlugin
2025-08-15 09:48:30,253 [INFO] PluginManager:220 - loadIPPluginJar : add ddr_ctrl_phy
2025-08-15 09:48:30,255 [INFO] IPUIPlugin:80 - create IPUIPlugin
2025-08-15 09:48:30,256 [INFO] PluginManager:220 - loadIPPluginJar : add dfsdm
2025-08-15 09:48:30,261 [INFO] IPUIPlugin:80 - create IPUIPlugin
2025-08-15 09:48:30,261 [INFO] PluginManager:220 - loadIPPluginJar : add dma
2025-08-15 09:48:30,265 [INFO] IPUIPlugin:80 - create IPUIPlugin
2025-08-15 09:48:30,265 [INFO] PluginManager:220 - loadIPPluginJar : add dma3
2025-08-15 09:48:30,268 [INFO] IPUIPlugin:80 - create IPUIPlugin
2025-08-15 09:48:30,268 [INFO] PluginManager:220 - loadIPPluginJar : add extmemmanager
2025-08-15 09:48:30,269 [INFO] IPUIPlugin:80 - create IPUIPlugin
2025-08-15 09:48:30,269 [INFO] PluginManager:220 - loadIPPluginJar : add fatfs
2025-08-15 09:48:30,274 [INFO] IPUIPlugin:80 - create IPUIPlugin
2025-08-15 09:48:30,274 [INFO] PluginManager:220 - loadIPPluginJar : add fmc
2025-08-15 09:48:30,280 [INFO] IPUIPlugin:80 - create IPUIPlugin
2025-08-15 09:48:30,281 [INFO] PluginManager:220 - loadIPPluginJar : add freertos
2025-08-15 09:48:30,282 [INFO] IPUIPlugin:80 - create IPUIPlugin
2025-08-15 09:48:30,282 [INFO] PluginManager:220 - loadIPPluginJar : add genericplugin
2025-08-15 09:48:30,285 [INFO] IPUIPlugin:80 - create IPUIPlugin
2025-08-15 09:48:30,285 [INFO] PluginManager:220 - loadIPPluginJar : add gfxmmu
2025-08-15 09:48:30,289 [INFO] IPUIPlugin:80 - create IPUIPlugin
2025-08-15 09:48:30,289 [INFO] PluginManager:220 - loadIPPluginJar : add gic
2025-08-15 09:48:30,293 [INFO] IPUIPlugin:80 - create IPUIPlugin
2025-08-15 09:48:30,293 [INFO] PluginManager:220 - loadIPPluginJar : add gpio
2025-08-15 09:48:30,296 [INFO] IPUIPlugin:80 - create IPUIPlugin
2025-08-15 09:48:30,296 [INFO] PluginManager:220 - loadIPPluginJar : add gtzc
2025-08-15 09:48:30,299 [INFO] IPUIPlugin:80 - create IPUIPlugin
2025-08-15 09:48:30,299 [INFO] PluginManager:220 - loadIPPluginJar : add hash
2025-08-15 09:48:30,302 [INFO] IPUIPlugin:80 - create IPUIPlugin
2025-08-15 09:48:30,302 [INFO] PluginManager:220 - loadIPPluginJar : add i2c
2025-08-15 09:48:30,304 [INFO] IPUIPlugin:80 - create IPUIPlugin
2025-08-15 09:48:30,304 [INFO] PluginManager:220 - loadIPPluginJar : add i2s
2025-08-15 09:48:30,307 [INFO] IPUIPlugin:80 - create IPUIPlugin
2025-08-15 09:48:30,307 [INFO] PluginManager:220 - loadIPPluginJar : add i3c
2025-08-15 09:48:30,310 [INFO] IPUIPlugin:80 - create IPUIPlugin
2025-08-15 09:48:30,311 [INFO] PluginManager:220 - loadIPPluginJar : add ipddr
2025-08-15 09:48:30,317 [INFO] IPUIPlugin:80 - create IPUIPlugin
2025-08-15 09:48:30,317 [INFO] PluginManager:220 - loadIPPluginJar : add linkedlist
2025-08-15 09:48:30,321 [INFO] IPUIPlugin:80 - create IPUIPlugin
2025-08-15 09:48:30,321 [INFO] PluginManager:220 - loadIPPluginJar : add lorawan
2025-08-15 09:48:30,323 [INFO] IPUIPlugin:80 - create IPUIPlugin
2025-08-15 09:48:30,323 [INFO] PluginManager:220 - loadIPPluginJar : add ltdc
2025-08-15 09:48:30,328 [INFO] IPUIPlugin:80 - create IPUIPlugin
2025-08-15 09:48:30,328 [INFO] PluginManager:220 - loadIPPluginJar : add mdma
2025-08-15 09:48:30,333 [INFO] IPUIPlugin:80 - create IPUIPlugin
2025-08-15 09:48:30,333 [INFO] PluginManager:220 - loadIPPluginJar : add nvic
2025-08-15 09:48:30,336 [INFO] IPUIPlugin:80 - create IPUIPlugin
2025-08-15 09:48:30,336 [INFO] PluginManager:220 - loadIPPluginJar : add opamp
2025-08-15 09:48:30,339 [INFO] IPUIPlugin:80 - create IPUIPlugin
2025-08-15 09:48:30,339 [INFO] PluginManager:220 - loadIPPluginJar : add openamp
2025-08-15 09:48:30,342 [INFO] IPUIPlugin:80 - create IPUIPlugin
2025-08-15 09:48:30,342 [INFO] PluginManager:220 - loadIPPluginJar : add pdm2pcm
2025-08-15 09:48:30,348 [INFO] IPUIPlugin:80 - create IPUIPlugin
2025-08-15 09:48:30,350 [INFO] PluginManager:220 - loadIPPluginJar : add plateformsettings
2025-08-15 09:48:30,352 [INFO] IPUIPlugin:80 - create IPUIPlugin
2025-08-15 09:48:30,352 [INFO] PluginManager:220 - loadIPPluginJar : add quadspi
2025-08-15 09:48:30,354 [INFO] IPUIPlugin:80 - create IPUIPlugin
2025-08-15 09:48:30,354 [INFO] PluginManager:220 - loadIPPluginJar : add radio
2025-08-15 09:48:30,358 [INFO] IPUIPlugin:80 - create IPUIPlugin
2025-08-15 09:48:30,358 [INFO] PluginManager:220 - loadIPPluginJar : add resmgrutility
2025-08-15 09:48:30,361 [INFO] IPUIPlugin:80 - create IPUIPlugin
2025-08-15 09:48:30,362 [INFO] PluginManager:220 - loadIPPluginJar : add sai
2025-08-15 09:48:30,364 [INFO] IPUIPlugin:80 - create IPUIPlugin
2025-08-15 09:48:30,364 [INFO] PluginManager:220 - loadIPPluginJar : add spi
2025-08-15 09:48:30,370 [INFO] IPUIPlugin:80 - create IPUIPlugin
2025-08-15 09:48:30,370 [INFO] PluginManager:220 - loadIPPluginJar : add stm32_wpan
2025-08-15 09:48:30,372 [INFO] IPUIPlugin:80 - create IPUIPlugin
2025-08-15 09:48:30,373 [INFO] PluginManager:220 - loadIPPluginJar : add tim
2025-08-15 09:48:30,376 [INFO] IPUIPlugin:80 - create IPUIPlugin
2025-08-15 09:48:30,376 [INFO] PluginManager:220 - loadIPPluginJar : add touchsensing
2025-08-15 09:48:30,378 [INFO] IPUIPlugin:80 - create IPUIPlugin
2025-08-15 09:48:30,379 [INFO] PluginManager:220 - loadIPPluginJar : add tracer_emb
2025-08-15 09:48:30,381 [INFO] IPUIPlugin:80 - create IPUIPlugin
2025-08-15 09:48:30,381 [INFO] PluginManager:220 - loadIPPluginJar : add ts
2025-08-15 09:48:30,383 [INFO] IPUIPlugin:80 - create IPUIPlugin
2025-08-15 09:48:30,383 [INFO] PluginManager:220 - loadIPPluginJar : add tsc
2025-08-15 09:48:30,384 [INFO] IPUIPlugin:80 - create IPUIPlugin
2025-08-15 09:48:30,385 [INFO] PluginManager:220 - loadIPPluginJar : add ucpd
2025-08-15 09:48:30,387 [INFO] IPUIPlugin:80 - create IPUIPlugin
2025-08-15 09:48:30,387 [INFO] PluginManager:220 - loadIPPluginJar : add usart
2025-08-15 09:48:30,390 [INFO] IPUIPlugin:80 - create IPUIPlugin
2025-08-15 09:48:30,390 [INFO] PluginManager:220 - loadIPPluginJar : add usbx
2025-08-15 09:48:30,510 [FATAL] Updater:351 - Updater called before beeing initialized
2025-08-15 09:48:30,534 [INFO] RulesReader:64 - Compatibility file has been processed (317 Rules)
2025-08-15 09:48:30,544 [INFO] RulesReader:64 - Compatibility file has been processed (317 Rules)
2025-08-15 09:48:30,550 [INFO] CADModel:165 - CPN selected for project level
2025-08-15 09:48:30,550 [INFO] CADModel:114 - Register for checkConnection events
2025-08-15 09:48:30,550 [FATAL] Updater:351 - Updater called before beeing initialized
2025-08-15 09:48:30,551 [ERROR] CADModel:125 - Updater not yet initialized, retry later 
2025-08-15 09:48:30,690 [FATAL] Updater:351 - Updater called before beeing initialized
2025-08-15 09:48:30,692 [INFO] CADModel:165 - CPN selected for project level
2025-08-15 09:48:30,693 [INFO] CADModel:114 - Register for checkConnection events
2025-08-15 09:48:30,693 [FATAL] Updater:351 - Updater called before beeing initialized
2025-08-15 09:48:30,693 [ERROR] CADModel:125 - Updater not yet initialized, retry later 
2025-08-15 09:48:30,695 [FATAL] Updater:351 - Updater called before beeing initialized
2025-08-15 09:48:30,786 [FATAL] Updater:351 - Updater called before beeing initialized
2025-08-15 09:48:30,789 [INFO] DbMcusAds:53 - JSON generation date=Tue Jul 08 17:14:23 KST 2025 (1751962463593)
2025-08-15 09:48:30,790 [FATAL] Updater:351 - Updater called before beeing initialized
2025-08-15 09:48:30,828 [WARN] DetailPanel:346 - Failed to get advertising image, set to default
2025-08-15 09:48:30,897 [FATAL] Updater:351 - Updater called before beeing initialized
2025-08-15 09:48:30,898 [FATAL] Updater:351 - Updater called before beeing initialized
2025-08-15 09:48:30,898 [FATAL] Updater:351 - Updater called before beeing initialized
2025-08-15 09:48:30,898 [WARN] DetailPanel:346 - Failed to get advertising image, set to default
2025-08-15 09:48:30,899 [FATAL] Updater:351 - Updater called before beeing initialized
2025-08-15 09:48:30,938 [ERROR] Updater:1198 - MainUpdater not yet initialized. External WinMGr cannot be set.
2025-08-15 09:48:30,940 [INFO] Updater:1134 - Updater Version found : 6.15.0
2025-08-15 09:48:30,962 [INFO] ApplicationProperties:184 - Using Application install path: C:\ST\STM32CubeIDE_1.14.0\STM32CubeIDE\plugins\com.st.stm32cube.common.mx_6.15.0.202507011659
2025-08-15 09:48:31,493 [INFO] MainUpdater:2872 - connection check result : 10
2025-08-15 09:48:31,493 [INFO] MainUpdater:3604 - Updater definition file requires update
2025-08-15 09:48:31,494 [INFO] MainUpdater:289 - Updater Check For Update Now.
2025-08-15 09:48:31,494 [INFO] MicroXplorer:498 - Change Database Version : DB.6.0.150
2025-08-15 09:48:31,500 [INFO] McuFinderGlobals:63 - Set McuFinder mode to 2 (CubeIDE integrated)
2025-08-15 09:48:31,501 [INFO] UserAuth:487 - Internet connection configuration mode: 1
2025-08-15 09:48:31,517 [INFO] JxBrowserEngine:152 - Initiate JxBrowser Engine with user profile folder
2025-08-15 09:48:31,680 [INFO] ServerAccessManage:452 - Complete download http(s) 200
2025-08-15 09:48:31,681 [INFO] ServerAccessManage:509 - Download File updaters.zip
2025-08-15 09:48:31,796 [INFO] FileExtend:248 - Unzip File : updaters.zip
2025-08-15 09:48:31,796 [INFO] FileExtend:263 - Standard Zip Deflate
2025-08-15 09:48:32,733 [WARN] MainUpdater:1193 - Updater busy. Cannot search thirdparties
2025-08-15 09:48:32,733 [INFO] ThirdPartyUpdaterWithRetryManager:96 - Updater plugin is busy. [1/15]
2025-08-15 09:48:32,836 [INFO] ServerAccessManage:452 - Complete download http(s) 200
2025-08-15 09:48:32,837 [INFO] ServerAccessManage:509 - Download File PacksControlFlags.xml
2025-08-15 09:48:32,920 [INFO] ServerAccessManage:452 - Complete download http(s) 200
2025-08-15 09:48:32,920 [INFO] ServerAccessManage:509 - Download File cubemx.pidx
2025-08-15 09:48:33,073 [INFO] LoadServerUpdatesThread:375 - End of LoadServerUpdate Thread
2025-08-15 09:48:33,213 [INFO] WebApp:169 - Instantiating new browser for Auth
2025-08-15 09:48:33,240 [INFO] CheckServerUpdateThread:120 - End of CheckServer Thread
2025-08-15 09:48:33,886 [INFO] WebApp:463 - Apply proxy settings
2025-08-15 09:48:33,886 [INFO] WebApp:548 - Chromium requires no authentication
2025-08-15 09:48:33,897 [INFO] WebApp:491 - Direct internet connection detected
2025-08-15 09:48:33,924 [INFO] WebApp:900 - Register for checkConnection events
2025-08-15 09:48:33,924 [INFO] WebApp:463 - Apply proxy settings
2025-08-15 09:48:33,924 [INFO] WebApp:548 - Chromium requires no authentication
2025-08-15 09:48:33,924 [INFO] WebApp:491 - Direct internet connection detected
2025-08-15 09:48:34,083 [INFO] WebApp:225 - Starting web application
2025-08-15 09:48:34,084 [INFO] WebApp:593 - Web application path used C:\ST\STM32CubeIDE_1.14.0\STM32CubeIDE\plugins\com.st.stm32cube.common.mx_6.15.0.202507011659\db\plugins\mcufinder\reactClient1\index.html
2025-08-15 09:48:34,225 [INFO] UserAuth:487 - Internet connection configuration mode: 1
2025-08-15 09:48:34,314 [INFO] WebApp:191 - Connection restablished
2025-08-15 09:48:36,082 [WARN] PackLoader:240 - Cannot read IP mode file for STMicroelectronics.FP-SNS-MOTENVWB1.1.4.0
2025-08-15 09:48:36,090 [WARN] PackLoader:240 - Cannot read IP mode file for STMicroelectronics.FP-ATR-ASTRA1.2.0.2
2025-08-15 09:48:36,096 [WARN] PackLoader:240 - Cannot read IP mode file for STMicroelectronics.FP-ATR-ASTRA1.2.0.1
2025-08-15 09:48:36,103 [WARN] PackLoader:240 - Cannot read IP mode file for STMicroelectronics.X-CUBE-SMBUS.2.1.0
2025-08-15 09:48:36,114 [WARN] PackLoader:240 - Cannot read IP mode file for STMicroelectronics.X-CUBE-WB05N.1.1.0
2025-08-15 09:48:36,121 [WARN] PackLoader:240 - Cannot read IP mode file for STMicroelectronics.X-CUBE-ST60.1.0.0
2025-08-15 09:48:36,128 [WARN] PackLoader:240 - Cannot read IP mode file for STMicroelectronics.X-CUBE-TOUCHGFX.4.23.0
2025-08-15 09:48:36,160 [WARN] PackLoader:240 - Cannot read IP mode file for STMicroelectronics.X-CUBE-AZRTOS-F7.1.1.0
2025-08-15 09:48:36,170 [WARN] PackLoader:240 - Cannot read IP mode file for STMicroelectronics.FP-SNS-MOTENV1.4.3.2
2025-08-15 09:48:36,176 [ERROR] RealEvaluatedCondition:428 - Found unsupported composite condition: GROUP='STM32_MetaDataManager' CLASS='Data Exchange'
2025-08-15 09:48:36,176 [ERROR] RealEvaluatedCondition:428 - Found unsupported composite condition: CLASS='Data Exchange' GROUP='STM32_MetaDataManager'
2025-08-15 09:48:36,178 [WARN] PackLoader:240 - Cannot read IP mode file for STMicroelectronics.FP-SNS-MOTENV1.4.3.1
2025-08-15 09:48:36,184 [WARN] PackLoader:240 - Cannot read IP mode file for STMicroelectronics.FP-SNS-FLIGHT1.5.0.1
2025-08-15 09:48:36,190 [WARN] PackLoader:240 - Cannot read IP mode file for STMicroelectronics.X-CUBE-BLE1.6.2.3
2025-08-15 09:48:36,245 [WARN] PackLoader:240 - Cannot read IP mode file for STMicroelectronics.X-CUBE-MEMS1.11.0.0
2025-08-15 09:48:36,393 [WARN] PackLoader:240 - Cannot read IP mode file for STMicroelectronics.X-CUBE-BLE1.6.2.4
2025-08-15 09:48:36,403 [WARN] PackLoader:240 - Cannot read IP mode file for STMicroelectronics.FP-SNS-FLIGHT1.5.0.2
2025-08-15 09:48:36,417 [WARN] PackLoader:240 - Cannot read IP mode file for STMicroelectronics.X-CUBE-TOF1.3.1.0
2025-08-15 09:48:36,448 [WARN] PackLoader:240 - Cannot read IP mode file for STMicroelectronics.X-CUBE-AZRTOS-H7.3.4.0
2025-08-15 09:48:36,457 [WARN] PackLoader:240 - Cannot read IP mode file for STMicroelectronics.X-CUBE-DISPLAY.3.0.0
2025-08-15 09:48:36,464 [WARN] PackLoader:240 - Cannot read IP mode file for STMicroelectronics.X-CUBE-BLE1.7.0.0
2025-08-15 09:48:36,470 [WARN] PackLoader:240 - Cannot read IP mode file for STMicroelectronics.X-CUBE-NFC10.1.0.0
2025-08-15 09:48:36,485 [WARN] PackLoader:240 - Cannot read IP mode file for STMicroelectronics.X-CUBE-BLEMGR.4.0.0
2025-08-15 09:48:36,493 [WARN] PackLoader:240 - Cannot read IP mode file for emotas.I-CUBE-CANOPEN.1.3.0
2025-08-15 09:48:36,530 [WARN] PackLoader:240 - Cannot read IP mode file for STMicroelectronics.X-CUBE-MEMS1.9.3.0
2025-08-15 09:48:36,624 [WARN] PackLoader:240 - Cannot read IP mode file for STMicroelectronics.X-CUBE-AI.7.2.0
2025-08-15 09:48:36,633 [WARN] PackLoader:240 - Cannot read IP mode file for STMicroelectronics.X-CUBE-BLEMGR.3.1.0
2025-08-15 09:48:36,638 [WARN] PackLoader:240 - Cannot read IP mode file for STMicroelectronics.X-CUBE-AI.10.0.0
2025-08-15 09:48:36,645 [WARN] PackLoader:240 - Cannot read IP mode file for STMicroelectronics.FP-SNS-STBOX1.2.1.0
2025-08-15 09:48:36,652 [WARN] PackLoader:240 - Cannot read IP mode file for STMicroelectronics.FP-SNS-SMARTAG2.1.2.0
2025-08-15 09:48:36,656 [WARN] PackLoader:240 - Cannot read IP mode file for STMicroelectronics.FP-SNS-FLIGHT1.5.1.0
2025-08-15 09:48:36,668 [INFO] LogOutputStream:77 - [STDOUT_REDIRECT] 1 : Invalid condition id : UX_CORESTACK_Condition cause : null
2025-08-15 09:48:36,668 [INFO] LogOutputStream:77 - [STDOUT_REDIRECT] 1 : Invalid condition id : UX_CORESTACK_Condition cause : null
2025-08-15 09:48:36,669 [INFO] LogOutputStream:77 - [STDOUT_REDIRECT] 1 : Invalid condition id : UX_CORESTACK_Condition cause : null
2025-08-15 09:48:36,670 [INFO] LogOutputStream:77 - [STDOUT_REDIRECT] 1 : Invalid condition id : UX_CORESTACK_Condition cause : null
2025-08-15 09:48:36,671 [INFO] LogOutputStream:77 - [STDOUT_REDIRECT] 1 : Invalid condition id : UX_CORESTACK_Condition cause : null
2025-08-15 09:48:36,674 [WARN] PackLoader:240 - Cannot read IP mode file for STMicroelectronics.X-CUBE-AZRTOS-WL.2.0.0
2025-08-15 09:48:36,681 [WARN] PackLoader:240 - Cannot read IP mode file for STMicroelectronics.FP-SNS-MOTENV1.5.0.0
2025-08-15 09:48:36,688 [WARN] PackLoader:240 - Cannot read IP mode file for wolfSSL.I-CUBE-wolfMQTT.1.19.0
2025-08-15 09:48:36,695 [WARN] PackLoader:240 - Cannot read IP mode file for WES.I-CUBE-Cesium.1.3.0
2025-08-15 09:48:36,701 [WARN] PackLoader:240 - Cannot read IP mode file for STMicroelectronics.X-CUBE-BLE2.3.3.0
2025-08-15 09:48:36,707 [WARN] PackLoader:240 - Cannot read IP mode file for STMicroelectronics.X-CUBE-DISPLAY.2.2.0
2025-08-15 09:48:36,720 [WARN] PackLoader:240 - Cannot read IP mode file for STMicroelectronics.X-CUBE-TOF1.3.2.0
2025-08-15 09:48:36,728 [WARN] PackLoader:240 - Cannot read IP mode file for STMicroelectronics.X-CUBE-ISPU.1.0.0
2025-08-15 09:48:36,735 [WARN] PackLoader:240 - Cannot read IP mode file for STMicroelectronics.X-CUBE-NFC9.1.0.0
2025-08-15 09:48:36,754 [WARN] PackLoader:240 - Cannot read IP mode file for STMicroelectronics.X-CUBE-AZRTOS-H7.2.1.0
2025-08-15 09:48:36,762 [WARN] PackLoader:240 - Cannot read IP mode file for STMicroelectronics.X-CUBE-BLE1.7.1.0
2025-08-15 09:48:36,768 [WARN] PackLoader:240 - Cannot read IP mode file for STMicroelectronics.X-CUBE-TCPP.4.1.0
2025-08-15 09:48:36,774 [WARN] PackLoader:240 - Cannot read IP mode file for STMicroelectronics.X-CUBE-EEPRMA1.5.2.0
2025-08-15 09:48:36,778 [WARN] PackLoader:240 - Cannot read IP mode file for STMicroelectronics.X-CUBE-TOUCHGFX.4.21.1
2025-08-15 09:48:36,781 [WARN] PackLoader:240 - Cannot read IP mode file for STMicroelectronics.X-CUBE-TOUCHGFX.4.21.0
2025-08-15 09:48:36,784 [WARN] PackLoader:240 - Cannot read IP mode file for STMicroelectronics.X-CUBE-TOUCHGFX.4.21.4
2025-08-15 09:48:36,821 [WARN] PackLoader:240 - Cannot read IP mode file for STMicroelectronics.X-CUBE-MEMS1.9.4.0
2025-08-15 09:48:36,939 [WARN] PackLoader:240 - Cannot read IP mode file for STMicroelectronics.X-CUBE-AI.7.3.0
2025-08-15 09:48:36,944 [WARN] PackLoader:240 - Cannot read IP mode file for STMicroelectronics.X-CUBE-AI.10.1.0
2025-08-15 09:48:36,950 [WARN] PackLoader:240 - Cannot read IP mode file for STMicroelectronics.X-CUBE-ALGOBUILD.1.3.0
2025-08-15 09:48:36,994 [WARN] PackLoader:240 - Cannot read IP mode file for STMicroelectronics.X-CUBE-MEMS1.11.2.0
2025-08-15 09:48:37,114 [WARN] PackLoader:240 - Cannot read IP mode file for STMicroelectronics.X-CUBE-AZRTOS-G0.1.1.0
2025-08-15 09:48:37,123 [WARN] PackLoader:240 - Cannot read IP mode file for STMicroelectronics.X-CUBE-SAFEA1.1.2.2
2025-08-15 09:48:37,132 [WARN] PackLoader:240 - Cannot read IP mode file for STMicroelectronics.X-CUBE-NFC4.3.0.0
2025-08-15 09:48:37,168 [WARN] PackLoader:240 - Cannot read IP mode file for SEGGER.I-CUBE-embOS.1.2.0
2025-08-15 09:48:37,199 [WARN] PackLoader:240 - Cannot read IP mode file for EmbeddedOffice.I-CUBE-FS-RTOS.1.0.1
2025-08-15 09:48:37,204 [WARN] PackLoader:240 - Cannot read IP mode file for STMicroelectronics.X-CUBE-WB05N.2.0.0
2025-08-15 09:48:37,211 [WARN] PackLoader:240 - Cannot read IP mode file for STMicroelectronics.X-CUBE-BLEMGR.3.0.0
2025-08-15 09:48:37,218 [WARN] PackLoader:240 - Cannot read IP mode file for STMicroelectronics.X-CUBE-BLEMGR.1.3.0
2025-08-15 09:48:37,223 [WARN] PackLoader:240 - Cannot read IP mode file for STMicroelectronics.X-CUBE-TCPP.4.2.0
2025-08-15 09:48:37,229 [WARN] PackLoader:240 - Cannot read IP mode file for RealThread.X-CUBE-RT-Thread_Nano.4.1.1
2025-08-15 09:48:37,235 [WARN] PackLoader:240 - Cannot read IP mode file for STMicroelectronics.FP-ATR-SIGFOX1.3.2.0
2025-08-15 09:48:37,240 [WARN] ConditionMgr:438 - getConditionDescription Invalid condition id : Cortex-A Device cause : null
2025-08-15 09:48:37,252 [WARN] ConditionMgr:1044 - genDependencies : Invalid condition id : Cortex-A Device cause : null
2025-08-15 09:48:37,252 [WARN] ConditionMgr:1044 - genDependencies : Invalid condition id : Cortex-A Device cause : null
2025-08-15 09:48:37,252 [WARN] ConditionMgr:1044 - genDependencies : Invalid condition id : Cortex-A Device cause : null
2025-08-15 09:48:37,258 [WARN] PackLoader:240 - Cannot read IP mode file for STMicroelectronics.X-CUBE-EEPRMA1.5.1.0
2025-08-15 09:48:37,265 [WARN] PackLoader:240 - Cannot read IP mode file for emotas.I-CUBE-CANOPEN.1.1.2
2025-08-15 09:48:37,269 [WARN] PackLoader:240 - Cannot read IP mode file for STMicroelectronics.X-CUBE-TOUCHGFX.4.20.0
2025-08-15 09:48:37,277 [WARN] PackLoader:240 - Cannot read IP mode file for STMicroelectronics.X-CUBE-ST67W61.1.0.0
2025-08-15 09:48:37,283 [WARN] PackLoader:240 - Cannot read IP mode file for STMicroelectronics.X-CUBE-AI.10.2.0
2025-08-15 09:48:37,309 [WARN] PackLoader:240 - Cannot read IP mode file for SEGGER.I-CUBE-embOS.1.3.1
2025-08-15 09:48:37,339 [WARN] PackLoader:240 - Cannot read IP mode file for STMicroelectronics.X-CUBE-ALGOBUILD.1.4.0
2025-08-15 09:48:37,376 [WARN] PackLoader:240 - Cannot read IP mode file for STMicroelectronics.X-CUBE-MEMS1.11.3.0
2025-08-15 09:48:37,446 [WARN] PackLoader:240 - Cannot read IP mode file for STMicroelectronics.X-CUBE-AI.9.1.0
2025-08-15 09:48:37,450 [WARN] PackLoader:240 - Cannot read IP mode file for STMicroelectronics.X-CUBE-PM33A1.1.0.0
2025-08-15 09:48:37,457 [WARN] PackLoader:240 - Cannot read IP mode file for STMicroelectronics.X-CUBE-GNSS1.6.0.0
2025-08-15 09:48:37,470 [WARN] PackLoader:240 - Cannot read IP mode file for STMicroelectronics.X-CUBE-AZRTOS-F4.1.1.0
2025-08-15 09:48:37,475 [WARN] PackLoader:240 - Cannot read IP mode file for Avnet-IotConnect.X-CUBE-IoTC-DA16k-PMOD.1.0.0
2025-08-15 09:48:37,480 [WARN] PackLoader:240 - Cannot read IP mode file for STMicroelectronics.X-CUBE-ISPU.2.1.0
2025-08-15 09:48:37,487 [WARN] PackLoader:240 - Cannot read IP mode file for STMicroelectronics.X-CUBE-FREERTOS.1.2.0
2025-08-15 09:48:37,491 [WARN] PackLoader:240 - Cannot read IP mode file for wolfSSL.I-CUBE-wolfSSL.5.6.6
2025-08-15 09:48:37,498 [WARN] PackLoader:240 - Cannot read IP mode file for STMicroelectronics.X-CUBE-NFC12.1.0.0
2025-08-15 09:48:37,513 [WARN] PackLoader:240 - Cannot read IP mode file for STMicroelectronics.X-CUBE-AZRTOS-L5.2.0.0
2025-08-15 09:48:37,544 [WARN] PackLoader:240 - Cannot read IP mode file for STMicroelectronics.X-CUBE-MEMS1.9.6.0
2025-08-15 09:48:37,637 [WARN] PackLoader:240 - Cannot read IP mode file for STMicroelectronics.X-CUBE-EEPRMA1.4.2.0
2025-08-15 09:48:37,646 [WARN] PackLoader:240 - Cannot read IP mode file for STMicroelectronics.X-CUBE-NFC6.3.1.0
2025-08-15 09:48:37,652 [WARN] PackLoader:240 - Cannot read IP mode file for ITTIA_DB.I-CUBE-ITTIADB.8.8.0
2025-08-15 09:48:37,659 [WARN] PackLoader:240 - Cannot read IP mode file for STMicroelectronics.X-CUBE-BLEMGR.2.0.0
2025-08-15 09:48:37,666 [WARN] PackLoader:240 - Cannot read IP mode file for STMicroelectronics.X-CUBE-DPower.1.2.0
2025-08-15 09:48:37,671 [WARN] PackLoader:240 - Cannot read IP mode file for STMicroelectronics.X-CUBE-NFC4.2.0.5
2025-08-15 09:48:37,676 [WARN] PackLoader:240 - Cannot read IP mode file for STMicroelectronics.X-CUBE-NFC4.2.0.4
2025-08-15 09:48:37,680 [WARN] PackLoader:240 - Cannot read IP mode file for STMicroelectronics.X-CUBE-AI.9.0.0
2025-08-15 09:48:37,695 [WARN] ConditionMgr:438 - getConditionDescription Invalid condition id : UX DEVICE CLASS RTOS Condition cause : null
2025-08-15 09:48:37,695 [WARN] ConditionMgr:438 - getConditionDescription Invalid condition id : UX DEVICE CLASS RTOS Condition cause : null
2025-08-15 09:48:37,698 [WARN] PackLoader:240 - Cannot read IP mode file for STMicroelectronics.X-CUBE-AZRTOS-H7.3.1.0
2025-08-15 09:48:37,699 [WARN] ConditionMgr:1044 - genDependencies : Invalid condition id : UX DEVICE CLASS RTOS Condition cause : null
2025-08-15 09:48:37,699 [WARN] ConditionMgr:1044 - genDependencies : Invalid condition id : UX DEVICE CLASS RTOS Condition cause : null
2025-08-15 09:48:37,700 [WARN] ConditionMgr:1044 - genDependencies : Invalid condition id : UX DEVICE CLASS RTOS Condition cause : null
2025-08-15 09:48:37,700 [WARN] ConditionMgr:1044 - genDependencies : Invalid condition id : UX DEVICE CLASS RTOS Condition cause : null
2025-08-15 09:48:37,700 [WARN] ConditionMgr:1044 - genDependencies : Invalid condition id : UX DEVICE CLASS RTOS Condition cause : null
2025-08-15 09:48:37,706 [WARN] PackLoader:240 - Cannot read IP mode file for STMicroelectronics.X-CUBE-FREERTOS.1.3.1
2025-08-15 09:48:37,711 [WARN] PackLoader:240 - Cannot read IP mode file for STMicroelectronics.X-CUBE-FREERTOS.1.3.0
2025-08-15 09:48:37,717 [WARN] PackLoader:240 - Cannot read IP mode file for STMicroelectronics.X-CUBE-NFC7.1.0.1
2025-08-15 09:48:37,721 [WARN] PackLoader:240 - Cannot read IP mode file for STMicroelectronics.X-CUBE-NFC7.1.0.0
2025-08-15 09:48:37,727 [WARN] PackLoader:240 - Cannot read IP mode file for STMicroelectronics.X-CUBE-NFC6.3.0.0
2025-08-15 09:48:37,733 [WARN] PackLoader:240 - Cannot read IP mode file for STMicroelectronics.X-CUBE-EEPRMA1.4.1.0
2025-08-15 09:48:37,738 [WARN] PackLoader:240 - Cannot read IP mode file for STMicroelectronics.FP-SNS-STAIOTCFT.1.0.0
2025-08-15 09:48:37,743 [WARN] PackLoader:240 - Cannot read IP mode file for STMicroelectronics.X-CUBE-DPower.1.3.0
2025-08-15 09:48:37,747 [WARN] PackLoader:240 - Cannot read IP mode file for STMicroelectronics.X-CUBE-AI.8.1.0
2025-08-15 09:48:37,761 [WARN] ConditionMgr:438 - getConditionDescription Invalid condition id : LAN8742 Phy interface Condition cause : null
2025-08-15 09:48:37,761 [WARN] PackLoader:240 - Cannot read IP mode file for STMicroelectronics.X-CUBE-AZRTOS-L4.2.0.0
2025-08-15 09:48:37,762 [WARN] ConditionMgr:1044 - genDependencies : Invalid condition id : LAN8742 Phy interface Condition cause : null
2025-08-15 09:48:37,762 [WARN] ConditionMgr:1044 - genDependencies : Invalid condition id : LAN8742 Phy interface Condition cause : null
2025-08-15 09:48:37,762 [WARN] ConditionMgr:1044 - genDependencies : Invalid condition id : LAN8742 Phy interface Condition cause : null
2025-08-15 09:48:37,768 [WARN] PackLoader:240 - Cannot read IP mode file for STMicroelectronics.X-CUBE-SFXS2LP1.4.0.0
2025-08-15 09:48:37,781 [WARN] PackLoader:240 - Cannot read IP mode file for STMicroelectronics.X-CUBE-AZRTOS-H7.3.0.0
2025-08-15 09:48:37,786 [WARN] PackLoader:240 - Cannot read IP mode file for STMicroelectronics.X-CUBE-ISPU.1.1.0
2025-08-15 09:48:37,800 [WARN] PackLoader:240 - Cannot read IP mode file for STMicroelectronics.X-CUBE-AZRTOS-H7.3.3.0
2025-08-15 09:48:37,809 [WARN] PackLoader:240 - Cannot read IP mode file for RoweBots.I-CUBE-UNISONRTOS.5.5.0-4
2025-08-15 09:48:37,814 [WARN] PackLoader:240 - Cannot read IP mode file for wolfSSL.I-CUBE-wolfSSL.5.4.0
2025-08-15 09:48:37,822 [WARN] PackLoader:240 - Cannot read IP mode file for STMicroelectronics.X-CUBE-BLEMGR.4.1.0
2025-08-15 09:48:37,833 [WARN] PackLoader:240 - Cannot read IP mode file for STMicroelectronics.X-CUBE-IPS.3.0.0
2025-08-15 09:48:37,846 [WARN] ConditionMgr:438 - getConditionDescription Invalid condition id : UX DEVICE CLASS RTOS Condition cause : null
2025-08-15 09:48:37,848 [WARN] ConditionMgr:438 - getConditionDescription Invalid condition id : UX DEVICE CLASS RTOS Condition cause : null
2025-08-15 09:48:37,850 [WARN] PackLoader:240 - Cannot read IP mode file for STMicroelectronics.X-CUBE-AZRTOS-WB.2.0.0
2025-08-15 09:48:37,850 [WARN] ConditionMgr:1044 - genDependencies : Invalid condition id : UX DEVICE CLASS RTOS Condition cause : null
2025-08-15 09:48:37,850 [WARN] ConditionMgr:1044 - genDependencies : Invalid condition id : UX DEVICE CLASS RTOS Condition cause : null
2025-08-15 09:48:37,851 [WARN] ConditionMgr:1044 - genDependencies : Invalid condition id : UX DEVICE CLASS RTOS Condition cause : null
2025-08-15 09:48:37,851 [WARN] ConditionMgr:1044 - genDependencies : Invalid condition id : UX DEVICE CLASS RTOS Condition cause : null
2025-08-15 09:48:37,851 [WARN] ConditionMgr:1044 - genDependencies : Invalid condition id : UX DEVICE CLASS RTOS Condition cause : null
2025-08-15 09:48:37,855 [WARN] PackLoader:240 - Cannot read IP mode file for STMicroelectronics.X-CUBE-FREERTOS.1.0.1
2025-08-15 09:48:37,858 [WARN] PackLoader:240 - Cannot read IP mode file for STMicroelectronics.X-CUBE-GNSS1.7.0.0
2025-08-15 09:48:37,863 [WARN] PackLoader:240 - Cannot read IP mode file for STMicroelectronics.X-CUBE-GNSS1.7.0.1
2025-08-15 09:48:37,869 [WARN] PackLoader:240 - Cannot read IP mode file for STMicroelectronics.X-CUBE-BLEMGR.1.0.0
2025-08-15 09:48:37,874 [WARN] PackLoader:240 - Cannot read IP mode file for STMicroelectronics.X-CUBE-TOUCHGFX.4.25.0
2025-08-15 09:48:37,880 [WARN] PackLoader:240 - Cannot read IP mode file for STMicroelectronics.FP-SNS-STBOX1.2.0.0
2025-08-15 09:48:37,893 [WARN] PackLoader:240 - Cannot read IP mode file for STMicroelectronics.X-CUBE-AZRTOS-L5.1.1.0
2025-08-15 09:48:37,900 [WARN] PackLoader:240 - Cannot read IP mode file for STMicroelectronics.X-CUBE-AI.8.0.1
2025-08-15 09:48:37,908 [WARN] PackLoader:240 - Cannot read IP mode file for STMicroelectronics.X-CUBE-SUBG2.5.0.0
2025-08-15 09:48:37,923 [WARN] PackLoader:240 - Cannot read IP mode file for STMicroelectronics.X-CUBE-AZRTOS-H7RS.1.1.0
2025-08-15 09:48:37,930 [WARN] PackLoader:240 - Cannot read IP mode file for Cesanta.I-CUBE-Mongoose.7.13.0
2025-08-15 09:48:37,941 [WARN] PackLoader:240 - Cannot read IP mode file for STMicroelectronics.X-CUBE-AZRTOS-G4.2.0.0
2025-08-15 09:48:37,950 [WARN] PackLoader:240 - Cannot read IP mode file for STMicroelectronics.X-CUBE-TOF1.3.3.0
2025-08-15 09:48:37,958 [WARN] PackLoader:240 - Cannot read IP mode file for STMicroelectronics.FP-ATR-ASTRA1.1.1.1
2025-08-15 09:48:37,969 [WARN] PackLoader:240 - Cannot read IP mode file for Infineon.AIROC-Wi-Fi-Bluetooth-STM32.1.5.1
2025-08-15 09:48:37,974 [WARN] PackLoader:240 - Cannot read IP mode file for STMicroelectronics.FP-ATR-ASTRA1.1.1.0
2025-08-15 09:48:37,979 [WARN] PackLoader:240 - Cannot read IP mode file for STMicroelectronics.X-CUBE-NFC7.2.0.0
2025-08-15 09:48:37,982 [WARN] PackLoader:240 - Cannot read IP mode file for STMicroelectronics.FP-SNS-MOTENVWB1.1.3.1
2025-08-15 09:48:37,993 [WARN] PackLoader:240 - Cannot read IP mode file for STMicroelectronics.X-CUBE-AZRTOS-G4.1.0.0
2025-08-15 09:48:38,006 [WARN] PackLoader:240 - Cannot read IP mode file for STMicroelectronics.X-CUBE-AZRTOS-L4.1.0.0
2025-08-15 09:48:38,011 [WARN] PackLoader:240 - Cannot read IP mode file for STMicroelectronics.X-CUBE-ISPU.2.0.0
2025-08-15 09:48:38,019 [WARN] PackLoader:240 - Cannot read IP mode file for STMicroelectronics.X-CUBE-IPS.3.1.0
2025-08-15 09:48:38,027 [WARN] PackLoader:240 - Cannot read IP mode file for STMicroelectronics.X-CUBE-ALS.1.0.2
2025-08-15 09:48:38,059 [WARN] PackLoader:240 - Cannot read IP mode file for STMicroelectronics.X-CUBE-MEMS1.10.0.0
2025-08-15 09:48:38,136 [WARN] PackLoader:240 - Cannot read IP mode file for STMicroelectronics.X-CUBE-FREERTOS.1.1.0
2025-08-15 09:48:38,139 [WARN] PackLoader:240 - Cannot read IP mode file for STMicroelectronics.X-CUBE-TOUCHGFX.4.24.0
2025-08-15 09:48:38,148 [WARN] PackLoader:240 - Cannot read IP mode file for STMicroelectronics.X-CUBE-AZRTOS-WL.1.0.0
2025-08-15 09:48:38,152 [WARN] PackLoader:240 - Cannot read IP mode file for STMicroelectronics.X-CUBE-TOUCHGFX.4.24.1
2025-08-15 09:48:38,158 [WARN] PackLoader:240 - Cannot read IP mode file for wolfSSL.I-CUBE-wolfTPM.3.4.0
2025-08-15 09:48:38,163 [WARN] PackLoader:240 - Cannot read IP mode file for portGmbH.I-Cube-SoM-uGOAL.1.1.0
2025-08-15 09:48:38,168 [WARN] PackLoader:240 - Cannot read IP mode file for STMicroelectronics.X-CUBE-ALS.1.0.1
2025-08-15 09:48:38,178 [WARN] PackLoader:240 - Cannot read IP mode file for STMicroelectronics.X-CUBE-AZRTOS-WB.1.1.0
2025-08-15 09:48:38,189 [WARN] PackLoader:240 - Cannot read IP mode file for STMicroelectronics.X-CUBE-AZRTOS-L5.1.0.0
2025-08-15 09:48:38,194 [WARN] PackLoader:240 - Cannot read IP mode file for STMicroelectronics.X-CUBE-EEPRMA1.3.1.1
2025-08-15 09:48:38,208 [WARN] PackLoader:240 - Cannot read IP mode file for STMicroelectronics.X-CUBE-AZRTOS-H7RS.1.0.0
2025-08-15 09:48:38,216 [WARN] PackLoader:240 - Cannot read IP mode file for STMicroelectronics.FP-ATR-ASTRA1.2.0.0
2025-08-15 09:48:38,223 [WARN] PackLoader:240 - Cannot read IP mode file for STMicroelectronics.X-CUBE-TOF1.3.4.2
2025-08-15 09:48:38,236 [WARN] PackLoader:240 - Cannot read IP mode file for STMicroelectronics.X-CUBE-TOF1.3.4.3
2025-08-15 09:48:38,253 [WARN] PackLoader:240 - Cannot read IP mode file for STMicroelectronics.X-CUBE-TOF1.3.4.0
2025-08-15 09:48:38,270 [WARN] PackLoader:240 - Cannot read IP mode file for STMicroelectronics.X-CUBE-TOF1.3.4.1
2025-08-15 09:48:38,290 [WARN] PackLoader:240 - Cannot read IP mode file for STMicroelectronics.X-CUBE-AZRTOS-H7.3.2.0
2025-08-15 09:48:38,296 [WARN] PackLoader:240 - Cannot read IP mode file for wolfSSL.I-CUBE-wolfSSH.1.4.17
2025-08-15 09:48:38,297 [INFO] ThirdParty:978 - Integrity check success = true
2025-08-15 09:48:38,297 [INFO] IntegrityCheckThread:100 - exiting critical section [integrity check]
2025-08-15 09:48:38,297 [INFO] IntegrityCheckThread:103 - End integrity checks thread
2025-08-15 12:55:57,956 [ERROR] LogOutputStream:75 - [STDERR_REDIRECT] 
2025-08-15 12:56:17,420 [INFO] Activator:176 - 


2025-08-15 12:56:17,422 [INFO] Activator:177 - !SESSION log4j initialized
2025-08-15 12:56:22,627 [INFO] LogOutputStream:77 - [STDOUT_REDIRECT] 
2025-08-15 12:56:24,202 [INFO] ApplicationProperties:184 - Using Application install path: C:\ST\STM32CubeIDE_1.14.0\STM32CubeIDE\plugins\com.st.stm32cube.common.mx_6.15.0.202507011659
2025-08-15 12:56:24,224 [INFO] DbMcusXml:78 - Set database path to: C:\ST\STM32CubeIDE_1.14.0\STM32CubeIDE\plugins\com.st.stm32cube.common.mx_6.15.0.202507011659\\db\/mcu/
2025-08-15 12:56:24,224 [INFO] ApiDb:274 - Set plugin database path to: C:\ST\STM32CubeIDE_1.14.0\STM32CubeIDE\plugins\com.st.stm32cube.common.mx_6.15.0.202507011659\\db\/plugins/boardmanager/
2025-08-15 12:56:24,225 [WARN] ApiDb:259 - Overriding images path with different value:  => C:\ST\STM32CubeIDE_1.14.0\STM32CubeIDE\plugins\com.st.stm32cube.common.mx_6.15.0.202507011659\\db\/plugins/mcufinder/images/
2025-08-15 12:56:24,237 [INFO] ApiDb:250 - Set database path to: C:\Users\jihoo\.stmcufinder\plugins\mcufinder//mcu/
2025-08-15 12:56:24,239 [INFO] DbMcusAds:125 - Set database path to: C:\Users\jihoo\.stmcufinder\plugins\mcufinder//mcu/
2025-08-15 12:56:24,243 [INFO] CrossReferenceDbSqlite:203 - Set database path to: C:\Users\jihoo\.stmcufinder\plugins\mcufinder//mcu/cs/
2025-08-15 12:56:24,372 [INFO] RulesReader:64 - Compatibility file has been processed (317 Rules)
2025-08-15 12:56:24,450 [INFO] DbMcusXml:78 - Set database path to: C:\ST\STM32CubeIDE_1.14.0\STM32CubeIDE\plugins\com.st.stm32cube.common.mx_6.15.0.202507011659\\db\/mcu/
2025-08-15 12:56:24,450 [INFO] ApiDb:274 - Set plugin database path to: C:\ST\STM32CubeIDE_1.14.0\STM32CubeIDE\plugins\com.st.stm32cube.common.mx_6.15.0.202507011659\\db\/plugins/boardmanager/
2025-08-15 12:56:24,450 [INFO] ApiDb:261 - Set plugin images path to: C:\ST\STM32CubeIDE_1.14.0\STM32CubeIDE\plugins\com.st.stm32cube.common.mx_6.15.0.202507011659\\db\/plugins/mcufinder/images/
2025-08-15 12:56:24,450 [WARN] DbFile:41 - Overriding database path with different value: C:\Users\jihoo\.stmcufinder\plugins\mcufinder/ => C:\Users\jihoo\.stmcufinder\plugins\mcufinder
2025-08-15 12:56:24,450 [INFO] ApiDb:250 - Set database path to: C:\Users\jihoo\.stmcufinder\plugins\mcufinder//mcu/
2025-08-15 12:56:24,451 [WARN] DbFile:41 - Overriding database path with different value: C:\Users\jihoo\.stmcufinder\plugins\mcufinder/ => C:\Users\jihoo\.stmcufinder\plugins\mcufinder
2025-08-15 12:56:24,451 [INFO] DbMcusAds:125 - Set database path to: C:\Users\jihoo\.stmcufinder\plugins\mcufinder//mcu/
2025-08-15 12:56:24,451 [WARN] DbFile:41 - Overriding database path with different value: C:\Users\jihoo\.stmcufinder\plugins\mcufinder/ => C:\Users\jihoo\.stmcufinder\plugins\mcufinder
2025-08-15 12:56:24,451 [WARN] DbFile:41 - Overriding database path with different value: C:\Users\jihoo\.stmcufinder\plugins\mcufinder/ => C:\Users\jihoo\.stmcufinder\plugins\mcufinder
2025-08-15 12:56:24,451 [INFO] CrossReferenceDbSqlite:203 - Set database path to: C:\Users\jihoo\.stmcufinder\plugins\mcufinder//mcu/cs/
2025-08-15 12:56:24,502 [INFO] MainPanel:274 - HeapMemory: 268435456
2025-08-15 12:56:24,575 [INFO] DbMcusXml:78 - Set database path to: C:\ST\STM32CubeIDE_1.14.0\STM32CubeIDE\plugins\com.st.stm32cube.common.mx_6.15.0.202507011659\\db\/mcu/
2025-08-15 12:56:24,575 [INFO] ApiDb:274 - Set plugin database path to: C:\ST\STM32CubeIDE_1.14.0\STM32CubeIDE\plugins\com.st.stm32cube.common.mx_6.15.0.202507011659\\db\/plugins/boardmanager/
2025-08-15 12:56:24,575 [INFO] ApiDb:261 - Set plugin images path to: C:\ST\STM32CubeIDE_1.14.0\STM32CubeIDE\plugins\com.st.stm32cube.common.mx_6.15.0.202507011659\\db\/plugins/mcufinder/images/
2025-08-15 12:56:24,576 [WARN] DbFile:41 - Overriding database path with different value: C:\Users\jihoo\.stmcufinder\plugins\mcufinder/ => C:\Users\jihoo\.stmcufinder\plugins\mcufinder
2025-08-15 12:56:24,576 [INFO] ApiDb:250 - Set database path to: C:\Users\jihoo\.stmcufinder\plugins\mcufinder//mcu/
2025-08-15 12:56:24,576 [WARN] DbFile:41 - Overriding database path with different value: C:\Users\jihoo\.stmcufinder\plugins\mcufinder/ => C:\Users\jihoo\.stmcufinder\plugins\mcufinder
2025-08-15 12:56:24,576 [INFO] DbMcusAds:125 - Set database path to: C:\Users\jihoo\.stmcufinder\plugins\mcufinder//mcu/
2025-08-15 12:56:24,576 [WARN] DbFile:41 - Overriding database path with different value: C:\Users\jihoo\.stmcufinder\plugins\mcufinder/ => C:\Users\jihoo\.stmcufinder\plugins\mcufinder
2025-08-15 12:56:24,576 [WARN] DbFile:41 - Overriding database path with different value: C:\Users\jihoo\.stmcufinder\plugins\mcufinder/ => C:\Users\jihoo\.stmcufinder\plugins\mcufinder
2025-08-15 12:56:24,576 [INFO] CrossReferenceDbSqlite:203 - Set database path to: C:\Users\jihoo\.stmcufinder\plugins\mcufinder//mcu/cs/
2025-08-15 12:56:24,596 [INFO] ApplicationProperties:184 - Using Application install path: C:\ST\STM32CubeIDE_1.14.0\STM32CubeIDE\plugins\com.st.stm32cube.common.mx_6.15.0.202507011659
2025-08-15 12:56:24,597 [INFO] PluginManage:196 - Search for loadable plugins [exclusion list=, ]
2025-08-15 12:56:24,598 [INFO] PluginManage:310 - Check plugin analytics
2025-08-15 12:56:24,767 [INFO] AnalyticsPlugin:253 - Accepted Software Licenses: STM32CubeMX.6.6.1,STM32CubeMX.6.7.0,STM32CubeMX.6.10.0,STM32CubeMX.6.12.0,STM32CubeMX.6.13.0,STM32CubeMX.6.14.1,STM32CubeMX.6.15.0
2025-08-15 12:56:24,767 [INFO] AnalyticsPlugin:255 - Accepted CMSIS Pack Licenses: 
2025-08-15 12:56:24,767 [INFO] AnalyticsPlugin:257 - Accepted Firmware Licenses: FW.H7.1.12.0,FW.F4.1.28.0
2025-08-15 12:56:24,770 [INFO] PluginManage:359 - Loaded plugin analytics (category:tool,tabindex:-1)
2025-08-15 12:56:24,771 [INFO] PluginManage:310 - Check plugin cadmodel
2025-08-15 12:56:24,775 [INFO] CADModel:105 - Init CAD model plugin
2025-08-15 12:56:24,776 [INFO] PluginManage:359 - Loaded plugin cadmodel (category:power,tabindex:5)
2025-08-15 12:56:24,776 [INFO] PluginManage:310 - Check plugin clock
2025-08-15 12:56:24,784 [INFO] PluginManage:359 - Loaded plugin clock (category:base,tabindex:2)
2025-08-15 12:56:24,784 [INFO] PluginManage:310 - Check plugin ddr
2025-08-15 12:56:24,786 [INFO] PluginManage:359 - Loaded plugin ddr (category:tool,tabindex:6)
2025-08-15 12:56:24,786 [INFO] PluginManage:310 - Check plugin filemanager
2025-08-15 12:56:24,936 [INFO] PluginManage:359 - Loaded plugin filemanager (category:base,tabindex:10)
2025-08-15 12:56:24,936 [INFO] PluginManage:310 - Check plugin ipmanager
2025-08-15 12:56:24,944 [INFO] PluginManage:359 - Loaded plugin ipmanager (category:base,tabindex:5)
2025-08-15 12:56:24,944 [INFO] PluginManage:310 - Check plugin lpbam
2025-08-15 12:56:24,965 [INFO] PluginManage:359 - Loaded plugin lpbam (category:base,tabindex:0)
2025-08-15 12:56:24,966 [INFO] PluginManage:310 - Check plugin memorymap
2025-08-15 12:56:24,979 [INFO] PluginManage:359 - Loaded plugin memorymap (category:base,tabindex:4)
2025-08-15 12:56:24,979 [INFO] PluginManage:310 - Check plugin pinoutandconfiguration
2025-08-15 12:56:24,988 [INFO] PluginManage:359 - Loaded plugin pinoutandconfiguration (category:base,tabindex:1)
2025-08-15 12:56:24,988 [INFO] PluginManage:310 - Check plugin pinoutconfig
2025-08-15 12:56:25,091 [WARN] SupportedApi:132 - Cannot load RTOS API schema: s4s-elt-must-match.1: The content of 'definitions' must match (annotation?, (simpleType | complexType)?, (unique | key | keyref)*)). A problem was found starting at: attribute.
2025-08-15 12:56:25,222 [INFO] PluginManage:359 - Loaded plugin pinoutconfig (category:base,tabindex:0)
2025-08-15 12:56:25,222 [INFO] PluginManage:310 - Check plugin power
2025-08-15 12:56:25,229 [INFO] PluginManage:359 - Loaded plugin power (category:power,tabindex:4)
2025-08-15 12:56:25,229 [INFO] PluginManage:310 - Check plugin projectmanager
2025-08-15 12:56:25,246 [INFO] PluginManage:359 - Loaded plugin projectmanager (category:projectmanager,tabindex:4)
2025-08-15 12:56:25,246 [INFO] PluginManage:310 - Check plugin rif
2025-08-15 12:56:25,254 [INFO] PluginManage:359 - Loaded plugin rif (category:base,tabindex:3)
2025-08-15 12:56:25,254 [INFO] PluginManage:310 - Check plugin thirdparty
2025-08-15 12:56:25,365 [INFO] PluginManage:359 - Loaded plugin thirdparty (category:base,tabindex:-1)
2025-08-15 12:56:25,366 [INFO] PluginManage:310 - Check plugin tools
2025-08-15 12:56:25,365 [WARN] IntegrityCheckThread:84 - waiting for thirdparty lock release [integrity check]
2025-08-15 12:56:25,366 [INFO] IntegrityCheckThread:86 - entering critical section [integrity check]
2025-08-15 12:56:25,366 [INFO] ThirdPartyUpdaterWithRetryManager:70 - Updater plugin not ready yet. [1/15]
2025-08-15 12:56:25,368 [INFO] PluginManage:359 - Loaded plugin tools (category:base,tabindex:7)
2025-08-15 12:56:25,368 [INFO] PluginManage:310 - Check plugin tutovideos
2025-08-15 12:56:25,520 [INFO] PluginManage:359 - Loaded plugin tutovideos (category:base,tabindex:-1)
2025-08-15 12:56:25,521 [INFO] PluginManage:310 - Check plugin updater
2025-08-15 12:56:25,538 [INFO] PluginManage:359 - Loaded plugin updater (category:base,tabindex:12)
2025-08-15 12:56:25,538 [INFO] PluginManage:310 - Check plugin userauth
2025-08-15 12:56:25,541 [INFO] UserAuth:118 - Init User Auth plugin
2025-08-15 12:56:25,542 [INFO] PluginManage:359 - Loaded plugin userauth (category:base,tabindex:14)
2025-08-15 12:56:25,544 [INFO] PluginManage:283 - PluginManage : Loaded plugins [18]
2025-08-15 12:56:25,708 [INFO] PinOutPanel:1589 - setPackage(No Configuration,No Configuration)
2025-08-15 12:56:25,777 [INFO] CADModel:165 - CPN selected for project level
2025-08-15 12:56:25,777 [INFO] CADModel:114 - Register for checkConnection events
2025-08-15 12:56:25,794 [INFO] IPUIPlugin:80 - create IPUIPlugin
2025-08-15 12:56:25,794 [INFO] PluginManager:220 - loadIPPluginJar : add adc
2025-08-15 12:56:25,796 [INFO] IPUIPlugin:80 - create IPUIPlugin
2025-08-15 12:56:25,796 [INFO] PluginManager:220 - loadIPPluginJar : add aes
2025-08-15 12:56:25,799 [INFO] IPUIPlugin:80 - create IPUIPlugin
2025-08-15 12:56:25,799 [INFO] PluginManager:220 - loadIPPluginJar : add can
2025-08-15 12:56:25,801 [INFO] IPUIPlugin:80 - create IPUIPlugin
2025-08-15 12:56:25,801 [INFO] PluginManager:220 - loadIPPluginJar : add comp
2025-08-15 12:56:25,802 [INFO] IPUIPlugin:80 - create IPUIPlugin
2025-08-15 12:56:25,802 [INFO] PluginManager:220 - loadIPPluginJar : add cryp
2025-08-15 12:56:25,806 [INFO] IPUIPlugin:80 - create IPUIPlugin
2025-08-15 12:56:25,806 [INFO] PluginManager:220 - loadIPPluginJar : add ddr_ctrl_phy
2025-08-15 12:56:25,807 [INFO] IPUIPlugin:80 - create IPUIPlugin
2025-08-15 12:56:25,807 [INFO] PluginManager:220 - loadIPPluginJar : add dfsdm
2025-08-15 12:56:25,812 [INFO] IPUIPlugin:80 - create IPUIPlugin
2025-08-15 12:56:25,812 [INFO] PluginManager:220 - loadIPPluginJar : add dma
2025-08-15 12:56:25,815 [INFO] IPUIPlugin:80 - create IPUIPlugin
2025-08-15 12:56:25,815 [INFO] PluginManager:220 - loadIPPluginJar : add dma3
2025-08-15 12:56:25,817 [INFO] IPUIPlugin:80 - create IPUIPlugin
2025-08-15 12:56:25,817 [INFO] PluginManager:220 - loadIPPluginJar : add extmemmanager
2025-08-15 12:56:25,818 [INFO] IPUIPlugin:80 - create IPUIPlugin
2025-08-15 12:56:25,818 [INFO] PluginManager:220 - loadIPPluginJar : add fatfs
2025-08-15 12:56:25,822 [INFO] IPUIPlugin:80 - create IPUIPlugin
2025-08-15 12:56:25,822 [INFO] PluginManager:220 - loadIPPluginJar : add fmc
2025-08-15 12:56:25,826 [INFO] IPUIPlugin:80 - create IPUIPlugin
2025-08-15 12:56:25,827 [INFO] PluginManager:220 - loadIPPluginJar : add freertos
2025-08-15 12:56:25,828 [INFO] IPUIPlugin:80 - create IPUIPlugin
2025-08-15 12:56:25,828 [INFO] PluginManager:220 - loadIPPluginJar : add genericplugin
2025-08-15 12:56:25,829 [INFO] IPUIPlugin:80 - create IPUIPlugin
2025-08-15 12:56:25,829 [INFO] PluginManager:220 - loadIPPluginJar : add gfxmmu
2025-08-15 12:56:25,832 [INFO] IPUIPlugin:80 - create IPUIPlugin
2025-08-15 12:56:25,834 [INFO] PluginManager:220 - loadIPPluginJar : add gic
2025-08-15 12:56:25,836 [INFO] IPUIPlugin:80 - create IPUIPlugin
2025-08-15 12:56:25,836 [INFO] PluginManager:220 - loadIPPluginJar : add gpio
2025-08-15 12:56:25,839 [INFO] IPUIPlugin:80 - create IPUIPlugin
2025-08-15 12:56:25,839 [INFO] PluginManager:220 - loadIPPluginJar : add gtzc
2025-08-15 12:56:25,842 [INFO] IPUIPlugin:80 - create IPUIPlugin
2025-08-15 12:56:25,842 [INFO] PluginManager:220 - loadIPPluginJar : add hash
2025-08-15 12:56:25,844 [INFO] IPUIPlugin:80 - create IPUIPlugin
2025-08-15 12:56:25,845 [INFO] PluginManager:220 - loadIPPluginJar : add i2c
2025-08-15 12:56:25,846 [INFO] IPUIPlugin:80 - create IPUIPlugin
2025-08-15 12:56:25,846 [INFO] PluginManager:220 - loadIPPluginJar : add i2s
2025-08-15 12:56:25,848 [INFO] IPUIPlugin:80 - create IPUIPlugin
2025-08-15 12:56:25,848 [INFO] PluginManager:220 - loadIPPluginJar : add i3c
2025-08-15 12:56:25,851 [INFO] IPUIPlugin:80 - create IPUIPlugin
2025-08-15 12:56:25,851 [INFO] PluginManager:220 - loadIPPluginJar : add ipddr
2025-08-15 12:56:25,857 [INFO] IPUIPlugin:80 - create IPUIPlugin
2025-08-15 12:56:25,857 [INFO] PluginManager:220 - loadIPPluginJar : add linkedlist
2025-08-15 12:56:25,859 [INFO] IPUIPlugin:80 - create IPUIPlugin
2025-08-15 12:56:25,859 [INFO] PluginManager:220 - loadIPPluginJar : add lorawan
2025-08-15 12:56:25,861 [INFO] IPUIPlugin:80 - create IPUIPlugin
2025-08-15 12:56:25,861 [INFO] PluginManager:220 - loadIPPluginJar : add ltdc
2025-08-15 12:56:25,866 [INFO] IPUIPlugin:80 - create IPUIPlugin
2025-08-15 12:56:25,866 [INFO] PluginManager:220 - loadIPPluginJar : add mdma
2025-08-15 12:56:25,870 [INFO] IPUIPlugin:80 - create IPUIPlugin
2025-08-15 12:56:25,870 [INFO] PluginManager:220 - loadIPPluginJar : add nvic
2025-08-15 12:56:25,874 [INFO] IPUIPlugin:80 - create IPUIPlugin
2025-08-15 12:56:25,874 [INFO] PluginManager:220 - loadIPPluginJar : add opamp
2025-08-15 12:56:25,876 [INFO] IPUIPlugin:80 - create IPUIPlugin
2025-08-15 12:56:25,876 [INFO] PluginManager:220 - loadIPPluginJar : add openamp
2025-08-15 12:56:25,879 [INFO] IPUIPlugin:80 - create IPUIPlugin
2025-08-15 12:56:25,879 [INFO] PluginManager:220 - loadIPPluginJar : add pdm2pcm
2025-08-15 12:56:25,883 [INFO] IPUIPlugin:80 - create IPUIPlugin
2025-08-15 12:56:25,886 [INFO] PluginManager:220 - loadIPPluginJar : add plateformsettings
2025-08-15 12:56:25,887 [INFO] IPUIPlugin:80 - create IPUIPlugin
2025-08-15 12:56:25,887 [INFO] PluginManager:220 - loadIPPluginJar : add quadspi
2025-08-15 12:56:25,888 [INFO] IPUIPlugin:80 - create IPUIPlugin
2025-08-15 12:56:25,888 [INFO] PluginManager:220 - loadIPPluginJar : add radio
2025-08-15 12:56:25,891 [INFO] IPUIPlugin:80 - create IPUIPlugin
2025-08-15 12:56:25,891 [INFO] PluginManager:220 - loadIPPluginJar : add resmgrutility
2025-08-15 12:56:25,893 [INFO] IPUIPlugin:80 - create IPUIPlugin
2025-08-15 12:56:25,893 [INFO] PluginManager:220 - loadIPPluginJar : add sai
2025-08-15 12:56:25,895 [INFO] IPUIPlugin:80 - create IPUIPlugin
2025-08-15 12:56:25,895 [INFO] PluginManager:220 - loadIPPluginJar : add spi
2025-08-15 12:56:25,900 [INFO] IPUIPlugin:80 - create IPUIPlugin
2025-08-15 12:56:25,900 [INFO] PluginManager:220 - loadIPPluginJar : add stm32_wpan
2025-08-15 12:56:25,901 [INFO] IPUIPlugin:80 - create IPUIPlugin
2025-08-15 12:56:25,901 [INFO] PluginManager:220 - loadIPPluginJar : add tim
2025-08-15 12:56:25,904 [INFO] IPUIPlugin:80 - create IPUIPlugin
2025-08-15 12:56:25,904 [INFO] PluginManager:220 - loadIPPluginJar : add touchsensing
2025-08-15 12:56:25,906 [INFO] IPUIPlugin:80 - create IPUIPlugin
2025-08-15 12:56:25,906 [INFO] PluginManager:220 - loadIPPluginJar : add tracer_emb
2025-08-15 12:56:25,907 [INFO] IPUIPlugin:80 - create IPUIPlugin
2025-08-15 12:56:25,907 [INFO] PluginManager:220 - loadIPPluginJar : add ts
2025-08-15 12:56:25,909 [INFO] IPUIPlugin:80 - create IPUIPlugin
2025-08-15 12:56:25,909 [INFO] PluginManager:220 - loadIPPluginJar : add tsc
2025-08-15 12:56:25,911 [INFO] IPUIPlugin:80 - create IPUIPlugin
2025-08-15 12:56:25,911 [INFO] PluginManager:220 - loadIPPluginJar : add ucpd
2025-08-15 12:56:25,914 [INFO] IPUIPlugin:80 - create IPUIPlugin
2025-08-15 12:56:25,914 [INFO] PluginManager:220 - loadIPPluginJar : add usart
2025-08-15 12:56:25,916 [INFO] IPUIPlugin:80 - create IPUIPlugin
2025-08-15 12:56:25,916 [INFO] PluginManager:220 - loadIPPluginJar : add usbx
2025-08-15 12:56:26,038 [FATAL] Updater:351 - Updater called before beeing initialized
2025-08-15 12:56:26,062 [INFO] RulesReader:64 - Compatibility file has been processed (317 Rules)
2025-08-15 12:56:26,072 [INFO] RulesReader:64 - Compatibility file has been processed (317 Rules)
2025-08-15 12:56:26,080 [INFO] CADModel:165 - CPN selected for project level
2025-08-15 12:56:26,080 [INFO] CADModel:114 - Register for checkConnection events
2025-08-15 12:56:26,081 [FATAL] Updater:351 - Updater called before beeing initialized
2025-08-15 12:56:26,081 [ERROR] CADModel:125 - Updater not yet initialized, retry later 
2025-08-15 12:56:26,202 [FATAL] Updater:351 - Updater called before beeing initialized
2025-08-15 12:56:26,204 [INFO] CADModel:165 - CPN selected for project level
2025-08-15 12:56:26,204 [INFO] CADModel:114 - Register for checkConnection events
2025-08-15 12:56:26,204 [FATAL] Updater:351 - Updater called before beeing initialized
2025-08-15 12:56:26,204 [ERROR] CADModel:125 - Updater not yet initialized, retry later 
2025-08-15 12:56:26,206 [FATAL] Updater:351 - Updater called before beeing initialized
2025-08-15 12:56:26,288 [FATAL] Updater:351 - Updater called before beeing initialized
2025-08-15 12:56:26,292 [INFO] DbMcusAds:53 - JSON generation date=Tue Jul 08 17:14:23 KST 2025 (1751962463593)
2025-08-15 12:56:26,292 [FATAL] Updater:351 - Updater called before beeing initialized
2025-08-15 12:56:26,320 [WARN] DetailPanel:346 - Failed to get advertising image, set to default
2025-08-15 12:56:26,399 [FATAL] Updater:351 - Updater called before beeing initialized
2025-08-15 12:56:26,400 [FATAL] Updater:351 - Updater called before beeing initialized
2025-08-15 12:56:26,400 [FATAL] Updater:351 - Updater called before beeing initialized
2025-08-15 12:56:26,400 [WARN] DetailPanel:346 - Failed to get advertising image, set to default
2025-08-15 12:56:26,401 [FATAL] Updater:351 - Updater called before beeing initialized
2025-08-15 12:56:26,437 [ERROR] Updater:1198 - MainUpdater not yet initialized. External WinMGr cannot be set.
2025-08-15 12:56:26,439 [INFO] Updater:1134 - Updater Version found : 6.15.0
2025-08-15 12:56:26,452 [INFO] ApplicationProperties:184 - Using Application install path: C:\ST\STM32CubeIDE_1.14.0\STM32CubeIDE\plugins\com.st.stm32cube.common.mx_6.15.0.202507011659
2025-08-15 12:56:26,816 [INFO] MainUpdater:2872 - connection check result : 10
2025-08-15 12:56:26,816 [INFO] MainUpdater:289 - Updater Check For Update Now.
2025-08-15 12:56:26,816 [INFO] MicroXplorer:498 - Change Database Version : DB.6.0.150
2025-08-15 12:56:26,820 [INFO] McuFinderGlobals:63 - Set McuFinder mode to 2 (CubeIDE integrated)
2025-08-15 12:56:26,821 [INFO] UserAuth:487 - Internet connection configuration mode: 1
2025-08-15 12:56:26,841 [INFO] JxBrowserEngine:152 - Initiate JxBrowser Engine with user profile folder
2025-08-15 12:56:26,998 [INFO] CheckServerUpdateThread:120 - End of CheckServer Thread
2025-08-15 12:56:27,345 [INFO] WebApp:169 - Instantiating new browser for Auth
2025-08-15 12:56:27,991 [INFO] WebApp:463 - Apply proxy settings
2025-08-15 12:56:27,991 [INFO] WebApp:548 - Chromium requires no authentication
2025-08-15 12:56:27,998 [INFO] WebApp:491 - Direct internet connection detected
2025-08-15 12:56:28,021 [INFO] WebApp:900 - Register for checkConnection events
2025-08-15 12:56:28,021 [INFO] WebApp:463 - Apply proxy settings
2025-08-15 12:56:28,021 [INFO] WebApp:548 - Chromium requires no authentication
2025-08-15 12:56:28,022 [INFO] WebApp:491 - Direct internet connection detected
2025-08-15 12:56:28,174 [INFO] WebApp:225 - Starting web application
2025-08-15 12:56:28,175 [INFO] WebApp:593 - Web application path used C:\ST\STM32CubeIDE_1.14.0\STM32CubeIDE\plugins\com.st.stm32cube.common.mx_6.15.0.202507011659\db\plugins\mcufinder\reactClient1\index.html
2025-08-15 12:56:28,282 [INFO] UserAuth:487 - Internet connection configuration mode: 1
2025-08-15 12:56:28,479 [INFO] WebApp:191 - Connection restablished
2025-08-15 12:56:28,664 [WARN] PackLoader:240 - Cannot read IP mode file for STMicroelectronics.FP-SNS-MOTENVWB1.1.4.0
2025-08-15 12:56:28,674 [WARN] PackLoader:240 - Cannot read IP mode file for STMicroelectronics.FP-ATR-ASTRA1.2.0.2
2025-08-15 12:56:28,677 [WARN] PackLoader:240 - Cannot read IP mode file for STMicroelectronics.FP-ATR-ASTRA1.2.0.1
2025-08-15 12:56:28,685 [WARN] PackLoader:240 - Cannot read IP mode file for STMicroelectronics.X-CUBE-SMBUS.2.1.0
2025-08-15 12:56:28,694 [WARN] PackLoader:240 - Cannot read IP mode file for STMicroelectronics.X-CUBE-WB05N.1.1.0
2025-08-15 12:56:28,701 [WARN] PackLoader:240 - Cannot read IP mode file for STMicroelectronics.X-CUBE-ST60.1.0.0
2025-08-15 12:56:28,708 [WARN] PackLoader:240 - Cannot read IP mode file for STMicroelectronics.X-CUBE-TOUCHGFX.4.23.0
2025-08-15 12:56:28,738 [WARN] PackLoader:240 - Cannot read IP mode file for STMicroelectronics.X-CUBE-AZRTOS-F7.1.1.0
2025-08-15 12:56:28,747 [WARN] PackLoader:240 - Cannot read IP mode file for STMicroelectronics.FP-SNS-MOTENV1.4.3.2
2025-08-15 12:56:28,755 [ERROR] RealEvaluatedCondition:428 - Found unsupported composite condition: CLASS='Data Exchange' GROUP='STM32_MetaDataManager'
2025-08-15 12:56:28,755 [ERROR] RealEvaluatedCondition:428 - Found unsupported composite condition: CLASS='Data Exchange' GROUP='STM32_MetaDataManager'
2025-08-15 12:56:28,757 [WARN] PackLoader:240 - Cannot read IP mode file for STMicroelectronics.FP-SNS-MOTENV1.4.3.1
2025-08-15 12:56:28,767 [WARN] PackLoader:240 - Cannot read IP mode file for STMicroelectronics.FP-SNS-FLIGHT1.5.0.1
2025-08-15 12:56:28,774 [WARN] PackLoader:240 - Cannot read IP mode file for STMicroelectronics.X-CUBE-BLE1.6.2.3
2025-08-15 12:56:28,834 [WARN] PackLoader:240 - Cannot read IP mode file for STMicroelectronics.X-CUBE-MEMS1.11.0.0
2025-08-15 12:56:28,992 [WARN] PackLoader:240 - Cannot read IP mode file for STMicroelectronics.X-CUBE-BLE1.6.2.4
2025-08-15 12:56:28,997 [WARN] PackLoader:240 - Cannot read IP mode file for STMicroelectronics.FP-SNS-FLIGHT1.5.0.2
2025-08-15 12:56:29,006 [WARN] PackLoader:240 - Cannot read IP mode file for STMicroelectronics.X-CUBE-TOF1.3.1.0
2025-08-15 12:56:29,030 [WARN] PackLoader:240 - Cannot read IP mode file for STMicroelectronics.X-CUBE-AZRTOS-H7.3.4.0
2025-08-15 12:56:29,041 [WARN] PackLoader:240 - Cannot read IP mode file for STMicroelectronics.X-CUBE-DISPLAY.3.0.0
2025-08-15 12:56:29,049 [WARN] PackLoader:240 - Cannot read IP mode file for STMicroelectronics.X-CUBE-BLE1.7.0.0
2025-08-15 12:56:29,056 [WARN] PackLoader:240 - Cannot read IP mode file for STMicroelectronics.X-CUBE-NFC10.1.0.0
2025-08-15 12:56:29,066 [WARN] PackLoader:240 - Cannot read IP mode file for STMicroelectronics.X-CUBE-BLEMGR.4.0.0
2025-08-15 12:56:29,075 [WARN] PackLoader:240 - Cannot read IP mode file for emotas.I-CUBE-CANOPEN.1.3.0
2025-08-15 12:56:29,102 [WARN] PackLoader:240 - Cannot read IP mode file for STMicroelectronics.X-CUBE-MEMS1.9.3.0
2025-08-15 12:56:29,280 [WARN] PackLoader:240 - Cannot read IP mode file for STMicroelectronics.X-CUBE-AI.7.2.0
2025-08-15 12:56:29,293 [WARN] PackLoader:240 - Cannot read IP mode file for STMicroelectronics.X-CUBE-BLEMGR.3.1.0
2025-08-15 12:56:29,301 [WARN] PackLoader:240 - Cannot read IP mode file for STMicroelectronics.X-CUBE-AI.10.0.0
2025-08-15 12:56:29,311 [WARN] PackLoader:240 - Cannot read IP mode file for STMicroelectronics.FP-SNS-STBOX1.2.1.0
2025-08-15 12:56:29,321 [WARN] PackLoader:240 - Cannot read IP mode file for STMicroelectronics.FP-SNS-SMARTAG2.1.2.0
2025-08-15 12:56:29,327 [WARN] PackLoader:240 - Cannot read IP mode file for STMicroelectronics.FP-SNS-FLIGHT1.5.1.0
2025-08-15 12:56:29,336 [INFO] LogOutputStream:77 - [STDOUT_REDIRECT] 1 : Invalid condition id : UX_CORESTACK_Condition cause : null
2025-08-15 12:56:29,338 [INFO] LogOutputStream:77 - [STDOUT_REDIRECT] 1 : Invalid condition id : UX_CORESTACK_Condition cause : null
2025-08-15 12:56:29,339 [INFO] LogOutputStream:77 - [STDOUT_REDIRECT] 1 : Invalid condition id : UX_CORESTACK_Condition cause : null
2025-08-15 12:56:29,340 [INFO] LogOutputStream:77 - [STDOUT_REDIRECT] 1 : Invalid condition id : UX_CORESTACK_Condition cause : null
2025-08-15 12:56:29,341 [INFO] LogOutputStream:77 - [STDOUT_REDIRECT] 1 : Invalid condition id : UX_CORESTACK_Condition cause : null
2025-08-15 12:56:29,344 [WARN] PackLoader:240 - Cannot read IP mode file for STMicroelectronics.X-CUBE-AZRTOS-WL.2.0.0
2025-08-15 12:56:29,348 [WARN] PackLoader:240 - Cannot read IP mode file for STMicroelectronics.FP-SNS-MOTENV1.5.0.0
2025-08-15 12:56:29,354 [WARN] PackLoader:240 - Cannot read IP mode file for wolfSSL.I-CUBE-wolfMQTT.1.19.0
2025-08-15 12:56:29,362 [WARN] PackLoader:240 - Cannot read IP mode file for WES.I-CUBE-Cesium.1.3.0
2025-08-15 12:56:29,368 [WARN] PackLoader:240 - Cannot read IP mode file for STMicroelectronics.X-CUBE-BLE2.3.3.0
2025-08-15 12:56:29,372 [WARN] PackLoader:240 - Cannot read IP mode file for STMicroelectronics.X-CUBE-DISPLAY.2.2.0
2025-08-15 12:56:29,382 [WARN] PackLoader:240 - Cannot read IP mode file for STMicroelectronics.X-CUBE-TOF1.3.2.0
2025-08-15 12:56:29,392 [WARN] PackLoader:240 - Cannot read IP mode file for STMicroelectronics.X-CUBE-ISPU.1.0.0
2025-08-15 12:56:29,400 [WARN] PackLoader:240 - Cannot read IP mode file for STMicroelectronics.X-CUBE-NFC9.1.0.0
2025-08-15 12:56:29,418 [WARN] PackLoader:240 - Cannot read IP mode file for STMicroelectronics.X-CUBE-AZRTOS-H7.2.1.0
2025-08-15 12:56:29,423 [WARN] PackLoader:240 - Cannot read IP mode file for STMicroelectronics.X-CUBE-BLE1.7.1.0
2025-08-15 12:56:29,428 [WARN] PackLoader:240 - Cannot read IP mode file for STMicroelectronics.X-CUBE-TCPP.4.1.0
2025-08-15 12:56:29,435 [WARN] PackLoader:240 - Cannot read IP mode file for STMicroelectronics.X-CUBE-EEPRMA1.5.2.0
2025-08-15 12:56:29,438 [WARN] PackLoader:240 - Cannot read IP mode file for STMicroelectronics.X-CUBE-TOUCHGFX.4.21.1
2025-08-15 12:56:29,440 [WARN] PackLoader:240 - Cannot read IP mode file for STMicroelectronics.X-CUBE-TOUCHGFX.4.21.0
2025-08-15 12:56:29,442 [WARN] PackLoader:240 - Cannot read IP mode file for STMicroelectronics.X-CUBE-TOUCHGFX.4.21.4
2025-08-15 12:56:29,476 [WARN] PackLoader:240 - Cannot read IP mode file for STMicroelectronics.X-CUBE-MEMS1.9.4.0
2025-08-15 12:56:29,541 [WARN] PackLoader:240 - Cannot read IP mode file for STMicroelectronics.X-CUBE-AI.7.3.0
2025-08-15 12:56:29,545 [WARN] PackLoader:240 - Cannot read IP mode file for STMicroelectronics.X-CUBE-AI.10.1.0
2025-08-15 12:56:29,549 [WARN] PackLoader:240 - Cannot read IP mode file for STMicroelectronics.X-CUBE-ALGOBUILD.1.3.0
2025-08-15 12:56:29,585 [WARN] PackLoader:240 - Cannot read IP mode file for STMicroelectronics.X-CUBE-MEMS1.11.2.0
2025-08-15 12:56:29,672 [WARN] PackLoader:240 - Cannot read IP mode file for STMicroelectronics.X-CUBE-AZRTOS-G0.1.1.0
2025-08-15 12:56:29,679 [WARN] PackLoader:240 - Cannot read IP mode file for STMicroelectronics.X-CUBE-SAFEA1.1.2.2
2025-08-15 12:56:29,684 [WARN] PackLoader:240 - Cannot read IP mode file for STMicroelectronics.X-CUBE-NFC4.3.0.0
2025-08-15 12:56:29,709 [WARN] PackLoader:240 - Cannot read IP mode file for SEGGER.I-CUBE-embOS.1.2.0
2025-08-15 12:56:29,741 [WARN] PackLoader:240 - Cannot read IP mode file for EmbeddedOffice.I-CUBE-FS-RTOS.1.0.1
2025-08-15 12:56:29,745 [WARN] PackLoader:240 - Cannot read IP mode file for STMicroelectronics.X-CUBE-WB05N.2.0.0
2025-08-15 12:56:29,752 [WARN] PackLoader:240 - Cannot read IP mode file for STMicroelectronics.X-CUBE-BLEMGR.3.0.0
2025-08-15 12:56:29,759 [WARN] PackLoader:240 - Cannot read IP mode file for STMicroelectronics.X-CUBE-BLEMGR.1.3.0
2025-08-15 12:56:29,766 [WARN] PackLoader:240 - Cannot read IP mode file for STMicroelectronics.X-CUBE-TCPP.4.2.0
2025-08-15 12:56:29,772 [WARN] PackLoader:240 - Cannot read IP mode file for RealThread.X-CUBE-RT-Thread_Nano.4.1.1
2025-08-15 12:56:29,777 [WARN] PackLoader:240 - Cannot read IP mode file for STMicroelectronics.FP-ATR-SIGFOX1.3.2.0
2025-08-15 12:56:29,782 [WARN] ConditionMgr:438 - getConditionDescription Invalid condition id : Cortex-A Device cause : null
2025-08-15 12:56:29,797 [WARN] ConditionMgr:1044 - genDependencies : Invalid condition id : Cortex-A Device cause : null
2025-08-15 12:56:29,797 [WARN] ConditionMgr:1044 - genDependencies : Invalid condition id : Cortex-A Device cause : null
2025-08-15 12:56:29,797 [WARN] ConditionMgr:1044 - genDependencies : Invalid condition id : Cortex-A Device cause : null
2025-08-15 12:56:29,802 [WARN] PackLoader:240 - Cannot read IP mode file for STMicroelectronics.X-CUBE-EEPRMA1.5.1.0
2025-08-15 12:56:29,807 [WARN] PackLoader:240 - Cannot read IP mode file for emotas.I-CUBE-CANOPEN.1.1.2
2025-08-15 12:56:29,811 [WARN] PackLoader:240 - Cannot read IP mode file for STMicroelectronics.X-CUBE-TOUCHGFX.4.20.0
2025-08-15 12:56:29,816 [WARN] PackLoader:240 - Cannot read IP mode file for STMicroelectronics.X-CUBE-ST67W61.1.0.0
2025-08-15 12:56:29,818 [WARN] PackLoader:240 - Cannot read IP mode file for STMicroelectronics.X-CUBE-AI.10.2.0
2025-08-15 12:56:29,835 [WARN] PackLoader:240 - Cannot read IP mode file for SEGGER.I-CUBE-embOS.1.3.1
2025-08-15 12:56:29,857 [WARN] PackLoader:240 - Cannot read IP mode file for STMicroelectronics.X-CUBE-ALGOBUILD.1.4.0
2025-08-15 12:56:29,896 [WARN] PackLoader:240 - Cannot read IP mode file for STMicroelectronics.X-CUBE-MEMS1.11.3.0
2025-08-15 12:56:30,012 [WARN] PackLoader:240 - Cannot read IP mode file for STMicroelectronics.X-CUBE-AI.9.1.0
2025-08-15 12:56:30,016 [WARN] PackLoader:240 - Cannot read IP mode file for STMicroelectronics.X-CUBE-PM33A1.1.0.0
2025-08-15 12:56:30,022 [WARN] PackLoader:240 - Cannot read IP mode file for STMicroelectronics.X-CUBE-GNSS1.6.0.0
2025-08-15 12:56:30,035 [WARN] PackLoader:240 - Cannot read IP mode file for STMicroelectronics.X-CUBE-AZRTOS-F4.1.1.0
2025-08-15 12:56:30,041 [WARN] PackLoader:240 - Cannot read IP mode file for Avnet-IotConnect.X-CUBE-IoTC-DA16k-PMOD.1.0.0
2025-08-15 12:56:30,045 [WARN] PackLoader:240 - Cannot read IP mode file for STMicroelectronics.X-CUBE-ISPU.2.1.0
2025-08-15 12:56:30,053 [WARN] PackLoader:240 - Cannot read IP mode file for STMicroelectronics.X-CUBE-FREERTOS.1.2.0
2025-08-15 12:56:30,056 [WARN] PackLoader:240 - Cannot read IP mode file for wolfSSL.I-CUBE-wolfSSL.5.6.6
2025-08-15 12:56:30,061 [WARN] PackLoader:240 - Cannot read IP mode file for STMicroelectronics.X-CUBE-NFC12.1.0.0
2025-08-15 12:56:30,072 [WARN] PackLoader:240 - Cannot read IP mode file for STMicroelectronics.X-CUBE-AZRTOS-L5.2.0.0
2025-08-15 12:56:30,097 [WARN] PackLoader:240 - Cannot read IP mode file for STMicroelectronics.X-CUBE-MEMS1.9.6.0
2025-08-15 12:56:30,177 [WARN] PackLoader:240 - Cannot read IP mode file for STMicroelectronics.X-CUBE-EEPRMA1.4.2.0
2025-08-15 12:56:30,182 [WARN] PackLoader:240 - Cannot read IP mode file for STMicroelectronics.X-CUBE-NFC6.3.1.0
2025-08-15 12:56:30,189 [WARN] PackLoader:240 - Cannot read IP mode file for ITTIA_DB.I-CUBE-ITTIADB.8.8.0
2025-08-15 12:56:30,194 [WARN] PackLoader:240 - Cannot read IP mode file for STMicroelectronics.X-CUBE-BLEMGR.2.0.0
2025-08-15 12:56:30,199 [WARN] PackLoader:240 - Cannot read IP mode file for STMicroelectronics.X-CUBE-DPower.1.2.0
2025-08-15 12:56:30,201 [WARN] PackLoader:240 - Cannot read IP mode file for STMicroelectronics.X-CUBE-NFC4.2.0.5
2025-08-15 12:56:30,206 [WARN] PackLoader:240 - Cannot read IP mode file for STMicroelectronics.X-CUBE-NFC4.2.0.4
2025-08-15 12:56:30,209 [WARN] PackLoader:240 - Cannot read IP mode file for STMicroelectronics.X-CUBE-AI.9.0.0
2025-08-15 12:56:30,218 [WARN] ConditionMgr:438 - getConditionDescription Invalid condition id : UX DEVICE CLASS RTOS Condition cause : null
2025-08-15 12:56:30,219 [WARN] ConditionMgr:438 - getConditionDescription Invalid condition id : UX DEVICE CLASS RTOS Condition cause : null
2025-08-15 12:56:30,221 [WARN] PackLoader:240 - Cannot read IP mode file for STMicroelectronics.X-CUBE-AZRTOS-H7.3.1.0
2025-08-15 12:56:30,221 [WARN] ConditionMgr:1044 - genDependencies : Invalid condition id : UX DEVICE CLASS RTOS Condition cause : null
2025-08-15 12:56:30,221 [WARN] ConditionMgr:1044 - genDependencies : Invalid condition id : UX DEVICE CLASS RTOS Condition cause : null
2025-08-15 12:56:30,222 [WARN] ConditionMgr:1044 - genDependencies : Invalid condition id : UX DEVICE CLASS RTOS Condition cause : null
2025-08-15 12:56:30,222 [WARN] ConditionMgr:1044 - genDependencies : Invalid condition id : UX DEVICE CLASS RTOS Condition cause : null
2025-08-15 12:56:30,222 [WARN] ConditionMgr:1044 - genDependencies : Invalid condition id : UX DEVICE CLASS RTOS Condition cause : null
2025-08-15 12:56:30,226 [WARN] PackLoader:240 - Cannot read IP mode file for STMicroelectronics.X-CUBE-FREERTOS.1.3.1
2025-08-15 12:56:30,229 [WARN] PackLoader:240 - Cannot read IP mode file for STMicroelectronics.X-CUBE-FREERTOS.1.3.0
2025-08-15 12:56:30,234 [WARN] PackLoader:240 - Cannot read IP mode file for STMicroelectronics.X-CUBE-NFC7.1.0.1
2025-08-15 12:56:30,237 [WARN] PackLoader:240 - Cannot read IP mode file for STMicroelectronics.X-CUBE-NFC7.1.0.0
2025-08-15 12:56:30,241 [WARN] PackLoader:240 - Cannot read IP mode file for STMicroelectronics.X-CUBE-NFC6.3.0.0
2025-08-15 12:56:30,246 [WARN] PackLoader:240 - Cannot read IP mode file for STMicroelectronics.X-CUBE-EEPRMA1.4.1.0
2025-08-15 12:56:30,251 [WARN] PackLoader:240 - Cannot read IP mode file for STMicroelectronics.FP-SNS-STAIOTCFT.1.0.0
2025-08-15 12:56:30,254 [WARN] PackLoader:240 - Cannot read IP mode file for STMicroelectronics.X-CUBE-DPower.1.3.0
2025-08-15 12:56:30,256 [WARN] PackLoader:240 - Cannot read IP mode file for STMicroelectronics.X-CUBE-AI.8.1.0
2025-08-15 12:56:30,268 [WARN] ConditionMgr:438 - getConditionDescription Invalid condition id : LAN8742 Phy interface Condition cause : null
2025-08-15 12:56:30,269 [WARN] PackLoader:240 - Cannot read IP mode file for STMicroelectronics.X-CUBE-AZRTOS-L4.2.0.0
2025-08-15 12:56:30,270 [WARN] ConditionMgr:1044 - genDependencies : Invalid condition id : LAN8742 Phy interface Condition cause : null
2025-08-15 12:56:30,270 [WARN] ConditionMgr:1044 - genDependencies : Invalid condition id : LAN8742 Phy interface Condition cause : null
2025-08-15 12:56:30,271 [WARN] ConditionMgr:1044 - genDependencies : Invalid condition id : LAN8742 Phy interface Condition cause : null
2025-08-15 12:56:30,278 [WARN] PackLoader:240 - Cannot read IP mode file for STMicroelectronics.X-CUBE-SFXS2LP1.4.0.0
2025-08-15 12:56:30,300 [WARN] PackLoader:240 - Cannot read IP mode file for STMicroelectronics.X-CUBE-AZRTOS-H7.3.0.0
2025-08-15 12:56:30,306 [WARN] PackLoader:240 - Cannot read IP mode file for STMicroelectronics.X-CUBE-ISPU.1.1.0
2025-08-15 12:56:30,317 [WARN] PackLoader:240 - Cannot read IP mode file for STMicroelectronics.X-CUBE-AZRTOS-H7.3.3.0
2025-08-15 12:56:30,324 [WARN] PackLoader:240 - Cannot read IP mode file for RoweBots.I-CUBE-UNISONRTOS.5.5.0-4
2025-08-15 12:56:30,328 [WARN] PackLoader:240 - Cannot read IP mode file for wolfSSL.I-CUBE-wolfSSL.5.4.0
2025-08-15 12:56:30,336 [WARN] PackLoader:240 - Cannot read IP mode file for STMicroelectronics.X-CUBE-BLEMGR.4.1.0
2025-08-15 12:56:30,344 [WARN] PackLoader:240 - Cannot read IP mode file for STMicroelectronics.X-CUBE-IPS.3.0.0
2025-08-15 12:56:30,353 [WARN] ConditionMgr:438 - getConditionDescription Invalid condition id : UX DEVICE CLASS RTOS Condition cause : null
2025-08-15 12:56:30,354 [WARN] ConditionMgr:438 - getConditionDescription Invalid condition id : UX DEVICE CLASS RTOS Condition cause : null
2025-08-15 12:56:30,356 [WARN] PackLoader:240 - Cannot read IP mode file for STMicroelectronics.X-CUBE-AZRTOS-WB.2.0.0
2025-08-15 12:56:30,356 [WARN] ConditionMgr:1044 - genDependencies : Invalid condition id : UX DEVICE CLASS RTOS Condition cause : null
2025-08-15 12:56:30,356 [WARN] ConditionMgr:1044 - genDependencies : Invalid condition id : UX DEVICE CLASS RTOS Condition cause : null
2025-08-15 12:56:30,356 [WARN] ConditionMgr:1044 - genDependencies : Invalid condition id : UX DEVICE CLASS RTOS Condition cause : null
2025-08-15 12:56:30,357 [WARN] ConditionMgr:1044 - genDependencies : Invalid condition id : UX DEVICE CLASS RTOS Condition cause : null
2025-08-15 12:56:30,357 [WARN] ConditionMgr:1044 - genDependencies : Invalid condition id : UX DEVICE CLASS RTOS Condition cause : null
2025-08-15 12:56:30,360 [WARN] PackLoader:240 - Cannot read IP mode file for STMicroelectronics.X-CUBE-FREERTOS.1.0.1
2025-08-15 12:56:30,365 [WARN] PackLoader:240 - Cannot read IP mode file for STMicroelectronics.X-CUBE-GNSS1.7.0.0
2025-08-15 12:56:30,368 [WARN] PackLoader:240 - Cannot read IP mode file for STMicroelectronics.X-CUBE-GNSS1.7.0.1
2025-08-15 12:56:30,372 [WARN] PackLoader:240 - Cannot read IP mode file for STMicroelectronics.X-CUBE-BLEMGR.1.0.0
2025-08-15 12:56:30,376 [WARN] PackLoader:240 - Cannot read IP mode file for STMicroelectronics.X-CUBE-TOUCHGFX.4.25.0
2025-08-15 12:56:30,379 [WARN] PackLoader:240 - Cannot read IP mode file for STMicroelectronics.FP-SNS-STBOX1.2.0.0
2025-08-15 12:56:30,397 [WARN] PackLoader:240 - Cannot read IP mode file for STMicroelectronics.X-CUBE-AZRTOS-L5.1.1.0
2025-08-15 12:56:30,401 [WARN] PackLoader:240 - Cannot read IP mode file for STMicroelectronics.X-CUBE-AI.8.0.1
2025-08-15 12:56:30,407 [WARN] PackLoader:240 - Cannot read IP mode file for STMicroelectronics.X-CUBE-SUBG2.5.0.0
2025-08-15 12:56:30,421 [WARN] PackLoader:240 - Cannot read IP mode file for STMicroelectronics.X-CUBE-AZRTOS-H7RS.1.1.0
2025-08-15 12:56:30,426 [WARN] PackLoader:240 - Cannot read IP mode file for Cesanta.I-CUBE-Mongoose.7.13.0
2025-08-15 12:56:30,435 [WARN] PackLoader:240 - Cannot read IP mode file for STMicroelectronics.X-CUBE-AZRTOS-G4.2.0.0
2025-08-15 12:56:30,446 [WARN] PackLoader:240 - Cannot read IP mode file for STMicroelectronics.X-CUBE-TOF1.3.3.0
2025-08-15 12:56:30,453 [WARN] PackLoader:240 - Cannot read IP mode file for STMicroelectronics.FP-ATR-ASTRA1.1.1.1
2025-08-15 12:56:30,462 [WARN] PackLoader:240 - Cannot read IP mode file for Infineon.AIROC-Wi-Fi-Bluetooth-STM32.1.5.1
2025-08-15 12:56:30,465 [WARN] PackLoader:240 - Cannot read IP mode file for STMicroelectronics.FP-ATR-ASTRA1.1.1.0
2025-08-15 12:56:30,469 [WARN] PackLoader:240 - Cannot read IP mode file for STMicroelectronics.X-CUBE-NFC7.2.0.0
2025-08-15 12:56:30,471 [WARN] PackLoader:240 - Cannot read IP mode file for STMicroelectronics.FP-SNS-MOTENVWB1.1.3.1
2025-08-15 12:56:30,480 [WARN] PackLoader:240 - Cannot read IP mode file for STMicroelectronics.X-CUBE-AZRTOS-G4.1.0.0
2025-08-15 12:56:30,490 [WARN] PackLoader:240 - Cannot read IP mode file for STMicroelectronics.X-CUBE-AZRTOS-L4.1.0.0
2025-08-15 12:56:30,495 [WARN] PackLoader:240 - Cannot read IP mode file for STMicroelectronics.X-CUBE-ISPU.2.0.0
2025-08-15 12:56:30,502 [WARN] PackLoader:240 - Cannot read IP mode file for STMicroelectronics.X-CUBE-IPS.3.1.0
2025-08-15 12:56:30,508 [WARN] PackLoader:240 - Cannot read IP mode file for STMicroelectronics.X-CUBE-ALS.1.0.2
2025-08-15 12:56:30,530 [WARN] PackLoader:240 - Cannot read IP mode file for STMicroelectronics.X-CUBE-MEMS1.10.0.0
2025-08-15 12:56:30,592 [WARN] PackLoader:240 - Cannot read IP mode file for STMicroelectronics.X-CUBE-FREERTOS.1.1.0
2025-08-15 12:56:30,599 [WARN] PackLoader:240 - Cannot read IP mode file for STMicroelectronics.X-CUBE-TOUCHGFX.4.24.0
2025-08-15 12:56:30,606 [WARN] PackLoader:240 - Cannot read IP mode file for STMicroelectronics.X-CUBE-AZRTOS-WL.1.0.0
2025-08-15 12:56:30,610 [WARN] PackLoader:240 - Cannot read IP mode file for STMicroelectronics.X-CUBE-TOUCHGFX.4.24.1
2025-08-15 12:56:30,614 [WARN] PackLoader:240 - Cannot read IP mode file for wolfSSL.I-CUBE-wolfTPM.3.4.0
2025-08-15 12:56:30,617 [WARN] PackLoader:240 - Cannot read IP mode file for portGmbH.I-Cube-SoM-uGOAL.1.1.0
2025-08-15 12:56:30,621 [WARN] PackLoader:240 - Cannot read IP mode file for STMicroelectronics.X-CUBE-ALS.1.0.1
2025-08-15 12:56:30,629 [WARN] PackLoader:240 - Cannot read IP mode file for STMicroelectronics.X-CUBE-AZRTOS-WB.1.1.0
2025-08-15 12:56:30,640 [WARN] PackLoader:240 - Cannot read IP mode file for STMicroelectronics.X-CUBE-AZRTOS-L5.1.0.0
2025-08-15 12:56:30,643 [WARN] PackLoader:240 - Cannot read IP mode file for STMicroelectronics.X-CUBE-EEPRMA1.3.1.1
2025-08-15 12:56:30,662 [WARN] PackLoader:240 - Cannot read IP mode file for STMicroelectronics.X-CUBE-AZRTOS-H7RS.1.0.0
2025-08-15 12:56:30,670 [WARN] PackLoader:240 - Cannot read IP mode file for STMicroelectronics.FP-ATR-ASTRA1.2.0.0
2025-08-15 12:56:30,677 [WARN] PackLoader:240 - Cannot read IP mode file for STMicroelectronics.X-CUBE-TOF1.3.4.2
2025-08-15 12:56:30,692 [WARN] PackLoader:240 - Cannot read IP mode file for STMicroelectronics.X-CUBE-TOF1.3.4.3
2025-08-15 12:56:30,709 [WARN] PackLoader:240 - Cannot read IP mode file for STMicroelectronics.X-CUBE-TOF1.3.4.0
2025-08-15 12:56:30,725 [WARN] PackLoader:240 - Cannot read IP mode file for STMicroelectronics.X-CUBE-TOF1.3.4.1
2025-08-15 12:56:30,765 [WARN] PackLoader:240 - Cannot read IP mode file for STMicroelectronics.X-CUBE-AZRTOS-H7.3.2.0
2025-08-15 12:56:30,776 [WARN] PackLoader:240 - Cannot read IP mode file for wolfSSL.I-CUBE-wolfSSH.1.4.17
2025-08-15 12:56:30,777 [INFO] ThirdParty:978 - Integrity check success = true
2025-08-15 12:56:30,777 [INFO] IntegrityCheckThread:100 - exiting critical section [integrity check]
2025-08-15 12:56:30,777 [INFO] IntegrityCheckThread:103 - End integrity checks thread
2025-08-15 17:11:22,665 [ERROR] LogOutputStream:75 - [STDERR_REDIRECT] 
