2025-08-18 00:09:28,416 [ERROR] LogOutputStream:75 - [STDERR_REDIRECT] 
2025-08-18 20:18:08,595 [INFO] Activator:176 - 


2025-08-18 20:18:08,598 [INFO] Activator:177 - !SESSION log4j initialized
2025-08-18 20:18:19,677 [INFO] LogOutputStream:77 - [STDOUT_REDIRECT] 
2025-08-18 20:18:21,336 [INFO] ApplicationProperties:184 - Using Application install path: C:\ST\STM32CubeIDE_1.14.0\STM32CubeIDE\plugins\com.st.stm32cube.common.mx_6.15.0.202507011659
2025-08-18 20:18:21,354 [INFO] DbMcusXml:78 - Set database path to: C:\ST\STM32CubeIDE_1.14.0\STM32CubeIDE\plugins\com.st.stm32cube.common.mx_6.15.0.202507011659\\db\/mcu/
2025-08-18 20:18:21,354 [INFO] ApiDb:274 - Set plugin database path to: C:\ST\STM32CubeIDE_1.14.0\STM32CubeIDE\plugins\com.st.stm32cube.common.mx_6.15.0.202507011659\\db\/plugins/boardmanager/
2025-08-18 20:18:21,355 [WARN] ApiDb:259 - Overriding images path with different value:  => C:\ST\STM32CubeIDE_1.14.0\STM32CubeIDE\plugins\com.st.stm32cube.common.mx_6.15.0.202507011659\\db\/plugins/mcufinder/images/
2025-08-18 20:18:21,363 [INFO] ApiDb:250 - Set database path to: C:\Users\jihoo\.stmcufinder\plugins\mcufinder//mcu/
2025-08-18 20:18:21,364 [INFO] DbMcusAds:125 - Set database path to: C:\Users\jihoo\.stmcufinder\plugins\mcufinder//mcu/
2025-08-18 20:18:21,366 [INFO] CrossReferenceDbSqlite:203 - Set database path to: C:\Users\jihoo\.stmcufinder\plugins\mcufinder//mcu/cs/
2025-08-18 20:18:21,471 [INFO] RulesReader:64 - Compatibility file has been processed (317 Rules)
2025-08-18 20:18:21,543 [INFO] DbMcusXml:78 - Set database path to: C:\ST\STM32CubeIDE_1.14.0\STM32CubeIDE\plugins\com.st.stm32cube.common.mx_6.15.0.202507011659\\db\/mcu/
2025-08-18 20:18:21,544 [INFO] ApiDb:274 - Set plugin database path to: C:\ST\STM32CubeIDE_1.14.0\STM32CubeIDE\plugins\com.st.stm32cube.common.mx_6.15.0.202507011659\\db\/plugins/boardmanager/
2025-08-18 20:18:21,544 [INFO] ApiDb:261 - Set plugin images path to: C:\ST\STM32CubeIDE_1.14.0\STM32CubeIDE\plugins\com.st.stm32cube.common.mx_6.15.0.202507011659\\db\/plugins/mcufinder/images/
2025-08-18 20:18:21,544 [WARN] DbFile:41 - Overriding database path with different value: C:\Users\jihoo\.stmcufinder\plugins\mcufinder/ => C:\Users\jihoo\.stmcufinder\plugins\mcufinder
2025-08-18 20:18:21,544 [INFO] ApiDb:250 - Set database path to: C:\Users\jihoo\.stmcufinder\plugins\mcufinder//mcu/
2025-08-18 20:18:21,544 [WARN] DbFile:41 - Overriding database path with different value: C:\Users\jihoo\.stmcufinder\plugins\mcufinder/ => C:\Users\jihoo\.stmcufinder\plugins\mcufinder
2025-08-18 20:18:21,544 [INFO] DbMcusAds:125 - Set database path to: C:\Users\jihoo\.stmcufinder\plugins\mcufinder//mcu/
2025-08-18 20:18:21,544 [WARN] DbFile:41 - Overriding database path with different value: C:\Users\jihoo\.stmcufinder\plugins\mcufinder/ => C:\Users\jihoo\.stmcufinder\plugins\mcufinder
2025-08-18 20:18:21,544 [WARN] DbFile:41 - Overriding database path with different value: C:\Users\jihoo\.stmcufinder\plugins\mcufinder/ => C:\Users\jihoo\.stmcufinder\plugins\mcufinder
2025-08-18 20:18:21,545 [INFO] CrossReferenceDbSqlite:203 - Set database path to: C:\Users\jihoo\.stmcufinder\plugins\mcufinder//mcu/cs/
2025-08-18 20:18:21,610 [INFO] MainPanel:274 - HeapMemory: 268435456
2025-08-18 20:18:21,723 [INFO] DbMcusXml:78 - Set database path to: C:\ST\STM32CubeIDE_1.14.0\STM32CubeIDE\plugins\com.st.stm32cube.common.mx_6.15.0.202507011659\\db\/mcu/
2025-08-18 20:18:21,723 [INFO] ApiDb:274 - Set plugin database path to: C:\ST\STM32CubeIDE_1.14.0\STM32CubeIDE\plugins\com.st.stm32cube.common.mx_6.15.0.202507011659\\db\/plugins/boardmanager/
2025-08-18 20:18:21,724 [INFO] ApiDb:261 - Set plugin images path to: C:\ST\STM32CubeIDE_1.14.0\STM32CubeIDE\plugins\com.st.stm32cube.common.mx_6.15.0.202507011659\\db\/plugins/mcufinder/images/
2025-08-18 20:18:21,724 [WARN] DbFile:41 - Overriding database path with different value: C:\Users\jihoo\.stmcufinder\plugins\mcufinder/ => C:\Users\jihoo\.stmcufinder\plugins\mcufinder
2025-08-18 20:18:21,724 [INFO] ApiDb:250 - Set database path to: C:\Users\jihoo\.stmcufinder\plugins\mcufinder//mcu/
2025-08-18 20:18:21,724 [WARN] DbFile:41 - Overriding database path with different value: C:\Users\jihoo\.stmcufinder\plugins\mcufinder/ => C:\Users\jihoo\.stmcufinder\plugins\mcufinder
2025-08-18 20:18:21,724 [INFO] DbMcusAds:125 - Set database path to: C:\Users\jihoo\.stmcufinder\plugins\mcufinder//mcu/
2025-08-18 20:18:21,724 [WARN] DbFile:41 - Overriding database path with different value: C:\Users\jihoo\.stmcufinder\plugins\mcufinder/ => C:\Users\jihoo\.stmcufinder\plugins\mcufinder
2025-08-18 20:18:21,724 [WARN] DbFile:41 - Overriding database path with different value: C:\Users\jihoo\.stmcufinder\plugins\mcufinder/ => C:\Users\jihoo\.stmcufinder\plugins\mcufinder
2025-08-18 20:18:21,724 [INFO] CrossReferenceDbSqlite:203 - Set database path to: C:\Users\jihoo\.stmcufinder\plugins\mcufinder//mcu/cs/
2025-08-18 20:18:21,741 [INFO] ApplicationProperties:184 - Using Application install path: C:\ST\STM32CubeIDE_1.14.0\STM32CubeIDE\plugins\com.st.stm32cube.common.mx_6.15.0.202507011659
2025-08-18 20:18:21,742 [INFO] PluginManage:196 - Search for loadable plugins [exclusion list=, ]
2025-08-18 20:18:21,744 [INFO] PluginManage:310 - Check plugin analytics
2025-08-18 20:18:21,896 [INFO] AnalyticsPlugin:253 - Accepted Software Licenses: STM32CubeMX.6.6.1,STM32CubeMX.6.7.0,STM32CubeMX.6.10.0,STM32CubeMX.6.12.0,STM32CubeMX.6.13.0,STM32CubeMX.6.14.1,STM32CubeMX.6.15.0
2025-08-18 20:18:21,897 [INFO] AnalyticsPlugin:255 - Accepted CMSIS Pack Licenses: 
2025-08-18 20:18:21,897 [INFO] AnalyticsPlugin:257 - Accepted Firmware Licenses: FW.H7.1.12.0,FW.F4.1.28.0
2025-08-18 20:18:21,899 [INFO] PluginManage:359 - Loaded plugin analytics (category:tool,tabindex:-1)
2025-08-18 20:18:21,899 [INFO] PluginManage:310 - Check plugin cadmodel
2025-08-18 20:18:21,905 [INFO] CADModel:105 - Init CAD model plugin
2025-08-18 20:18:21,905 [INFO] PluginManage:359 - Loaded plugin cadmodel (category:power,tabindex:5)
2025-08-18 20:18:21,905 [INFO] PluginManage:310 - Check plugin clock
2025-08-18 20:18:21,915 [INFO] PluginManage:359 - Loaded plugin clock (category:base,tabindex:2)
2025-08-18 20:18:21,915 [INFO] PluginManage:310 - Check plugin ddr
2025-08-18 20:18:21,917 [INFO] PluginManage:359 - Loaded plugin ddr (category:tool,tabindex:6)
2025-08-18 20:18:21,917 [INFO] PluginManage:310 - Check plugin filemanager
2025-08-18 20:18:22,072 [INFO] PluginManage:359 - Loaded plugin filemanager (category:base,tabindex:10)
2025-08-18 20:18:22,073 [INFO] PluginManage:310 - Check plugin ipmanager
2025-08-18 20:18:22,079 [INFO] PluginManage:359 - Loaded plugin ipmanager (category:base,tabindex:5)
2025-08-18 20:18:22,080 [INFO] PluginManage:310 - Check plugin lpbam
2025-08-18 20:18:22,087 [INFO] PluginManage:359 - Loaded plugin lpbam (category:base,tabindex:0)
2025-08-18 20:18:22,087 [INFO] PluginManage:310 - Check plugin memorymap
2025-08-18 20:18:22,100 [INFO] PluginManage:359 - Loaded plugin memorymap (category:base,tabindex:4)
2025-08-18 20:18:22,100 [INFO] PluginManage:310 - Check plugin pinoutandconfiguration
2025-08-18 20:18:22,109 [INFO] PluginManage:359 - Loaded plugin pinoutandconfiguration (category:base,tabindex:1)
2025-08-18 20:18:22,109 [INFO] PluginManage:310 - Check plugin pinoutconfig
2025-08-18 20:18:22,184 [WARN] SupportedApi:132 - Cannot load RTOS API schema: s4s-elt-must-match.1: The content of 'definitions' must match (annotation?, (simpleType | complexType)?, (unique | key | keyref)*)). A problem was found starting at: attribute.
2025-08-18 20:18:22,303 [INFO] PluginManage:359 - Loaded plugin pinoutconfig (category:base,tabindex:0)
2025-08-18 20:18:22,303 [INFO] PluginManage:310 - Check plugin power
2025-08-18 20:18:22,314 [INFO] PluginManage:359 - Loaded plugin power (category:power,tabindex:4)
2025-08-18 20:18:22,314 [INFO] PluginManage:310 - Check plugin projectmanager
2025-08-18 20:18:22,328 [INFO] PluginManage:359 - Loaded plugin projectmanager (category:projectmanager,tabindex:4)
2025-08-18 20:18:22,329 [INFO] PluginManage:310 - Check plugin rif
2025-08-18 20:18:22,339 [INFO] PluginManage:359 - Loaded plugin rif (category:base,tabindex:3)
2025-08-18 20:18:22,339 [INFO] PluginManage:310 - Check plugin thirdparty
2025-08-18 20:18:22,463 [INFO] PluginManage:359 - Loaded plugin thirdparty (category:base,tabindex:-1)
2025-08-18 20:18:22,463 [INFO] PluginManage:310 - Check plugin tools
2025-08-18 20:18:22,463 [WARN] IntegrityCheckThread:84 - waiting for thirdparty lock release [integrity check]
2025-08-18 20:18:22,463 [INFO] IntegrityCheckThread:86 - entering critical section [integrity check]
2025-08-18 20:18:22,463 [INFO] ThirdPartyUpdaterWithRetryManager:70 - Updater plugin not ready yet. [1/15]
2025-08-18 20:18:22,465 [INFO] PluginManage:359 - Loaded plugin tools (category:base,tabindex:7)
2025-08-18 20:18:22,465 [INFO] PluginManage:310 - Check plugin tutovideos
2025-08-18 20:18:22,656 [INFO] PluginManage:359 - Loaded plugin tutovideos (category:base,tabindex:-1)
2025-08-18 20:18:22,656 [INFO] PluginManage:310 - Check plugin updater
2025-08-18 20:18:22,675 [INFO] PluginManage:359 - Loaded plugin updater (category:base,tabindex:12)
2025-08-18 20:18:22,675 [INFO] PluginManage:310 - Check plugin userauth
2025-08-18 20:18:22,679 [INFO] UserAuth:118 - Init User Auth plugin
2025-08-18 20:18:22,680 [INFO] PluginManage:359 - Loaded plugin userauth (category:base,tabindex:14)
2025-08-18 20:18:22,680 [INFO] PluginManage:283 - PluginManage : Loaded plugins [18]
2025-08-18 20:18:22,863 [INFO] PinOutPanel:1589 - setPackage(No Configuration,No Configuration)
2025-08-18 20:18:22,934 [INFO] CADModel:165 - CPN selected for project level
2025-08-18 20:18:22,934 [INFO] CADModel:114 - Register for checkConnection events
2025-08-18 20:18:22,950 [INFO] IPUIPlugin:80 - create IPUIPlugin
2025-08-18 20:18:22,951 [INFO] PluginManager:220 - loadIPPluginJar : add adc
2025-08-18 20:18:22,953 [INFO] IPUIPlugin:80 - create IPUIPlugin
2025-08-18 20:18:22,954 [INFO] PluginManager:220 - loadIPPluginJar : add aes
2025-08-18 20:18:22,956 [INFO] IPUIPlugin:80 - create IPUIPlugin
2025-08-18 20:18:22,956 [INFO] PluginManager:220 - loadIPPluginJar : add can
2025-08-18 20:18:22,959 [INFO] IPUIPlugin:80 - create IPUIPlugin
2025-08-18 20:18:22,959 [INFO] PluginManager:220 - loadIPPluginJar : add comp
2025-08-18 20:18:22,961 [INFO] IPUIPlugin:80 - create IPUIPlugin
2025-08-18 20:18:22,961 [INFO] PluginManager:220 - loadIPPluginJar : add cryp
2025-08-18 20:18:22,965 [INFO] IPUIPlugin:80 - create IPUIPlugin
2025-08-18 20:18:22,965 [INFO] PluginManager:220 - loadIPPluginJar : add ddr_ctrl_phy
2025-08-18 20:18:22,968 [INFO] IPUIPlugin:80 - create IPUIPlugin
2025-08-18 20:18:22,968 [INFO] PluginManager:220 - loadIPPluginJar : add dfsdm
2025-08-18 20:18:22,973 [INFO] IPUIPlugin:80 - create IPUIPlugin
2025-08-18 20:18:22,973 [INFO] PluginManager:220 - loadIPPluginJar : add dma
2025-08-18 20:18:22,977 [INFO] IPUIPlugin:80 - create IPUIPlugin
2025-08-18 20:18:22,977 [INFO] PluginManager:220 - loadIPPluginJar : add dma3
2025-08-18 20:18:22,978 [INFO] IPUIPlugin:80 - create IPUIPlugin
2025-08-18 20:18:22,979 [INFO] PluginManager:220 - loadIPPluginJar : add extmemmanager
2025-08-18 20:18:22,981 [INFO] IPUIPlugin:80 - create IPUIPlugin
2025-08-18 20:18:22,981 [INFO] PluginManager:220 - loadIPPluginJar : add fatfs
2025-08-18 20:18:22,986 [INFO] IPUIPlugin:80 - create IPUIPlugin
2025-08-18 20:18:22,986 [INFO] PluginManager:220 - loadIPPluginJar : add fmc
2025-08-18 20:18:22,992 [INFO] IPUIPlugin:80 - create IPUIPlugin
2025-08-18 20:18:22,992 [INFO] PluginManager:220 - loadIPPluginJar : add freertos
2025-08-18 20:18:22,994 [INFO] IPUIPlugin:80 - create IPUIPlugin
2025-08-18 20:18:22,994 [INFO] PluginManager:220 - loadIPPluginJar : add genericplugin
2025-08-18 20:18:22,996 [INFO] IPUIPlugin:80 - create IPUIPlugin
2025-08-18 20:18:22,996 [INFO] PluginManager:220 - loadIPPluginJar : add gfxmmu
2025-08-18 20:18:23,000 [INFO] IPUIPlugin:80 - create IPUIPlugin
2025-08-18 20:18:23,000 [INFO] PluginManager:220 - loadIPPluginJar : add gic
2025-08-18 20:18:23,004 [INFO] IPUIPlugin:80 - create IPUIPlugin
2025-08-18 20:18:23,004 [INFO] PluginManager:220 - loadIPPluginJar : add gpio
2025-08-18 20:18:23,006 [INFO] IPUIPlugin:80 - create IPUIPlugin
2025-08-18 20:18:23,007 [INFO] PluginManager:220 - loadIPPluginJar : add gtzc
2025-08-18 20:18:23,009 [INFO] IPUIPlugin:80 - create IPUIPlugin
2025-08-18 20:18:23,009 [INFO] PluginManager:220 - loadIPPluginJar : add hash
2025-08-18 20:18:23,011 [INFO] IPUIPlugin:80 - create IPUIPlugin
2025-08-18 20:18:23,012 [INFO] PluginManager:220 - loadIPPluginJar : add i2c
2025-08-18 20:18:23,014 [INFO] IPUIPlugin:80 - create IPUIPlugin
2025-08-18 20:18:23,014 [INFO] PluginManager:220 - loadIPPluginJar : add i2s
2025-08-18 20:18:23,017 [INFO] IPUIPlugin:80 - create IPUIPlugin
2025-08-18 20:18:23,018 [INFO] PluginManager:220 - loadIPPluginJar : add i3c
2025-08-18 20:18:23,021 [INFO] IPUIPlugin:80 - create IPUIPlugin
2025-08-18 20:18:23,021 [INFO] PluginManager:220 - loadIPPluginJar : add ipddr
2025-08-18 20:18:23,029 [INFO] IPUIPlugin:80 - create IPUIPlugin
2025-08-18 20:18:23,029 [INFO] PluginManager:220 - loadIPPluginJar : add linkedlist
2025-08-18 20:18:23,032 [INFO] IPUIPlugin:80 - create IPUIPlugin
2025-08-18 20:18:23,032 [INFO] PluginManager:220 - loadIPPluginJar : add lorawan
2025-08-18 20:18:23,034 [INFO] IPUIPlugin:80 - create IPUIPlugin
2025-08-18 20:18:23,034 [INFO] PluginManager:220 - loadIPPluginJar : add ltdc
2025-08-18 20:18:23,040 [INFO] IPUIPlugin:80 - create IPUIPlugin
2025-08-18 20:18:23,040 [INFO] PluginManager:220 - loadIPPluginJar : add mdma
2025-08-18 20:18:23,044 [INFO] IPUIPlugin:80 - create IPUIPlugin
2025-08-18 20:18:23,044 [INFO] PluginManager:220 - loadIPPluginJar : add nvic
2025-08-18 20:18:23,047 [INFO] IPUIPlugin:80 - create IPUIPlugin
2025-08-18 20:18:23,047 [INFO] PluginManager:220 - loadIPPluginJar : add opamp
2025-08-18 20:18:23,050 [INFO] IPUIPlugin:80 - create IPUIPlugin
2025-08-18 20:18:23,050 [INFO] PluginManager:220 - loadIPPluginJar : add openamp
2025-08-18 20:18:23,054 [INFO] IPUIPlugin:80 - create IPUIPlugin
2025-08-18 20:18:23,054 [INFO] PluginManager:220 - loadIPPluginJar : add pdm2pcm
2025-08-18 20:18:23,059 [INFO] IPUIPlugin:80 - create IPUIPlugin
2025-08-18 20:18:23,061 [INFO] PluginManager:220 - loadIPPluginJar : add plateformsettings
2025-08-18 20:18:23,063 [INFO] IPUIPlugin:80 - create IPUIPlugin
2025-08-18 20:18:23,063 [INFO] PluginManager:220 - loadIPPluginJar : add quadspi
2025-08-18 20:18:23,064 [INFO] IPUIPlugin:80 - create IPUIPlugin
2025-08-18 20:18:23,065 [INFO] PluginManager:220 - loadIPPluginJar : add radio
2025-08-18 20:18:23,069 [INFO] IPUIPlugin:80 - create IPUIPlugin
2025-08-18 20:18:23,069 [INFO] PluginManager:220 - loadIPPluginJar : add resmgrutility
2025-08-18 20:18:23,072 [INFO] IPUIPlugin:80 - create IPUIPlugin
2025-08-18 20:18:23,072 [INFO] PluginManager:220 - loadIPPluginJar : add sai
2025-08-18 20:18:23,074 [INFO] IPUIPlugin:80 - create IPUIPlugin
2025-08-18 20:18:23,074 [INFO] PluginManager:220 - loadIPPluginJar : add spi
2025-08-18 20:18:23,079 [INFO] IPUIPlugin:80 - create IPUIPlugin
2025-08-18 20:18:23,079 [INFO] PluginManager:220 - loadIPPluginJar : add stm32_wpan
2025-08-18 20:18:23,081 [INFO] IPUIPlugin:80 - create IPUIPlugin
2025-08-18 20:18:23,081 [INFO] PluginManager:220 - loadIPPluginJar : add tim
2025-08-18 20:18:23,084 [INFO] IPUIPlugin:80 - create IPUIPlugin
2025-08-18 20:18:23,084 [INFO] PluginManager:220 - loadIPPluginJar : add touchsensing
2025-08-18 20:18:23,086 [INFO] IPUIPlugin:80 - create IPUIPlugin
2025-08-18 20:18:23,086 [INFO] PluginManager:220 - loadIPPluginJar : add tracer_emb
2025-08-18 20:18:23,088 [INFO] IPUIPlugin:80 - create IPUIPlugin
2025-08-18 20:18:23,088 [INFO] PluginManager:220 - loadIPPluginJar : add ts
2025-08-18 20:18:23,090 [INFO] IPUIPlugin:80 - create IPUIPlugin
2025-08-18 20:18:23,090 [INFO] PluginManager:220 - loadIPPluginJar : add tsc
2025-08-18 20:18:23,092 [INFO] IPUIPlugin:80 - create IPUIPlugin
2025-08-18 20:18:23,092 [INFO] PluginManager:220 - loadIPPluginJar : add ucpd
2025-08-18 20:18:23,094 [INFO] IPUIPlugin:80 - create IPUIPlugin
2025-08-18 20:18:23,094 [INFO] PluginManager:220 - loadIPPluginJar : add usart
2025-08-18 20:18:23,096 [INFO] IPUIPlugin:80 - create IPUIPlugin
2025-08-18 20:18:23,097 [INFO] PluginManager:220 - loadIPPluginJar : add usbx
2025-08-18 20:18:23,216 [FATAL] Updater:351 - Updater called before beeing initialized
2025-08-18 20:18:23,238 [INFO] RulesReader:64 - Compatibility file has been processed (317 Rules)
2025-08-18 20:18:23,247 [INFO] RulesReader:64 - Compatibility file has been processed (317 Rules)
2025-08-18 20:18:23,255 [INFO] CADModel:165 - CPN selected for project level
2025-08-18 20:18:23,255 [INFO] CADModel:114 - Register for checkConnection events
2025-08-18 20:18:23,255 [FATAL] Updater:351 - Updater called before beeing initialized
2025-08-18 20:18:23,255 [ERROR] CADModel:125 - Updater not yet initialized, retry later 
2025-08-18 20:18:23,393 [FATAL] Updater:351 - Updater called before beeing initialized
2025-08-18 20:18:23,395 [INFO] CADModel:165 - CPN selected for project level
2025-08-18 20:18:23,396 [INFO] CADModel:114 - Register for checkConnection events
2025-08-18 20:18:23,396 [FATAL] Updater:351 - Updater called before beeing initialized
2025-08-18 20:18:23,396 [ERROR] CADModel:125 - Updater not yet initialized, retry later 
2025-08-18 20:18:23,398 [FATAL] Updater:351 - Updater called before beeing initialized
2025-08-18 20:18:23,487 [FATAL] Updater:351 - Updater called before beeing initialized
2025-08-18 20:18:23,490 [INFO] DbMcusAds:53 - JSON generation date=Tue Jul 08 17:14:23 KST 2025 (1751962463582)
2025-08-18 20:18:23,490 [FATAL] Updater:351 - Updater called before beeing initialized
2025-08-18 20:18:23,529 [WARN] DetailPanel:346 - Failed to get advertising image, set to default
2025-08-18 20:18:23,639 [FATAL] Updater:351 - Updater called before beeing initialized
2025-08-18 20:18:23,640 [FATAL] Updater:351 - Updater called before beeing initialized
2025-08-18 20:18:23,640 [FATAL] Updater:351 - Updater called before beeing initialized
2025-08-18 20:18:23,640 [WARN] DetailPanel:346 - Failed to get advertising image, set to default
2025-08-18 20:18:23,641 [FATAL] Updater:351 - Updater called before beeing initialized
2025-08-18 20:18:23,682 [ERROR] Updater:1198 - MainUpdater not yet initialized. External WinMGr cannot be set.
2025-08-18 20:18:23,683 [INFO] Updater:1134 - Updater Version found : 6.15.0
2025-08-18 20:18:23,697 [INFO] ApplicationProperties:184 - Using Application install path: C:\ST\STM32CubeIDE_1.14.0\STM32CubeIDE\plugins\com.st.stm32cube.common.mx_6.15.0.202507011659
2025-08-18 20:18:24,099 [INFO] MainUpdater:2872 - connection check result : 10
2025-08-18 20:18:24,099 [INFO] MainUpdater:289 - Updater Check For Update Now.
2025-08-18 20:18:24,099 [INFO] MicroXplorer:498 - Change Database Version : DB.6.0.150
2025-08-18 20:18:24,104 [INFO] McuFinderGlobals:63 - Set McuFinder mode to 2 (CubeIDE integrated)
2025-08-18 20:18:24,105 [INFO] UserAuth:487 - Internet connection configuration mode: 1
2025-08-18 20:18:24,129 [INFO] JxBrowserEngine:152 - Initiate JxBrowser Engine with user profile folder
2025-08-18 20:18:24,283 [INFO] CheckServerUpdateThread:120 - End of CheckServer Thread
2025-08-18 20:18:26,306 [WARN] PackLoader:240 - Cannot read IP mode file for STMicroelectronics.FP-SNS-MOTENVWB1.1.4.0
2025-08-18 20:18:26,318 [WARN] PackLoader:240 - Cannot read IP mode file for STMicroelectronics.FP-ATR-ASTRA1.2.0.2
2025-08-18 20:18:26,324 [WARN] PackLoader:240 - Cannot read IP mode file for STMicroelectronics.FP-ATR-ASTRA1.2.0.1
2025-08-18 20:18:26,336 [WARN] PackLoader:240 - Cannot read IP mode file for STMicroelectronics.X-CUBE-SMBUS.2.1.0
2025-08-18 20:18:26,345 [WARN] PackLoader:240 - Cannot read IP mode file for STMicroelectronics.X-CUBE-WB05N.1.1.0
2025-08-18 20:18:26,352 [WARN] PackLoader:240 - Cannot read IP mode file for STMicroelectronics.X-CUBE-ST60.1.0.0
2025-08-18 20:18:26,359 [WARN] PackLoader:240 - Cannot read IP mode file for STMicroelectronics.X-CUBE-TOUCHGFX.4.23.0
2025-08-18 20:18:26,364 [INFO] WebApp:169 - Instantiating new browser for Auth
2025-08-18 20:18:26,392 [WARN] PackLoader:240 - Cannot read IP mode file for STMicroelectronics.X-CUBE-AZRTOS-F7.1.1.0
2025-08-18 20:18:26,409 [WARN] PackLoader:240 - Cannot read IP mode file for STMicroelectronics.FP-SNS-MOTENV1.4.3.2
2025-08-18 20:18:26,418 [ERROR] RealEvaluatedCondition:428 - Found unsupported composite condition: CLASS='Data Exchange' GROUP='STM32_MetaDataManager'
2025-08-18 20:18:26,418 [ERROR] RealEvaluatedCondition:428 - Found unsupported composite condition: GROUP='STM32_MetaDataManager' CLASS='Data Exchange'
2025-08-18 20:18:26,420 [WARN] PackLoader:240 - Cannot read IP mode file for STMicroelectronics.FP-SNS-MOTENV1.4.3.1
2025-08-18 20:18:26,430 [WARN] PackLoader:240 - Cannot read IP mode file for STMicroelectronics.FP-SNS-FLIGHT1.5.0.1
2025-08-18 20:18:26,438 [WARN] PackLoader:240 - Cannot read IP mode file for STMicroelectronics.X-CUBE-BLE1.6.2.3
2025-08-18 20:18:26,494 [WARN] PackLoader:240 - Cannot read IP mode file for STMicroelectronics.X-CUBE-MEMS1.11.0.0
2025-08-18 20:18:26,633 [WARN] PackLoader:240 - Cannot read IP mode file for STMicroelectronics.X-CUBE-BLE1.6.2.4
2025-08-18 20:18:26,639 [WARN] PackLoader:240 - Cannot read IP mode file for STMicroelectronics.FP-SNS-FLIGHT1.5.0.2
2025-08-18 20:18:26,650 [WARN] PackLoader:240 - Cannot read IP mode file for STMicroelectronics.X-CUBE-TOF1.3.1.0
2025-08-18 20:18:26,676 [WARN] PackLoader:240 - Cannot read IP mode file for STMicroelectronics.X-CUBE-AZRTOS-H7.3.4.0
2025-08-18 20:18:26,686 [WARN] PackLoader:240 - Cannot read IP mode file for STMicroelectronics.X-CUBE-DISPLAY.3.0.0
2025-08-18 20:18:26,694 [WARN] PackLoader:240 - Cannot read IP mode file for STMicroelectronics.X-CUBE-BLE1.7.0.0
2025-08-18 20:18:26,700 [WARN] PackLoader:240 - Cannot read IP mode file for STMicroelectronics.X-CUBE-NFC10.1.0.0
2025-08-18 20:18:26,720 [WARN] PackLoader:240 - Cannot read IP mode file for STMicroelectronics.X-CUBE-BLEMGR.4.0.0
2025-08-18 20:18:26,730 [WARN] PackLoader:240 - Cannot read IP mode file for emotas.I-CUBE-CANOPEN.1.3.0
2025-08-18 20:18:26,773 [WARN] PackLoader:240 - Cannot read IP mode file for STMicroelectronics.X-CUBE-MEMS1.9.3.0
2025-08-18 20:18:26,873 [WARN] PackLoader:240 - Cannot read IP mode file for STMicroelectronics.X-CUBE-AI.7.2.0
2025-08-18 20:18:26,884 [WARN] PackLoader:240 - Cannot read IP mode file for STMicroelectronics.X-CUBE-BLEMGR.3.1.0
2025-08-18 20:18:26,889 [WARN] PackLoader:240 - Cannot read IP mode file for STMicroelectronics.X-CUBE-AI.10.0.0
2025-08-18 20:18:26,897 [WARN] PackLoader:240 - Cannot read IP mode file for STMicroelectronics.FP-SNS-STBOX1.2.1.0
2025-08-18 20:18:26,905 [WARN] PackLoader:240 - Cannot read IP mode file for STMicroelectronics.FP-SNS-SMARTAG2.1.2.0
2025-08-18 20:18:26,911 [WARN] PackLoader:240 - Cannot read IP mode file for STMicroelectronics.FP-SNS-FLIGHT1.5.1.0
2025-08-18 20:18:26,925 [INFO] LogOutputStream:77 - [STDOUT_REDIRECT] 1 : Invalid condition id : UX_CORESTACK_Condition cause : null
2025-08-18 20:18:26,926 [INFO] LogOutputStream:77 - [STDOUT_REDIRECT] 1 : Invalid condition id : UX_CORESTACK_Condition cause : null
2025-08-18 20:18:26,927 [INFO] LogOutputStream:77 - [STDOUT_REDIRECT] 1 : Invalid condition id : UX_CORESTACK_Condition cause : null
2025-08-18 20:18:26,929 [INFO] LogOutputStream:77 - [STDOUT_REDIRECT] 1 : Invalid condition id : UX_CORESTACK_Condition cause : null
2025-08-18 20:18:26,930 [INFO] LogOutputStream:77 - [STDOUT_REDIRECT] 1 : Invalid condition id : UX_CORESTACK_Condition cause : null
2025-08-18 20:18:26,933 [WARN] PackLoader:240 - Cannot read IP mode file for STMicroelectronics.X-CUBE-AZRTOS-WL.2.0.0
2025-08-18 20:18:26,940 [WARN] PackLoader:240 - Cannot read IP mode file for STMicroelectronics.FP-SNS-MOTENV1.5.0.0
2025-08-18 20:18:26,947 [WARN] PackLoader:240 - Cannot read IP mode file for wolfSSL.I-CUBE-wolfMQTT.1.19.0
2025-08-18 20:18:26,956 [WARN] PackLoader:240 - Cannot read IP mode file for WES.I-CUBE-Cesium.1.3.0
2025-08-18 20:18:26,968 [WARN] PackLoader:240 - Cannot read IP mode file for STMicroelectronics.X-CUBE-BLE2.3.3.0
2025-08-18 20:18:26,977 [WARN] PackLoader:240 - Cannot read IP mode file for STMicroelectronics.X-CUBE-DISPLAY.2.2.0
2025-08-18 20:18:26,992 [WARN] PackLoader:240 - Cannot read IP mode file for STMicroelectronics.X-CUBE-TOF1.3.2.0
2025-08-18 20:18:27,008 [WARN] PackLoader:240 - Cannot read IP mode file for STMicroelectronics.X-CUBE-ISPU.1.0.0
2025-08-18 20:18:27,025 [WARN] PackLoader:240 - Cannot read IP mode file for STMicroelectronics.X-CUBE-NFC9.1.0.0
2025-08-18 20:18:27,076 [WARN] PackLoader:240 - Cannot read IP mode file for STMicroelectronics.X-CUBE-AZRTOS-H7.2.1.0
2025-08-18 20:18:27,084 [WARN] PackLoader:240 - Cannot read IP mode file for STMicroelectronics.X-CUBE-BLE1.7.1.0
2025-08-18 20:18:27,091 [WARN] PackLoader:240 - Cannot read IP mode file for STMicroelectronics.X-CUBE-TCPP.4.1.0
2025-08-18 20:18:27,100 [WARN] PackLoader:240 - Cannot read IP mode file for STMicroelectronics.X-CUBE-EEPRMA1.5.2.0
2025-08-18 20:18:27,104 [WARN] PackLoader:240 - Cannot read IP mode file for STMicroelectronics.X-CUBE-TOUCHGFX.4.21.1
2025-08-18 20:18:27,108 [WARN] PackLoader:240 - Cannot read IP mode file for STMicroelectronics.X-CUBE-TOUCHGFX.4.21.0
2025-08-18 20:18:27,111 [WARN] PackLoader:240 - Cannot read IP mode file for STMicroelectronics.X-CUBE-TOUCHGFX.4.21.4
2025-08-18 20:18:27,150 [WARN] PackLoader:240 - Cannot read IP mode file for STMicroelectronics.X-CUBE-MEMS1.9.4.0
2025-08-18 20:18:27,265 [WARN] PackLoader:240 - Cannot read IP mode file for STMicroelectronics.X-CUBE-AI.7.3.0
2025-08-18 20:18:27,272 [WARN] PackLoader:240 - Cannot read IP mode file for STMicroelectronics.X-CUBE-AI.10.1.0
2025-08-18 20:18:27,281 [WARN] PackLoader:240 - Cannot read IP mode file for STMicroelectronics.X-CUBE-ALGOBUILD.1.3.0
2025-08-18 20:18:27,342 [WARN] PackLoader:240 - Cannot read IP mode file for STMicroelectronics.X-CUBE-MEMS1.11.2.0
2025-08-18 20:18:27,481 [WARN] PackLoader:240 - Cannot read IP mode file for STMicroelectronics.X-CUBE-AZRTOS-G0.1.1.0
2025-08-18 20:18:27,491 [WARN] PackLoader:240 - Cannot read IP mode file for STMicroelectronics.X-CUBE-SAFEA1.1.2.2
2025-08-18 20:18:27,491 [INFO] WebApp:463 - Apply proxy settings
2025-08-18 20:18:27,492 [INFO] WebApp:548 - Chromium requires no authentication
2025-08-18 20:18:27,498 [WARN] PackLoader:240 - Cannot read IP mode file for STMicroelectronics.X-CUBE-NFC4.3.0.0
2025-08-18 20:18:27,507 [INFO] WebApp:491 - Direct internet connection detected
2025-08-18 20:18:27,529 [WARN] PackLoader:240 - Cannot read IP mode file for SEGGER.I-CUBE-embOS.1.2.0
2025-08-18 20:18:27,546 [INFO] WebApp:900 - Register for checkConnection events
2025-08-18 20:18:27,546 [INFO] WebApp:463 - Apply proxy settings
2025-08-18 20:18:27,547 [INFO] WebApp:548 - Chromium requires no authentication
2025-08-18 20:18:27,547 [INFO] WebApp:491 - Direct internet connection detected
2025-08-18 20:18:27,566 [WARN] PackLoader:240 - Cannot read IP mode file for EmbeddedOffice.I-CUBE-FS-RTOS.1.0.1
2025-08-18 20:18:27,571 [WARN] PackLoader:240 - Cannot read IP mode file for STMicroelectronics.X-CUBE-WB05N.2.0.0
2025-08-18 20:18:27,587 [WARN] PackLoader:240 - Cannot read IP mode file for STMicroelectronics.X-CUBE-BLEMGR.3.0.0
2025-08-18 20:18:27,597 [WARN] PackLoader:240 - Cannot read IP mode file for STMicroelectronics.X-CUBE-BLEMGR.1.3.0
2025-08-18 20:18:27,605 [WARN] PackLoader:240 - Cannot read IP mode file for STMicroelectronics.X-CUBE-TCPP.4.2.0
2025-08-18 20:18:27,612 [WARN] PackLoader:240 - Cannot read IP mode file for RealThread.X-CUBE-RT-Thread_Nano.4.1.1
2025-08-18 20:18:27,618 [WARN] PackLoader:240 - Cannot read IP mode file for STMicroelectronics.FP-ATR-SIGFOX1.3.2.0
2025-08-18 20:18:27,624 [WARN] ConditionMgr:438 - getConditionDescription Invalid condition id : Cortex-A Device cause : null
2025-08-18 20:18:27,640 [WARN] ConditionMgr:1044 - genDependencies : Invalid condition id : Cortex-A Device cause : null
2025-08-18 20:18:27,641 [WARN] ConditionMgr:1044 - genDependencies : Invalid condition id : Cortex-A Device cause : null
2025-08-18 20:18:27,641 [WARN] ConditionMgr:1044 - genDependencies : Invalid condition id : Cortex-A Device cause : null
2025-08-18 20:18:27,647 [WARN] PackLoader:240 - Cannot read IP mode file for STMicroelectronics.X-CUBE-EEPRMA1.5.1.0
2025-08-18 20:18:27,668 [WARN] PackLoader:240 - Cannot read IP mode file for emotas.I-CUBE-CANOPEN.1.1.2
2025-08-18 20:18:27,673 [WARN] PackLoader:240 - Cannot read IP mode file for STMicroelectronics.X-CUBE-TOUCHGFX.4.20.0
2025-08-18 20:18:27,682 [WARN] PackLoader:240 - Cannot read IP mode file for STMicroelectronics.X-CUBE-ST67W61.1.0.0
2025-08-18 20:18:27,689 [WARN] PackLoader:240 - Cannot read IP mode file for STMicroelectronics.X-CUBE-AI.10.2.0
2025-08-18 20:18:27,720 [WARN] PackLoader:240 - Cannot read IP mode file for SEGGER.I-CUBE-embOS.1.3.1
2025-08-18 20:18:27,753 [WARN] PackLoader:240 - Cannot read IP mode file for STMicroelectronics.X-CUBE-ALGOBUILD.1.4.0
2025-08-18 20:18:27,801 [WARN] PackLoader:240 - Cannot read IP mode file for STMicroelectronics.X-CUBE-MEMS1.11.3.0
2025-08-18 20:18:27,897 [WARN] PackLoader:240 - Cannot read IP mode file for STMicroelectronics.X-CUBE-AI.9.1.0
2025-08-18 20:18:27,902 [WARN] PackLoader:240 - Cannot read IP mode file for STMicroelectronics.X-CUBE-PM33A1.1.0.0
2025-08-18 20:18:27,907 [INFO] WebApp:225 - Starting web application
2025-08-18 20:18:27,907 [WARN] PackLoader:240 - Cannot read IP mode file for STMicroelectronics.X-CUBE-GNSS1.6.0.0
2025-08-18 20:18:27,908 [INFO] WebApp:593 - Web application path used C:\ST\STM32CubeIDE_1.14.0\STM32CubeIDE\plugins\com.st.stm32cube.common.mx_6.15.0.202507011659\db\plugins\mcufinder\reactClient1\index.html
2025-08-18 20:18:27,928 [WARN] PackLoader:240 - Cannot read IP mode file for STMicroelectronics.X-CUBE-AZRTOS-F4.1.1.0
2025-08-18 20:18:27,935 [INFO] WebApp:191 - Connection restablished
2025-08-18 20:18:27,951 [WARN] PackLoader:240 - Cannot read IP mode file for Avnet-IotConnect.X-CUBE-IoTC-DA16k-PMOD.1.0.0
2025-08-18 20:18:27,956 [WARN] PackLoader:240 - Cannot read IP mode file for STMicroelectronics.X-CUBE-ISPU.2.1.0
2025-08-18 20:18:27,963 [WARN] PackLoader:240 - Cannot read IP mode file for STMicroelectronics.X-CUBE-FREERTOS.1.2.0
2025-08-18 20:18:27,969 [WARN] PackLoader:240 - Cannot read IP mode file for wolfSSL.I-CUBE-wolfSSL.5.6.6
2025-08-18 20:18:27,975 [WARN] PackLoader:240 - Cannot read IP mode file for STMicroelectronics.X-CUBE-NFC12.1.0.0
2025-08-18 20:18:27,997 [WARN] PackLoader:240 - Cannot read IP mode file for STMicroelectronics.X-CUBE-AZRTOS-L5.2.0.0
2025-08-18 20:18:28,039 [WARN] PackLoader:240 - Cannot read IP mode file for STMicroelectronics.X-CUBE-MEMS1.9.6.0
2025-08-18 20:18:28,154 [WARN] PackLoader:240 - Cannot read IP mode file for STMicroelectronics.X-CUBE-EEPRMA1.4.2.0
2025-08-18 20:18:28,162 [WARN] PackLoader:240 - Cannot read IP mode file for STMicroelectronics.X-CUBE-NFC6.3.1.0
2025-08-18 20:18:28,171 [WARN] PackLoader:240 - Cannot read IP mode file for ITTIA_DB.I-CUBE-ITTIADB.8.8.0
2025-08-18 20:18:28,179 [WARN] PackLoader:240 - Cannot read IP mode file for STMicroelectronics.X-CUBE-BLEMGR.2.0.0
2025-08-18 20:18:28,187 [WARN] PackLoader:240 - Cannot read IP mode file for STMicroelectronics.X-CUBE-DPower.1.2.0
2025-08-18 20:18:28,193 [WARN] PackLoader:240 - Cannot read IP mode file for STMicroelectronics.X-CUBE-NFC4.2.0.5
2025-08-18 20:18:28,199 [WARN] PackLoader:240 - Cannot read IP mode file for STMicroelectronics.X-CUBE-NFC4.2.0.4
2025-08-18 20:18:28,204 [WARN] PackLoader:240 - Cannot read IP mode file for STMicroelectronics.X-CUBE-AI.9.0.0
2025-08-18 20:18:28,204 [INFO] UserAuth:487 - Internet connection configuration mode: 1
2025-08-18 20:18:28,223 [WARN] ConditionMgr:438 - getConditionDescription Invalid condition id : UX DEVICE CLASS RTOS Condition cause : null
2025-08-18 20:18:28,224 [WARN] ConditionMgr:438 - getConditionDescription Invalid condition id : UX DEVICE CLASS RTOS Condition cause : null
2025-08-18 20:18:28,232 [WARN] PackLoader:240 - Cannot read IP mode file for STMicroelectronics.X-CUBE-AZRTOS-H7.3.1.0
2025-08-18 20:18:28,233 [WARN] ConditionMgr:1044 - genDependencies : Invalid condition id : UX DEVICE CLASS RTOS Condition cause : null
2025-08-18 20:18:28,234 [WARN] ConditionMgr:1044 - genDependencies : Invalid condition id : UX DEVICE CLASS RTOS Condition cause : null
2025-08-18 20:18:28,235 [WARN] ConditionMgr:1044 - genDependencies : Invalid condition id : UX DEVICE CLASS RTOS Condition cause : null
2025-08-18 20:18:28,235 [WARN] ConditionMgr:1044 - genDependencies : Invalid condition id : UX DEVICE CLASS RTOS Condition cause : null
2025-08-18 20:18:28,235 [WARN] ConditionMgr:1044 - genDependencies : Invalid condition id : UX DEVICE CLASS RTOS Condition cause : null
2025-08-18 20:18:28,247 [WARN] PackLoader:240 - Cannot read IP mode file for STMicroelectronics.X-CUBE-FREERTOS.1.3.1
2025-08-18 20:18:28,252 [WARN] PackLoader:240 - Cannot read IP mode file for STMicroelectronics.X-CUBE-FREERTOS.1.3.0
2025-08-18 20:18:28,259 [WARN] PackLoader:240 - Cannot read IP mode file for STMicroelectronics.X-CUBE-NFC7.1.0.1
2025-08-18 20:18:28,265 [WARN] PackLoader:240 - Cannot read IP mode file for STMicroelectronics.X-CUBE-NFC7.1.0.0
2025-08-18 20:18:28,274 [WARN] PackLoader:240 - Cannot read IP mode file for STMicroelectronics.X-CUBE-NFC6.3.0.0
2025-08-18 20:18:28,281 [WARN] PackLoader:240 - Cannot read IP mode file for STMicroelectronics.X-CUBE-EEPRMA1.4.1.0
2025-08-18 20:18:28,288 [WARN] PackLoader:240 - Cannot read IP mode file for STMicroelectronics.FP-SNS-STAIOTCFT.1.0.0
2025-08-18 20:18:28,295 [WARN] PackLoader:240 - Cannot read IP mode file for STMicroelectronics.X-CUBE-DPower.1.3.0
2025-08-18 20:18:28,300 [WARN] PackLoader:240 - Cannot read IP mode file for STMicroelectronics.X-CUBE-AI.8.1.0
2025-08-18 20:18:28,328 [WARN] ConditionMgr:438 - getConditionDescription Invalid condition id : LAN8742 Phy interface Condition cause : null
2025-08-18 20:18:28,329 [WARN] PackLoader:240 - Cannot read IP mode file for STMicroelectronics.X-CUBE-AZRTOS-L4.2.0.0
2025-08-18 20:18:28,330 [WARN] ConditionMgr:1044 - genDependencies : Invalid condition id : LAN8742 Phy interface Condition cause : null
2025-08-18 20:18:28,331 [WARN] ConditionMgr:1044 - genDependencies : Invalid condition id : LAN8742 Phy interface Condition cause : null
2025-08-18 20:18:28,331 [WARN] ConditionMgr:1044 - genDependencies : Invalid condition id : LAN8742 Phy interface Condition cause : null
2025-08-18 20:18:28,341 [WARN] PackLoader:240 - Cannot read IP mode file for STMicroelectronics.X-CUBE-SFXS2LP1.4.0.0
2025-08-18 20:18:28,359 [WARN] PackLoader:240 - Cannot read IP mode file for STMicroelectronics.X-CUBE-AZRTOS-H7.3.0.0
2025-08-18 20:18:28,367 [WARN] PackLoader:240 - Cannot read IP mode file for STMicroelectronics.X-CUBE-ISPU.1.1.0
2025-08-18 20:18:28,387 [WARN] PackLoader:240 - Cannot read IP mode file for STMicroelectronics.X-CUBE-AZRTOS-H7.3.3.0
2025-08-18 20:18:28,397 [WARN] PackLoader:240 - Cannot read IP mode file for RoweBots.I-CUBE-UNISONRTOS.5.5.0-4
2025-08-18 20:18:28,402 [WARN] PackLoader:240 - Cannot read IP mode file for wolfSSL.I-CUBE-wolfSSL.5.4.0
2025-08-18 20:18:28,411 [WARN] PackLoader:240 - Cannot read IP mode file for STMicroelectronics.X-CUBE-BLEMGR.4.1.0
2025-08-18 20:18:28,424 [WARN] PackLoader:240 - Cannot read IP mode file for STMicroelectronics.X-CUBE-IPS.3.0.0
2025-08-18 20:18:28,440 [WARN] ConditionMgr:438 - getConditionDescription Invalid condition id : UX DEVICE CLASS RTOS Condition cause : null
2025-08-18 20:18:28,441 [WARN] ConditionMgr:438 - getConditionDescription Invalid condition id : UX DEVICE CLASS RTOS Condition cause : null
2025-08-18 20:18:28,443 [WARN] PackLoader:240 - Cannot read IP mode file for STMicroelectronics.X-CUBE-AZRTOS-WB.2.0.0
2025-08-18 20:18:28,444 [WARN] ConditionMgr:1044 - genDependencies : Invalid condition id : UX DEVICE CLASS RTOS Condition cause : null
2025-08-18 20:18:28,444 [WARN] ConditionMgr:1044 - genDependencies : Invalid condition id : UX DEVICE CLASS RTOS Condition cause : null
2025-08-18 20:18:28,444 [WARN] ConditionMgr:1044 - genDependencies : Invalid condition id : UX DEVICE CLASS RTOS Condition cause : null
2025-08-18 20:18:28,445 [WARN] ConditionMgr:1044 - genDependencies : Invalid condition id : UX DEVICE CLASS RTOS Condition cause : null
2025-08-18 20:18:28,445 [WARN] ConditionMgr:1044 - genDependencies : Invalid condition id : UX DEVICE CLASS RTOS Condition cause : null
2025-08-18 20:18:28,450 [WARN] PackLoader:240 - Cannot read IP mode file for STMicroelectronics.X-CUBE-FREERTOS.1.0.1
2025-08-18 20:18:28,455 [WARN] PackLoader:240 - Cannot read IP mode file for STMicroelectronics.X-CUBE-GNSS1.7.0.0
2025-08-18 20:18:28,461 [WARN] PackLoader:240 - Cannot read IP mode file for STMicroelectronics.X-CUBE-GNSS1.7.0.1
2025-08-18 20:18:28,469 [WARN] PackLoader:240 - Cannot read IP mode file for STMicroelectronics.X-CUBE-BLEMGR.1.0.0
2025-08-18 20:18:28,475 [WARN] PackLoader:240 - Cannot read IP mode file for STMicroelectronics.X-CUBE-TOUCHGFX.4.25.0
2025-08-18 20:18:28,481 [WARN] PackLoader:240 - Cannot read IP mode file for STMicroelectronics.FP-SNS-STBOX1.2.0.0
2025-08-18 20:18:28,498 [WARN] PackLoader:240 - Cannot read IP mode file for STMicroelectronics.X-CUBE-AZRTOS-L5.1.1.0
2025-08-18 20:18:28,505 [WARN] PackLoader:240 - Cannot read IP mode file for STMicroelectronics.X-CUBE-AI.8.0.1
2025-08-18 20:18:28,518 [WARN] PackLoader:240 - Cannot read IP mode file for STMicroelectronics.X-CUBE-SUBG2.5.0.0
2025-08-18 20:18:28,546 [WARN] PackLoader:240 - Cannot read IP mode file for STMicroelectronics.X-CUBE-AZRTOS-H7RS.1.1.0
2025-08-18 20:18:28,554 [WARN] PackLoader:240 - Cannot read IP mode file for Cesanta.I-CUBE-Mongoose.7.13.0
2025-08-18 20:18:28,569 [WARN] PackLoader:240 - Cannot read IP mode file for STMicroelectronics.X-CUBE-AZRTOS-G4.2.0.0
2025-08-18 20:18:28,581 [WARN] PackLoader:240 - Cannot read IP mode file for STMicroelectronics.X-CUBE-TOF1.3.3.0
2025-08-18 20:18:28,591 [WARN] PackLoader:240 - Cannot read IP mode file for STMicroelectronics.FP-ATR-ASTRA1.1.1.1
2025-08-18 20:18:28,605 [WARN] PackLoader:240 - Cannot read IP mode file for Infineon.AIROC-Wi-Fi-Bluetooth-STM32.1.5.1
2025-08-18 20:18:28,612 [WARN] PackLoader:240 - Cannot read IP mode file for STMicroelectronics.FP-ATR-ASTRA1.1.1.0
2025-08-18 20:18:28,618 [WARN] PackLoader:240 - Cannot read IP mode file for STMicroelectronics.X-CUBE-NFC7.2.0.0
2025-08-18 20:18:28,624 [WARN] PackLoader:240 - Cannot read IP mode file for STMicroelectronics.FP-SNS-MOTENVWB1.1.3.1
2025-08-18 20:18:28,635 [WARN] PackLoader:240 - Cannot read IP mode file for STMicroelectronics.X-CUBE-AZRTOS-G4.1.0.0
2025-08-18 20:18:28,647 [WARN] PackLoader:240 - Cannot read IP mode file for STMicroelectronics.X-CUBE-AZRTOS-L4.1.0.0
2025-08-18 20:18:28,653 [WARN] PackLoader:240 - Cannot read IP mode file for STMicroelectronics.X-CUBE-ISPU.2.0.0
2025-08-18 20:18:28,662 [WARN] PackLoader:240 - Cannot read IP mode file for STMicroelectronics.X-CUBE-IPS.3.1.0
2025-08-18 20:18:28,671 [WARN] PackLoader:240 - Cannot read IP mode file for STMicroelectronics.X-CUBE-ALS.1.0.2
2025-08-18 20:18:28,699 [WARN] PackLoader:240 - Cannot read IP mode file for STMicroelectronics.X-CUBE-MEMS1.10.0.0
2025-08-18 20:18:28,789 [WARN] PackLoader:240 - Cannot read IP mode file for STMicroelectronics.X-CUBE-FREERTOS.1.1.0
2025-08-18 20:18:28,791 [WARN] PackLoader:240 - Cannot read IP mode file for STMicroelectronics.X-CUBE-TOUCHGFX.4.24.0
2025-08-18 20:18:28,799 [WARN] PackLoader:240 - Cannot read IP mode file for STMicroelectronics.X-CUBE-AZRTOS-WL.1.0.0
2025-08-18 20:18:28,804 [WARN] PackLoader:240 - Cannot read IP mode file for STMicroelectronics.X-CUBE-TOUCHGFX.4.24.1
2025-08-18 20:18:28,808 [WARN] PackLoader:240 - Cannot read IP mode file for wolfSSL.I-CUBE-wolfTPM.3.4.0
2025-08-18 20:18:28,813 [WARN] PackLoader:240 - Cannot read IP mode file for portGmbH.I-Cube-SoM-uGOAL.1.1.0
2025-08-18 20:18:28,818 [WARN] PackLoader:240 - Cannot read IP mode file for STMicroelectronics.X-CUBE-ALS.1.0.1
2025-08-18 20:18:28,827 [WARN] PackLoader:240 - Cannot read IP mode file for STMicroelectronics.X-CUBE-AZRTOS-WB.1.1.0
2025-08-18 20:18:28,841 [WARN] PackLoader:240 - Cannot read IP mode file for STMicroelectronics.X-CUBE-AZRTOS-L5.1.0.0
2025-08-18 20:18:28,849 [WARN] PackLoader:240 - Cannot read IP mode file for STMicroelectronics.X-CUBE-EEPRMA1.3.1.1
2025-08-18 20:18:28,865 [WARN] PackLoader:240 - Cannot read IP mode file for STMicroelectronics.X-CUBE-AZRTOS-H7RS.1.0.0
2025-08-18 20:18:28,870 [WARN] PackLoader:240 - Cannot read IP mode file for STMicroelectronics.FP-ATR-ASTRA1.2.0.0
2025-08-18 20:18:28,877 [WARN] PackLoader:240 - Cannot read IP mode file for STMicroelectronics.X-CUBE-TOF1.3.4.2
2025-08-18 20:18:28,891 [WARN] PackLoader:240 - Cannot read IP mode file for STMicroelectronics.X-CUBE-TOF1.3.4.3
2025-08-18 20:18:28,909 [WARN] PackLoader:240 - Cannot read IP mode file for STMicroelectronics.X-CUBE-TOF1.3.4.0
2025-08-18 20:18:28,925 [WARN] PackLoader:240 - Cannot read IP mode file for STMicroelectronics.X-CUBE-TOF1.3.4.1
2025-08-18 20:18:28,954 [WARN] PackLoader:240 - Cannot read IP mode file for STMicroelectronics.X-CUBE-AZRTOS-H7.3.2.0
2025-08-18 20:18:28,960 [WARN] PackLoader:240 - Cannot read IP mode file for wolfSSL.I-CUBE-wolfSSH.1.4.17
2025-08-18 20:18:28,961 [INFO] ThirdParty:978 - Integrity check success = true
2025-08-18 20:18:28,961 [INFO] IntegrityCheckThread:100 - exiting critical section [integrity check]
2025-08-18 20:18:28,961 [INFO] IntegrityCheckThread:103 - End integrity checks thread
2025-08-18 20:19:00,904 [INFO] WebApp:194 - Connection lost
2025-08-18 20:19:01,147 [INFO] WebApp:191 - Connection restablished
2025-08-18 20:19:03,136 [INFO] WebApp:194 - Connection lost
2025-08-18 20:19:03,311 [INFO] WebApp:191 - Connection restablished
2025-08-18 20:35:48,782 [INFO] WebApp:194 - Connection lost
2025-08-18 20:35:49,044 [INFO] WebApp:191 - Connection restablished
2025-08-18 22:25:19,132 [ERROR] LogOutputStream:75 - [STDERR_REDIRECT] 
2025-08-18 22:34:21,252 [INFO] Activator:176 - 


2025-08-18 22:34:21,252 [INFO] Activator:177 - !SESSION log4j initialized
2025-08-18 22:34:26,171 [INFO] LogOutputStream:77 - [STDOUT_REDIRECT] 
2025-08-18 22:34:27,430 [INFO] ApplicationProperties:184 - Using Application install path: C:\ST\STM32CubeIDE_1.14.0\STM32CubeIDE\plugins\com.st.stm32cube.common.mx_6.15.0.202507011659
2025-08-18 22:34:27,445 [INFO] DbMcusXml:78 - Set database path to: C:\ST\STM32CubeIDE_1.14.0\STM32CubeIDE\plugins\com.st.stm32cube.common.mx_6.15.0.202507011659\\db\/mcu/
2025-08-18 22:34:27,445 [INFO] ApiDb:274 - Set plugin database path to: C:\ST\STM32CubeIDE_1.14.0\STM32CubeIDE\plugins\com.st.stm32cube.common.mx_6.15.0.202507011659\\db\/plugins/boardmanager/
2025-08-18 22:34:27,445 [WARN] ApiDb:259 - Overriding images path with different value:  => C:\ST\STM32CubeIDE_1.14.0\STM32CubeIDE\plugins\com.st.stm32cube.common.mx_6.15.0.202507011659\\db\/plugins/mcufinder/images/
2025-08-18 22:34:27,449 [INFO] ApiDb:250 - Set database path to: C:\Users\jihoo\.stmcufinder\plugins\mcufinder//mcu/
2025-08-18 22:34:27,451 [INFO] DbMcusAds:125 - Set database path to: C:\Users\jihoo\.stmcufinder\plugins\mcufinder//mcu/
2025-08-18 22:34:27,453 [INFO] CrossReferenceDbSqlite:203 - Set database path to: C:\Users\jihoo\.stmcufinder\plugins\mcufinder//mcu/cs/
2025-08-18 22:34:27,544 [INFO] RulesReader:64 - Compatibility file has been processed (317 Rules)
2025-08-18 22:34:27,607 [INFO] DbMcusXml:78 - Set database path to: C:\ST\STM32CubeIDE_1.14.0\STM32CubeIDE\plugins\com.st.stm32cube.common.mx_6.15.0.202507011659\\db\/mcu/
2025-08-18 22:34:27,607 [INFO] ApiDb:274 - Set plugin database path to: C:\ST\STM32CubeIDE_1.14.0\STM32CubeIDE\plugins\com.st.stm32cube.common.mx_6.15.0.202507011659\\db\/plugins/boardmanager/
2025-08-18 22:34:27,607 [INFO] ApiDb:261 - Set plugin images path to: C:\ST\STM32CubeIDE_1.14.0\STM32CubeIDE\plugins\com.st.stm32cube.common.mx_6.15.0.202507011659\\db\/plugins/mcufinder/images/
2025-08-18 22:34:27,607 [WARN] DbFile:41 - Overriding database path with different value: C:\Users\jihoo\.stmcufinder\plugins\mcufinder/ => C:\Users\jihoo\.stmcufinder\plugins\mcufinder
2025-08-18 22:34:27,607 [INFO] ApiDb:250 - Set database path to: C:\Users\jihoo\.stmcufinder\plugins\mcufinder//mcu/
2025-08-18 22:34:27,608 [WARN] DbFile:41 - Overriding database path with different value: C:\Users\jihoo\.stmcufinder\plugins\mcufinder/ => C:\Users\jihoo\.stmcufinder\plugins\mcufinder
2025-08-18 22:34:27,608 [INFO] DbMcusAds:125 - Set database path to: C:\Users\jihoo\.stmcufinder\plugins\mcufinder//mcu/
2025-08-18 22:34:27,608 [WARN] DbFile:41 - Overriding database path with different value: C:\Users\jihoo\.stmcufinder\plugins\mcufinder/ => C:\Users\jihoo\.stmcufinder\plugins\mcufinder
2025-08-18 22:34:27,608 [WARN] DbFile:41 - Overriding database path with different value: C:\Users\jihoo\.stmcufinder\plugins\mcufinder/ => C:\Users\jihoo\.stmcufinder\plugins\mcufinder
2025-08-18 22:34:27,608 [INFO] CrossReferenceDbSqlite:203 - Set database path to: C:\Users\jihoo\.stmcufinder\plugins\mcufinder//mcu/cs/
2025-08-18 22:34:27,658 [INFO] MainPanel:274 - HeapMemory: 268435456
2025-08-18 22:34:27,722 [INFO] DbMcusXml:78 - Set database path to: C:\ST\STM32CubeIDE_1.14.0\STM32CubeIDE\plugins\com.st.stm32cube.common.mx_6.15.0.202507011659\\db\/mcu/
2025-08-18 22:34:27,722 [INFO] ApiDb:274 - Set plugin database path to: C:\ST\STM32CubeIDE_1.14.0\STM32CubeIDE\plugins\com.st.stm32cube.common.mx_6.15.0.202507011659\\db\/plugins/boardmanager/
2025-08-18 22:34:27,722 [INFO] ApiDb:261 - Set plugin images path to: C:\ST\STM32CubeIDE_1.14.0\STM32CubeIDE\plugins\com.st.stm32cube.common.mx_6.15.0.202507011659\\db\/plugins/mcufinder/images/
2025-08-18 22:34:27,722 [WARN] DbFile:41 - Overriding database path with different value: C:\Users\jihoo\.stmcufinder\plugins\mcufinder/ => C:\Users\jihoo\.stmcufinder\plugins\mcufinder
2025-08-18 22:34:27,722 [INFO] ApiDb:250 - Set database path to: C:\Users\jihoo\.stmcufinder\plugins\mcufinder//mcu/
2025-08-18 22:34:27,722 [WARN] DbFile:41 - Overriding database path with different value: C:\Users\jihoo\.stmcufinder\plugins\mcufinder/ => C:\Users\jihoo\.stmcufinder\plugins\mcufinder
2025-08-18 22:34:27,722 [INFO] DbMcusAds:125 - Set database path to: C:\Users\jihoo\.stmcufinder\plugins\mcufinder//mcu/
2025-08-18 22:34:27,722 [WARN] DbFile:41 - Overriding database path with different value: C:\Users\jihoo\.stmcufinder\plugins\mcufinder/ => C:\Users\jihoo\.stmcufinder\plugins\mcufinder
2025-08-18 22:34:27,723 [WARN] DbFile:41 - Overriding database path with different value: C:\Users\jihoo\.stmcufinder\plugins\mcufinder/ => C:\Users\jihoo\.stmcufinder\plugins\mcufinder
2025-08-18 22:34:27,723 [INFO] CrossReferenceDbSqlite:203 - Set database path to: C:\Users\jihoo\.stmcufinder\plugins\mcufinder//mcu/cs/
2025-08-18 22:34:27,740 [INFO] ApplicationProperties:184 - Using Application install path: C:\ST\STM32CubeIDE_1.14.0\STM32CubeIDE\plugins\com.st.stm32cube.common.mx_6.15.0.202507011659
2025-08-18 22:34:27,742 [INFO] PluginManage:196 - Search for loadable plugins [exclusion list=, ]
2025-08-18 22:34:27,743 [INFO] PluginManage:310 - Check plugin analytics
2025-08-18 22:34:27,889 [INFO] AnalyticsPlugin:253 - Accepted Software Licenses: STM32CubeMX.6.6.1,STM32CubeMX.6.7.0,STM32CubeMX.6.10.0,STM32CubeMX.6.12.0,STM32CubeMX.6.13.0,STM32CubeMX.6.14.1,STM32CubeMX.6.15.0
2025-08-18 22:34:27,889 [INFO] AnalyticsPlugin:255 - Accepted CMSIS Pack Licenses: 
2025-08-18 22:34:27,890 [INFO] AnalyticsPlugin:257 - Accepted Firmware Licenses: FW.H7.1.12.0,FW.F4.1.28.0
2025-08-18 22:34:27,892 [INFO] PluginManage:359 - Loaded plugin analytics (category:tool,tabindex:-1)
2025-08-18 22:34:27,892 [INFO] PluginManage:310 - Check plugin cadmodel
2025-08-18 22:34:27,895 [INFO] CADModel:105 - Init CAD model plugin
2025-08-18 22:34:27,896 [INFO] PluginManage:359 - Loaded plugin cadmodel (category:power,tabindex:5)
2025-08-18 22:34:27,896 [INFO] PluginManage:310 - Check plugin clock
2025-08-18 22:34:27,903 [INFO] PluginManage:359 - Loaded plugin clock (category:base,tabindex:2)
2025-08-18 22:34:27,903 [INFO] PluginManage:310 - Check plugin ddr
2025-08-18 22:34:27,904 [INFO] PluginManage:359 - Loaded plugin ddr (category:tool,tabindex:6)
2025-08-18 22:34:27,905 [INFO] PluginManage:310 - Check plugin filemanager
2025-08-18 22:34:28,026 [INFO] PluginManage:359 - Loaded plugin filemanager (category:base,tabindex:10)
2025-08-18 22:34:28,026 [INFO] PluginManage:310 - Check plugin ipmanager
2025-08-18 22:34:28,032 [INFO] PluginManage:359 - Loaded plugin ipmanager (category:base,tabindex:5)
2025-08-18 22:34:28,032 [INFO] PluginManage:310 - Check plugin lpbam
2025-08-18 22:34:28,039 [INFO] PluginManage:359 - Loaded plugin lpbam (category:base,tabindex:0)
2025-08-18 22:34:28,039 [INFO] PluginManage:310 - Check plugin memorymap
2025-08-18 22:34:28,051 [INFO] PluginManage:359 - Loaded plugin memorymap (category:base,tabindex:4)
2025-08-18 22:34:28,051 [INFO] PluginManage:310 - Check plugin pinoutandconfiguration
2025-08-18 22:34:28,058 [INFO] PluginManage:359 - Loaded plugin pinoutandconfiguration (category:base,tabindex:1)
2025-08-18 22:34:28,059 [INFO] PluginManage:310 - Check plugin pinoutconfig
2025-08-18 22:34:28,139 [WARN] SupportedApi:132 - Cannot load RTOS API schema: s4s-elt-must-match.1: The content of 'definitions' must match (annotation?, (simpleType | complexType)?, (unique | key | keyref)*)). A problem was found starting at: attribute.
2025-08-18 22:34:28,234 [INFO] PluginManage:359 - Loaded plugin pinoutconfig (category:base,tabindex:0)
2025-08-18 22:34:28,235 [INFO] PluginManage:310 - Check plugin power
2025-08-18 22:34:28,241 [INFO] PluginManage:359 - Loaded plugin power (category:power,tabindex:4)
2025-08-18 22:34:28,241 [INFO] PluginManage:310 - Check plugin projectmanager
2025-08-18 22:34:28,255 [INFO] PluginManage:359 - Loaded plugin projectmanager (category:projectmanager,tabindex:4)
2025-08-18 22:34:28,255 [INFO] PluginManage:310 - Check plugin rif
2025-08-18 22:34:28,264 [INFO] PluginManage:359 - Loaded plugin rif (category:base,tabindex:3)
2025-08-18 22:34:28,264 [INFO] PluginManage:310 - Check plugin thirdparty
2025-08-18 22:34:28,369 [INFO] PluginManage:359 - Loaded plugin thirdparty (category:base,tabindex:-1)
2025-08-18 22:34:28,369 [INFO] PluginManage:310 - Check plugin tools
2025-08-18 22:34:28,369 [WARN] IntegrityCheckThread:84 - waiting for thirdparty lock release [integrity check]
2025-08-18 22:34:28,369 [INFO] IntegrityCheckThread:86 - entering critical section [integrity check]
2025-08-18 22:34:28,369 [INFO] ThirdPartyUpdaterWithRetryManager:70 - Updater plugin not ready yet. [1/15]
2025-08-18 22:34:28,372 [INFO] PluginManage:359 - Loaded plugin tools (category:base,tabindex:7)
2025-08-18 22:34:28,372 [INFO] PluginManage:310 - Check plugin tutovideos
2025-08-18 22:34:28,510 [INFO] PluginManage:359 - Loaded plugin tutovideos (category:base,tabindex:-1)
2025-08-18 22:34:28,510 [INFO] PluginManage:310 - Check plugin updater
2025-08-18 22:34:28,528 [INFO] PluginManage:359 - Loaded plugin updater (category:base,tabindex:12)
2025-08-18 22:34:28,528 [INFO] PluginManage:310 - Check plugin userauth
2025-08-18 22:34:28,530 [INFO] UserAuth:118 - Init User Auth plugin
2025-08-18 22:34:28,531 [INFO] PluginManage:359 - Loaded plugin userauth (category:base,tabindex:14)
2025-08-18 22:34:28,531 [INFO] PluginManage:283 - PluginManage : Loaded plugins [18]
2025-08-18 22:34:28,701 [INFO] PinOutPanel:1589 - setPackage(No Configuration,No Configuration)
2025-08-18 22:34:28,783 [INFO] CADModel:165 - CPN selected for project level
2025-08-18 22:34:28,783 [INFO] CADModel:114 - Register for checkConnection events
2025-08-18 22:34:28,801 [INFO] IPUIPlugin:80 - create IPUIPlugin
2025-08-18 22:34:28,801 [INFO] PluginManager:220 - loadIPPluginJar : add adc
2025-08-18 22:34:28,804 [INFO] IPUIPlugin:80 - create IPUIPlugin
2025-08-18 22:34:28,804 [INFO] PluginManager:220 - loadIPPluginJar : add aes
2025-08-18 22:34:28,806 [INFO] IPUIPlugin:80 - create IPUIPlugin
2025-08-18 22:34:28,807 [INFO] PluginManager:220 - loadIPPluginJar : add can
2025-08-18 22:34:28,808 [INFO] IPUIPlugin:80 - create IPUIPlugin
2025-08-18 22:34:28,808 [INFO] PluginManager:220 - loadIPPluginJar : add comp
2025-08-18 22:34:28,810 [INFO] IPUIPlugin:80 - create IPUIPlugin
2025-08-18 22:34:28,810 [INFO] PluginManager:220 - loadIPPluginJar : add cryp
2025-08-18 22:34:28,812 [INFO] IPUIPlugin:80 - create IPUIPlugin
2025-08-18 22:34:28,812 [INFO] PluginManager:220 - loadIPPluginJar : add ddr_ctrl_phy
2025-08-18 22:34:28,815 [INFO] IPUIPlugin:80 - create IPUIPlugin
2025-08-18 22:34:28,815 [INFO] PluginManager:220 - loadIPPluginJar : add dfsdm
2025-08-18 22:34:28,821 [INFO] IPUIPlugin:80 - create IPUIPlugin
2025-08-18 22:34:28,821 [INFO] PluginManager:220 - loadIPPluginJar : add dma
2025-08-18 22:34:28,824 [INFO] IPUIPlugin:80 - create IPUIPlugin
2025-08-18 22:34:28,824 [INFO] PluginManager:220 - loadIPPluginJar : add dma3
2025-08-18 22:34:28,827 [INFO] IPUIPlugin:80 - create IPUIPlugin
2025-08-18 22:34:28,827 [INFO] PluginManager:220 - loadIPPluginJar : add extmemmanager
2025-08-18 22:34:28,829 [INFO] IPUIPlugin:80 - create IPUIPlugin
2025-08-18 22:34:28,829 [INFO] PluginManager:220 - loadIPPluginJar : add fatfs
2025-08-18 22:34:28,834 [INFO] IPUIPlugin:80 - create IPUIPlugin
2025-08-18 22:34:28,834 [INFO] PluginManager:220 - loadIPPluginJar : add fmc
2025-08-18 22:34:28,839 [INFO] IPUIPlugin:80 - create IPUIPlugin
2025-08-18 22:34:28,839 [INFO] PluginManager:220 - loadIPPluginJar : add freertos
2025-08-18 22:34:28,840 [INFO] IPUIPlugin:80 - create IPUIPlugin
2025-08-18 22:34:28,840 [INFO] PluginManager:220 - loadIPPluginJar : add genericplugin
2025-08-18 22:34:28,842 [INFO] IPUIPlugin:80 - create IPUIPlugin
2025-08-18 22:34:28,842 [INFO] PluginManager:220 - loadIPPluginJar : add gfxmmu
2025-08-18 22:34:28,847 [INFO] IPUIPlugin:80 - create IPUIPlugin
2025-08-18 22:34:28,847 [INFO] PluginManager:220 - loadIPPluginJar : add gic
2025-08-18 22:34:28,851 [INFO] IPUIPlugin:80 - create IPUIPlugin
2025-08-18 22:34:28,851 [INFO] PluginManager:220 - loadIPPluginJar : add gpio
2025-08-18 22:34:28,853 [INFO] IPUIPlugin:80 - create IPUIPlugin
2025-08-18 22:34:28,854 [INFO] PluginManager:220 - loadIPPluginJar : add gtzc
2025-08-18 22:34:28,856 [INFO] IPUIPlugin:80 - create IPUIPlugin
2025-08-18 22:34:28,856 [INFO] PluginManager:220 - loadIPPluginJar : add hash
2025-08-18 22:34:28,859 [INFO] IPUIPlugin:80 - create IPUIPlugin
2025-08-18 22:34:28,859 [INFO] PluginManager:220 - loadIPPluginJar : add i2c
2025-08-18 22:34:28,861 [INFO] IPUIPlugin:80 - create IPUIPlugin
2025-08-18 22:34:28,861 [INFO] PluginManager:220 - loadIPPluginJar : add i2s
2025-08-18 22:34:28,864 [INFO] IPUIPlugin:80 - create IPUIPlugin
2025-08-18 22:34:28,864 [INFO] PluginManager:220 - loadIPPluginJar : add i3c
2025-08-18 22:34:28,867 [INFO] IPUIPlugin:80 - create IPUIPlugin
2025-08-18 22:34:28,867 [INFO] PluginManager:220 - loadIPPluginJar : add ipddr
2025-08-18 22:34:28,873 [INFO] IPUIPlugin:80 - create IPUIPlugin
2025-08-18 22:34:28,874 [INFO] PluginManager:220 - loadIPPluginJar : add linkedlist
2025-08-18 22:34:28,876 [INFO] IPUIPlugin:80 - create IPUIPlugin
2025-08-18 22:34:28,876 [INFO] PluginManager:220 - loadIPPluginJar : add lorawan
2025-08-18 22:34:28,878 [INFO] IPUIPlugin:80 - create IPUIPlugin
2025-08-18 22:34:28,878 [INFO] PluginManager:220 - loadIPPluginJar : add ltdc
2025-08-18 22:34:28,883 [INFO] IPUIPlugin:80 - create IPUIPlugin
2025-08-18 22:34:28,883 [INFO] PluginManager:220 - loadIPPluginJar : add mdma
2025-08-18 22:34:28,886 [INFO] IPUIPlugin:80 - create IPUIPlugin
2025-08-18 22:34:28,886 [INFO] PluginManager:220 - loadIPPluginJar : add nvic
2025-08-18 22:34:28,890 [INFO] IPUIPlugin:80 - create IPUIPlugin
2025-08-18 22:34:28,890 [INFO] PluginManager:220 - loadIPPluginJar : add opamp
2025-08-18 22:34:28,893 [INFO] IPUIPlugin:80 - create IPUIPlugin
2025-08-18 22:34:28,893 [INFO] PluginManager:220 - loadIPPluginJar : add openamp
2025-08-18 22:34:28,896 [INFO] IPUIPlugin:80 - create IPUIPlugin
2025-08-18 22:34:28,896 [INFO] PluginManager:220 - loadIPPluginJar : add pdm2pcm
2025-08-18 22:34:28,902 [INFO] IPUIPlugin:80 - create IPUIPlugin
2025-08-18 22:34:28,905 [INFO] PluginManager:220 - loadIPPluginJar : add plateformsettings
2025-08-18 22:34:28,907 [INFO] IPUIPlugin:80 - create IPUIPlugin
2025-08-18 22:34:28,907 [INFO] PluginManager:220 - loadIPPluginJar : add quadspi
2025-08-18 22:34:28,909 [INFO] IPUIPlugin:80 - create IPUIPlugin
2025-08-18 22:34:28,910 [INFO] PluginManager:220 - loadIPPluginJar : add radio
2025-08-18 22:34:28,914 [INFO] IPUIPlugin:80 - create IPUIPlugin
2025-08-18 22:34:28,914 [INFO] PluginManager:220 - loadIPPluginJar : add resmgrutility
2025-08-18 22:34:28,917 [INFO] IPUIPlugin:80 - create IPUIPlugin
2025-08-18 22:34:28,918 [INFO] PluginManager:220 - loadIPPluginJar : add sai
2025-08-18 22:34:28,920 [INFO] IPUIPlugin:80 - create IPUIPlugin
2025-08-18 22:34:28,920 [INFO] PluginManager:220 - loadIPPluginJar : add spi
2025-08-18 22:34:28,927 [INFO] IPUIPlugin:80 - create IPUIPlugin
2025-08-18 22:34:28,927 [INFO] PluginManager:220 - loadIPPluginJar : add stm32_wpan
2025-08-18 22:34:28,929 [INFO] IPUIPlugin:80 - create IPUIPlugin
2025-08-18 22:34:28,929 [INFO] PluginManager:220 - loadIPPluginJar : add tim
2025-08-18 22:34:28,933 [INFO] IPUIPlugin:80 - create IPUIPlugin
2025-08-18 22:34:28,933 [INFO] PluginManager:220 - loadIPPluginJar : add touchsensing
2025-08-18 22:34:28,935 [INFO] IPUIPlugin:80 - create IPUIPlugin
2025-08-18 22:34:28,935 [INFO] PluginManager:220 - loadIPPluginJar : add tracer_emb
2025-08-18 22:34:28,937 [INFO] IPUIPlugin:80 - create IPUIPlugin
2025-08-18 22:34:28,937 [INFO] PluginManager:220 - loadIPPluginJar : add ts
2025-08-18 22:34:28,939 [INFO] IPUIPlugin:80 - create IPUIPlugin
2025-08-18 22:34:28,939 [INFO] PluginManager:220 - loadIPPluginJar : add tsc
2025-08-18 22:34:28,940 [INFO] IPUIPlugin:80 - create IPUIPlugin
2025-08-18 22:34:28,940 [INFO] PluginManager:220 - loadIPPluginJar : add ucpd
2025-08-18 22:34:28,942 [INFO] IPUIPlugin:80 - create IPUIPlugin
2025-08-18 22:34:28,942 [INFO] PluginManager:220 - loadIPPluginJar : add usart
2025-08-18 22:34:28,945 [INFO] IPUIPlugin:80 - create IPUIPlugin
2025-08-18 22:34:28,945 [INFO] PluginManager:220 - loadIPPluginJar : add usbx
2025-08-18 22:34:29,077 [FATAL] Updater:351 - Updater called before beeing initialized
2025-08-18 22:34:29,100 [INFO] RulesReader:64 - Compatibility file has been processed (317 Rules)
2025-08-18 22:34:29,126 [INFO] RulesReader:64 - Compatibility file has been processed (317 Rules)
2025-08-18 22:34:29,135 [INFO] CADModel:165 - CPN selected for project level
2025-08-18 22:34:29,135 [INFO] CADModel:114 - Register for checkConnection events
2025-08-18 22:34:29,135 [FATAL] Updater:351 - Updater called before beeing initialized
2025-08-18 22:34:29,135 [ERROR] CADModel:125 - Updater not yet initialized, retry later 
2025-08-18 22:34:29,271 [FATAL] Updater:351 - Updater called before beeing initialized
2025-08-18 22:34:29,273 [INFO] CADModel:165 - CPN selected for project level
2025-08-18 22:34:29,273 [INFO] CADModel:114 - Register for checkConnection events
2025-08-18 22:34:29,273 [FATAL] Updater:351 - Updater called before beeing initialized
2025-08-18 22:34:29,273 [ERROR] CADModel:125 - Updater not yet initialized, retry later 
2025-08-18 22:34:29,276 [FATAL] Updater:351 - Updater called before beeing initialized
2025-08-18 22:34:29,407 [FATAL] Updater:351 - Updater called before beeing initialized
2025-08-18 22:34:29,411 [INFO] DbMcusAds:53 - JSON generation date=Tue Jul 08 17:14:23 KST 2025 (1751962463582)
2025-08-18 22:34:29,412 [FATAL] Updater:351 - Updater called before beeing initialized
2025-08-18 22:34:29,445 [WARN] DetailPanel:346 - Failed to get advertising image, set to default
2025-08-18 22:34:29,540 [FATAL] Updater:351 - Updater called before beeing initialized
2025-08-18 22:34:29,541 [FATAL] Updater:351 - Updater called before beeing initialized
2025-08-18 22:34:29,542 [FATAL] Updater:351 - Updater called before beeing initialized
2025-08-18 22:34:29,542 [WARN] DetailPanel:346 - Failed to get advertising image, set to default
2025-08-18 22:34:29,542 [FATAL] Updater:351 - Updater called before beeing initialized
2025-08-18 22:34:29,597 [ERROR] Updater:1198 - MainUpdater not yet initialized. External WinMGr cannot be set.
2025-08-18 22:34:29,599 [INFO] Updater:1134 - Updater Version found : 6.15.0
2025-08-18 22:34:29,611 [INFO] ApplicationProperties:184 - Using Application install path: C:\ST\STM32CubeIDE_1.14.0\STM32CubeIDE\plugins\com.st.stm32cube.common.mx_6.15.0.202507011659
2025-08-18 22:34:29,958 [INFO] MainUpdater:2872 - connection check result : 10
2025-08-18 22:34:29,959 [INFO] MainUpdater:289 - Updater Check For Update Now.
2025-08-18 22:34:29,959 [INFO] MicroXplorer:498 - Change Database Version : DB.6.0.150
2025-08-18 22:34:29,964 [INFO] McuFinderGlobals:63 - Set McuFinder mode to 2 (CubeIDE integrated)
2025-08-18 22:34:29,965 [INFO] UserAuth:487 - Internet connection configuration mode: 1
2025-08-18 22:34:29,977 [INFO] JxBrowserEngine:152 - Initiate JxBrowser Engine with user profile folder
2025-08-18 22:34:30,122 [INFO] CheckServerUpdateThread:120 - End of CheckServer Thread
2025-08-18 22:34:30,685 [INFO] WebApp:169 - Instantiating new browser for Auth
2025-08-18 22:34:31,240 [INFO] WebApp:463 - Apply proxy settings
2025-08-18 22:34:31,241 [INFO] WebApp:548 - Chromium requires no authentication
2025-08-18 22:34:31,246 [INFO] WebApp:491 - Direct internet connection detected
2025-08-18 22:34:31,261 [INFO] WebApp:900 - Register for checkConnection events
2025-08-18 22:34:31,262 [INFO] WebApp:463 - Apply proxy settings
2025-08-18 22:34:31,262 [INFO] WebApp:548 - Chromium requires no authentication
2025-08-18 22:34:31,262 [INFO] WebApp:491 - Direct internet connection detected
2025-08-18 22:34:31,373 [INFO] WebApp:225 - Starting web application
2025-08-18 22:34:31,373 [INFO] WebApp:593 - Web application path used C:\ST\STM32CubeIDE_1.14.0\STM32CubeIDE\plugins\com.st.stm32cube.common.mx_6.15.0.202507011659\db\plugins\mcufinder\reactClient1\index.html
2025-08-18 22:34:31,522 [INFO] UserAuth:487 - Internet connection configuration mode: 1
2025-08-18 22:34:31,628 [WARN] PackLoader:240 - Cannot read IP mode file for STMicroelectronics.FP-SNS-MOTENVWB1.1.4.0
2025-08-18 22:34:31,638 [WARN] PackLoader:240 - Cannot read IP mode file for STMicroelectronics.FP-ATR-ASTRA1.2.0.2
2025-08-18 22:34:31,643 [WARN] PackLoader:240 - Cannot read IP mode file for STMicroelectronics.FP-ATR-ASTRA1.2.0.1
2025-08-18 22:34:31,648 [INFO] WebApp:191 - Connection restablished
2025-08-18 22:34:31,651 [WARN] PackLoader:240 - Cannot read IP mode file for STMicroelectronics.X-CUBE-SMBUS.2.1.0
2025-08-18 22:34:31,661 [WARN] PackLoader:240 - Cannot read IP mode file for STMicroelectronics.X-CUBE-WB05N.1.1.0
2025-08-18 22:34:31,667 [WARN] PackLoader:240 - Cannot read IP mode file for STMicroelectronics.X-CUBE-ST60.1.0.0
2025-08-18 22:34:31,672 [WARN] PackLoader:240 - Cannot read IP mode file for STMicroelectronics.X-CUBE-TOUCHGFX.4.23.0
2025-08-18 22:34:31,696 [WARN] PackLoader:240 - Cannot read IP mode file for STMicroelectronics.X-CUBE-AZRTOS-F7.1.1.0
2025-08-18 22:34:31,704 [WARN] PackLoader:240 - Cannot read IP mode file for STMicroelectronics.FP-SNS-MOTENV1.4.3.2
2025-08-18 22:34:31,709 [ERROR] RealEvaluatedCondition:428 - Found unsupported composite condition: CLASS='Data Exchange' GROUP='STM32_MetaDataManager'
2025-08-18 22:34:31,709 [ERROR] RealEvaluatedCondition:428 - Found unsupported composite condition: GROUP='STM32_MetaDataManager' CLASS='Data Exchange'
2025-08-18 22:34:31,710 [WARN] PackLoader:240 - Cannot read IP mode file for STMicroelectronics.FP-SNS-MOTENV1.4.3.1
2025-08-18 22:34:31,717 [WARN] PackLoader:240 - Cannot read IP mode file for STMicroelectronics.FP-SNS-FLIGHT1.5.0.1
2025-08-18 22:34:31,730 [WARN] PackLoader:240 - Cannot read IP mode file for STMicroelectronics.X-CUBE-BLE1.6.2.3
2025-08-18 22:34:31,778 [WARN] PackLoader:240 - Cannot read IP mode file for STMicroelectronics.X-CUBE-MEMS1.11.0.0
2025-08-18 22:34:31,892 [WARN] PackLoader:240 - Cannot read IP mode file for STMicroelectronics.X-CUBE-BLE1.6.2.4
2025-08-18 22:34:31,897 [WARN] PackLoader:240 - Cannot read IP mode file for STMicroelectronics.FP-SNS-FLIGHT1.5.0.2
2025-08-18 22:34:31,905 [WARN] PackLoader:240 - Cannot read IP mode file for STMicroelectronics.X-CUBE-TOF1.3.1.0
2025-08-18 22:34:31,937 [WARN] PackLoader:240 - Cannot read IP mode file for STMicroelectronics.X-CUBE-AZRTOS-H7.3.4.0
2025-08-18 22:34:31,945 [WARN] PackLoader:240 - Cannot read IP mode file for STMicroelectronics.X-CUBE-DISPLAY.3.0.0
2025-08-18 22:34:31,954 [WARN] PackLoader:240 - Cannot read IP mode file for STMicroelectronics.X-CUBE-BLE1.7.0.0
2025-08-18 22:34:31,960 [WARN] PackLoader:240 - Cannot read IP mode file for STMicroelectronics.X-CUBE-NFC10.1.0.0
2025-08-18 22:34:31,970 [WARN] PackLoader:240 - Cannot read IP mode file for STMicroelectronics.X-CUBE-BLEMGR.4.0.0
2025-08-18 22:34:31,978 [WARN] PackLoader:240 - Cannot read IP mode file for emotas.I-CUBE-CANOPEN.1.3.0
2025-08-18 22:34:32,015 [WARN] PackLoader:240 - Cannot read IP mode file for STMicroelectronics.X-CUBE-MEMS1.9.3.0
2025-08-18 22:34:32,112 [WARN] PackLoader:240 - Cannot read IP mode file for STMicroelectronics.X-CUBE-AI.7.2.0
2025-08-18 22:34:32,122 [WARN] PackLoader:240 - Cannot read IP mode file for STMicroelectronics.X-CUBE-BLEMGR.3.1.0
2025-08-18 22:34:32,128 [WARN] PackLoader:240 - Cannot read IP mode file for STMicroelectronics.X-CUBE-AI.10.0.0
2025-08-18 22:34:32,138 [WARN] PackLoader:240 - Cannot read IP mode file for STMicroelectronics.FP-SNS-STBOX1.2.1.0
2025-08-18 22:34:32,146 [WARN] PackLoader:240 - Cannot read IP mode file for STMicroelectronics.FP-SNS-SMARTAG2.1.2.0
2025-08-18 22:34:32,151 [WARN] PackLoader:240 - Cannot read IP mode file for STMicroelectronics.FP-SNS-FLIGHT1.5.1.0
2025-08-18 22:34:32,162 [INFO] LogOutputStream:77 - [STDOUT_REDIRECT] 1 : Invalid condition id : UX_CORESTACK_Condition cause : null
2025-08-18 22:34:32,163 [INFO] LogOutputStream:77 - [STDOUT_REDIRECT] 1 : Invalid condition id : UX_CORESTACK_Condition cause : null
2025-08-18 22:34:32,166 [INFO] LogOutputStream:77 - [STDOUT_REDIRECT] 1 : Invalid condition id : UX_CORESTACK_Condition cause : null
2025-08-18 22:34:32,168 [INFO] LogOutputStream:77 - [STDOUT_REDIRECT] 1 : Invalid condition id : UX_CORESTACK_Condition cause : null
2025-08-18 22:34:32,170 [INFO] LogOutputStream:77 - [STDOUT_REDIRECT] 1 : Invalid condition id : UX_CORESTACK_Condition cause : null
2025-08-18 22:34:32,176 [WARN] PackLoader:240 - Cannot read IP mode file for STMicroelectronics.X-CUBE-AZRTOS-WL.2.0.0
2025-08-18 22:34:32,185 [WARN] PackLoader:240 - Cannot read IP mode file for STMicroelectronics.FP-SNS-MOTENV1.5.0.0
2025-08-18 22:34:32,191 [WARN] PackLoader:240 - Cannot read IP mode file for wolfSSL.I-CUBE-wolfMQTT.1.19.0
2025-08-18 22:34:32,200 [WARN] PackLoader:240 - Cannot read IP mode file for WES.I-CUBE-Cesium.1.3.0
2025-08-18 22:34:32,217 [WARN] PackLoader:240 - Cannot read IP mode file for STMicroelectronics.X-CUBE-BLE2.3.3.0
2025-08-18 22:34:32,225 [WARN] PackLoader:240 - Cannot read IP mode file for STMicroelectronics.X-CUBE-DISPLAY.2.2.0
2025-08-18 22:34:32,238 [WARN] PackLoader:240 - Cannot read IP mode file for STMicroelectronics.X-CUBE-TOF1.3.2.0
2025-08-18 22:34:32,250 [WARN] PackLoader:240 - Cannot read IP mode file for STMicroelectronics.X-CUBE-ISPU.1.0.0
2025-08-18 22:34:32,259 [WARN] PackLoader:240 - Cannot read IP mode file for STMicroelectronics.X-CUBE-NFC9.1.0.0
2025-08-18 22:34:32,284 [WARN] PackLoader:240 - Cannot read IP mode file for STMicroelectronics.X-CUBE-AZRTOS-H7.2.1.0
2025-08-18 22:34:32,290 [WARN] PackLoader:240 - Cannot read IP mode file for STMicroelectronics.X-CUBE-BLE1.7.1.0
2025-08-18 22:34:32,295 [WARN] PackLoader:240 - Cannot read IP mode file for STMicroelectronics.X-CUBE-TCPP.4.1.0
2025-08-18 22:34:32,301 [WARN] PackLoader:240 - Cannot read IP mode file for STMicroelectronics.X-CUBE-EEPRMA1.5.2.0
2025-08-18 22:34:32,305 [WARN] PackLoader:240 - Cannot read IP mode file for STMicroelectronics.X-CUBE-TOUCHGFX.4.21.1
2025-08-18 22:34:32,307 [WARN] PackLoader:240 - Cannot read IP mode file for STMicroelectronics.X-CUBE-TOUCHGFX.4.21.0
2025-08-18 22:34:32,310 [WARN] PackLoader:240 - Cannot read IP mode file for STMicroelectronics.X-CUBE-TOUCHGFX.4.21.4
2025-08-18 22:34:32,345 [WARN] PackLoader:240 - Cannot read IP mode file for STMicroelectronics.X-CUBE-MEMS1.9.4.0
2025-08-18 22:34:32,420 [WARN] PackLoader:240 - Cannot read IP mode file for STMicroelectronics.X-CUBE-AI.7.3.0
2025-08-18 22:34:32,423 [WARN] PackLoader:240 - Cannot read IP mode file for STMicroelectronics.X-CUBE-AI.10.1.0
2025-08-18 22:34:32,427 [WARN] PackLoader:240 - Cannot read IP mode file for STMicroelectronics.X-CUBE-ALGOBUILD.1.3.0
2025-08-18 22:34:32,457 [WARN] PackLoader:240 - Cannot read IP mode file for STMicroelectronics.X-CUBE-MEMS1.11.2.0
2025-08-18 22:34:32,543 [WARN] PackLoader:240 - Cannot read IP mode file for STMicroelectronics.X-CUBE-AZRTOS-G0.1.1.0
2025-08-18 22:34:32,548 [WARN] PackLoader:240 - Cannot read IP mode file for STMicroelectronics.X-CUBE-SAFEA1.1.2.2
2025-08-18 22:34:32,553 [WARN] PackLoader:240 - Cannot read IP mode file for STMicroelectronics.X-CUBE-NFC4.3.0.0
2025-08-18 22:34:32,573 [WARN] PackLoader:240 - Cannot read IP mode file for SEGGER.I-CUBE-embOS.1.2.0
2025-08-18 22:34:32,608 [WARN] PackLoader:240 - Cannot read IP mode file for EmbeddedOffice.I-CUBE-FS-RTOS.1.0.1
2025-08-18 22:34:32,612 [WARN] PackLoader:240 - Cannot read IP mode file for STMicroelectronics.X-CUBE-WB05N.2.0.0
2025-08-18 22:34:32,618 [WARN] PackLoader:240 - Cannot read IP mode file for STMicroelectronics.X-CUBE-BLEMGR.3.0.0
2025-08-18 22:34:32,624 [WARN] PackLoader:240 - Cannot read IP mode file for STMicroelectronics.X-CUBE-BLEMGR.1.3.0
2025-08-18 22:34:32,628 [WARN] PackLoader:240 - Cannot read IP mode file for STMicroelectronics.X-CUBE-TCPP.4.2.0
2025-08-18 22:34:32,634 [WARN] PackLoader:240 - Cannot read IP mode file for RealThread.X-CUBE-RT-Thread_Nano.4.1.1
2025-08-18 22:34:32,637 [WARN] PackLoader:240 - Cannot read IP mode file for STMicroelectronics.FP-ATR-SIGFOX1.3.2.0
2025-08-18 22:34:32,640 [WARN] ConditionMgr:438 - getConditionDescription Invalid condition id : Cortex-A Device cause : null
2025-08-18 22:34:32,651 [WARN] ConditionMgr:1044 - genDependencies : Invalid condition id : Cortex-A Device cause : null
2025-08-18 22:34:32,651 [WARN] ConditionMgr:1044 - genDependencies : Invalid condition id : Cortex-A Device cause : null
2025-08-18 22:34:32,652 [WARN] ConditionMgr:1044 - genDependencies : Invalid condition id : Cortex-A Device cause : null
2025-08-18 22:34:32,655 [WARN] PackLoader:240 - Cannot read IP mode file for STMicroelectronics.X-CUBE-EEPRMA1.5.1.0
2025-08-18 22:34:32,660 [WARN] PackLoader:240 - Cannot read IP mode file for emotas.I-CUBE-CANOPEN.1.1.2
2025-08-18 22:34:32,663 [WARN] PackLoader:240 - Cannot read IP mode file for STMicroelectronics.X-CUBE-TOUCHGFX.4.20.0
2025-08-18 22:34:32,668 [WARN] PackLoader:240 - Cannot read IP mode file for STMicroelectronics.X-CUBE-ST67W61.1.0.0
2025-08-18 22:34:32,672 [WARN] PackLoader:240 - Cannot read IP mode file for STMicroelectronics.X-CUBE-AI.10.2.0
2025-08-18 22:34:32,689 [WARN] PackLoader:240 - Cannot read IP mode file for SEGGER.I-CUBE-embOS.1.3.1
2025-08-18 22:34:32,724 [WARN] PackLoader:240 - Cannot read IP mode file for STMicroelectronics.X-CUBE-ALGOBUILD.1.4.0
2025-08-18 22:34:32,768 [WARN] PackLoader:240 - Cannot read IP mode file for STMicroelectronics.X-CUBE-MEMS1.11.3.0
2025-08-18 22:34:32,891 [WARN] PackLoader:240 - Cannot read IP mode file for STMicroelectronics.X-CUBE-AI.9.1.0
2025-08-18 22:34:32,896 [WARN] PackLoader:240 - Cannot read IP mode file for STMicroelectronics.X-CUBE-PM33A1.1.0.0
2025-08-18 22:34:32,902 [WARN] PackLoader:240 - Cannot read IP mode file for STMicroelectronics.X-CUBE-GNSS1.6.0.0
2025-08-18 22:34:32,916 [WARN] PackLoader:240 - Cannot read IP mode file for STMicroelectronics.X-CUBE-AZRTOS-F4.1.1.0
2025-08-18 22:34:32,921 [WARN] PackLoader:240 - Cannot read IP mode file for Avnet-IotConnect.X-CUBE-IoTC-DA16k-PMOD.1.0.0
2025-08-18 22:34:32,924 [WARN] PackLoader:240 - Cannot read IP mode file for STMicroelectronics.X-CUBE-ISPU.2.1.0
2025-08-18 22:34:32,928 [WARN] PackLoader:240 - Cannot read IP mode file for STMicroelectronics.X-CUBE-FREERTOS.1.2.0
2025-08-18 22:34:32,931 [WARN] PackLoader:240 - Cannot read IP mode file for wolfSSL.I-CUBE-wolfSSL.5.6.6
2025-08-18 22:34:32,937 [WARN] PackLoader:240 - Cannot read IP mode file for STMicroelectronics.X-CUBE-NFC12.1.0.0
2025-08-18 22:34:32,951 [WARN] PackLoader:240 - Cannot read IP mode file for STMicroelectronics.X-CUBE-AZRTOS-L5.2.0.0
2025-08-18 22:34:32,978 [WARN] PackLoader:240 - Cannot read IP mode file for STMicroelectronics.X-CUBE-MEMS1.9.6.0
2025-08-18 22:34:33,047 [WARN] PackLoader:240 - Cannot read IP mode file for STMicroelectronics.X-CUBE-EEPRMA1.4.2.0
2025-08-18 22:34:33,052 [WARN] PackLoader:240 - Cannot read IP mode file for STMicroelectronics.X-CUBE-NFC6.3.1.0
2025-08-18 22:34:33,057 [WARN] PackLoader:240 - Cannot read IP mode file for ITTIA_DB.I-CUBE-ITTIADB.8.8.0
2025-08-18 22:34:33,061 [WARN] PackLoader:240 - Cannot read IP mode file for STMicroelectronics.X-CUBE-BLEMGR.2.0.0
2025-08-18 22:34:33,066 [WARN] PackLoader:240 - Cannot read IP mode file for STMicroelectronics.X-CUBE-DPower.1.2.0
2025-08-18 22:34:33,069 [WARN] PackLoader:240 - Cannot read IP mode file for STMicroelectronics.X-CUBE-NFC4.2.0.5
2025-08-18 22:34:33,073 [WARN] PackLoader:240 - Cannot read IP mode file for STMicroelectronics.X-CUBE-NFC4.2.0.4
2025-08-18 22:34:33,077 [WARN] PackLoader:240 - Cannot read IP mode file for STMicroelectronics.X-CUBE-AI.9.0.0
2025-08-18 22:34:33,093 [WARN] ConditionMgr:438 - getConditionDescription Invalid condition id : UX DEVICE CLASS RTOS Condition cause : null
2025-08-18 22:34:33,093 [WARN] ConditionMgr:438 - getConditionDescription Invalid condition id : UX DEVICE CLASS RTOS Condition cause : null
2025-08-18 22:34:33,096 [WARN] PackLoader:240 - Cannot read IP mode file for STMicroelectronics.X-CUBE-AZRTOS-H7.3.1.0
2025-08-18 22:34:33,097 [WARN] ConditionMgr:1044 - genDependencies : Invalid condition id : UX DEVICE CLASS RTOS Condition cause : null
2025-08-18 22:34:33,097 [WARN] ConditionMgr:1044 - genDependencies : Invalid condition id : UX DEVICE CLASS RTOS Condition cause : null
2025-08-18 22:34:33,098 [WARN] ConditionMgr:1044 - genDependencies : Invalid condition id : UX DEVICE CLASS RTOS Condition cause : null
2025-08-18 22:34:33,099 [WARN] ConditionMgr:1044 - genDependencies : Invalid condition id : UX DEVICE CLASS RTOS Condition cause : null
2025-08-18 22:34:33,099 [WARN] ConditionMgr:1044 - genDependencies : Invalid condition id : UX DEVICE CLASS RTOS Condition cause : null
2025-08-18 22:34:33,104 [WARN] PackLoader:240 - Cannot read IP mode file for STMicroelectronics.X-CUBE-FREERTOS.1.3.1
2025-08-18 22:34:33,110 [WARN] PackLoader:240 - Cannot read IP mode file for STMicroelectronics.X-CUBE-FREERTOS.1.3.0
2025-08-18 22:34:33,116 [WARN] PackLoader:240 - Cannot read IP mode file for STMicroelectronics.X-CUBE-NFC7.1.0.1
2025-08-18 22:34:33,122 [WARN] PackLoader:240 - Cannot read IP mode file for STMicroelectronics.X-CUBE-NFC7.1.0.0
2025-08-18 22:34:33,130 [WARN] PackLoader:240 - Cannot read IP mode file for STMicroelectronics.X-CUBE-NFC6.3.0.0
2025-08-18 22:34:33,137 [WARN] PackLoader:240 - Cannot read IP mode file for STMicroelectronics.X-CUBE-EEPRMA1.4.1.0
2025-08-18 22:34:33,144 [WARN] PackLoader:240 - Cannot read IP mode file for STMicroelectronics.FP-SNS-STAIOTCFT.1.0.0
2025-08-18 22:34:33,148 [WARN] PackLoader:240 - Cannot read IP mode file for STMicroelectronics.X-CUBE-DPower.1.3.0
2025-08-18 22:34:33,152 [WARN] PackLoader:240 - Cannot read IP mode file for STMicroelectronics.X-CUBE-AI.8.1.0
2025-08-18 22:34:33,171 [WARN] ConditionMgr:438 - getConditionDescription Invalid condition id : LAN8742 Phy interface Condition cause : null
2025-08-18 22:34:33,172 [WARN] PackLoader:240 - Cannot read IP mode file for STMicroelectronics.X-CUBE-AZRTOS-L4.2.0.0
2025-08-18 22:34:33,173 [WARN] ConditionMgr:1044 - genDependencies : Invalid condition id : LAN8742 Phy interface Condition cause : null
2025-08-18 22:34:33,173 [WARN] ConditionMgr:1044 - genDependencies : Invalid condition id : LAN8742 Phy interface Condition cause : null
2025-08-18 22:34:33,174 [WARN] ConditionMgr:1044 - genDependencies : Invalid condition id : LAN8742 Phy interface Condition cause : null
2025-08-18 22:34:33,181 [WARN] PackLoader:240 - Cannot read IP mode file for STMicroelectronics.X-CUBE-SFXS2LP1.4.0.0
2025-08-18 22:34:33,195 [WARN] PackLoader:240 - Cannot read IP mode file for STMicroelectronics.X-CUBE-AZRTOS-H7.3.0.0
2025-08-18 22:34:33,200 [WARN] PackLoader:240 - Cannot read IP mode file for STMicroelectronics.X-CUBE-ISPU.1.1.0
2025-08-18 22:34:33,214 [WARN] PackLoader:240 - Cannot read IP mode file for STMicroelectronics.X-CUBE-AZRTOS-H7.3.3.0
2025-08-18 22:34:33,222 [WARN] PackLoader:240 - Cannot read IP mode file for RoweBots.I-CUBE-UNISONRTOS.5.5.0-4
2025-08-18 22:34:33,225 [WARN] PackLoader:240 - Cannot read IP mode file for wolfSSL.I-CUBE-wolfSSL.5.4.0
2025-08-18 22:34:33,232 [WARN] PackLoader:240 - Cannot read IP mode file for STMicroelectronics.X-CUBE-BLEMGR.4.1.0
2025-08-18 22:34:33,242 [WARN] PackLoader:240 - Cannot read IP mode file for STMicroelectronics.X-CUBE-IPS.3.0.0
2025-08-18 22:34:33,254 [WARN] ConditionMgr:438 - getConditionDescription Invalid condition id : UX DEVICE CLASS RTOS Condition cause : null
2025-08-18 22:34:33,254 [WARN] ConditionMgr:438 - getConditionDescription Invalid condition id : UX DEVICE CLASS RTOS Condition cause : null
2025-08-18 22:34:33,256 [WARN] PackLoader:240 - Cannot read IP mode file for STMicroelectronics.X-CUBE-AZRTOS-WB.2.0.0
2025-08-18 22:34:33,257 [WARN] ConditionMgr:1044 - genDependencies : Invalid condition id : UX DEVICE CLASS RTOS Condition cause : null
2025-08-18 22:34:33,257 [WARN] ConditionMgr:1044 - genDependencies : Invalid condition id : UX DEVICE CLASS RTOS Condition cause : null
2025-08-18 22:34:33,257 [WARN] ConditionMgr:1044 - genDependencies : Invalid condition id : UX DEVICE CLASS RTOS Condition cause : null
2025-08-18 22:34:33,258 [WARN] ConditionMgr:1044 - genDependencies : Invalid condition id : UX DEVICE CLASS RTOS Condition cause : null
2025-08-18 22:34:33,258 [WARN] ConditionMgr:1044 - genDependencies : Invalid condition id : UX DEVICE CLASS RTOS Condition cause : null
2025-08-18 22:34:33,262 [WARN] PackLoader:240 - Cannot read IP mode file for STMicroelectronics.X-CUBE-FREERTOS.1.0.1
2025-08-18 22:34:33,266 [WARN] PackLoader:240 - Cannot read IP mode file for STMicroelectronics.X-CUBE-GNSS1.7.0.0
2025-08-18 22:34:33,271 [WARN] PackLoader:240 - Cannot read IP mode file for STMicroelectronics.X-CUBE-GNSS1.7.0.1
2025-08-18 22:34:33,276 [WARN] PackLoader:240 - Cannot read IP mode file for STMicroelectronics.X-CUBE-BLEMGR.1.0.0
2025-08-18 22:34:33,279 [WARN] PackLoader:240 - Cannot read IP mode file for STMicroelectronics.X-CUBE-TOUCHGFX.4.25.0
2025-08-18 22:34:33,284 [WARN] PackLoader:240 - Cannot read IP mode file for STMicroelectronics.FP-SNS-STBOX1.2.0.0
2025-08-18 22:34:33,301 [WARN] PackLoader:240 - Cannot read IP mode file for STMicroelectronics.X-CUBE-AZRTOS-L5.1.1.0
2025-08-18 22:34:33,305 [WARN] PackLoader:240 - Cannot read IP mode file for STMicroelectronics.X-CUBE-AI.8.0.1
2025-08-18 22:34:33,313 [WARN] PackLoader:240 - Cannot read IP mode file for STMicroelectronics.X-CUBE-SUBG2.5.0.0
2025-08-18 22:34:33,331 [WARN] PackLoader:240 - Cannot read IP mode file for STMicroelectronics.X-CUBE-AZRTOS-H7RS.1.1.0
2025-08-18 22:34:33,337 [WARN] PackLoader:240 - Cannot read IP mode file for Cesanta.I-CUBE-Mongoose.7.13.0
2025-08-18 22:34:33,348 [WARN] PackLoader:240 - Cannot read IP mode file for STMicroelectronics.X-CUBE-AZRTOS-G4.2.0.0
2025-08-18 22:34:33,360 [WARN] PackLoader:240 - Cannot read IP mode file for STMicroelectronics.X-CUBE-TOF1.3.3.0
2025-08-18 22:34:33,373 [WARN] PackLoader:240 - Cannot read IP mode file for STMicroelectronics.FP-ATR-ASTRA1.1.1.1
2025-08-18 22:34:33,389 [WARN] PackLoader:240 - Cannot read IP mode file for Infineon.AIROC-Wi-Fi-Bluetooth-STM32.1.5.1
2025-08-18 22:34:33,394 [WARN] PackLoader:240 - Cannot read IP mode file for STMicroelectronics.FP-ATR-ASTRA1.1.1.0
2025-08-18 22:34:33,397 [WARN] PackLoader:240 - Cannot read IP mode file for STMicroelectronics.X-CUBE-NFC7.2.0.0
2025-08-18 22:34:33,400 [WARN] PackLoader:240 - Cannot read IP mode file for STMicroelectronics.FP-SNS-MOTENVWB1.1.3.1
2025-08-18 22:34:33,414 [WARN] PackLoader:240 - Cannot read IP mode file for STMicroelectronics.X-CUBE-AZRTOS-G4.1.0.0
2025-08-18 22:34:33,430 [WARN] PackLoader:240 - Cannot read IP mode file for STMicroelectronics.X-CUBE-AZRTOS-L4.1.0.0
2025-08-18 22:34:33,436 [WARN] PackLoader:240 - Cannot read IP mode file for STMicroelectronics.X-CUBE-ISPU.2.0.0
2025-08-18 22:34:33,446 [WARN] PackLoader:240 - Cannot read IP mode file for STMicroelectronics.X-CUBE-IPS.3.1.0
2025-08-18 22:34:33,456 [WARN] PackLoader:240 - Cannot read IP mode file for STMicroelectronics.X-CUBE-ALS.1.0.2
2025-08-18 22:34:33,477 [WARN] PackLoader:240 - Cannot read IP mode file for STMicroelectronics.X-CUBE-MEMS1.10.0.0
2025-08-18 22:34:33,534 [WARN] PackLoader:240 - Cannot read IP mode file for STMicroelectronics.X-CUBE-FREERTOS.1.1.0
2025-08-18 22:34:33,536 [WARN] PackLoader:240 - Cannot read IP mode file for STMicroelectronics.X-CUBE-TOUCHGFX.4.24.0
2025-08-18 22:34:33,542 [WARN] PackLoader:240 - Cannot read IP mode file for STMicroelectronics.X-CUBE-AZRTOS-WL.1.0.0
2025-08-18 22:34:33,545 [WARN] PackLoader:240 - Cannot read IP mode file for STMicroelectronics.X-CUBE-TOUCHGFX.4.24.1
2025-08-18 22:34:33,548 [WARN] PackLoader:240 - Cannot read IP mode file for wolfSSL.I-CUBE-wolfTPM.3.4.0
2025-08-18 22:34:33,552 [WARN] PackLoader:240 - Cannot read IP mode file for portGmbH.I-Cube-SoM-uGOAL.1.1.0
2025-08-18 22:34:33,554 [WARN] PackLoader:240 - Cannot read IP mode file for STMicroelectronics.X-CUBE-ALS.1.0.1
2025-08-18 22:34:33,561 [WARN] PackLoader:240 - Cannot read IP mode file for STMicroelectronics.X-CUBE-AZRTOS-WB.1.1.0
2025-08-18 22:34:33,571 [WARN] PackLoader:240 - Cannot read IP mode file for STMicroelectronics.X-CUBE-AZRTOS-L5.1.0.0
2025-08-18 22:34:33,574 [WARN] PackLoader:240 - Cannot read IP mode file for STMicroelectronics.X-CUBE-EEPRMA1.3.1.1
2025-08-18 22:34:33,585 [WARN] PackLoader:240 - Cannot read IP mode file for STMicroelectronics.X-CUBE-AZRTOS-H7RS.1.0.0
2025-08-18 22:34:33,591 [WARN] PackLoader:240 - Cannot read IP mode file for STMicroelectronics.FP-ATR-ASTRA1.2.0.0
2025-08-18 22:34:33,597 [WARN] PackLoader:240 - Cannot read IP mode file for STMicroelectronics.X-CUBE-TOF1.3.4.2
2025-08-18 22:34:33,608 [WARN] PackLoader:240 - Cannot read IP mode file for STMicroelectronics.X-CUBE-TOF1.3.4.3
2025-08-18 22:34:33,639 [WARN] PackLoader:240 - Cannot read IP mode file for STMicroelectronics.X-CUBE-TOF1.3.4.0
2025-08-18 22:34:33,654 [WARN] PackLoader:240 - Cannot read IP mode file for STMicroelectronics.X-CUBE-TOF1.3.4.1
2025-08-18 22:34:33,676 [WARN] PackLoader:240 - Cannot read IP mode file for STMicroelectronics.X-CUBE-AZRTOS-H7.3.2.0
2025-08-18 22:34:33,682 [WARN] PackLoader:240 - Cannot read IP mode file for wolfSSL.I-CUBE-wolfSSH.1.4.17
2025-08-18 22:34:33,683 [INFO] ThirdParty:978 - Integrity check success = true
2025-08-18 22:34:33,683 [INFO] IntegrityCheckThread:100 - exiting critical section [integrity check]
2025-08-18 22:34:33,683 [INFO] IntegrityCheckThread:103 - End integrity checks thread
2025-08-18 22:52:18,267 [ERROR] LogOutputStream:75 - [STDERR_REDIRECT] 
