2025-07-28 11:51:12,089 [INFO] Activator:176 - 


2025-07-28 11:51:12,093 [INFO] Activator:177 - !SESSION log4j initialized
2025-07-28 11:51:18,333 [INFO] LogOutputStream:77 - [STDOUT_REDIRECT] 
2025-07-28 11:51:22,117 [INFO] ApplicationProperties:184 - Using Application install path: C:\ST\STM32CubeIDE_1.14.0\STM32CubeIDE\plugins\com.st.stm32cube.common.mx_6.15.0.202507011659
2025-07-28 11:51:22,143 [INFO] DbMcusXml:78 - Set database path to: C:\ST\STM32CubeIDE_1.14.0\STM32CubeIDE\plugins\com.st.stm32cube.common.mx_6.15.0.202507011659\\db\/mcu/
2025-07-28 11:51:22,144 [INFO] ApiDb:274 - Set plugin database path to: C:\ST\STM32CubeIDE_1.14.0\STM32CubeIDE\plugins\com.st.stm32cube.common.mx_6.15.0.202507011659\\db\/plugins/boardmanager/
2025-07-28 11:51:22,144 [WARN] ApiDb:259 - Overriding images path with different value:  => C:\ST\STM32CubeIDE_1.14.0\STM32CubeIDE\plugins\com.st.stm32cube.common.mx_6.15.0.202507011659\\db\/plugins/mcufinder/images/
2025-07-28 11:51:22,156 [INFO] ApiDb:250 - Set database path to: C:\Users\jihoo\.stmcufinder\plugins\mcufinder//mcu/
2025-07-28 11:51:22,158 [INFO] DbMcusAds:125 - Set database path to: C:\Users\jihoo\.stmcufinder\plugins\mcufinder//mcu/
2025-07-28 11:51:22,161 [INFO] CrossReferenceDbSqlite:203 - Set database path to: C:\Users\jihoo\.stmcufinder\plugins\mcufinder//mcu/cs/
2025-07-28 11:51:22,310 [INFO] RulesReader:64 - Compatibility file has been processed (317 Rules)
2025-07-28 11:51:22,403 [INFO] DbMcusXml:78 - Set database path to: C:\ST\STM32CubeIDE_1.14.0\STM32CubeIDE\plugins\com.st.stm32cube.common.mx_6.15.0.202507011659\\db\/mcu/
2025-07-28 11:51:22,403 [INFO] ApiDb:274 - Set plugin database path to: C:\ST\STM32CubeIDE_1.14.0\STM32CubeIDE\plugins\com.st.stm32cube.common.mx_6.15.0.202507011659\\db\/plugins/boardmanager/
2025-07-28 11:51:22,403 [INFO] ApiDb:261 - Set plugin images path to: C:\ST\STM32CubeIDE_1.14.0\STM32CubeIDE\plugins\com.st.stm32cube.common.mx_6.15.0.202507011659\\db\/plugins/mcufinder/images/
2025-07-28 11:51:22,404 [WARN] DbFile:41 - Overriding database path with different value: C:\Users\jihoo\.stmcufinder\plugins\mcufinder/ => C:\Users\jihoo\.stmcufinder\plugins\mcufinder
2025-07-28 11:51:22,404 [INFO] ApiDb:250 - Set database path to: C:\Users\jihoo\.stmcufinder\plugins\mcufinder//mcu/
2025-07-28 11:51:22,404 [WARN] DbFile:41 - Overriding database path with different value: C:\Users\jihoo\.stmcufinder\plugins\mcufinder/ => C:\Users\jihoo\.stmcufinder\plugins\mcufinder
2025-07-28 11:51:22,404 [INFO] DbMcusAds:125 - Set database path to: C:\Users\jihoo\.stmcufinder\plugins\mcufinder//mcu/
2025-07-28 11:51:22,404 [WARN] DbFile:41 - Overriding database path with different value: C:\Users\jihoo\.stmcufinder\plugins\mcufinder/ => C:\Users\jihoo\.stmcufinder\plugins\mcufinder
2025-07-28 11:51:22,404 [WARN] DbFile:41 - Overriding database path with different value: C:\Users\jihoo\.stmcufinder\plugins\mcufinder/ => C:\Users\jihoo\.stmcufinder\plugins\mcufinder
2025-07-28 11:51:22,404 [INFO] CrossReferenceDbSqlite:203 - Set database path to: C:\Users\jihoo\.stmcufinder\plugins\mcufinder//mcu/cs/
2025-07-28 11:51:22,497 [INFO] MainPanel:274 - HeapMemory: 304087040
2025-07-28 11:51:22,637 [INFO] DbMcusXml:78 - Set database path to: C:\ST\STM32CubeIDE_1.14.0\STM32CubeIDE\plugins\com.st.stm32cube.common.mx_6.15.0.202507011659\\db\/mcu/
2025-07-28 11:51:22,637 [INFO] ApiDb:274 - Set plugin database path to: C:\ST\STM32CubeIDE_1.14.0\STM32CubeIDE\plugins\com.st.stm32cube.common.mx_6.15.0.202507011659\\db\/plugins/boardmanager/
2025-07-28 11:51:22,638 [INFO] ApiDb:261 - Set plugin images path to: C:\ST\STM32CubeIDE_1.14.0\STM32CubeIDE\plugins\com.st.stm32cube.common.mx_6.15.0.202507011659\\db\/plugins/mcufinder/images/
2025-07-28 11:51:22,638 [WARN] DbFile:41 - Overriding database path with different value: C:\Users\jihoo\.stmcufinder\plugins\mcufinder/ => C:\Users\jihoo\.stmcufinder\plugins\mcufinder
2025-07-28 11:51:22,638 [INFO] ApiDb:250 - Set database path to: C:\Users\jihoo\.stmcufinder\plugins\mcufinder//mcu/
2025-07-28 11:51:22,638 [WARN] DbFile:41 - Overriding database path with different value: C:\Users\jihoo\.stmcufinder\plugins\mcufinder/ => C:\Users\jihoo\.stmcufinder\plugins\mcufinder
2025-07-28 11:51:22,638 [INFO] DbMcusAds:125 - Set database path to: C:\Users\jihoo\.stmcufinder\plugins\mcufinder//mcu/
2025-07-28 11:51:22,638 [WARN] DbFile:41 - Overriding database path with different value: C:\Users\jihoo\.stmcufinder\plugins\mcufinder/ => C:\Users\jihoo\.stmcufinder\plugins\mcufinder
2025-07-28 11:51:22,638 [WARN] DbFile:41 - Overriding database path with different value: C:\Users\jihoo\.stmcufinder\plugins\mcufinder/ => C:\Users\jihoo\.stmcufinder\plugins\mcufinder
2025-07-28 11:51:22,638 [INFO] CrossReferenceDbSqlite:203 - Set database path to: C:\Users\jihoo\.stmcufinder\plugins\mcufinder//mcu/cs/
2025-07-28 11:51:22,662 [INFO] ApplicationProperties:184 - Using Application install path: C:\ST\STM32CubeIDE_1.14.0\STM32CubeIDE\plugins\com.st.stm32cube.common.mx_6.15.0.202507011659
2025-07-28 11:51:22,663 [INFO] PluginManage:196 - Search for loadable plugins [exclusion list=, ]
2025-07-28 11:51:22,665 [INFO] PluginManage:310 - Check plugin analytics
2025-07-28 11:51:22,898 [INFO] AnalyticsPlugin:253 - Accepted Software Licenses: STM32CubeMX.6.6.1,STM32CubeMX.6.7.0,STM32CubeMX.6.10.0,STM32CubeMX.6.12.0,STM32CubeMX.6.13.0,STM32CubeMX.6.14.1,STM32CubeMX.6.15.0
2025-07-28 11:51:22,898 [INFO] AnalyticsPlugin:255 - Accepted CMSIS Pack Licenses: 
2025-07-28 11:51:22,898 [INFO] AnalyticsPlugin:257 - Accepted Firmware Licenses: FW.H7.1.12.0
2025-07-28 11:51:22,902 [INFO] PluginManage:359 - Loaded plugin analytics (category:tool,tabindex:-1)
2025-07-28 11:51:22,902 [INFO] PluginManage:310 - Check plugin cadmodel
2025-07-28 11:51:22,909 [INFO] CADModel:105 - Init CAD model plugin
2025-07-28 11:51:22,909 [INFO] PluginManage:359 - Loaded plugin cadmodel (category:power,tabindex:5)
2025-07-28 11:51:22,910 [INFO] PluginManage:310 - Check plugin clock
2025-07-28 11:51:22,922 [INFO] PluginManage:359 - Loaded plugin clock (category:base,tabindex:2)
2025-07-28 11:51:22,922 [INFO] PluginManage:310 - Check plugin ddr
2025-07-28 11:51:22,925 [INFO] PluginManage:359 - Loaded plugin ddr (category:tool,tabindex:6)
2025-07-28 11:51:22,925 [INFO] PluginManage:310 - Check plugin filemanager
2025-07-28 11:51:23,080 [INFO] PluginManage:359 - Loaded plugin filemanager (category:base,tabindex:10)
2025-07-28 11:51:23,080 [INFO] PluginManage:310 - Check plugin ipmanager
2025-07-28 11:51:23,090 [INFO] PluginManage:359 - Loaded plugin ipmanager (category:base,tabindex:5)
2025-07-28 11:51:23,091 [INFO] PluginManage:310 - Check plugin lpbam
2025-07-28 11:51:23,103 [INFO] PluginManage:359 - Loaded plugin lpbam (category:base,tabindex:0)
2025-07-28 11:51:23,104 [INFO] PluginManage:310 - Check plugin memorymap
2025-07-28 11:51:23,123 [INFO] PluginManage:359 - Loaded plugin memorymap (category:base,tabindex:4)
2025-07-28 11:51:23,123 [INFO] PluginManage:310 - Check plugin pinoutandconfiguration
2025-07-28 11:51:23,137 [INFO] PluginManage:359 - Loaded plugin pinoutandconfiguration (category:base,tabindex:1)
2025-07-28 11:51:23,137 [INFO] PluginManage:310 - Check plugin pinoutconfig
2025-07-28 11:51:23,283 [WARN] SupportedApi:132 - Cannot load RTOS API schema: s4s-elt-must-match.1: The content of 'definitions' must match (annotation?, (simpleType | complexType)?, (unique | key | keyref)*)). A problem was found starting at: attribute.
2025-07-28 11:51:23,496 [INFO] PluginManage:359 - Loaded plugin pinoutconfig (category:base,tabindex:0)
2025-07-28 11:51:23,496 [INFO] PluginManage:310 - Check plugin power
2025-07-28 11:51:23,512 [INFO] PluginManage:359 - Loaded plugin power (category:power,tabindex:4)
2025-07-28 11:51:23,513 [INFO] PluginManage:310 - Check plugin projectmanager
2025-07-28 11:51:23,540 [INFO] PluginManage:359 - Loaded plugin projectmanager (category:projectmanager,tabindex:4)
2025-07-28 11:51:23,540 [INFO] PluginManage:310 - Check plugin rif
2025-07-28 11:51:23,552 [INFO] PluginManage:359 - Loaded plugin rif (category:base,tabindex:3)
2025-07-28 11:51:23,552 [INFO] PluginManage:310 - Check plugin thirdparty
2025-07-28 11:51:23,727 [INFO] PluginManage:359 - Loaded plugin thirdparty (category:base,tabindex:-1)
2025-07-28 11:51:23,727 [INFO] PluginManage:310 - Check plugin tools
2025-07-28 11:51:23,727 [WARN] IntegrityCheckThread:84 - waiting for thirdparty lock release [integrity check]
2025-07-28 11:51:23,727 [INFO] IntegrityCheckThread:86 - entering critical section [integrity check]
2025-07-28 11:51:23,728 [INFO] ThirdPartyUpdaterWithRetryManager:70 - Updater plugin not ready yet. [1/15]
2025-07-28 11:51:23,731 [INFO] PluginManage:359 - Loaded plugin tools (category:base,tabindex:7)
2025-07-28 11:51:23,731 [INFO] PluginManage:310 - Check plugin tutovideos
2025-07-28 11:51:24,025 [INFO] PluginManage:359 - Loaded plugin tutovideos (category:base,tabindex:-1)
2025-07-28 11:51:24,025 [INFO] PluginManage:310 - Check plugin updater
2025-07-28 11:51:24,051 [INFO] PluginManage:359 - Loaded plugin updater (category:base,tabindex:12)
2025-07-28 11:51:24,051 [INFO] PluginManage:310 - Check plugin userauth
2025-07-28 11:51:24,056 [INFO] UserAuth:118 - Init User Auth plugin
2025-07-28 11:51:24,057 [INFO] PluginManage:359 - Loaded plugin userauth (category:base,tabindex:14)
2025-07-28 11:51:24,057 [INFO] PluginManage:283 - PluginManage : Loaded plugins [18]
2025-07-28 11:51:24,388 [INFO] PinOutPanel:1589 - setPackage(No Configuration,No Configuration)
2025-07-28 11:51:24,496 [INFO] CADModel:165 - CPN selected for project level
2025-07-28 11:51:24,497 [INFO] CADModel:114 - Register for checkConnection events
2025-07-28 11:51:24,522 [INFO] IPUIPlugin:80 - create IPUIPlugin
2025-07-28 11:51:24,522 [INFO] PluginManager:220 - loadIPPluginJar : add adc
2025-07-28 11:51:24,527 [INFO] IPUIPlugin:80 - create IPUIPlugin
2025-07-28 11:51:24,527 [INFO] PluginManager:220 - loadIPPluginJar : add aes
2025-07-28 11:51:24,532 [INFO] IPUIPlugin:80 - create IPUIPlugin
2025-07-28 11:51:24,532 [INFO] PluginManager:220 - loadIPPluginJar : add can
2025-07-28 11:51:24,535 [INFO] IPUIPlugin:80 - create IPUIPlugin
2025-07-28 11:51:24,535 [INFO] PluginManager:220 - loadIPPluginJar : add comp
2025-07-28 11:51:24,540 [INFO] IPUIPlugin:80 - create IPUIPlugin
2025-07-28 11:51:24,540 [INFO] PluginManager:220 - loadIPPluginJar : add cryp
2025-07-28 11:51:24,545 [INFO] IPUIPlugin:80 - create IPUIPlugin
2025-07-28 11:51:24,545 [INFO] PluginManager:220 - loadIPPluginJar : add ddr_ctrl_phy
2025-07-28 11:51:24,549 [INFO] IPUIPlugin:80 - create IPUIPlugin
2025-07-28 11:51:24,549 [INFO] PluginManager:220 - loadIPPluginJar : add dfsdm
2025-07-28 11:51:24,556 [INFO] IPUIPlugin:80 - create IPUIPlugin
2025-07-28 11:51:24,557 [INFO] PluginManager:220 - loadIPPluginJar : add dma
2025-07-28 11:51:24,561 [INFO] IPUIPlugin:80 - create IPUIPlugin
2025-07-28 11:51:24,561 [INFO] PluginManager:220 - loadIPPluginJar : add dma3
2025-07-28 11:51:24,565 [INFO] IPUIPlugin:80 - create IPUIPlugin
2025-07-28 11:51:24,566 [INFO] PluginManager:220 - loadIPPluginJar : add extmemmanager
2025-07-28 11:51:24,568 [INFO] IPUIPlugin:80 - create IPUIPlugin
2025-07-28 11:51:24,568 [INFO] PluginManager:220 - loadIPPluginJar : add fatfs
2025-07-28 11:51:24,574 [INFO] IPUIPlugin:80 - create IPUIPlugin
2025-07-28 11:51:24,575 [INFO] PluginManager:220 - loadIPPluginJar : add fmc
2025-07-28 11:51:24,586 [INFO] IPUIPlugin:80 - create IPUIPlugin
2025-07-28 11:51:24,586 [INFO] PluginManager:220 - loadIPPluginJar : add freertos
2025-07-28 11:51:24,588 [INFO] IPUIPlugin:80 - create IPUIPlugin
2025-07-28 11:51:24,588 [INFO] PluginManager:220 - loadIPPluginJar : add genericplugin
2025-07-28 11:51:24,592 [INFO] IPUIPlugin:80 - create IPUIPlugin
2025-07-28 11:51:24,593 [INFO] PluginManager:220 - loadIPPluginJar : add gfxmmu
2025-07-28 11:51:24,599 [INFO] IPUIPlugin:80 - create IPUIPlugin
2025-07-28 11:51:24,599 [INFO] PluginManager:220 - loadIPPluginJar : add gic
2025-07-28 11:51:24,605 [INFO] IPUIPlugin:80 - create IPUIPlugin
2025-07-28 11:51:24,605 [INFO] PluginManager:220 - loadIPPluginJar : add gpio
2025-07-28 11:51:24,610 [INFO] IPUIPlugin:80 - create IPUIPlugin
2025-07-28 11:51:24,610 [INFO] PluginManager:220 - loadIPPluginJar : add gtzc
2025-07-28 11:51:24,615 [INFO] IPUIPlugin:80 - create IPUIPlugin
2025-07-28 11:51:24,615 [INFO] PluginManager:220 - loadIPPluginJar : add hash
2025-07-28 11:51:24,620 [INFO] IPUIPlugin:80 - create IPUIPlugin
2025-07-28 11:51:24,621 [INFO] PluginManager:220 - loadIPPluginJar : add i2c
2025-07-28 11:51:24,625 [INFO] IPUIPlugin:80 - create IPUIPlugin
2025-07-28 11:51:24,625 [INFO] PluginManager:220 - loadIPPluginJar : add i2s
2025-07-28 11:51:24,629 [INFO] IPUIPlugin:80 - create IPUIPlugin
2025-07-28 11:51:24,629 [INFO] PluginManager:220 - loadIPPluginJar : add i3c
2025-07-28 11:51:24,634 [INFO] IPUIPlugin:80 - create IPUIPlugin
2025-07-28 11:51:24,634 [INFO] PluginManager:220 - loadIPPluginJar : add ipddr
2025-07-28 11:51:24,644 [INFO] IPUIPlugin:80 - create IPUIPlugin
2025-07-28 11:51:24,644 [INFO] PluginManager:220 - loadIPPluginJar : add linkedlist
2025-07-28 11:51:24,648 [INFO] IPUIPlugin:80 - create IPUIPlugin
2025-07-28 11:51:24,649 [INFO] PluginManager:220 - loadIPPluginJar : add lorawan
2025-07-28 11:51:24,651 [INFO] IPUIPlugin:80 - create IPUIPlugin
2025-07-28 11:51:24,651 [INFO] PluginManager:220 - loadIPPluginJar : add ltdc
2025-07-28 11:51:24,659 [INFO] IPUIPlugin:80 - create IPUIPlugin
2025-07-28 11:51:24,660 [INFO] PluginManager:220 - loadIPPluginJar : add mdma
2025-07-28 11:51:24,665 [INFO] IPUIPlugin:80 - create IPUIPlugin
2025-07-28 11:51:24,665 [INFO] PluginManager:220 - loadIPPluginJar : add nvic
2025-07-28 11:51:24,669 [INFO] IPUIPlugin:80 - create IPUIPlugin
2025-07-28 11:51:24,669 [INFO] PluginManager:220 - loadIPPluginJar : add opamp
2025-07-28 11:51:24,674 [INFO] IPUIPlugin:80 - create IPUIPlugin
2025-07-28 11:51:24,675 [INFO] PluginManager:220 - loadIPPluginJar : add openamp
2025-07-28 11:51:24,680 [INFO] IPUIPlugin:80 - create IPUIPlugin
2025-07-28 11:51:24,680 [INFO] PluginManager:220 - loadIPPluginJar : add pdm2pcm
2025-07-28 11:51:24,690 [INFO] IPUIPlugin:80 - create IPUIPlugin
2025-07-28 11:51:24,693 [INFO] PluginManager:220 - loadIPPluginJar : add plateformsettings
2025-07-28 11:51:24,695 [INFO] IPUIPlugin:80 - create IPUIPlugin
2025-07-28 11:51:24,695 [INFO] PluginManager:220 - loadIPPluginJar : add quadspi
2025-07-28 11:51:24,698 [INFO] IPUIPlugin:80 - create IPUIPlugin
2025-07-28 11:51:24,699 [INFO] PluginManager:220 - loadIPPluginJar : add radio
2025-07-28 11:51:24,706 [INFO] IPUIPlugin:80 - create IPUIPlugin
2025-07-28 11:51:24,706 [INFO] PluginManager:220 - loadIPPluginJar : add resmgrutility
2025-07-28 11:51:24,712 [INFO] IPUIPlugin:80 - create IPUIPlugin
2025-07-28 11:51:24,713 [INFO] PluginManager:220 - loadIPPluginJar : add sai
2025-07-28 11:51:24,716 [INFO] IPUIPlugin:80 - create IPUIPlugin
2025-07-28 11:51:24,716 [INFO] PluginManager:220 - loadIPPluginJar : add spi
2025-07-28 11:51:24,724 [INFO] IPUIPlugin:80 - create IPUIPlugin
2025-07-28 11:51:24,725 [INFO] PluginManager:220 - loadIPPluginJar : add stm32_wpan
2025-07-28 11:51:24,727 [INFO] IPUIPlugin:80 - create IPUIPlugin
2025-07-28 11:51:24,727 [INFO] PluginManager:220 - loadIPPluginJar : add tim
2025-07-28 11:51:24,732 [INFO] IPUIPlugin:80 - create IPUIPlugin
2025-07-28 11:51:24,732 [INFO] PluginManager:220 - loadIPPluginJar : add touchsensing
2025-07-28 11:51:24,735 [INFO] IPUIPlugin:80 - create IPUIPlugin
2025-07-28 11:51:24,735 [INFO] PluginManager:220 - loadIPPluginJar : add tracer_emb
2025-07-28 11:51:24,738 [INFO] IPUIPlugin:80 - create IPUIPlugin
2025-07-28 11:51:24,738 [INFO] PluginManager:220 - loadIPPluginJar : add ts
2025-07-28 11:51:24,740 [INFO] IPUIPlugin:80 - create IPUIPlugin
2025-07-28 11:51:24,740 [INFO] PluginManager:220 - loadIPPluginJar : add tsc
2025-07-28 11:51:24,743 [INFO] IPUIPlugin:80 - create IPUIPlugin
2025-07-28 11:51:24,743 [INFO] PluginManager:220 - loadIPPluginJar : add ucpd
2025-07-28 11:51:24,746 [INFO] IPUIPlugin:80 - create IPUIPlugin
2025-07-28 11:51:24,746 [INFO] PluginManager:220 - loadIPPluginJar : add usart
2025-07-28 11:51:24,750 [INFO] IPUIPlugin:80 - create IPUIPlugin
2025-07-28 11:51:24,750 [INFO] PluginManager:220 - loadIPPluginJar : add usbx
2025-07-28 11:51:24,884 [FATAL] Updater:351 - Updater called before beeing initialized
2025-07-28 11:51:24,915 [INFO] RulesReader:64 - Compatibility file has been processed (317 Rules)
2025-07-28 11:51:24,931 [INFO] RulesReader:64 - Compatibility file has been processed (317 Rules)
2025-07-28 11:51:24,941 [INFO] CADModel:165 - CPN selected for project level
2025-07-28 11:51:24,942 [INFO] CADModel:114 - Register for checkConnection events
2025-07-28 11:51:24,942 [FATAL] Updater:351 - Updater called before beeing initialized
2025-07-28 11:51:24,942 [ERROR] CADModel:125 - Updater not yet initialized, retry later 
2025-07-28 11:51:25,156 [FATAL] Updater:351 - Updater called before beeing initialized
2025-07-28 11:51:25,158 [INFO] CADModel:165 - CPN selected for project level
2025-07-28 11:51:25,158 [INFO] CADModel:114 - Register for checkConnection events
2025-07-28 11:51:25,158 [FATAL] Updater:351 - Updater called before beeing initialized
2025-07-28 11:51:25,158 [ERROR] CADModel:125 - Updater not yet initialized, retry later 
2025-07-28 11:51:25,163 [FATAL] Updater:351 - Updater called before beeing initialized
2025-07-28 11:51:25,295 [FATAL] Updater:351 - Updater called before beeing initialized
2025-07-28 11:51:25,302 [INFO] DbMcusAds:53 - JSON generation date=Tue Jul 08 17:14:23 KST 2025 (1751962463562)
2025-07-28 11:51:25,302 [FATAL] Updater:351 - Updater called before beeing initialized
2025-07-28 11:51:25,357 [WARN] DetailPanel:346 - Failed to get advertising image, set to default
2025-07-28 11:51:25,475 [FATAL] Updater:351 - Updater called before beeing initialized
2025-07-28 11:51:25,477 [FATAL] Updater:351 - Updater called before beeing initialized
2025-07-28 11:51:25,478 [FATAL] Updater:351 - Updater called before beeing initialized
2025-07-28 11:51:25,478 [WARN] DetailPanel:346 - Failed to get advertising image, set to default
2025-07-28 11:51:25,479 [FATAL] Updater:351 - Updater called before beeing initialized
2025-07-28 11:51:25,541 [ERROR] Updater:1198 - MainUpdater not yet initialized. External WinMGr cannot be set.
2025-07-28 11:51:25,544 [INFO] Updater:1134 - Updater Version found : 6.15.0
2025-07-28 11:51:25,564 [INFO] ApplicationProperties:184 - Using Application install path: C:\ST\STM32CubeIDE_1.14.0\STM32CubeIDE\plugins\com.st.stm32cube.common.mx_6.15.0.202507011659
2025-07-28 11:51:25,976 [INFO] MainUpdater:2872 - connection check result : 10
2025-07-28 11:51:25,977 [INFO] MainUpdater:289 - Updater Check For Update Now.
2025-07-28 11:51:25,977 [INFO] MicroXplorer:498 - Change Database Version : DB.6.0.150
2025-07-28 11:51:25,984 [INFO] McuFinderGlobals:63 - Set McuFinder mode to 2 (CubeIDE integrated)
2025-07-28 11:51:25,985 [INFO] UserAuth:487 - Internet connection configuration mode: 1
2025-07-28 11:51:26,009 [INFO] JxBrowserEngine:152 - Initiate JxBrowser Engine with user profile folder
2025-07-28 11:51:26,162 [INFO] CheckServerUpdateThread:120 - End of CheckServer Thread
2025-07-28 11:51:27,684 [WARN] PackLoader:240 - Cannot read IP mode file for STMicroelectronics.FP-SNS-MOTENVWB1.1.4.0
2025-07-28 11:51:27,696 [WARN] PackLoader:240 - Cannot read IP mode file for STMicroelectronics.FP-ATR-ASTRA1.2.0.2
2025-07-28 11:51:27,702 [WARN] PackLoader:240 - Cannot read IP mode file for STMicroelectronics.FP-ATR-ASTRA1.2.0.1
2025-07-28 11:51:27,719 [WARN] PackLoader:240 - Cannot read IP mode file for STMicroelectronics.X-CUBE-SMBUS.2.1.0
2025-07-28 11:51:27,733 [WARN] PackLoader:240 - Cannot read IP mode file for STMicroelectronics.X-CUBE-WB05N.1.1.0
2025-07-28 11:51:27,742 [WARN] PackLoader:240 - Cannot read IP mode file for STMicroelectronics.X-CUBE-ST60.1.0.0
2025-07-28 11:51:27,755 [WARN] PackLoader:240 - Cannot read IP mode file for STMicroelectronics.X-CUBE-TOUCHGFX.4.23.0
2025-07-28 11:51:27,811 [WARN] PackLoader:240 - Cannot read IP mode file for STMicroelectronics.X-CUBE-AZRTOS-F7.1.1.0
2025-07-28 11:51:27,824 [WARN] PackLoader:240 - Cannot read IP mode file for STMicroelectronics.FP-SNS-MOTENV1.4.3.2
2025-07-28 11:51:27,832 [ERROR] RealEvaluatedCondition:428 - Found unsupported composite condition: CLASS='Data Exchange' GROUP='STM32_MetaDataManager'
2025-07-28 11:51:27,833 [ERROR] RealEvaluatedCondition:428 - Found unsupported composite condition: CLASS='Data Exchange' GROUP='STM32_MetaDataManager'
2025-07-28 11:51:27,835 [WARN] PackLoader:240 - Cannot read IP mode file for STMicroelectronics.FP-SNS-MOTENV1.4.3.1
2025-07-28 11:51:27,843 [WARN] PackLoader:240 - Cannot read IP mode file for STMicroelectronics.FP-SNS-FLIGHT1.5.0.1
2025-07-28 11:51:27,852 [WARN] PackLoader:240 - Cannot read IP mode file for STMicroelectronics.X-CUBE-BLE1.6.2.3
2025-07-28 11:51:27,922 [WARN] PackLoader:240 - Cannot read IP mode file for STMicroelectronics.X-CUBE-MEMS1.11.0.0
2025-07-28 11:51:28,041 [INFO] WebApp:169 - Instantiating new browser for Auth
2025-07-28 11:51:28,143 [WARN] PackLoader:240 - Cannot read IP mode file for STMicroelectronics.X-CUBE-BLE1.6.2.4
2025-07-28 11:51:28,149 [WARN] PackLoader:240 - Cannot read IP mode file for STMicroelectronics.FP-SNS-FLIGHT1.5.0.2
2025-07-28 11:51:28,162 [WARN] PackLoader:240 - Cannot read IP mode file for STMicroelectronics.X-CUBE-TOF1.3.1.0
2025-07-28 11:51:28,199 [WARN] PackLoader:240 - Cannot read IP mode file for STMicroelectronics.X-CUBE-AZRTOS-H7.3.4.0
2025-07-28 11:51:28,210 [WARN] PackLoader:240 - Cannot read IP mode file for STMicroelectronics.X-CUBE-DISPLAY.3.0.0
2025-07-28 11:51:28,217 [WARN] PackLoader:240 - Cannot read IP mode file for STMicroelectronics.X-CUBE-BLE1.7.0.0
2025-07-28 11:51:28,225 [WARN] PackLoader:240 - Cannot read IP mode file for STMicroelectronics.X-CUBE-NFC10.1.0.0
2025-07-28 11:51:28,235 [WARN] PackLoader:240 - Cannot read IP mode file for STMicroelectronics.X-CUBE-BLEMGR.4.0.0
2025-07-28 11:51:28,244 [WARN] PackLoader:240 - Cannot read IP mode file for emotas.I-CUBE-CANOPEN.1.3.0
2025-07-28 11:51:28,280 [WARN] PackLoader:240 - Cannot read IP mode file for STMicroelectronics.X-CUBE-MEMS1.9.3.0
2025-07-28 11:51:28,537 [WARN] PackLoader:240 - Cannot read IP mode file for STMicroelectronics.X-CUBE-AI.7.2.0
2025-07-28 11:51:28,545 [WARN] PackLoader:240 - Cannot read IP mode file for STMicroelectronics.X-CUBE-BLEMGR.3.1.0
2025-07-28 11:51:28,550 [WARN] PackLoader:240 - Cannot read IP mode file for STMicroelectronics.X-CUBE-AI.10.0.0
2025-07-28 11:51:28,555 [WARN] PackLoader:240 - Cannot read IP mode file for STMicroelectronics.FP-SNS-SMARTAG2.1.2.0
2025-07-28 11:51:28,566 [WARN] PackLoader:240 - Cannot read IP mode file for STMicroelectronics.FP-SNS-FLIGHT1.5.1.0
2025-07-28 11:51:28,577 [INFO] LogOutputStream:77 - [STDOUT_REDIRECT] 1 : Invalid condition id : UX_CORESTACK_Condition cause : null
2025-07-28 11:51:28,578 [INFO] LogOutputStream:77 - [STDOUT_REDIRECT] 1 : Invalid condition id : UX_CORESTACK_Condition cause : null
2025-07-28 11:51:28,579 [INFO] LogOutputStream:77 - [STDOUT_REDIRECT] 1 : Invalid condition id : UX_CORESTACK_Condition cause : null
2025-07-28 11:51:28,580 [INFO] LogOutputStream:77 - [STDOUT_REDIRECT] 1 : Invalid condition id : UX_CORESTACK_Condition cause : null
2025-07-28 11:51:28,582 [INFO] LogOutputStream:77 - [STDOUT_REDIRECT] 1 : Invalid condition id : UX_CORESTACK_Condition cause : null
2025-07-28 11:51:28,584 [WARN] PackLoader:240 - Cannot read IP mode file for STMicroelectronics.X-CUBE-AZRTOS-WL.2.0.0
2025-07-28 11:51:28,589 [WARN] PackLoader:240 - Cannot read IP mode file for STMicroelectronics.FP-SNS-MOTENV1.5.0.0
2025-07-28 11:51:28,595 [WARN] PackLoader:240 - Cannot read IP mode file for wolfSSL.I-CUBE-wolfMQTT.1.19.0
2025-07-28 11:51:28,604 [WARN] PackLoader:240 - Cannot read IP mode file for WES.I-CUBE-Cesium.1.3.0
2025-07-28 11:51:28,610 [WARN] PackLoader:240 - Cannot read IP mode file for STMicroelectronics.X-CUBE-BLE2.3.3.0
2025-07-28 11:51:28,618 [WARN] PackLoader:240 - Cannot read IP mode file for STMicroelectronics.X-CUBE-DISPLAY.2.2.0
2025-07-28 11:51:28,634 [WARN] PackLoader:240 - Cannot read IP mode file for STMicroelectronics.X-CUBE-TOF1.3.2.0
2025-07-28 11:51:28,646 [WARN] PackLoader:240 - Cannot read IP mode file for STMicroelectronics.X-CUBE-ISPU.1.0.0
2025-07-28 11:51:28,655 [WARN] PackLoader:240 - Cannot read IP mode file for STMicroelectronics.X-CUBE-NFC9.1.0.0
2025-07-28 11:51:28,677 [WARN] PackLoader:240 - Cannot read IP mode file for STMicroelectronics.X-CUBE-AZRTOS-H7.2.1.0
2025-07-28 11:51:28,686 [WARN] PackLoader:240 - Cannot read IP mode file for STMicroelectronics.X-CUBE-BLE1.7.1.0
2025-07-28 11:51:28,694 [WARN] PackLoader:240 - Cannot read IP mode file for STMicroelectronics.X-CUBE-TCPP.4.1.0
2025-07-28 11:51:28,704 [WARN] PackLoader:240 - Cannot read IP mode file for STMicroelectronics.X-CUBE-EEPRMA1.5.2.0
2025-07-28 11:51:28,712 [WARN] PackLoader:240 - Cannot read IP mode file for STMicroelectronics.X-CUBE-TOUCHGFX.4.21.1
2025-07-28 11:51:28,716 [WARN] PackLoader:240 - Cannot read IP mode file for STMicroelectronics.X-CUBE-TOUCHGFX.4.21.0
2025-07-28 11:51:28,720 [WARN] PackLoader:240 - Cannot read IP mode file for STMicroelectronics.X-CUBE-TOUCHGFX.4.21.4
2025-07-28 11:51:28,762 [WARN] PackLoader:240 - Cannot read IP mode file for STMicroelectronics.X-CUBE-MEMS1.9.4.0
2025-07-28 11:51:28,881 [WARN] PackLoader:240 - Cannot read IP mode file for STMicroelectronics.X-CUBE-AI.7.3.0
2025-07-28 11:51:28,884 [WARN] PackLoader:240 - Cannot read IP mode file for STMicroelectronics.X-CUBE-AI.10.1.0
2025-07-28 11:51:28,890 [WARN] PackLoader:240 - Cannot read IP mode file for STMicroelectronics.X-CUBE-ALGOBUILD.1.3.0
2025-07-28 11:51:28,936 [WARN] PackLoader:240 - Cannot read IP mode file for STMicroelectronics.X-CUBE-MEMS1.11.2.0
2025-07-28 11:51:29,184 [WARN] PackLoader:240 - Cannot read IP mode file for STMicroelectronics.X-CUBE-AZRTOS-G0.1.1.0
2025-07-28 11:51:29,197 [WARN] PackLoader:240 - Cannot read IP mode file for STMicroelectronics.X-CUBE-SAFEA1.1.2.2
2025-07-28 11:51:29,211 [WARN] PackLoader:240 - Cannot read IP mode file for STMicroelectronics.X-CUBE-NFC4.3.0.0
2025-07-28 11:51:29,275 [WARN] PackLoader:240 - Cannot read IP mode file for SEGGER.I-CUBE-embOS.1.2.0
2025-07-28 11:51:29,311 [WARN] PackLoader:240 - Cannot read IP mode file for EmbeddedOffice.I-CUBE-FS-RTOS.1.0.1
2025-07-28 11:51:29,316 [WARN] PackLoader:240 - Cannot read IP mode file for STMicroelectronics.X-CUBE-WB05N.2.0.0
2025-07-28 11:51:29,317 [INFO] WebApp:463 - Apply proxy settings
2025-07-28 11:51:29,317 [INFO] WebApp:548 - Chromium requires no authentication
2025-07-28 11:51:29,326 [WARN] PackLoader:240 - Cannot read IP mode file for STMicroelectronics.X-CUBE-BLEMGR.3.0.0
2025-07-28 11:51:29,336 [WARN] PackLoader:240 - Cannot read IP mode file for STMicroelectronics.X-CUBE-BLEMGR.1.3.0
2025-07-28 11:51:29,341 [WARN] PackLoader:240 - Cannot read IP mode file for STMicroelectronics.X-CUBE-TCPP.4.2.0
2025-07-28 11:51:29,341 [INFO] WebApp:491 - Direct internet connection detected
2025-07-28 11:51:29,348 [WARN] PackLoader:240 - Cannot read IP mode file for RealThread.X-CUBE-RT-Thread_Nano.4.1.1
2025-07-28 11:51:29,352 [WARN] PackLoader:240 - Cannot read IP mode file for STMicroelectronics.FP-ATR-SIGFOX1.3.2.0
2025-07-28 11:51:29,357 [WARN] ConditionMgr:438 - getConditionDescription Invalid condition id : Cortex-A Device cause : null
2025-07-28 11:51:29,372 [WARN] ConditionMgr:1044 - genDependencies : Invalid condition id : Cortex-A Device cause : null
2025-07-28 11:51:29,372 [WARN] ConditionMgr:1044 - genDependencies : Invalid condition id : Cortex-A Device cause : null
2025-07-28 11:51:29,372 [WARN] ConditionMgr:1044 - genDependencies : Invalid condition id : Cortex-A Device cause : null
2025-07-28 11:51:29,377 [WARN] PackLoader:240 - Cannot read IP mode file for STMicroelectronics.X-CUBE-EEPRMA1.5.1.0
2025-07-28 11:51:29,384 [WARN] PackLoader:240 - Cannot read IP mode file for emotas.I-CUBE-CANOPEN.1.1.2
2025-07-28 11:51:29,387 [WARN] PackLoader:240 - Cannot read IP mode file for STMicroelectronics.X-CUBE-TOUCHGFX.4.20.0
2025-07-28 11:51:29,391 [INFO] WebApp:900 - Register for checkConnection events
2025-07-28 11:51:29,392 [INFO] WebApp:463 - Apply proxy settings
2025-07-28 11:51:29,392 [INFO] WebApp:548 - Chromium requires no authentication
2025-07-28 11:51:29,392 [INFO] WebApp:491 - Direct internet connection detected
2025-07-28 11:51:29,394 [WARN] PackLoader:240 - Cannot read IP mode file for STMicroelectronics.X-CUBE-ST67W61.1.0.0
2025-07-28 11:51:29,415 [WARN] PackLoader:240 - Cannot read IP mode file for SEGGER.I-CUBE-embOS.1.3.1
2025-07-28 11:51:29,437 [WARN] PackLoader:240 - Cannot read IP mode file for STMicroelectronics.X-CUBE-ALGOBUILD.1.4.0
2025-07-28 11:51:29,474 [WARN] PackLoader:240 - Cannot read IP mode file for STMicroelectronics.X-CUBE-MEMS1.11.3.0
2025-07-28 11:51:29,561 [WARN] PackLoader:240 - Cannot read IP mode file for STMicroelectronics.X-CUBE-AI.9.1.0
2025-07-28 11:51:29,564 [WARN] PackLoader:240 - Cannot read IP mode file for STMicroelectronics.X-CUBE-PM33A1.1.0.0
2025-07-28 11:51:29,568 [WARN] PackLoader:240 - Cannot read IP mode file for STMicroelectronics.X-CUBE-GNSS1.6.0.0
2025-07-28 11:51:29,581 [WARN] PackLoader:240 - Cannot read IP mode file for STMicroelectronics.X-CUBE-AZRTOS-F4.1.1.0
2025-07-28 11:51:29,587 [WARN] PackLoader:240 - Cannot read IP mode file for Avnet-IotConnect.X-CUBE-IoTC-DA16k-PMOD.1.0.0
2025-07-28 11:51:29,591 [WARN] PackLoader:240 - Cannot read IP mode file for STMicroelectronics.X-CUBE-ISPU.2.1.0
2025-07-28 11:51:29,595 [WARN] PackLoader:240 - Cannot read IP mode file for STMicroelectronics.X-CUBE-FREERTOS.1.2.0
2025-07-28 11:51:29,599 [WARN] PackLoader:240 - Cannot read IP mode file for wolfSSL.I-CUBE-wolfSSL.5.6.6
2025-07-28 11:51:29,604 [WARN] PackLoader:240 - Cannot read IP mode file for STMicroelectronics.X-CUBE-NFC12.1.0.0
2025-07-28 11:51:29,618 [WARN] PackLoader:240 - Cannot read IP mode file for STMicroelectronics.X-CUBE-AZRTOS-L5.2.0.0
2025-07-28 11:51:29,653 [WARN] PackLoader:240 - Cannot read IP mode file for STMicroelectronics.X-CUBE-MEMS1.9.6.0
2025-07-28 11:51:29,681 [INFO] WebApp:225 - Starting web application
2025-07-28 11:51:29,682 [INFO] WebApp:593 - Web application path used C:\ST\STM32CubeIDE_1.14.0\STM32CubeIDE\plugins\com.st.stm32cube.common.mx_6.15.0.202507011659\db\plugins\mcufinder\reactClient1\index.html
2025-07-28 11:51:29,791 [WARN] PackLoader:240 - Cannot read IP mode file for STMicroelectronics.X-CUBE-EEPRMA1.4.2.0
2025-07-28 11:51:29,800 [WARN] PackLoader:240 - Cannot read IP mode file for STMicroelectronics.X-CUBE-NFC6.3.1.0
2025-07-28 11:51:29,809 [WARN] PackLoader:240 - Cannot read IP mode file for ITTIA_DB.I-CUBE-ITTIADB.8.8.0
2025-07-28 11:51:29,817 [WARN] PackLoader:240 - Cannot read IP mode file for STMicroelectronics.X-CUBE-BLEMGR.2.0.0
2025-07-28 11:51:29,825 [WARN] PackLoader:240 - Cannot read IP mode file for STMicroelectronics.X-CUBE-DPower.1.2.0
2025-07-28 11:51:29,831 [WARN] PackLoader:240 - Cannot read IP mode file for STMicroelectronics.X-CUBE-NFC4.2.0.5
2025-07-28 11:51:29,838 [WARN] PackLoader:240 - Cannot read IP mode file for STMicroelectronics.X-CUBE-NFC4.2.0.4
2025-07-28 11:51:29,844 [WARN] PackLoader:240 - Cannot read IP mode file for STMicroelectronics.X-CUBE-AI.9.0.0
2025-07-28 11:51:29,879 [INFO] WebApp:191 - Connection restablished
2025-07-28 11:51:29,898 [WARN] ConditionMgr:438 - getConditionDescription Invalid condition id : UX DEVICE CLASS RTOS Condition cause : null
2025-07-28 11:51:29,898 [WARN] ConditionMgr:438 - getConditionDescription Invalid condition id : UX DEVICE CLASS RTOS Condition cause : null
2025-07-28 11:51:29,908 [WARN] PackLoader:240 - Cannot read IP mode file for STMicroelectronics.X-CUBE-AZRTOS-H7.3.1.0
2025-07-28 11:51:29,910 [WARN] ConditionMgr:1044 - genDependencies : Invalid condition id : UX DEVICE CLASS RTOS Condition cause : null
2025-07-28 11:51:29,911 [WARN] ConditionMgr:1044 - genDependencies : Invalid condition id : UX DEVICE CLASS RTOS Condition cause : null
2025-07-28 11:51:29,914 [WARN] ConditionMgr:1044 - genDependencies : Invalid condition id : UX DEVICE CLASS RTOS Condition cause : null
2025-07-28 11:51:29,915 [WARN] ConditionMgr:1044 - genDependencies : Invalid condition id : UX DEVICE CLASS RTOS Condition cause : null
2025-07-28 11:51:29,915 [WARN] ConditionMgr:1044 - genDependencies : Invalid condition id : UX DEVICE CLASS RTOS Condition cause : null
2025-07-28 11:51:29,927 [WARN] PackLoader:240 - Cannot read IP mode file for STMicroelectronics.X-CUBE-FREERTOS.1.3.1
2025-07-28 11:51:29,934 [WARN] PackLoader:240 - Cannot read IP mode file for STMicroelectronics.X-CUBE-FREERTOS.1.3.0
2025-07-28 11:51:29,941 [WARN] PackLoader:240 - Cannot read IP mode file for STMicroelectronics.X-CUBE-NFC7.1.0.1
2025-07-28 11:51:29,947 [WARN] PackLoader:240 - Cannot read IP mode file for STMicroelectronics.X-CUBE-NFC7.1.0.0
2025-07-28 11:51:29,958 [WARN] PackLoader:240 - Cannot read IP mode file for STMicroelectronics.X-CUBE-NFC6.3.0.0
2025-07-28 11:51:29,968 [WARN] PackLoader:240 - Cannot read IP mode file for STMicroelectronics.X-CUBE-EEPRMA1.4.1.0
2025-07-28 11:51:29,979 [WARN] PackLoader:240 - Cannot read IP mode file for STMicroelectronics.FP-SNS-STAIOTCFT.1.0.0
2025-07-28 11:51:29,987 [INFO] UserAuth:487 - Internet connection configuration mode: 1
2025-07-28 11:51:29,990 [WARN] PackLoader:240 - Cannot read IP mode file for STMicroelectronics.X-CUBE-DPower.1.3.0
2025-07-28 11:51:29,998 [WARN] PackLoader:240 - Cannot read IP mode file for STMicroelectronics.X-CUBE-AI.8.1.0
2025-07-28 11:51:30,021 [WARN] ConditionMgr:438 - getConditionDescription Invalid condition id : LAN8742 Phy interface Condition cause : null
2025-07-28 11:51:30,022 [WARN] PackLoader:240 - Cannot read IP mode file for STMicroelectronics.X-CUBE-AZRTOS-L4.2.0.0
2025-07-28 11:51:30,023 [WARN] ConditionMgr:1044 - genDependencies : Invalid condition id : LAN8742 Phy interface Condition cause : null
2025-07-28 11:51:30,023 [WARN] ConditionMgr:1044 - genDependencies : Invalid condition id : LAN8742 Phy interface Condition cause : null
2025-07-28 11:51:30,024 [WARN] ConditionMgr:1044 - genDependencies : Invalid condition id : LAN8742 Phy interface Condition cause : null
2025-07-28 11:51:30,030 [WARN] PackLoader:240 - Cannot read IP mode file for STMicroelectronics.X-CUBE-SFXS2LP1.4.0.0
2025-07-28 11:51:30,048 [WARN] PackLoader:240 - Cannot read IP mode file for STMicroelectronics.X-CUBE-AZRTOS-H7.3.0.0
2025-07-28 11:51:30,055 [WARN] PackLoader:240 - Cannot read IP mode file for STMicroelectronics.X-CUBE-ISPU.1.1.0
2025-07-28 11:51:30,079 [WARN] PackLoader:240 - Cannot read IP mode file for STMicroelectronics.X-CUBE-AZRTOS-H7.3.3.0
2025-07-28 11:51:30,090 [WARN] PackLoader:240 - Cannot read IP mode file for RoweBots.I-CUBE-UNISONRTOS.5.5.0-4
2025-07-28 11:51:30,094 [WARN] PackLoader:240 - Cannot read IP mode file for wolfSSL.I-CUBE-wolfSSL.5.4.0
2025-07-28 11:51:30,104 [WARN] PackLoader:240 - Cannot read IP mode file for STMicroelectronics.X-CUBE-BLEMGR.4.1.0
2025-07-28 11:51:30,117 [WARN] PackLoader:240 - Cannot read IP mode file for STMicroelectronics.X-CUBE-IPS.3.0.0
2025-07-28 11:51:30,133 [WARN] ConditionMgr:438 - getConditionDescription Invalid condition id : UX DEVICE CLASS RTOS Condition cause : null
2025-07-28 11:51:30,134 [WARN] ConditionMgr:438 - getConditionDescription Invalid condition id : UX DEVICE CLASS RTOS Condition cause : null
2025-07-28 11:51:30,137 [WARN] PackLoader:240 - Cannot read IP mode file for STMicroelectronics.X-CUBE-AZRTOS-WB.2.0.0
2025-07-28 11:51:30,138 [WARN] ConditionMgr:1044 - genDependencies : Invalid condition id : UX DEVICE CLASS RTOS Condition cause : null
2025-07-28 11:51:30,138 [WARN] ConditionMgr:1044 - genDependencies : Invalid condition id : UX DEVICE CLASS RTOS Condition cause : null
2025-07-28 11:51:30,139 [WARN] ConditionMgr:1044 - genDependencies : Invalid condition id : UX DEVICE CLASS RTOS Condition cause : null
2025-07-28 11:51:30,139 [WARN] ConditionMgr:1044 - genDependencies : Invalid condition id : UX DEVICE CLASS RTOS Condition cause : null
2025-07-28 11:51:30,139 [WARN] ConditionMgr:1044 - genDependencies : Invalid condition id : UX DEVICE CLASS RTOS Condition cause : null
2025-07-28 11:51:30,146 [WARN] PackLoader:240 - Cannot read IP mode file for STMicroelectronics.X-CUBE-FREERTOS.1.0.1
2025-07-28 11:51:30,151 [WARN] PackLoader:240 - Cannot read IP mode file for STMicroelectronics.X-CUBE-GNSS1.7.0.0
2025-07-28 11:51:30,157 [WARN] PackLoader:240 - Cannot read IP mode file for STMicroelectronics.X-CUBE-GNSS1.7.0.1
2025-07-28 11:51:30,163 [WARN] PackLoader:240 - Cannot read IP mode file for STMicroelectronics.X-CUBE-BLEMGR.1.0.0
2025-07-28 11:51:30,167 [WARN] PackLoader:240 - Cannot read IP mode file for STMicroelectronics.X-CUBE-TOUCHGFX.4.25.0
2025-07-28 11:51:30,176 [WARN] PackLoader:240 - Cannot read IP mode file for STMicroelectronics.FP-SNS-STBOX1.2.0.0
2025-07-28 11:51:30,193 [WARN] PackLoader:240 - Cannot read IP mode file for STMicroelectronics.X-CUBE-AZRTOS-L5.1.1.0
2025-07-28 11:51:30,199 [WARN] PackLoader:240 - Cannot read IP mode file for STMicroelectronics.X-CUBE-AI.8.0.1
2025-07-28 11:51:30,213 [WARN] PackLoader:240 - Cannot read IP mode file for STMicroelectronics.X-CUBE-SUBG2.5.0.0
2025-07-28 11:51:30,234 [WARN] PackLoader:240 - Cannot read IP mode file for STMicroelectronics.X-CUBE-AZRTOS-H7RS.1.1.0
2025-07-28 11:51:30,240 [WARN] PackLoader:240 - Cannot read IP mode file for Cesanta.I-CUBE-Mongoose.7.13.0
2025-07-28 11:51:30,249 [WARN] PackLoader:240 - Cannot read IP mode file for STMicroelectronics.X-CUBE-AZRTOS-G4.2.0.0
2025-07-28 11:51:30,258 [WARN] PackLoader:240 - Cannot read IP mode file for STMicroelectronics.X-CUBE-TOF1.3.3.0
2025-07-28 11:51:30,268 [WARN] PackLoader:240 - Cannot read IP mode file for STMicroelectronics.FP-ATR-ASTRA1.1.1.1
2025-07-28 11:51:30,277 [WARN] PackLoader:240 - Cannot read IP mode file for Infineon.AIROC-Wi-Fi-Bluetooth-STM32.1.5.1
2025-07-28 11:51:30,281 [WARN] PackLoader:240 - Cannot read IP mode file for STMicroelectronics.FP-ATR-ASTRA1.1.1.0
2025-07-28 11:51:30,286 [WARN] PackLoader:240 - Cannot read IP mode file for STMicroelectronics.X-CUBE-NFC7.2.0.0
2025-07-28 11:51:30,291 [WARN] PackLoader:240 - Cannot read IP mode file for STMicroelectronics.FP-SNS-MOTENVWB1.1.3.1
2025-07-28 11:51:30,304 [WARN] PackLoader:240 - Cannot read IP mode file for STMicroelectronics.X-CUBE-AZRTOS-G4.1.0.0
2025-07-28 11:51:30,323 [WARN] PackLoader:240 - Cannot read IP mode file for STMicroelectronics.X-CUBE-AZRTOS-L4.1.0.0
2025-07-28 11:51:30,329 [WARN] PackLoader:240 - Cannot read IP mode file for STMicroelectronics.X-CUBE-ISPU.2.0.0
2025-07-28 11:51:30,338 [WARN] PackLoader:240 - Cannot read IP mode file for STMicroelectronics.X-CUBE-IPS.3.1.0
2025-07-28 11:51:30,345 [WARN] PackLoader:240 - Cannot read IP mode file for STMicroelectronics.X-CUBE-ALS.1.0.2
2025-07-28 11:51:30,385 [WARN] PackLoader:240 - Cannot read IP mode file for STMicroelectronics.X-CUBE-MEMS1.10.0.0
2025-07-28 11:51:30,475 [WARN] PackLoader:240 - Cannot read IP mode file for STMicroelectronics.X-CUBE-FREERTOS.1.1.0
2025-07-28 11:51:30,479 [WARN] PackLoader:240 - Cannot read IP mode file for STMicroelectronics.X-CUBE-TOUCHGFX.4.24.0
2025-07-28 11:51:30,492 [WARN] PackLoader:240 - Cannot read IP mode file for STMicroelectronics.X-CUBE-AZRTOS-WL.1.0.0
2025-07-28 11:51:30,498 [WARN] PackLoader:240 - Cannot read IP mode file for STMicroelectronics.X-CUBE-TOUCHGFX.4.24.1
2025-07-28 11:51:30,504 [WARN] PackLoader:240 - Cannot read IP mode file for wolfSSL.I-CUBE-wolfTPM.3.4.0
2025-07-28 11:51:30,511 [WARN] PackLoader:240 - Cannot read IP mode file for portGmbH.I-Cube-SoM-uGOAL.1.1.0
2025-07-28 11:51:30,516 [WARN] PackLoader:240 - Cannot read IP mode file for STMicroelectronics.X-CUBE-ALS.1.0.1
2025-07-28 11:51:30,528 [WARN] PackLoader:240 - Cannot read IP mode file for STMicroelectronics.X-CUBE-AZRTOS-WB.1.1.0
2025-07-28 11:51:30,546 [WARN] PackLoader:240 - Cannot read IP mode file for STMicroelectronics.X-CUBE-AZRTOS-L5.1.0.0
2025-07-28 11:51:30,552 [WARN] PackLoader:240 - Cannot read IP mode file for STMicroelectronics.X-CUBE-EEPRMA1.3.1.1
2025-07-28 11:51:30,569 [WARN] PackLoader:240 - Cannot read IP mode file for STMicroelectronics.X-CUBE-AZRTOS-H7RS.1.0.0
2025-07-28 11:51:30,576 [WARN] PackLoader:240 - Cannot read IP mode file for STMicroelectronics.FP-ATR-ASTRA1.2.0.0
2025-07-28 11:51:30,587 [WARN] PackLoader:240 - Cannot read IP mode file for STMicroelectronics.X-CUBE-TOF1.3.4.2
2025-07-28 11:51:30,602 [WARN] PackLoader:240 - Cannot read IP mode file for STMicroelectronics.X-CUBE-TOF1.3.4.3
2025-07-28 11:51:30,616 [WARN] PackLoader:240 - Cannot read IP mode file for STMicroelectronics.X-CUBE-TOF1.3.4.0
2025-07-28 11:51:30,632 [WARN] PackLoader:240 - Cannot read IP mode file for STMicroelectronics.X-CUBE-TOF1.3.4.1
2025-07-28 11:51:30,654 [WARN] PackLoader:240 - Cannot read IP mode file for STMicroelectronics.X-CUBE-AZRTOS-H7.3.2.0
2025-07-28 11:51:30,661 [WARN] PackLoader:240 - Cannot read IP mode file for wolfSSL.I-CUBE-wolfSSH.1.4.17
2025-07-28 11:51:30,662 [INFO] ThirdParty:978 - Integrity check success = true
2025-07-28 11:51:30,662 [INFO] IntegrityCheckThread:100 - exiting critical section [integrity check]
2025-07-28 11:51:30,662 [INFO] IntegrityCheckThread:103 - End integrity checks thread
2025-07-28 13:03:49,626 [ERROR] LogOutputStream:75 - [STDERR_REDIRECT] 
