2025-08-19 22:43:32,364 [INFO] Activator:176 - 


2025-08-19 22:43:32,369 [INFO] Activator:177 - !SESSION log4j initialized
2025-08-19 22:43:41,043 [INFO] LogOutputStream:77 - [STDOUT_REDIRECT] 
2025-08-19 22:43:42,754 [INFO] ApplicationProperties:184 - Using Application install path: C:\ST\STM32CubeIDE_1.14.0\STM32CubeIDE\plugins\com.st.stm32cube.common.mx_6.15.0.202507011659
2025-08-19 22:43:42,772 [INFO] DbMcusXml:78 - Set database path to: C:\ST\STM32CubeIDE_1.14.0\STM32CubeIDE\plugins\com.st.stm32cube.common.mx_6.15.0.202507011659\\db\/mcu/
2025-08-19 22:43:42,772 [INFO] ApiDb:274 - Set plugin database path to: C:\ST\STM32CubeIDE_1.14.0\STM32CubeIDE\plugins\com.st.stm32cube.common.mx_6.15.0.202507011659\\db\/plugins/boardmanager/
2025-08-19 22:43:42,772 [WARN] ApiDb:259 - Overriding images path with different value:  => C:\ST\STM32CubeIDE_1.14.0\STM32CubeIDE\plugins\com.st.stm32cube.common.mx_6.15.0.202507011659\\db\/plugins/mcufinder/images/
2025-08-19 22:43:42,781 [INFO] ApiDb:250 - Set database path to: C:\Users\jihoo\.stmcufinder\plugins\mcufinder//mcu/
2025-08-19 22:43:42,782 [INFO] DbMcusAds:125 - Set database path to: C:\Users\jihoo\.stmcufinder\plugins\mcufinder//mcu/
2025-08-19 22:43:42,785 [INFO] CrossReferenceDbSqlite:203 - Set database path to: C:\Users\jihoo\.stmcufinder\plugins\mcufinder//mcu/cs/
2025-08-19 22:43:42,884 [INFO] RulesReader:64 - Compatibility file has been processed (317 Rules)
2025-08-19 22:43:42,962 [INFO] DbMcusXml:78 - Set database path to: C:\ST\STM32CubeIDE_1.14.0\STM32CubeIDE\plugins\com.st.stm32cube.common.mx_6.15.0.202507011659\\db\/mcu/
2025-08-19 22:43:42,962 [INFO] ApiDb:274 - Set plugin database path to: C:\ST\STM32CubeIDE_1.14.0\STM32CubeIDE\plugins\com.st.stm32cube.common.mx_6.15.0.202507011659\\db\/plugins/boardmanager/
2025-08-19 22:43:42,962 [INFO] ApiDb:261 - Set plugin images path to: C:\ST\STM32CubeIDE_1.14.0\STM32CubeIDE\plugins\com.st.stm32cube.common.mx_6.15.0.202507011659\\db\/plugins/mcufinder/images/
2025-08-19 22:43:42,962 [WARN] DbFile:41 - Overriding database path with different value: C:\Users\jihoo\.stmcufinder\plugins\mcufinder/ => C:\Users\jihoo\.stmcufinder\plugins\mcufinder
2025-08-19 22:43:42,962 [INFO] ApiDb:250 - Set database path to: C:\Users\jihoo\.stmcufinder\plugins\mcufinder//mcu/
2025-08-19 22:43:42,962 [WARN] DbFile:41 - Overriding database path with different value: C:\Users\jihoo\.stmcufinder\plugins\mcufinder/ => C:\Users\jihoo\.stmcufinder\plugins\mcufinder
2025-08-19 22:43:42,962 [INFO] DbMcusAds:125 - Set database path to: C:\Users\jihoo\.stmcufinder\plugins\mcufinder//mcu/
2025-08-19 22:43:42,962 [WARN] DbFile:41 - Overriding database path with different value: C:\Users\jihoo\.stmcufinder\plugins\mcufinder/ => C:\Users\jihoo\.stmcufinder\plugins\mcufinder
2025-08-19 22:43:42,962 [WARN] DbFile:41 - Overriding database path with different value: C:\Users\jihoo\.stmcufinder\plugins\mcufinder/ => C:\Users\jihoo\.stmcufinder\plugins\mcufinder
2025-08-19 22:43:42,962 [INFO] CrossReferenceDbSqlite:203 - Set database path to: C:\Users\jihoo\.stmcufinder\plugins\mcufinder//mcu/cs/
2025-08-19 22:43:43,034 [INFO] MainPanel:274 - HeapMemory: 268435456
2025-08-19 22:43:43,150 [INFO] DbMcusXml:78 - Set database path to: C:\ST\STM32CubeIDE_1.14.0\STM32CubeIDE\plugins\com.st.stm32cube.common.mx_6.15.0.202507011659\\db\/mcu/
2025-08-19 22:43:43,150 [INFO] ApiDb:274 - Set plugin database path to: C:\ST\STM32CubeIDE_1.14.0\STM32CubeIDE\plugins\com.st.stm32cube.common.mx_6.15.0.202507011659\\db\/plugins/boardmanager/
2025-08-19 22:43:43,150 [INFO] ApiDb:261 - Set plugin images path to: C:\ST\STM32CubeIDE_1.14.0\STM32CubeIDE\plugins\com.st.stm32cube.common.mx_6.15.0.202507011659\\db\/plugins/mcufinder/images/
2025-08-19 22:43:43,150 [WARN] DbFile:41 - Overriding database path with different value: C:\Users\jihoo\.stmcufinder\plugins\mcufinder/ => C:\Users\jihoo\.stmcufinder\plugins\mcufinder
2025-08-19 22:43:43,150 [INFO] ApiDb:250 - Set database path to: C:\Users\jihoo\.stmcufinder\plugins\mcufinder//mcu/
2025-08-19 22:43:43,151 [WARN] DbFile:41 - Overriding database path with different value: C:\Users\jihoo\.stmcufinder\plugins\mcufinder/ => C:\Users\jihoo\.stmcufinder\plugins\mcufinder
2025-08-19 22:43:43,151 [INFO] DbMcusAds:125 - Set database path to: C:\Users\jihoo\.stmcufinder\plugins\mcufinder//mcu/
2025-08-19 22:43:43,151 [WARN] DbFile:41 - Overriding database path with different value: C:\Users\jihoo\.stmcufinder\plugins\mcufinder/ => C:\Users\jihoo\.stmcufinder\plugins\mcufinder
2025-08-19 22:43:43,151 [WARN] DbFile:41 - Overriding database path with different value: C:\Users\jihoo\.stmcufinder\plugins\mcufinder/ => C:\Users\jihoo\.stmcufinder\plugins\mcufinder
2025-08-19 22:43:43,151 [INFO] CrossReferenceDbSqlite:203 - Set database path to: C:\Users\jihoo\.stmcufinder\plugins\mcufinder//mcu/cs/
2025-08-19 22:43:43,169 [INFO] ApplicationProperties:184 - Using Application install path: C:\ST\STM32CubeIDE_1.14.0\STM32CubeIDE\plugins\com.st.stm32cube.common.mx_6.15.0.202507011659
2025-08-19 22:43:43,170 [INFO] PluginManage:196 - Search for loadable plugins [exclusion list=, ]
2025-08-19 22:43:43,171 [INFO] PluginManage:310 - Check plugin analytics
2025-08-19 22:43:43,342 [INFO] AnalyticsPlugin:253 - Accepted Software Licenses: STM32CubeMX.6.6.1,STM32CubeMX.6.7.0,STM32CubeMX.6.10.0,STM32CubeMX.6.12.0,STM32CubeMX.6.13.0,STM32CubeMX.6.14.1,STM32CubeMX.6.15.0
2025-08-19 22:43:43,342 [INFO] AnalyticsPlugin:255 - Accepted CMSIS Pack Licenses: 
2025-08-19 22:43:43,343 [INFO] AnalyticsPlugin:257 - Accepted Firmware Licenses: FW.H7.1.12.0,FW.F4.1.28.0
2025-08-19 22:43:43,345 [INFO] PluginManage:359 - Loaded plugin analytics (category:tool,tabindex:-1)
2025-08-19 22:43:43,345 [INFO] PluginManage:310 - Check plugin cadmodel
2025-08-19 22:43:43,351 [INFO] CADModel:105 - Init CAD model plugin
2025-08-19 22:43:43,351 [INFO] PluginManage:359 - Loaded plugin cadmodel (category:power,tabindex:5)
2025-08-19 22:43:43,351 [INFO] PluginManage:310 - Check plugin clock
2025-08-19 22:43:43,362 [INFO] PluginManage:359 - Loaded plugin clock (category:base,tabindex:2)
2025-08-19 22:43:43,362 [INFO] PluginManage:310 - Check plugin ddr
2025-08-19 22:43:43,364 [INFO] PluginManage:359 - Loaded plugin ddr (category:tool,tabindex:6)
2025-08-19 22:43:43,364 [INFO] PluginManage:310 - Check plugin filemanager
2025-08-19 22:43:43,522 [INFO] PluginManage:359 - Loaded plugin filemanager (category:base,tabindex:10)
2025-08-19 22:43:43,522 [INFO] PluginManage:310 - Check plugin ipmanager
2025-08-19 22:43:43,530 [INFO] PluginManage:359 - Loaded plugin ipmanager (category:base,tabindex:5)
2025-08-19 22:43:43,530 [INFO] PluginManage:310 - Check plugin lpbam
2025-08-19 22:43:43,538 [INFO] PluginManage:359 - Loaded plugin lpbam (category:base,tabindex:0)
2025-08-19 22:43:43,538 [INFO] PluginManage:310 - Check plugin memorymap
2025-08-19 22:43:43,552 [INFO] PluginManage:359 - Loaded plugin memorymap (category:base,tabindex:4)
2025-08-19 22:43:43,552 [INFO] PluginManage:310 - Check plugin pinoutandconfiguration
2025-08-19 22:43:43,562 [INFO] PluginManage:359 - Loaded plugin pinoutandconfiguration (category:base,tabindex:1)
2025-08-19 22:43:43,562 [INFO] PluginManage:310 - Check plugin pinoutconfig
2025-08-19 22:43:43,661 [WARN] SupportedApi:132 - Cannot load RTOS API schema: s4s-elt-must-match.1: The content of 'definitions' must match (annotation?, (simpleType | complexType)?, (unique | key | keyref)*)). A problem was found starting at: attribute.
2025-08-19 22:43:43,795 [INFO] PluginManage:359 - Loaded plugin pinoutconfig (category:base,tabindex:0)
2025-08-19 22:43:43,795 [INFO] PluginManage:310 - Check plugin power
2025-08-19 22:43:43,807 [INFO] PluginManage:359 - Loaded plugin power (category:power,tabindex:4)
2025-08-19 22:43:43,807 [INFO] PluginManage:310 - Check plugin projectmanager
2025-08-19 22:43:43,820 [INFO] PluginManage:359 - Loaded plugin projectmanager (category:projectmanager,tabindex:4)
2025-08-19 22:43:43,820 [INFO] PluginManage:310 - Check plugin rif
2025-08-19 22:43:43,831 [INFO] PluginManage:359 - Loaded plugin rif (category:base,tabindex:3)
2025-08-19 22:43:43,831 [INFO] PluginManage:310 - Check plugin thirdparty
2025-08-19 22:43:43,993 [INFO] PluginManage:359 - Loaded plugin thirdparty (category:base,tabindex:-1)
2025-08-19 22:43:43,993 [WARN] IntegrityCheckThread:84 - waiting for thirdparty lock release [integrity check]
2025-08-19 22:43:43,993 [INFO] PluginManage:310 - Check plugin tools
2025-08-19 22:43:43,994 [INFO] IntegrityCheckThread:86 - entering critical section [integrity check]
2025-08-19 22:43:43,994 [INFO] ThirdPartyUpdaterWithRetryManager:70 - Updater plugin not ready yet. [1/15]
2025-08-19 22:43:43,998 [INFO] PluginManage:359 - Loaded plugin tools (category:base,tabindex:7)
2025-08-19 22:43:43,998 [INFO] PluginManage:310 - Check plugin tutovideos
2025-08-19 22:43:44,219 [INFO] PluginManage:359 - Loaded plugin tutovideos (category:base,tabindex:-1)
2025-08-19 22:43:44,220 [INFO] PluginManage:310 - Check plugin updater
2025-08-19 22:43:44,239 [INFO] PluginManage:359 - Loaded plugin updater (category:base,tabindex:12)
2025-08-19 22:43:44,239 [INFO] PluginManage:310 - Check plugin userauth
2025-08-19 22:43:44,243 [INFO] UserAuth:118 - Init User Auth plugin
2025-08-19 22:43:44,245 [INFO] PluginManage:359 - Loaded plugin userauth (category:base,tabindex:14)
2025-08-19 22:43:44,245 [INFO] PluginManage:283 - PluginManage : Loaded plugins [18]
2025-08-19 22:43:44,433 [INFO] PinOutPanel:1589 - setPackage(No Configuration,No Configuration)
2025-08-19 22:43:44,508 [INFO] CADModel:165 - CPN selected for project level
2025-08-19 22:43:44,509 [INFO] CADModel:114 - Register for checkConnection events
2025-08-19 22:43:44,528 [INFO] IPUIPlugin:80 - create IPUIPlugin
2025-08-19 22:43:44,528 [INFO] PluginManager:220 - loadIPPluginJar : add adc
2025-08-19 22:43:44,531 [INFO] IPUIPlugin:80 - create IPUIPlugin
2025-08-19 22:43:44,531 [INFO] PluginManager:220 - loadIPPluginJar : add aes
2025-08-19 22:43:44,534 [INFO] IPUIPlugin:80 - create IPUIPlugin
2025-08-19 22:43:44,534 [INFO] PluginManager:220 - loadIPPluginJar : add can
2025-08-19 22:43:44,535 [INFO] IPUIPlugin:80 - create IPUIPlugin
2025-08-19 22:43:44,535 [INFO] PluginManager:220 - loadIPPluginJar : add comp
2025-08-19 22:43:44,538 [INFO] IPUIPlugin:80 - create IPUIPlugin
2025-08-19 22:43:44,539 [INFO] PluginManager:220 - loadIPPluginJar : add cryp
2025-08-19 22:43:44,542 [INFO] IPUIPlugin:80 - create IPUIPlugin
2025-08-19 22:43:44,542 [INFO] PluginManager:220 - loadIPPluginJar : add ddr_ctrl_phy
2025-08-19 22:43:44,545 [INFO] IPUIPlugin:80 - create IPUIPlugin
2025-08-19 22:43:44,545 [INFO] PluginManager:220 - loadIPPluginJar : add dfsdm
2025-08-19 22:43:44,550 [INFO] IPUIPlugin:80 - create IPUIPlugin
2025-08-19 22:43:44,550 [INFO] PluginManager:220 - loadIPPluginJar : add dma
2025-08-19 22:43:44,553 [INFO] IPUIPlugin:80 - create IPUIPlugin
2025-08-19 22:43:44,554 [INFO] PluginManager:220 - loadIPPluginJar : add dma3
2025-08-19 22:43:44,557 [INFO] IPUIPlugin:80 - create IPUIPlugin
2025-08-19 22:43:44,557 [INFO] PluginManager:220 - loadIPPluginJar : add extmemmanager
2025-08-19 22:43:44,558 [INFO] IPUIPlugin:80 - create IPUIPlugin
2025-08-19 22:43:44,558 [INFO] PluginManager:220 - loadIPPluginJar : add fatfs
2025-08-19 22:43:44,562 [INFO] IPUIPlugin:80 - create IPUIPlugin
2025-08-19 22:43:44,562 [INFO] PluginManager:220 - loadIPPluginJar : add fmc
2025-08-19 22:43:44,568 [INFO] IPUIPlugin:80 - create IPUIPlugin
2025-08-19 22:43:44,568 [INFO] PluginManager:220 - loadIPPluginJar : add freertos
2025-08-19 22:43:44,569 [INFO] IPUIPlugin:80 - create IPUIPlugin
2025-08-19 22:43:44,570 [INFO] PluginManager:220 - loadIPPluginJar : add genericplugin
2025-08-19 22:43:44,572 [INFO] IPUIPlugin:80 - create IPUIPlugin
2025-08-19 22:43:44,572 [INFO] PluginManager:220 - loadIPPluginJar : add gfxmmu
2025-08-19 22:43:44,576 [INFO] IPUIPlugin:80 - create IPUIPlugin
2025-08-19 22:43:44,576 [INFO] PluginManager:220 - loadIPPluginJar : add gic
2025-08-19 22:43:44,580 [INFO] IPUIPlugin:80 - create IPUIPlugin
2025-08-19 22:43:44,581 [INFO] PluginManager:220 - loadIPPluginJar : add gpio
2025-08-19 22:43:44,584 [INFO] IPUIPlugin:80 - create IPUIPlugin
2025-08-19 22:43:44,585 [INFO] PluginManager:220 - loadIPPluginJar : add gtzc
2025-08-19 22:43:44,587 [INFO] IPUIPlugin:80 - create IPUIPlugin
2025-08-19 22:43:44,587 [INFO] PluginManager:220 - loadIPPluginJar : add hash
2025-08-19 22:43:44,590 [INFO] IPUIPlugin:80 - create IPUIPlugin
2025-08-19 22:43:44,590 [INFO] PluginManager:220 - loadIPPluginJar : add i2c
2025-08-19 22:43:44,593 [INFO] IPUIPlugin:80 - create IPUIPlugin
2025-08-19 22:43:44,593 [INFO] PluginManager:220 - loadIPPluginJar : add i2s
2025-08-19 22:43:44,595 [INFO] IPUIPlugin:80 - create IPUIPlugin
2025-08-19 22:43:44,595 [INFO] PluginManager:220 - loadIPPluginJar : add i3c
2025-08-19 22:43:44,598 [INFO] IPUIPlugin:80 - create IPUIPlugin
2025-08-19 22:43:44,598 [INFO] PluginManager:220 - loadIPPluginJar : add ipddr
2025-08-19 22:43:44,606 [INFO] IPUIPlugin:80 - create IPUIPlugin
2025-08-19 22:43:44,606 [INFO] PluginManager:220 - loadIPPluginJar : add linkedlist
2025-08-19 22:43:44,609 [INFO] IPUIPlugin:80 - create IPUIPlugin
2025-08-19 22:43:44,609 [INFO] PluginManager:220 - loadIPPluginJar : add lorawan
2025-08-19 22:43:44,611 [INFO] IPUIPlugin:80 - create IPUIPlugin
2025-08-19 22:43:44,611 [INFO] PluginManager:220 - loadIPPluginJar : add ltdc
2025-08-19 22:43:44,616 [INFO] IPUIPlugin:80 - create IPUIPlugin
2025-08-19 22:43:44,616 [INFO] PluginManager:220 - loadIPPluginJar : add mdma
2025-08-19 22:43:44,621 [INFO] IPUIPlugin:80 - create IPUIPlugin
2025-08-19 22:43:44,621 [INFO] PluginManager:220 - loadIPPluginJar : add nvic
2025-08-19 22:43:44,624 [INFO] IPUIPlugin:80 - create IPUIPlugin
2025-08-19 22:43:44,624 [INFO] PluginManager:220 - loadIPPluginJar : add opamp
2025-08-19 22:43:44,627 [INFO] IPUIPlugin:80 - create IPUIPlugin
2025-08-19 22:43:44,627 [INFO] PluginManager:220 - loadIPPluginJar : add openamp
2025-08-19 22:43:44,630 [INFO] IPUIPlugin:80 - create IPUIPlugin
2025-08-19 22:43:44,630 [INFO] PluginManager:220 - loadIPPluginJar : add pdm2pcm
2025-08-19 22:43:44,637 [INFO] IPUIPlugin:80 - create IPUIPlugin
2025-08-19 22:43:44,639 [INFO] PluginManager:220 - loadIPPluginJar : add plateformsettings
2025-08-19 22:43:44,641 [INFO] IPUIPlugin:80 - create IPUIPlugin
2025-08-19 22:43:44,641 [INFO] PluginManager:220 - loadIPPluginJar : add quadspi
2025-08-19 22:43:44,643 [INFO] IPUIPlugin:80 - create IPUIPlugin
2025-08-19 22:43:44,644 [INFO] PluginManager:220 - loadIPPluginJar : add radio
2025-08-19 22:43:44,648 [INFO] IPUIPlugin:80 - create IPUIPlugin
2025-08-19 22:43:44,648 [INFO] PluginManager:220 - loadIPPluginJar : add resmgrutility
2025-08-19 22:43:44,651 [INFO] IPUIPlugin:80 - create IPUIPlugin
2025-08-19 22:43:44,651 [INFO] PluginManager:220 - loadIPPluginJar : add sai
2025-08-19 22:43:44,653 [INFO] IPUIPlugin:80 - create IPUIPlugin
2025-08-19 22:43:44,653 [INFO] PluginManager:220 - loadIPPluginJar : add spi
2025-08-19 22:43:44,659 [INFO] IPUIPlugin:80 - create IPUIPlugin
2025-08-19 22:43:44,659 [INFO] PluginManager:220 - loadIPPluginJar : add stm32_wpan
2025-08-19 22:43:44,661 [INFO] IPUIPlugin:80 - create IPUIPlugin
2025-08-19 22:43:44,661 [INFO] PluginManager:220 - loadIPPluginJar : add tim
2025-08-19 22:43:44,664 [INFO] IPUIPlugin:80 - create IPUIPlugin
2025-08-19 22:43:44,664 [INFO] PluginManager:220 - loadIPPluginJar : add touchsensing
2025-08-19 22:43:44,667 [INFO] IPUIPlugin:80 - create IPUIPlugin
2025-08-19 22:43:44,667 [INFO] PluginManager:220 - loadIPPluginJar : add tracer_emb
2025-08-19 22:43:44,668 [INFO] IPUIPlugin:80 - create IPUIPlugin
2025-08-19 22:43:44,669 [INFO] PluginManager:220 - loadIPPluginJar : add ts
2025-08-19 22:43:44,670 [INFO] IPUIPlugin:80 - create IPUIPlugin
2025-08-19 22:43:44,670 [INFO] PluginManager:220 - loadIPPluginJar : add tsc
2025-08-19 22:43:44,672 [INFO] IPUIPlugin:80 - create IPUIPlugin
2025-08-19 22:43:44,672 [INFO] PluginManager:220 - loadIPPluginJar : add ucpd
2025-08-19 22:43:44,674 [INFO] IPUIPlugin:80 - create IPUIPlugin
2025-08-19 22:43:44,674 [INFO] PluginManager:220 - loadIPPluginJar : add usart
2025-08-19 22:43:44,678 [INFO] IPUIPlugin:80 - create IPUIPlugin
2025-08-19 22:43:44,678 [INFO] PluginManager:220 - loadIPPluginJar : add usbx
2025-08-19 22:43:44,814 [FATAL] Updater:351 - Updater called before beeing initialized
2025-08-19 22:43:44,837 [INFO] RulesReader:64 - Compatibility file has been processed (317 Rules)
2025-08-19 22:43:44,847 [INFO] RulesReader:64 - Compatibility file has been processed (317 Rules)
2025-08-19 22:43:44,853 [INFO] CADModel:165 - CPN selected for project level
2025-08-19 22:43:44,853 [INFO] CADModel:114 - Register for checkConnection events
2025-08-19 22:43:44,854 [FATAL] Updater:351 - Updater called before beeing initialized
2025-08-19 22:43:44,854 [ERROR] CADModel:125 - Updater not yet initialized, retry later 
2025-08-19 22:43:45,007 [FATAL] Updater:351 - Updater called before beeing initialized
2025-08-19 22:43:45,009 [INFO] CADModel:165 - CPN selected for project level
2025-08-19 22:43:45,009 [INFO] CADModel:114 - Register for checkConnection events
2025-08-19 22:43:45,009 [FATAL] Updater:351 - Updater called before beeing initialized
2025-08-19 22:43:45,009 [ERROR] CADModel:125 - Updater not yet initialized, retry later 
2025-08-19 22:43:45,013 [FATAL] Updater:351 - Updater called before beeing initialized
2025-08-19 22:43:45,128 [FATAL] Updater:351 - Updater called before beeing initialized
2025-08-19 22:43:45,131 [INFO] DbMcusAds:53 - JSON generation date=Tue Jul 08 17:14:23 KST 2025 (1751962463582)
2025-08-19 22:43:45,131 [FATAL] Updater:351 - Updater called before beeing initialized
2025-08-19 22:43:45,170 [WARN] DetailPanel:346 - Failed to get advertising image, set to default
2025-08-19 22:43:45,240 [FATAL] Updater:351 - Updater called before beeing initialized
2025-08-19 22:43:45,241 [FATAL] Updater:351 - Updater called before beeing initialized
2025-08-19 22:43:45,241 [FATAL] Updater:351 - Updater called before beeing initialized
2025-08-19 22:43:45,241 [WARN] DetailPanel:346 - Failed to get advertising image, set to default
2025-08-19 22:43:45,242 [FATAL] Updater:351 - Updater called before beeing initialized
2025-08-19 22:43:45,283 [ERROR] Updater:1198 - MainUpdater not yet initialized. External WinMGr cannot be set.
2025-08-19 22:43:45,285 [INFO] Updater:1134 - Updater Version found : 6.15.0
2025-08-19 22:43:45,299 [INFO] ApplicationProperties:184 - Using Application install path: C:\ST\STM32CubeIDE_1.14.0\STM32CubeIDE\plugins\com.st.stm32cube.common.mx_6.15.0.202507011659
2025-08-19 22:43:46,200 [INFO] MainUpdater:2872 - connection check result : 10
2025-08-19 22:43:46,201 [INFO] MainUpdater:289 - Updater Check For Update Now.
2025-08-19 22:43:46,201 [INFO] MicroXplorer:498 - Change Database Version : DB.6.0.150
2025-08-19 22:43:46,206 [INFO] McuFinderGlobals:63 - Set McuFinder mode to 2 (CubeIDE integrated)
2025-08-19 22:43:46,207 [INFO] UserAuth:487 - Internet connection configuration mode: 1
2025-08-19 22:43:46,232 [INFO] JxBrowserEngine:152 - Initiate JxBrowser Engine with user profile folder
2025-08-19 22:43:46,372 [INFO] CheckServerUpdateThread:120 - End of CheckServer Thread
2025-08-19 22:43:48,086 [WARN] PackLoader:240 - Cannot read IP mode file for STMicroelectronics.FP-SNS-MOTENVWB1.1.4.0
2025-08-19 22:43:48,094 [WARN] PackLoader:240 - Cannot read IP mode file for STMicroelectronics.FP-ATR-ASTRA1.2.0.2
2025-08-19 22:43:48,099 [WARN] PackLoader:240 - Cannot read IP mode file for STMicroelectronics.FP-ATR-ASTRA1.2.0.1
2025-08-19 22:43:48,114 [WARN] PackLoader:240 - Cannot read IP mode file for STMicroelectronics.X-CUBE-SMBUS.2.1.0
2025-08-19 22:43:48,123 [WARN] PackLoader:240 - Cannot read IP mode file for STMicroelectronics.X-CUBE-WB05N.1.1.0
2025-08-19 22:43:48,128 [WARN] PackLoader:240 - Cannot read IP mode file for STMicroelectronics.X-CUBE-ST60.1.0.0
2025-08-19 22:43:48,134 [WARN] PackLoader:240 - Cannot read IP mode file for STMicroelectronics.X-CUBE-TOUCHGFX.4.23.0
2025-08-19 22:43:48,162 [WARN] PackLoader:240 - Cannot read IP mode file for STMicroelectronics.X-CUBE-AZRTOS-F7.1.1.0
2025-08-19 22:43:48,170 [WARN] PackLoader:240 - Cannot read IP mode file for STMicroelectronics.FP-SNS-MOTENV1.4.3.2
2025-08-19 22:43:48,176 [ERROR] RealEvaluatedCondition:428 - Found unsupported composite condition: GROUP='STM32_MetaDataManager' CLASS='Data Exchange'
2025-08-19 22:43:48,176 [ERROR] RealEvaluatedCondition:428 - Found unsupported composite condition: GROUP='STM32_MetaDataManager' CLASS='Data Exchange'
2025-08-19 22:43:48,178 [WARN] PackLoader:240 - Cannot read IP mode file for STMicroelectronics.FP-SNS-MOTENV1.4.3.1
2025-08-19 22:43:48,186 [WARN] PackLoader:240 - Cannot read IP mode file for STMicroelectronics.FP-SNS-FLIGHT1.5.0.1
2025-08-19 22:43:48,193 [WARN] PackLoader:240 - Cannot read IP mode file for STMicroelectronics.X-CUBE-BLE1.6.2.3
2025-08-19 22:43:48,241 [WARN] PackLoader:240 - Cannot read IP mode file for STMicroelectronics.X-CUBE-MEMS1.11.0.0
2025-08-19 22:43:48,278 [INFO] WebApp:169 - Instantiating new browser for Auth
2025-08-19 22:43:48,416 [WARN] PackLoader:240 - Cannot read IP mode file for STMicroelectronics.X-CUBE-BLE1.6.2.4
2025-08-19 22:43:48,421 [WARN] PackLoader:240 - Cannot read IP mode file for STMicroelectronics.FP-SNS-FLIGHT1.5.0.2
2025-08-19 22:43:48,429 [WARN] PackLoader:240 - Cannot read IP mode file for STMicroelectronics.X-CUBE-TOF1.3.1.0
2025-08-19 22:43:48,469 [WARN] PackLoader:240 - Cannot read IP mode file for STMicroelectronics.X-CUBE-AZRTOS-H7.3.4.0
2025-08-19 22:43:48,482 [WARN] PackLoader:240 - Cannot read IP mode file for STMicroelectronics.X-CUBE-DISPLAY.3.0.0
2025-08-19 22:43:48,490 [WARN] PackLoader:240 - Cannot read IP mode file for STMicroelectronics.X-CUBE-BLE1.7.0.0
2025-08-19 22:43:48,499 [WARN] PackLoader:240 - Cannot read IP mode file for STMicroelectronics.X-CUBE-NFC10.1.0.0
2025-08-19 22:43:48,511 [WARN] PackLoader:240 - Cannot read IP mode file for STMicroelectronics.X-CUBE-BLEMGR.4.0.0
2025-08-19 22:43:48,520 [WARN] PackLoader:240 - Cannot read IP mode file for emotas.I-CUBE-CANOPEN.1.3.0
2025-08-19 22:43:48,584 [WARN] PackLoader:240 - Cannot read IP mode file for STMicroelectronics.X-CUBE-MEMS1.9.3.0
2025-08-19 22:43:48,688 [WARN] PackLoader:240 - Cannot read IP mode file for STMicroelectronics.X-CUBE-AI.7.2.0
2025-08-19 22:43:48,697 [WARN] PackLoader:240 - Cannot read IP mode file for STMicroelectronics.X-CUBE-BLEMGR.3.1.0
2025-08-19 22:43:48,704 [WARN] PackLoader:240 - Cannot read IP mode file for STMicroelectronics.X-CUBE-AI.10.0.0
2025-08-19 22:43:48,713 [WARN] PackLoader:240 - Cannot read IP mode file for STMicroelectronics.FP-SNS-STBOX1.2.1.0
2025-08-19 22:43:48,721 [WARN] PackLoader:240 - Cannot read IP mode file for STMicroelectronics.FP-SNS-SMARTAG2.1.2.0
2025-08-19 22:43:48,726 [WARN] PackLoader:240 - Cannot read IP mode file for STMicroelectronics.FP-SNS-FLIGHT1.5.1.0
2025-08-19 22:43:48,739 [INFO] LogOutputStream:77 - [STDOUT_REDIRECT] 1 : Invalid condition id : UX_CORESTACK_Condition cause : null
2025-08-19 22:43:48,740 [INFO] LogOutputStream:77 - [STDOUT_REDIRECT] 1 : Invalid condition id : UX_CORESTACK_Condition cause : null
2025-08-19 22:43:48,741 [INFO] LogOutputStream:77 - [STDOUT_REDIRECT] 1 : Invalid condition id : UX_CORESTACK_Condition cause : null
2025-08-19 22:43:48,743 [INFO] LogOutputStream:77 - [STDOUT_REDIRECT] 1 : Invalid condition id : UX_CORESTACK_Condition cause : null
2025-08-19 22:43:48,744 [INFO] LogOutputStream:77 - [STDOUT_REDIRECT] 1 : Invalid condition id : UX_CORESTACK_Condition cause : null
2025-08-19 22:43:48,747 [WARN] PackLoader:240 - Cannot read IP mode file for STMicroelectronics.X-CUBE-AZRTOS-WL.2.0.0
2025-08-19 22:43:48,755 [WARN] PackLoader:240 - Cannot read IP mode file for STMicroelectronics.FP-SNS-MOTENV1.5.0.0
2025-08-19 22:43:48,761 [WARN] PackLoader:240 - Cannot read IP mode file for wolfSSL.I-CUBE-wolfMQTT.1.19.0
2025-08-19 22:43:48,770 [WARN] PackLoader:240 - Cannot read IP mode file for WES.I-CUBE-Cesium.1.3.0
2025-08-19 22:43:48,777 [WARN] PackLoader:240 - Cannot read IP mode file for STMicroelectronics.X-CUBE-BLE2.3.3.0
2025-08-19 22:43:48,782 [WARN] PackLoader:240 - Cannot read IP mode file for STMicroelectronics.X-CUBE-DISPLAY.2.2.0
2025-08-19 22:43:48,795 [WARN] PackLoader:240 - Cannot read IP mode file for STMicroelectronics.X-CUBE-TOF1.3.2.0
2025-08-19 22:43:48,803 [WARN] PackLoader:240 - Cannot read IP mode file for STMicroelectronics.X-CUBE-ISPU.1.0.0
2025-08-19 22:43:48,809 [WARN] PackLoader:240 - Cannot read IP mode file for STMicroelectronics.X-CUBE-NFC9.1.0.0
2025-08-19 22:43:48,827 [WARN] PackLoader:240 - Cannot read IP mode file for STMicroelectronics.X-CUBE-AZRTOS-H7.2.1.0
2025-08-19 22:43:48,834 [WARN] PackLoader:240 - Cannot read IP mode file for STMicroelectronics.X-CUBE-BLE1.7.1.0
2025-08-19 22:43:48,840 [WARN] PackLoader:240 - Cannot read IP mode file for STMicroelectronics.X-CUBE-TCPP.4.1.0
2025-08-19 22:43:48,938 [WARN] PackLoader:240 - Cannot read IP mode file for STMicroelectronics.X-CUBE-EEPRMA1.5.2.0
2025-08-19 22:43:48,945 [WARN] PackLoader:240 - Cannot read IP mode file for STMicroelectronics.X-CUBE-TOUCHGFX.4.21.1
2025-08-19 22:43:48,950 [WARN] PackLoader:240 - Cannot read IP mode file for STMicroelectronics.X-CUBE-TOUCHGFX.4.21.0
2025-08-19 22:43:48,956 [WARN] PackLoader:240 - Cannot read IP mode file for STMicroelectronics.X-CUBE-TOUCHGFX.4.21.4
2025-08-19 22:43:49,000 [WARN] PackLoader:240 - Cannot read IP mode file for STMicroelectronics.X-CUBE-MEMS1.9.4.0
2025-08-19 22:43:49,083 [WARN] PackLoader:240 - Cannot read IP mode file for STMicroelectronics.X-CUBE-AI.7.3.0
2025-08-19 22:43:49,088 [WARN] PackLoader:240 - Cannot read IP mode file for STMicroelectronics.X-CUBE-AI.10.1.0
2025-08-19 22:43:49,093 [WARN] PackLoader:240 - Cannot read IP mode file for STMicroelectronics.X-CUBE-ALGOBUILD.1.3.0
2025-08-19 22:43:49,127 [WARN] PackLoader:240 - Cannot read IP mode file for STMicroelectronics.X-CUBE-MEMS1.11.2.0
2025-08-19 22:43:49,296 [WARN] PackLoader:240 - Cannot read IP mode file for STMicroelectronics.X-CUBE-AZRTOS-G0.1.1.0
2025-08-19 22:43:49,309 [WARN] PackLoader:240 - Cannot read IP mode file for STMicroelectronics.X-CUBE-SAFEA1.1.2.2
2025-08-19 22:43:49,319 [WARN] PackLoader:240 - Cannot read IP mode file for STMicroelectronics.X-CUBE-NFC4.3.0.0
2025-08-19 22:43:49,363 [WARN] PackLoader:240 - Cannot read IP mode file for SEGGER.I-CUBE-embOS.1.2.0
2025-08-19 22:43:49,405 [WARN] PackLoader:240 - Cannot read IP mode file for EmbeddedOffice.I-CUBE-FS-RTOS.1.0.1
2025-08-19 22:43:49,410 [WARN] PackLoader:240 - Cannot read IP mode file for STMicroelectronics.X-CUBE-WB05N.2.0.0
2025-08-19 22:43:49,412 [INFO] WebApp:463 - Apply proxy settings
2025-08-19 22:43:49,412 [INFO] WebApp:548 - Chromium requires no authentication
2025-08-19 22:43:49,421 [WARN] PackLoader:240 - Cannot read IP mode file for STMicroelectronics.X-CUBE-BLEMGR.3.0.0
2025-08-19 22:43:49,433 [WARN] PackLoader:240 - Cannot read IP mode file for STMicroelectronics.X-CUBE-BLEMGR.1.3.0
2025-08-19 22:43:49,436 [INFO] WebApp:491 - Direct internet connection detected
2025-08-19 22:43:49,438 [WARN] PackLoader:240 - Cannot read IP mode file for STMicroelectronics.X-CUBE-TCPP.4.2.0
2025-08-19 22:43:49,447 [WARN] PackLoader:240 - Cannot read IP mode file for RealThread.X-CUBE-RT-Thread_Nano.4.1.1
2025-08-19 22:43:49,453 [WARN] PackLoader:240 - Cannot read IP mode file for STMicroelectronics.FP-ATR-SIGFOX1.3.2.0
2025-08-19 22:43:49,459 [WARN] ConditionMgr:438 - getConditionDescription Invalid condition id : Cortex-A Device cause : null
2025-08-19 22:43:49,473 [WARN] ConditionMgr:1044 - genDependencies : Invalid condition id : Cortex-A Device cause : null
2025-08-19 22:43:49,474 [WARN] ConditionMgr:1044 - genDependencies : Invalid condition id : Cortex-A Device cause : null
2025-08-19 22:43:49,474 [WARN] ConditionMgr:1044 - genDependencies : Invalid condition id : Cortex-A Device cause : null
2025-08-19 22:43:49,476 [INFO] WebApp:900 - Register for checkConnection events
2025-08-19 22:43:49,476 [INFO] WebApp:463 - Apply proxy settings
2025-08-19 22:43:49,477 [INFO] WebApp:548 - Chromium requires no authentication
2025-08-19 22:43:49,477 [INFO] WebApp:491 - Direct internet connection detected
2025-08-19 22:43:49,478 [WARN] PackLoader:240 - Cannot read IP mode file for STMicroelectronics.X-CUBE-EEPRMA1.5.1.0
2025-08-19 22:43:49,485 [WARN] PackLoader:240 - Cannot read IP mode file for emotas.I-CUBE-CANOPEN.1.1.2
2025-08-19 22:43:49,488 [WARN] PackLoader:240 - Cannot read IP mode file for STMicroelectronics.X-CUBE-TOUCHGFX.4.20.0
2025-08-19 22:43:49,493 [WARN] PackLoader:240 - Cannot read IP mode file for STMicroelectronics.X-CUBE-ST67W61.1.0.0
2025-08-19 22:43:49,497 [WARN] PackLoader:240 - Cannot read IP mode file for STMicroelectronics.X-CUBE-AI.10.2.0
2025-08-19 22:43:49,512 [WARN] PackLoader:240 - Cannot read IP mode file for SEGGER.I-CUBE-embOS.1.3.1
2025-08-19 22:43:49,534 [WARN] PackLoader:240 - Cannot read IP mode file for STMicroelectronics.X-CUBE-ALGOBUILD.1.4.0
2025-08-19 22:43:49,563 [WARN] PackLoader:240 - Cannot read IP mode file for STMicroelectronics.X-CUBE-MEMS1.11.3.0
2025-08-19 22:43:49,624 [WARN] PackLoader:240 - Cannot read IP mode file for STMicroelectronics.X-CUBE-AI.9.1.0
2025-08-19 22:43:49,628 [WARN] PackLoader:240 - Cannot read IP mode file for STMicroelectronics.X-CUBE-PM33A1.1.0.0
2025-08-19 22:43:49,633 [WARN] PackLoader:240 - Cannot read IP mode file for STMicroelectronics.X-CUBE-GNSS1.6.0.0
2025-08-19 22:43:49,654 [WARN] PackLoader:240 - Cannot read IP mode file for STMicroelectronics.X-CUBE-AZRTOS-F4.1.1.0
2025-08-19 22:43:49,660 [WARN] PackLoader:240 - Cannot read IP mode file for Avnet-IotConnect.X-CUBE-IoTC-DA16k-PMOD.1.0.0
2025-08-19 22:43:49,663 [WARN] PackLoader:240 - Cannot read IP mode file for STMicroelectronics.X-CUBE-ISPU.2.1.0
2025-08-19 22:43:49,670 [WARN] PackLoader:240 - Cannot read IP mode file for STMicroelectronics.X-CUBE-FREERTOS.1.2.0
2025-08-19 22:43:49,674 [WARN] PackLoader:240 - Cannot read IP mode file for wolfSSL.I-CUBE-wolfSSL.5.6.6
2025-08-19 22:43:49,679 [WARN] PackLoader:240 - Cannot read IP mode file for STMicroelectronics.X-CUBE-NFC12.1.0.0
2025-08-19 22:43:49,693 [WARN] PackLoader:240 - Cannot read IP mode file for STMicroelectronics.X-CUBE-AZRTOS-L5.2.0.0
2025-08-19 22:43:49,723 [WARN] PackLoader:240 - Cannot read IP mode file for STMicroelectronics.X-CUBE-MEMS1.9.6.0
2025-08-19 22:43:49,734 [INFO] WebApp:225 - Starting web application
2025-08-19 22:43:49,735 [INFO] WebApp:593 - Web application path used C:\ST\STM32CubeIDE_1.14.0\STM32CubeIDE\plugins\com.st.stm32cube.common.mx_6.15.0.202507011659\db\plugins\mcufinder\reactClient1\index.html
2025-08-19 22:43:49,815 [WARN] PackLoader:240 - Cannot read IP mode file for STMicroelectronics.X-CUBE-EEPRMA1.4.2.0
2025-08-19 22:43:49,823 [WARN] PackLoader:240 - Cannot read IP mode file for STMicroelectronics.X-CUBE-NFC6.3.1.0
2025-08-19 22:43:49,830 [WARN] PackLoader:240 - Cannot read IP mode file for ITTIA_DB.I-CUBE-ITTIADB.8.8.0
2025-08-19 22:43:49,837 [WARN] PackLoader:240 - Cannot read IP mode file for STMicroelectronics.X-CUBE-BLEMGR.2.0.0
2025-08-19 22:43:49,841 [WARN] PackLoader:240 - Cannot read IP mode file for STMicroelectronics.X-CUBE-DPower.1.2.0
2025-08-19 22:43:49,845 [WARN] PackLoader:240 - Cannot read IP mode file for STMicroelectronics.X-CUBE-NFC4.2.0.5
2025-08-19 22:43:49,851 [WARN] PackLoader:240 - Cannot read IP mode file for STMicroelectronics.X-CUBE-NFC4.2.0.4
2025-08-19 22:43:49,855 [WARN] PackLoader:240 - Cannot read IP mode file for STMicroelectronics.X-CUBE-AI.9.0.0
2025-08-19 22:43:49,872 [WARN] ConditionMgr:438 - getConditionDescription Invalid condition id : UX DEVICE CLASS RTOS Condition cause : null
2025-08-19 22:43:49,872 [WARN] ConditionMgr:438 - getConditionDescription Invalid condition id : UX DEVICE CLASS RTOS Condition cause : null
2025-08-19 22:43:49,875 [WARN] PackLoader:240 - Cannot read IP mode file for STMicroelectronics.X-CUBE-AZRTOS-H7.3.1.0
2025-08-19 22:43:49,876 [WARN] ConditionMgr:1044 - genDependencies : Invalid condition id : UX DEVICE CLASS RTOS Condition cause : null
2025-08-19 22:43:49,876 [WARN] ConditionMgr:1044 - genDependencies : Invalid condition id : UX DEVICE CLASS RTOS Condition cause : null
2025-08-19 22:43:49,877 [WARN] ConditionMgr:1044 - genDependencies : Invalid condition id : UX DEVICE CLASS RTOS Condition cause : null
2025-08-19 22:43:49,878 [WARN] ConditionMgr:1044 - genDependencies : Invalid condition id : UX DEVICE CLASS RTOS Condition cause : null
2025-08-19 22:43:49,878 [WARN] ConditionMgr:1044 - genDependencies : Invalid condition id : UX DEVICE CLASS RTOS Condition cause : null
2025-08-19 22:43:49,884 [WARN] PackLoader:240 - Cannot read IP mode file for STMicroelectronics.X-CUBE-FREERTOS.1.3.1
2025-08-19 22:43:49,890 [WARN] PackLoader:240 - Cannot read IP mode file for STMicroelectronics.X-CUBE-FREERTOS.1.3.0
2025-08-19 22:43:49,897 [WARN] PackLoader:240 - Cannot read IP mode file for STMicroelectronics.X-CUBE-NFC7.1.0.1
2025-08-19 22:43:49,904 [WARN] PackLoader:240 - Cannot read IP mode file for STMicroelectronics.X-CUBE-NFC7.1.0.0
2025-08-19 22:43:49,911 [INFO] WebApp:191 - Connection restablished
2025-08-19 22:43:49,911 [WARN] PackLoader:240 - Cannot read IP mode file for STMicroelectronics.X-CUBE-NFC6.3.0.0
2025-08-19 22:43:49,917 [WARN] PackLoader:240 - Cannot read IP mode file for STMicroelectronics.X-CUBE-EEPRMA1.4.1.0
2025-08-19 22:43:49,924 [WARN] PackLoader:240 - Cannot read IP mode file for STMicroelectronics.FP-SNS-STAIOTCFT.1.0.0
2025-08-19 22:43:49,930 [WARN] PackLoader:240 - Cannot read IP mode file for STMicroelectronics.X-CUBE-DPower.1.3.0
2025-08-19 22:43:49,936 [WARN] PackLoader:240 - Cannot read IP mode file for STMicroelectronics.X-CUBE-AI.8.1.0
2025-08-19 22:43:49,949 [INFO] UserAuth:487 - Internet connection configuration mode: 1
2025-08-19 22:43:49,952 [WARN] ConditionMgr:438 - getConditionDescription Invalid condition id : LAN8742 Phy interface Condition cause : null
2025-08-19 22:43:49,952 [WARN] PackLoader:240 - Cannot read IP mode file for STMicroelectronics.X-CUBE-AZRTOS-L4.2.0.0
2025-08-19 22:43:49,954 [WARN] ConditionMgr:1044 - genDependencies : Invalid condition id : LAN8742 Phy interface Condition cause : null
2025-08-19 22:43:49,954 [WARN] ConditionMgr:1044 - genDependencies : Invalid condition id : LAN8742 Phy interface Condition cause : null
2025-08-19 22:43:49,955 [WARN] ConditionMgr:1044 - genDependencies : Invalid condition id : LAN8742 Phy interface Condition cause : null
2025-08-19 22:43:49,960 [WARN] PackLoader:240 - Cannot read IP mode file for STMicroelectronics.X-CUBE-SFXS2LP1.4.0.0
2025-08-19 22:43:49,990 [WARN] PackLoader:240 - Cannot read IP mode file for STMicroelectronics.X-CUBE-AZRTOS-H7.3.0.0
2025-08-19 22:43:49,998 [WARN] PackLoader:240 - Cannot read IP mode file for STMicroelectronics.X-CUBE-ISPU.1.1.0
2025-08-19 22:43:50,015 [WARN] PackLoader:240 - Cannot read IP mode file for STMicroelectronics.X-CUBE-AZRTOS-H7.3.3.0
2025-08-19 22:43:50,025 [WARN] PackLoader:240 - Cannot read IP mode file for RoweBots.I-CUBE-UNISONRTOS.5.5.0-4
2025-08-19 22:43:50,029 [WARN] PackLoader:240 - Cannot read IP mode file for wolfSSL.I-CUBE-wolfSSL.5.4.0
2025-08-19 22:43:50,039 [WARN] PackLoader:240 - Cannot read IP mode file for STMicroelectronics.X-CUBE-BLEMGR.4.1.0
2025-08-19 22:43:50,054 [WARN] PackLoader:240 - Cannot read IP mode file for STMicroelectronics.X-CUBE-IPS.3.0.0
2025-08-19 22:43:50,078 [WARN] ConditionMgr:438 - getConditionDescription Invalid condition id : UX DEVICE CLASS RTOS Condition cause : null
2025-08-19 22:43:50,078 [WARN] ConditionMgr:438 - getConditionDescription Invalid condition id : UX DEVICE CLASS RTOS Condition cause : null
2025-08-19 22:43:50,081 [WARN] PackLoader:240 - Cannot read IP mode file for STMicroelectronics.X-CUBE-AZRTOS-WB.2.0.0
2025-08-19 22:43:50,081 [WARN] ConditionMgr:1044 - genDependencies : Invalid condition id : UX DEVICE CLASS RTOS Condition cause : null
2025-08-19 22:43:50,082 [WARN] ConditionMgr:1044 - genDependencies : Invalid condition id : UX DEVICE CLASS RTOS Condition cause : null
2025-08-19 22:43:50,082 [WARN] ConditionMgr:1044 - genDependencies : Invalid condition id : UX DEVICE CLASS RTOS Condition cause : null
2025-08-19 22:43:50,082 [WARN] ConditionMgr:1044 - genDependencies : Invalid condition id : UX DEVICE CLASS RTOS Condition cause : null
2025-08-19 22:43:50,082 [WARN] ConditionMgr:1044 - genDependencies : Invalid condition id : UX DEVICE CLASS RTOS Condition cause : null
2025-08-19 22:43:50,090 [WARN] PackLoader:240 - Cannot read IP mode file for STMicroelectronics.X-CUBE-FREERTOS.1.0.1
2025-08-19 22:43:50,096 [WARN] PackLoader:240 - Cannot read IP mode file for STMicroelectronics.X-CUBE-GNSS1.7.0.0
2025-08-19 22:43:50,102 [WARN] PackLoader:240 - Cannot read IP mode file for STMicroelectronics.X-CUBE-GNSS1.7.0.1
2025-08-19 22:43:50,109 [WARN] PackLoader:240 - Cannot read IP mode file for STMicroelectronics.X-CUBE-BLEMGR.1.0.0
2025-08-19 22:43:50,115 [WARN] PackLoader:240 - Cannot read IP mode file for STMicroelectronics.X-CUBE-TOUCHGFX.4.25.0
2025-08-19 22:43:50,122 [WARN] PackLoader:240 - Cannot read IP mode file for STMicroelectronics.FP-SNS-STBOX1.2.0.0
2025-08-19 22:43:50,135 [WARN] PackLoader:240 - Cannot read IP mode file for STMicroelectronics.X-CUBE-AZRTOS-L5.1.1.0
2025-08-19 22:43:50,141 [WARN] PackLoader:240 - Cannot read IP mode file for STMicroelectronics.X-CUBE-AI.8.0.1
2025-08-19 22:43:50,151 [WARN] PackLoader:240 - Cannot read IP mode file for STMicroelectronics.X-CUBE-SUBG2.5.0.0
2025-08-19 22:43:50,168 [WARN] PackLoader:240 - Cannot read IP mode file for STMicroelectronics.X-CUBE-AZRTOS-H7RS.1.1.0
2025-08-19 22:43:50,175 [WARN] PackLoader:240 - Cannot read IP mode file for Cesanta.I-CUBE-Mongoose.7.13.0
2025-08-19 22:43:50,188 [WARN] PackLoader:240 - Cannot read IP mode file for STMicroelectronics.X-CUBE-AZRTOS-G4.2.0.0
2025-08-19 22:43:50,198 [WARN] PackLoader:240 - Cannot read IP mode file for STMicroelectronics.X-CUBE-TOF1.3.3.0
2025-08-19 22:43:50,208 [WARN] PackLoader:240 - Cannot read IP mode file for STMicroelectronics.FP-ATR-ASTRA1.1.1.1
2025-08-19 22:43:50,221 [WARN] PackLoader:240 - Cannot read IP mode file for Infineon.AIROC-Wi-Fi-Bluetooth-STM32.1.5.1
2025-08-19 22:43:50,230 [WARN] PackLoader:240 - Cannot read IP mode file for STMicroelectronics.FP-ATR-ASTRA1.1.1.0
2025-08-19 22:43:50,236 [WARN] PackLoader:240 - Cannot read IP mode file for STMicroelectronics.X-CUBE-NFC7.2.0.0
2025-08-19 22:43:50,241 [WARN] PackLoader:240 - Cannot read IP mode file for STMicroelectronics.FP-SNS-MOTENVWB1.1.3.1
2025-08-19 22:43:50,252 [WARN] PackLoader:240 - Cannot read IP mode file for STMicroelectronics.X-CUBE-AZRTOS-G4.1.0.0
2025-08-19 22:43:50,271 [WARN] PackLoader:240 - Cannot read IP mode file for STMicroelectronics.X-CUBE-AZRTOS-L4.1.0.0
2025-08-19 22:43:50,277 [WARN] PackLoader:240 - Cannot read IP mode file for STMicroelectronics.X-CUBE-ISPU.2.0.0
2025-08-19 22:43:50,290 [WARN] PackLoader:240 - Cannot read IP mode file for STMicroelectronics.X-CUBE-IPS.3.1.0
2025-08-19 22:43:50,299 [WARN] PackLoader:240 - Cannot read IP mode file for STMicroelectronics.X-CUBE-ALS.1.0.2
2025-08-19 22:43:50,329 [WARN] PackLoader:240 - Cannot read IP mode file for STMicroelectronics.X-CUBE-MEMS1.10.0.0
2025-08-19 22:43:50,419 [WARN] PackLoader:240 - Cannot read IP mode file for STMicroelectronics.X-CUBE-FREERTOS.1.1.0
2025-08-19 22:43:50,422 [WARN] PackLoader:240 - Cannot read IP mode file for STMicroelectronics.X-CUBE-TOUCHGFX.4.24.0
2025-08-19 22:43:50,431 [WARN] PackLoader:240 - Cannot read IP mode file for STMicroelectronics.X-CUBE-AZRTOS-WL.1.0.0
2025-08-19 22:43:50,435 [WARN] PackLoader:240 - Cannot read IP mode file for STMicroelectronics.X-CUBE-TOUCHGFX.4.24.1
2025-08-19 22:43:50,439 [WARN] PackLoader:240 - Cannot read IP mode file for wolfSSL.I-CUBE-wolfTPM.3.4.0
2025-08-19 22:43:50,445 [WARN] PackLoader:240 - Cannot read IP mode file for portGmbH.I-Cube-SoM-uGOAL.1.1.0
2025-08-19 22:43:50,448 [WARN] PackLoader:240 - Cannot read IP mode file for STMicroelectronics.X-CUBE-ALS.1.0.1
2025-08-19 22:43:50,459 [WARN] PackLoader:240 - Cannot read IP mode file for STMicroelectronics.X-CUBE-AZRTOS-WB.1.1.0
2025-08-19 22:43:50,476 [WARN] PackLoader:240 - Cannot read IP mode file for STMicroelectronics.X-CUBE-AZRTOS-L5.1.0.0
2025-08-19 22:43:50,481 [WARN] PackLoader:240 - Cannot read IP mode file for STMicroelectronics.X-CUBE-EEPRMA1.3.1.1
2025-08-19 22:43:50,498 [WARN] PackLoader:240 - Cannot read IP mode file for STMicroelectronics.X-CUBE-AZRTOS-H7RS.1.0.0
2025-08-19 22:43:50,506 [WARN] PackLoader:240 - Cannot read IP mode file for STMicroelectronics.FP-ATR-ASTRA1.2.0.0
2025-08-19 22:43:50,520 [WARN] PackLoader:240 - Cannot read IP mode file for STMicroelectronics.X-CUBE-TOF1.3.4.2
2025-08-19 22:43:50,535 [WARN] PackLoader:240 - Cannot read IP mode file for STMicroelectronics.X-CUBE-TOF1.3.4.3
2025-08-19 22:43:50,550 [WARN] PackLoader:240 - Cannot read IP mode file for STMicroelectronics.X-CUBE-TOF1.3.4.0
2025-08-19 22:43:50,561 [WARN] PackLoader:240 - Cannot read IP mode file for STMicroelectronics.X-CUBE-TOF1.3.4.1
2025-08-19 22:43:50,582 [WARN] PackLoader:240 - Cannot read IP mode file for STMicroelectronics.X-CUBE-AZRTOS-H7.3.2.0
2025-08-19 22:43:50,592 [WARN] PackLoader:240 - Cannot read IP mode file for wolfSSL.I-CUBE-wolfSSH.1.4.17
2025-08-19 22:43:50,592 [INFO] ThirdParty:978 - Integrity check success = true
2025-08-19 22:43:50,592 [INFO] IntegrityCheckThread:100 - exiting critical section [integrity check]
2025-08-19 22:43:50,592 [INFO] IntegrityCheckThread:103 - End integrity checks thread
