2025-08-10 08:57:55,904 [INFO] Activator:176 - 


2025-08-10 08:57:55,907 [INFO] Activator:177 - !SESSION log4j initialized
2025-08-10 08:58:04,948 [INFO] LogOutputStream:77 - [STDOUT_REDIRECT] 
2025-08-10 08:58:07,087 [INFO] ApplicationProperties:184 - Using Application install path: C:\ST\STM32CubeIDE_1.14.0\STM32CubeIDE\plugins\com.st.stm32cube.common.mx_6.15.0.202507011659
2025-08-10 08:58:07,104 [INFO] DbMcusXml:78 - Set database path to: C:\ST\STM32CubeIDE_1.14.0\STM32CubeIDE\plugins\com.st.stm32cube.common.mx_6.15.0.202507011659\\db\/mcu/
2025-08-10 08:58:07,104 [INFO] ApiDb:274 - Set plugin database path to: C:\ST\STM32CubeIDE_1.14.0\STM32CubeIDE\plugins\com.st.stm32cube.common.mx_6.15.0.202507011659\\db\/plugins/boardmanager/
2025-08-10 08:58:07,105 [WARN] ApiDb:259 - Overriding images path with different value:  => C:\ST\STM32CubeIDE_1.14.0\STM32CubeIDE\plugins\com.st.stm32cube.common.mx_6.15.0.202507011659\\db\/plugins/mcufinder/images/
2025-08-10 08:58:07,114 [INFO] ApiDb:250 - Set database path to: C:\Users\jihoo\.stmcufinder\plugins\mcufinder//mcu/
2025-08-10 08:58:07,115 [INFO] DbMcusAds:125 - Set database path to: C:\Users\jihoo\.stmcufinder\plugins\mcufinder//mcu/
2025-08-10 08:58:07,118 [INFO] CrossReferenceDbSqlite:203 - Set database path to: C:\Users\jihoo\.stmcufinder\plugins\mcufinder//mcu/cs/
2025-08-10 08:58:07,218 [INFO] RulesReader:64 - Compatibility file has been processed (317 Rules)
2025-08-10 08:58:07,294 [INFO] DbMcusXml:78 - Set database path to: C:\ST\STM32CubeIDE_1.14.0\STM32CubeIDE\plugins\com.st.stm32cube.common.mx_6.15.0.202507011659\\db\/mcu/
2025-08-10 08:58:07,294 [INFO] ApiDb:274 - Set plugin database path to: C:\ST\STM32CubeIDE_1.14.0\STM32CubeIDE\plugins\com.st.stm32cube.common.mx_6.15.0.202507011659\\db\/plugins/boardmanager/
2025-08-10 08:58:07,294 [INFO] ApiDb:261 - Set plugin images path to: C:\ST\STM32CubeIDE_1.14.0\STM32CubeIDE\plugins\com.st.stm32cube.common.mx_6.15.0.202507011659\\db\/plugins/mcufinder/images/
2025-08-10 08:58:07,294 [WARN] DbFile:41 - Overriding database path with different value: C:\Users\jihoo\.stmcufinder\plugins\mcufinder/ => C:\Users\jihoo\.stmcufinder\plugins\mcufinder
2025-08-10 08:58:07,294 [INFO] ApiDb:250 - Set database path to: C:\Users\jihoo\.stmcufinder\plugins\mcufinder//mcu/
2025-08-10 08:58:07,294 [WARN] DbFile:41 - Overriding database path with different value: C:\Users\jihoo\.stmcufinder\plugins\mcufinder/ => C:\Users\jihoo\.stmcufinder\plugins\mcufinder
2025-08-10 08:58:07,294 [INFO] DbMcusAds:125 - Set database path to: C:\Users\jihoo\.stmcufinder\plugins\mcufinder//mcu/
2025-08-10 08:58:07,295 [WARN] DbFile:41 - Overriding database path with different value: C:\Users\jihoo\.stmcufinder\plugins\mcufinder/ => C:\Users\jihoo\.stmcufinder\plugins\mcufinder
2025-08-10 08:58:07,295 [WARN] DbFile:41 - Overriding database path with different value: C:\Users\jihoo\.stmcufinder\plugins\mcufinder/ => C:\Users\jihoo\.stmcufinder\plugins\mcufinder
2025-08-10 08:58:07,295 [INFO] CrossReferenceDbSqlite:203 - Set database path to: C:\Users\jihoo\.stmcufinder\plugins\mcufinder//mcu/cs/
2025-08-10 08:58:07,362 [INFO] MainPanel:274 - HeapMemory: 367001600
2025-08-10 08:58:07,496 [INFO] DbMcusXml:78 - Set database path to: C:\ST\STM32CubeIDE_1.14.0\STM32CubeIDE\plugins\com.st.stm32cube.common.mx_6.15.0.202507011659\\db\/mcu/
2025-08-10 08:58:07,496 [INFO] ApiDb:274 - Set plugin database path to: C:\ST\STM32CubeIDE_1.14.0\STM32CubeIDE\plugins\com.st.stm32cube.common.mx_6.15.0.202507011659\\db\/plugins/boardmanager/
2025-08-10 08:58:07,497 [INFO] ApiDb:261 - Set plugin images path to: C:\ST\STM32CubeIDE_1.14.0\STM32CubeIDE\plugins\com.st.stm32cube.common.mx_6.15.0.202507011659\\db\/plugins/mcufinder/images/
2025-08-10 08:58:07,497 [WARN] DbFile:41 - Overriding database path with different value: C:\Users\jihoo\.stmcufinder\plugins\mcufinder/ => C:\Users\jihoo\.stmcufinder\plugins\mcufinder
2025-08-10 08:58:07,497 [INFO] ApiDb:250 - Set database path to: C:\Users\jihoo\.stmcufinder\plugins\mcufinder//mcu/
2025-08-10 08:58:07,497 [WARN] DbFile:41 - Overriding database path with different value: C:\Users\jihoo\.stmcufinder\plugins\mcufinder/ => C:\Users\jihoo\.stmcufinder\plugins\mcufinder
2025-08-10 08:58:07,497 [INFO] DbMcusAds:125 - Set database path to: C:\Users\jihoo\.stmcufinder\plugins\mcufinder//mcu/
2025-08-10 08:58:07,497 [WARN] DbFile:41 - Overriding database path with different value: C:\Users\jihoo\.stmcufinder\plugins\mcufinder/ => C:\Users\jihoo\.stmcufinder\plugins\mcufinder
2025-08-10 08:58:07,497 [WARN] DbFile:41 - Overriding database path with different value: C:\Users\jihoo\.stmcufinder\plugins\mcufinder/ => C:\Users\jihoo\.stmcufinder\plugins\mcufinder
2025-08-10 08:58:07,497 [INFO] CrossReferenceDbSqlite:203 - Set database path to: C:\Users\jihoo\.stmcufinder\plugins\mcufinder//mcu/cs/
2025-08-10 08:58:07,518 [INFO] ApplicationProperties:184 - Using Application install path: C:\ST\STM32CubeIDE_1.14.0\STM32CubeIDE\plugins\com.st.stm32cube.common.mx_6.15.0.202507011659
2025-08-10 08:58:07,519 [INFO] PluginManage:196 - Search for loadable plugins [exclusion list=, ]
2025-08-10 08:58:07,520 [INFO] PluginManage:310 - Check plugin analytics
2025-08-10 08:58:07,699 [INFO] AnalyticsPlugin:253 - Accepted Software Licenses: STM32CubeMX.6.6.1,STM32CubeMX.6.7.0,STM32CubeMX.6.10.0,STM32CubeMX.6.12.0,STM32CubeMX.6.13.0,STM32CubeMX.6.14.1,STM32CubeMX.6.15.0
2025-08-10 08:58:07,699 [INFO] AnalyticsPlugin:255 - Accepted CMSIS Pack Licenses: 
2025-08-10 08:58:07,699 [INFO] AnalyticsPlugin:257 - Accepted Firmware Licenses: FW.H7.1.12.0,FW.F4.1.28.0
2025-08-10 08:58:07,701 [INFO] PluginManage:359 - Loaded plugin analytics (category:tool,tabindex:-1)
2025-08-10 08:58:07,702 [INFO] PluginManage:310 - Check plugin cadmodel
2025-08-10 08:58:07,708 [INFO] CADModel:105 - Init CAD model plugin
2025-08-10 08:58:07,709 [INFO] PluginManage:359 - Loaded plugin cadmodel (category:power,tabindex:5)
2025-08-10 08:58:07,709 [INFO] PluginManage:310 - Check plugin clock
2025-08-10 08:58:07,719 [INFO] PluginManage:359 - Loaded plugin clock (category:base,tabindex:2)
2025-08-10 08:58:07,720 [INFO] PluginManage:310 - Check plugin ddr
2025-08-10 08:58:07,723 [INFO] PluginManage:359 - Loaded plugin ddr (category:tool,tabindex:6)
2025-08-10 08:58:07,723 [INFO] PluginManage:310 - Check plugin filemanager
2025-08-10 08:58:07,892 [INFO] PluginManage:359 - Loaded plugin filemanager (category:base,tabindex:10)
2025-08-10 08:58:07,893 [INFO] PluginManage:310 - Check plugin ipmanager
2025-08-10 08:58:07,899 [INFO] PluginManage:359 - Loaded plugin ipmanager (category:base,tabindex:5)
2025-08-10 08:58:07,899 [INFO] PluginManage:310 - Check plugin lpbam
2025-08-10 08:58:07,909 [INFO] PluginManage:359 - Loaded plugin lpbam (category:base,tabindex:0)
2025-08-10 08:58:07,909 [INFO] PluginManage:310 - Check plugin memorymap
2025-08-10 08:58:07,923 [INFO] PluginManage:359 - Loaded plugin memorymap (category:base,tabindex:4)
2025-08-10 08:58:07,923 [INFO] PluginManage:310 - Check plugin pinoutandconfiguration
2025-08-10 08:58:07,941 [INFO] PluginManage:359 - Loaded plugin pinoutandconfiguration (category:base,tabindex:1)
2025-08-10 08:58:07,941 [INFO] PluginManage:310 - Check plugin pinoutconfig
2025-08-10 08:58:08,025 [WARN] SupportedApi:132 - Cannot load RTOS API schema: s4s-elt-must-match.1: The content of 'definitions' must match (annotation?, (simpleType | complexType)?, (unique | key | keyref)*)). A problem was found starting at: attribute.
2025-08-10 08:58:08,166 [INFO] PluginManage:359 - Loaded plugin pinoutconfig (category:base,tabindex:0)
2025-08-10 08:58:08,166 [INFO] PluginManage:310 - Check plugin power
2025-08-10 08:58:08,178 [INFO] PluginManage:359 - Loaded plugin power (category:power,tabindex:4)
2025-08-10 08:58:08,178 [INFO] PluginManage:310 - Check plugin projectmanager
2025-08-10 08:58:08,191 [INFO] PluginManage:359 - Loaded plugin projectmanager (category:projectmanager,tabindex:4)
2025-08-10 08:58:08,191 [INFO] PluginManage:310 - Check plugin rif
2025-08-10 08:58:08,201 [INFO] PluginManage:359 - Loaded plugin rif (category:base,tabindex:3)
2025-08-10 08:58:08,202 [INFO] PluginManage:310 - Check plugin thirdparty
2025-08-10 08:58:08,325 [WARN] IntegrityCheckThread:84 - waiting for thirdparty lock release [integrity check]
2025-08-10 08:58:08,325 [INFO] PluginManage:359 - Loaded plugin thirdparty (category:base,tabindex:-1)
2025-08-10 08:58:08,326 [INFO] IntegrityCheckThread:86 - entering critical section [integrity check]
2025-08-10 08:58:08,326 [INFO] PluginManage:310 - Check plugin tools
2025-08-10 08:58:08,326 [INFO] ThirdPartyUpdaterWithRetryManager:70 - Updater plugin not ready yet. [1/15]
2025-08-10 08:58:08,328 [INFO] PluginManage:359 - Loaded plugin tools (category:base,tabindex:7)
2025-08-10 08:58:08,328 [INFO] PluginManage:310 - Check plugin tutovideos
2025-08-10 08:58:08,530 [INFO] PluginManage:359 - Loaded plugin tutovideos (category:base,tabindex:-1)
2025-08-10 08:58:08,530 [INFO] PluginManage:310 - Check plugin updater
2025-08-10 08:58:08,549 [INFO] PluginManage:359 - Loaded plugin updater (category:base,tabindex:12)
2025-08-10 08:58:08,549 [INFO] PluginManage:310 - Check plugin userauth
2025-08-10 08:58:08,553 [INFO] UserAuth:118 - Init User Auth plugin
2025-08-10 08:58:08,554 [INFO] PluginManage:359 - Loaded plugin userauth (category:base,tabindex:14)
2025-08-10 08:58:08,554 [INFO] PluginManage:283 - PluginManage : Loaded plugins [18]
2025-08-10 08:58:08,750 [INFO] PinOutPanel:1589 - setPackage(No Configuration,No Configuration)
2025-08-10 08:58:08,832 [INFO] CADModel:165 - CPN selected for project level
2025-08-10 08:58:08,832 [INFO] CADModel:114 - Register for checkConnection events
2025-08-10 08:58:08,855 [INFO] IPUIPlugin:80 - create IPUIPlugin
2025-08-10 08:58:08,856 [INFO] PluginManager:220 - loadIPPluginJar : add adc
2025-08-10 08:58:08,859 [INFO] IPUIPlugin:80 - create IPUIPlugin
2025-08-10 08:58:08,859 [INFO] PluginManager:220 - loadIPPluginJar : add aes
2025-08-10 08:58:08,862 [INFO] IPUIPlugin:80 - create IPUIPlugin
2025-08-10 08:58:08,862 [INFO] PluginManager:220 - loadIPPluginJar : add can
2025-08-10 08:58:08,865 [INFO] IPUIPlugin:80 - create IPUIPlugin
2025-08-10 08:58:08,865 [INFO] PluginManager:220 - loadIPPluginJar : add comp
2025-08-10 08:58:08,868 [INFO] IPUIPlugin:80 - create IPUIPlugin
2025-08-10 08:58:08,869 [INFO] PluginManager:220 - loadIPPluginJar : add cryp
2025-08-10 08:58:08,874 [INFO] IPUIPlugin:80 - create IPUIPlugin
2025-08-10 08:58:08,874 [INFO] PluginManager:220 - loadIPPluginJar : add ddr_ctrl_phy
2025-08-10 08:58:08,877 [INFO] IPUIPlugin:80 - create IPUIPlugin
2025-08-10 08:58:08,877 [INFO] PluginManager:220 - loadIPPluginJar : add dfsdm
2025-08-10 08:58:08,884 [INFO] IPUIPlugin:80 - create IPUIPlugin
2025-08-10 08:58:08,885 [INFO] PluginManager:220 - loadIPPluginJar : add dma
2025-08-10 08:58:08,888 [INFO] IPUIPlugin:80 - create IPUIPlugin
2025-08-10 08:58:08,888 [INFO] PluginManager:220 - loadIPPluginJar : add dma3
2025-08-10 08:58:08,891 [INFO] IPUIPlugin:80 - create IPUIPlugin
2025-08-10 08:58:08,891 [INFO] PluginManager:220 - loadIPPluginJar : add extmemmanager
2025-08-10 08:58:08,893 [INFO] IPUIPlugin:80 - create IPUIPlugin
2025-08-10 08:58:08,893 [INFO] PluginManager:220 - loadIPPluginJar : add fatfs
2025-08-10 08:58:08,898 [INFO] IPUIPlugin:80 - create IPUIPlugin
2025-08-10 08:58:08,898 [INFO] PluginManager:220 - loadIPPluginJar : add fmc
2025-08-10 08:58:08,907 [INFO] IPUIPlugin:80 - create IPUIPlugin
2025-08-10 08:58:08,907 [INFO] PluginManager:220 - loadIPPluginJar : add freertos
2025-08-10 08:58:08,909 [INFO] IPUIPlugin:80 - create IPUIPlugin
2025-08-10 08:58:08,909 [INFO] PluginManager:220 - loadIPPluginJar : add genericplugin
2025-08-10 08:58:08,912 [INFO] IPUIPlugin:80 - create IPUIPlugin
2025-08-10 08:58:08,912 [INFO] PluginManager:220 - loadIPPluginJar : add gfxmmu
2025-08-10 08:58:08,918 [INFO] IPUIPlugin:80 - create IPUIPlugin
2025-08-10 08:58:08,918 [INFO] PluginManager:220 - loadIPPluginJar : add gic
2025-08-10 08:58:08,922 [INFO] IPUIPlugin:80 - create IPUIPlugin
2025-08-10 08:58:08,923 [INFO] PluginManager:220 - loadIPPluginJar : add gpio
2025-08-10 08:58:08,927 [INFO] IPUIPlugin:80 - create IPUIPlugin
2025-08-10 08:58:08,927 [INFO] PluginManager:220 - loadIPPluginJar : add gtzc
2025-08-10 08:58:08,930 [INFO] IPUIPlugin:80 - create IPUIPlugin
2025-08-10 08:58:08,930 [INFO] PluginManager:220 - loadIPPluginJar : add hash
2025-08-10 08:58:08,935 [INFO] IPUIPlugin:80 - create IPUIPlugin
2025-08-10 08:58:08,935 [INFO] PluginManager:220 - loadIPPluginJar : add i2c
2025-08-10 08:58:08,938 [INFO] IPUIPlugin:80 - create IPUIPlugin
2025-08-10 08:58:08,938 [INFO] PluginManager:220 - loadIPPluginJar : add i2s
2025-08-10 08:58:08,941 [INFO] IPUIPlugin:80 - create IPUIPlugin
2025-08-10 08:58:08,942 [INFO] PluginManager:220 - loadIPPluginJar : add i3c
2025-08-10 08:58:08,945 [INFO] IPUIPlugin:80 - create IPUIPlugin
2025-08-10 08:58:08,946 [INFO] PluginManager:220 - loadIPPluginJar : add ipddr
2025-08-10 08:58:08,954 [INFO] IPUIPlugin:80 - create IPUIPlugin
2025-08-10 08:58:08,955 [INFO] PluginManager:220 - loadIPPluginJar : add linkedlist
2025-08-10 08:58:08,958 [INFO] IPUIPlugin:80 - create IPUIPlugin
2025-08-10 08:58:08,958 [INFO] PluginManager:220 - loadIPPluginJar : add lorawan
2025-08-10 08:58:08,959 [INFO] IPUIPlugin:80 - create IPUIPlugin
2025-08-10 08:58:08,959 [INFO] PluginManager:220 - loadIPPluginJar : add ltdc
2025-08-10 08:58:08,965 [INFO] IPUIPlugin:80 - create IPUIPlugin
2025-08-10 08:58:08,966 [INFO] PluginManager:220 - loadIPPluginJar : add mdma
2025-08-10 08:58:08,970 [INFO] IPUIPlugin:80 - create IPUIPlugin
2025-08-10 08:58:08,970 [INFO] PluginManager:220 - loadIPPluginJar : add nvic
2025-08-10 08:58:08,974 [INFO] IPUIPlugin:80 - create IPUIPlugin
2025-08-10 08:58:08,974 [INFO] PluginManager:220 - loadIPPluginJar : add opamp
2025-08-10 08:58:08,978 [INFO] IPUIPlugin:80 - create IPUIPlugin
2025-08-10 08:58:08,978 [INFO] PluginManager:220 - loadIPPluginJar : add openamp
2025-08-10 08:58:08,982 [INFO] IPUIPlugin:80 - create IPUIPlugin
2025-08-10 08:58:08,982 [INFO] PluginManager:220 - loadIPPluginJar : add pdm2pcm
2025-08-10 08:58:08,987 [INFO] IPUIPlugin:80 - create IPUIPlugin
2025-08-10 08:58:08,991 [INFO] PluginManager:220 - loadIPPluginJar : add plateformsettings
2025-08-10 08:58:08,993 [INFO] IPUIPlugin:80 - create IPUIPlugin
2025-08-10 08:58:08,993 [INFO] PluginManager:220 - loadIPPluginJar : add quadspi
2025-08-10 08:58:08,995 [INFO] IPUIPlugin:80 - create IPUIPlugin
2025-08-10 08:58:08,997 [INFO] PluginManager:220 - loadIPPluginJar : add radio
2025-08-10 08:58:09,002 [INFO] IPUIPlugin:80 - create IPUIPlugin
2025-08-10 08:58:09,002 [INFO] PluginManager:220 - loadIPPluginJar : add resmgrutility
2025-08-10 08:58:09,005 [INFO] IPUIPlugin:80 - create IPUIPlugin
2025-08-10 08:58:09,005 [INFO] PluginManager:220 - loadIPPluginJar : add sai
2025-08-10 08:58:09,007 [INFO] IPUIPlugin:80 - create IPUIPlugin
2025-08-10 08:58:09,007 [INFO] PluginManager:220 - loadIPPluginJar : add spi
2025-08-10 08:58:09,013 [INFO] IPUIPlugin:80 - create IPUIPlugin
2025-08-10 08:58:09,013 [INFO] PluginManager:220 - loadIPPluginJar : add stm32_wpan
2025-08-10 08:58:09,015 [INFO] IPUIPlugin:80 - create IPUIPlugin
2025-08-10 08:58:09,015 [INFO] PluginManager:220 - loadIPPluginJar : add tim
2025-08-10 08:58:09,018 [INFO] IPUIPlugin:80 - create IPUIPlugin
2025-08-10 08:58:09,018 [INFO] PluginManager:220 - loadIPPluginJar : add touchsensing
2025-08-10 08:58:09,020 [INFO] IPUIPlugin:80 - create IPUIPlugin
2025-08-10 08:58:09,020 [INFO] PluginManager:220 - loadIPPluginJar : add tracer_emb
2025-08-10 08:58:09,021 [INFO] IPUIPlugin:80 - create IPUIPlugin
2025-08-10 08:58:09,021 [INFO] PluginManager:220 - loadIPPluginJar : add ts
2025-08-10 08:58:09,023 [INFO] IPUIPlugin:80 - create IPUIPlugin
2025-08-10 08:58:09,023 [INFO] PluginManager:220 - loadIPPluginJar : add tsc
2025-08-10 08:58:09,024 [INFO] IPUIPlugin:80 - create IPUIPlugin
2025-08-10 08:58:09,024 [INFO] PluginManager:220 - loadIPPluginJar : add ucpd
2025-08-10 08:58:09,027 [INFO] IPUIPlugin:80 - create IPUIPlugin
2025-08-10 08:58:09,027 [INFO] PluginManager:220 - loadIPPluginJar : add usart
2025-08-10 08:58:09,030 [INFO] IPUIPlugin:80 - create IPUIPlugin
2025-08-10 08:58:09,030 [INFO] PluginManager:220 - loadIPPluginJar : add usbx
2025-08-10 08:58:09,150 [FATAL] Updater:351 - Updater called before beeing initialized
2025-08-10 08:58:09,179 [INFO] RulesReader:64 - Compatibility file has been processed (317 Rules)
2025-08-10 08:58:09,190 [INFO] RulesReader:64 - Compatibility file has been processed (317 Rules)
2025-08-10 08:58:09,200 [INFO] CADModel:165 - CPN selected for project level
2025-08-10 08:58:09,200 [INFO] CADModel:114 - Register for checkConnection events
2025-08-10 08:58:09,200 [FATAL] Updater:351 - Updater called before beeing initialized
2025-08-10 08:58:09,200 [ERROR] CADModel:125 - Updater not yet initialized, retry later 
2025-08-10 08:58:09,359 [FATAL] Updater:351 - Updater called before beeing initialized
2025-08-10 08:58:09,361 [INFO] CADModel:165 - CPN selected for project level
2025-08-10 08:58:09,361 [INFO] CADModel:114 - Register for checkConnection events
2025-08-10 08:58:09,361 [FATAL] Updater:351 - Updater called before beeing initialized
2025-08-10 08:58:09,361 [ERROR] CADModel:125 - Updater not yet initialized, retry later 
2025-08-10 08:58:09,365 [FATAL] Updater:351 - Updater called before beeing initialized
2025-08-10 08:58:09,494 [FATAL] Updater:351 - Updater called before beeing initialized
2025-08-10 08:58:09,498 [INFO] DbMcusAds:53 - JSON generation date=Tue Jul 08 17:14:23 KST 2025 (1751962463593)
2025-08-10 08:58:09,499 [FATAL] Updater:351 - Updater called before beeing initialized
2025-08-10 08:58:09,545 [WARN] DetailPanel:346 - Failed to get advertising image, set to default
2025-08-10 08:58:09,615 [FATAL] Updater:351 - Updater called before beeing initialized
2025-08-10 08:58:09,616 [FATAL] Updater:351 - Updater called before beeing initialized
2025-08-10 08:58:09,616 [FATAL] Updater:351 - Updater called before beeing initialized
2025-08-10 08:58:09,616 [WARN] DetailPanel:346 - Failed to get advertising image, set to default
2025-08-10 08:58:09,617 [FATAL] Updater:351 - Updater called before beeing initialized
2025-08-10 08:58:09,659 [ERROR] Updater:1198 - MainUpdater not yet initialized. External WinMGr cannot be set.
2025-08-10 08:58:09,661 [INFO] Updater:1134 - Updater Version found : 6.15.0
2025-08-10 08:58:09,676 [INFO] ApplicationProperties:184 - Using Application install path: C:\ST\STM32CubeIDE_1.14.0\STM32CubeIDE\plugins\com.st.stm32cube.common.mx_6.15.0.202507011659
2025-08-10 08:58:10,025 [INFO] MainUpdater:2872 - connection check result : 10
2025-08-10 08:58:10,025 [INFO] MainUpdater:289 - Updater Check For Update Now.
2025-08-10 08:58:10,025 [INFO] MicroXplorer:498 - Change Database Version : DB.6.0.150
2025-08-10 08:58:10,031 [INFO] McuFinderGlobals:63 - Set McuFinder mode to 2 (CubeIDE integrated)
2025-08-10 08:58:10,032 [INFO] UserAuth:487 - Internet connection configuration mode: 1
2025-08-10 08:58:10,051 [INFO] JxBrowserEngine:152 - Initiate JxBrowser Engine with user profile folder
2025-08-10 08:58:10,208 [INFO] CheckServerUpdateThread:120 - End of CheckServer Thread
2025-08-10 08:58:11,727 [INFO] WebApp:169 - Instantiating new browser for Auth
2025-08-10 08:58:11,734 [WARN] PackLoader:240 - Cannot read IP mode file for STMicroelectronics.FP-SNS-MOTENVWB1.1.4.0
2025-08-10 08:58:11,753 [WARN] PackLoader:240 - Cannot read IP mode file for STMicroelectronics.FP-ATR-ASTRA1.2.0.2
2025-08-10 08:58:11,760 [WARN] PackLoader:240 - Cannot read IP mode file for STMicroelectronics.FP-ATR-ASTRA1.2.0.1
2025-08-10 08:58:11,771 [WARN] PackLoader:240 - Cannot read IP mode file for STMicroelectronics.X-CUBE-SMBUS.2.1.0
2025-08-10 08:58:11,782 [WARN] PackLoader:240 - Cannot read IP mode file for STMicroelectronics.X-CUBE-WB05N.1.1.0
2025-08-10 08:58:11,790 [WARN] PackLoader:240 - Cannot read IP mode file for STMicroelectronics.X-CUBE-ST60.1.0.0
2025-08-10 08:58:11,798 [WARN] PackLoader:240 - Cannot read IP mode file for STMicroelectronics.X-CUBE-TOUCHGFX.4.23.0
2025-08-10 08:58:11,829 [WARN] PackLoader:240 - Cannot read IP mode file for STMicroelectronics.X-CUBE-AZRTOS-F7.1.1.0
2025-08-10 08:58:11,840 [WARN] PackLoader:240 - Cannot read IP mode file for STMicroelectronics.FP-SNS-MOTENV1.4.3.2
2025-08-10 08:58:11,845 [ERROR] RealEvaluatedCondition:428 - Found unsupported composite condition: GROUP='STM32_MetaDataManager' CLASS='Data Exchange'
2025-08-10 08:58:11,845 [ERROR] RealEvaluatedCondition:428 - Found unsupported composite condition: CLASS='Data Exchange' GROUP='STM32_MetaDataManager'
2025-08-10 08:58:11,846 [WARN] PackLoader:240 - Cannot read IP mode file for STMicroelectronics.FP-SNS-MOTENV1.4.3.1
2025-08-10 08:58:11,853 [WARN] PackLoader:240 - Cannot read IP mode file for STMicroelectronics.FP-SNS-FLIGHT1.5.0.1
2025-08-10 08:58:11,858 [WARN] PackLoader:240 - Cannot read IP mode file for STMicroelectronics.X-CUBE-BLE1.6.2.3
2025-08-10 08:58:11,897 [WARN] PackLoader:240 - Cannot read IP mode file for STMicroelectronics.X-CUBE-MEMS1.11.0.0
2025-08-10 08:58:12,023 [WARN] PackLoader:240 - Cannot read IP mode file for STMicroelectronics.X-CUBE-BLE1.6.2.4
2025-08-10 08:58:12,027 [WARN] PackLoader:240 - Cannot read IP mode file for STMicroelectronics.FP-SNS-FLIGHT1.5.0.2
2025-08-10 08:58:12,036 [WARN] PackLoader:240 - Cannot read IP mode file for STMicroelectronics.X-CUBE-TOF1.3.1.0
2025-08-10 08:58:12,060 [WARN] PackLoader:240 - Cannot read IP mode file for STMicroelectronics.X-CUBE-AZRTOS-H7.3.4.0
2025-08-10 08:58:12,068 [WARN] PackLoader:240 - Cannot read IP mode file for STMicroelectronics.X-CUBE-DISPLAY.3.0.0
2025-08-10 08:58:12,075 [WARN] PackLoader:240 - Cannot read IP mode file for STMicroelectronics.X-CUBE-BLE1.7.0.0
2025-08-10 08:58:12,082 [WARN] PackLoader:240 - Cannot read IP mode file for STMicroelectronics.X-CUBE-NFC10.1.0.0
2025-08-10 08:58:12,093 [WARN] PackLoader:240 - Cannot read IP mode file for STMicroelectronics.X-CUBE-BLEMGR.4.0.0
2025-08-10 08:58:12,100 [WARN] PackLoader:240 - Cannot read IP mode file for emotas.I-CUBE-CANOPEN.1.3.0
2025-08-10 08:58:12,133 [WARN] PackLoader:240 - Cannot read IP mode file for STMicroelectronics.X-CUBE-MEMS1.9.3.0
2025-08-10 08:58:12,249 [WARN] PackLoader:240 - Cannot read IP mode file for STMicroelectronics.X-CUBE-AI.7.2.0
2025-08-10 08:58:12,256 [WARN] PackLoader:240 - Cannot read IP mode file for STMicroelectronics.X-CUBE-BLEMGR.3.1.0
2025-08-10 08:58:12,262 [WARN] PackLoader:240 - Cannot read IP mode file for STMicroelectronics.X-CUBE-AI.10.0.0
2025-08-10 08:58:12,274 [WARN] PackLoader:240 - Cannot read IP mode file for STMicroelectronics.FP-SNS-STBOX1.2.1.0
2025-08-10 08:58:12,281 [WARN] PackLoader:240 - Cannot read IP mode file for STMicroelectronics.FP-SNS-SMARTAG2.1.2.0
2025-08-10 08:58:12,285 [WARN] PackLoader:240 - Cannot read IP mode file for STMicroelectronics.FP-SNS-FLIGHT1.5.1.0
2025-08-10 08:58:12,296 [INFO] LogOutputStream:77 - [STDOUT_REDIRECT] 1 : Invalid condition id : UX_CORESTACK_Condition cause : null
2025-08-10 08:58:12,296 [INFO] LogOutputStream:77 - [STDOUT_REDIRECT] 1 : Invalid condition id : UX_CORESTACK_Condition cause : null
2025-08-10 08:58:12,298 [INFO] LogOutputStream:77 - [STDOUT_REDIRECT] 1 : Invalid condition id : UX_CORESTACK_Condition cause : null
2025-08-10 08:58:12,299 [INFO] LogOutputStream:77 - [STDOUT_REDIRECT] 1 : Invalid condition id : UX_CORESTACK_Condition cause : null
2025-08-10 08:58:12,301 [INFO] LogOutputStream:77 - [STDOUT_REDIRECT] 1 : Invalid condition id : UX_CORESTACK_Condition cause : null
2025-08-10 08:58:12,304 [WARN] PackLoader:240 - Cannot read IP mode file for STMicroelectronics.X-CUBE-AZRTOS-WL.2.0.0
2025-08-10 08:58:12,311 [WARN] PackLoader:240 - Cannot read IP mode file for STMicroelectronics.FP-SNS-MOTENV1.5.0.0
2025-08-10 08:58:12,317 [WARN] PackLoader:240 - Cannot read IP mode file for wolfSSL.I-CUBE-wolfMQTT.1.19.0
2025-08-10 08:58:12,324 [WARN] PackLoader:240 - Cannot read IP mode file for WES.I-CUBE-Cesium.1.3.0
2025-08-10 08:58:12,329 [WARN] PackLoader:240 - Cannot read IP mode file for STMicroelectronics.X-CUBE-BLE2.3.3.0
2025-08-10 08:58:12,334 [WARN] PackLoader:240 - Cannot read IP mode file for STMicroelectronics.X-CUBE-DISPLAY.2.2.0
2025-08-10 08:58:12,344 [WARN] PackLoader:240 - Cannot read IP mode file for STMicroelectronics.X-CUBE-TOF1.3.2.0
2025-08-10 08:58:12,352 [WARN] PackLoader:240 - Cannot read IP mode file for STMicroelectronics.X-CUBE-ISPU.1.0.0
2025-08-10 08:58:12,357 [WARN] PackLoader:240 - Cannot read IP mode file for STMicroelectronics.X-CUBE-NFC9.1.0.0
2025-08-10 08:58:12,372 [WARN] PackLoader:240 - Cannot read IP mode file for STMicroelectronics.X-CUBE-AZRTOS-H7.2.1.0
2025-08-10 08:58:12,378 [WARN] PackLoader:240 - Cannot read IP mode file for STMicroelectronics.X-CUBE-BLE1.7.1.0
2025-08-10 08:58:12,382 [WARN] PackLoader:240 - Cannot read IP mode file for STMicroelectronics.X-CUBE-TCPP.4.1.0
2025-08-10 08:58:12,389 [WARN] PackLoader:240 - Cannot read IP mode file for STMicroelectronics.X-CUBE-EEPRMA1.5.2.0
2025-08-10 08:58:12,393 [WARN] PackLoader:240 - Cannot read IP mode file for STMicroelectronics.X-CUBE-TOUCHGFX.4.21.1
2025-08-10 08:58:12,396 [WARN] PackLoader:240 - Cannot read IP mode file for STMicroelectronics.X-CUBE-TOUCHGFX.4.21.0
2025-08-10 08:58:12,399 [WARN] PackLoader:240 - Cannot read IP mode file for STMicroelectronics.X-CUBE-TOUCHGFX.4.21.4
2025-08-10 08:58:12,428 [WARN] PackLoader:240 - Cannot read IP mode file for STMicroelectronics.X-CUBE-MEMS1.9.4.0
2025-08-10 08:58:12,599 [WARN] PackLoader:240 - Cannot read IP mode file for STMicroelectronics.X-CUBE-AI.7.3.0
2025-08-10 08:58:12,606 [WARN] PackLoader:240 - Cannot read IP mode file for STMicroelectronics.X-CUBE-AI.10.1.0
2025-08-10 08:58:12,614 [WARN] PackLoader:240 - Cannot read IP mode file for STMicroelectronics.X-CUBE-ALGOBUILD.1.3.0
2025-08-10 08:58:12,661 [WARN] PackLoader:240 - Cannot read IP mode file for STMicroelectronics.X-CUBE-MEMS1.11.2.0
2025-08-10 08:58:12,691 [INFO] WebApp:463 - Apply proxy settings
2025-08-10 08:58:12,691 [INFO] WebApp:548 - Chromium requires no authentication
2025-08-10 08:58:12,706 [INFO] WebApp:491 - Direct internet connection detected
2025-08-10 08:58:12,740 [INFO] WebApp:900 - Register for checkConnection events
2025-08-10 08:58:12,740 [INFO] WebApp:463 - Apply proxy settings
2025-08-10 08:58:12,741 [INFO] WebApp:548 - Chromium requires no authentication
2025-08-10 08:58:12,742 [INFO] WebApp:491 - Direct internet connection detected
2025-08-10 08:58:12,755 [WARN] PackLoader:240 - Cannot read IP mode file for STMicroelectronics.X-CUBE-AZRTOS-G0.1.1.0
2025-08-10 08:58:12,761 [WARN] PackLoader:240 - Cannot read IP mode file for STMicroelectronics.X-CUBE-SAFEA1.1.2.2
2025-08-10 08:58:12,766 [WARN] PackLoader:240 - Cannot read IP mode file for STMicroelectronics.X-CUBE-NFC4.3.0.0
2025-08-10 08:58:12,789 [WARN] PackLoader:240 - Cannot read IP mode file for SEGGER.I-CUBE-embOS.1.2.0
2025-08-10 08:58:12,812 [WARN] PackLoader:240 - Cannot read IP mode file for EmbeddedOffice.I-CUBE-FS-RTOS.1.0.1
2025-08-10 08:58:12,815 [WARN] PackLoader:240 - Cannot read IP mode file for STMicroelectronics.X-CUBE-WB05N.2.0.0
2025-08-10 08:58:12,821 [WARN] PackLoader:240 - Cannot read IP mode file for STMicroelectronics.X-CUBE-BLEMGR.3.0.0
2025-08-10 08:58:12,828 [WARN] PackLoader:240 - Cannot read IP mode file for STMicroelectronics.X-CUBE-BLEMGR.1.3.0
2025-08-10 08:58:12,832 [WARN] PackLoader:240 - Cannot read IP mode file for STMicroelectronics.X-CUBE-TCPP.4.2.0
2025-08-10 08:58:12,837 [WARN] PackLoader:240 - Cannot read IP mode file for RealThread.X-CUBE-RT-Thread_Nano.4.1.1
2025-08-10 08:58:12,841 [WARN] PackLoader:240 - Cannot read IP mode file for STMicroelectronics.FP-ATR-SIGFOX1.3.2.0
2025-08-10 08:58:12,845 [WARN] ConditionMgr:438 - getConditionDescription Invalid condition id : Cortex-A Device cause : null
2025-08-10 08:58:12,857 [WARN] ConditionMgr:1044 - genDependencies : Invalid condition id : Cortex-A Device cause : null
2025-08-10 08:58:12,857 [WARN] ConditionMgr:1044 - genDependencies : Invalid condition id : Cortex-A Device cause : null
2025-08-10 08:58:12,858 [WARN] ConditionMgr:1044 - genDependencies : Invalid condition id : Cortex-A Device cause : null
2025-08-10 08:58:12,862 [WARN] PackLoader:240 - Cannot read IP mode file for STMicroelectronics.X-CUBE-EEPRMA1.5.1.0
2025-08-10 08:58:12,869 [WARN] PackLoader:240 - Cannot read IP mode file for emotas.I-CUBE-CANOPEN.1.1.2
2025-08-10 08:58:12,872 [WARN] PackLoader:240 - Cannot read IP mode file for STMicroelectronics.X-CUBE-TOUCHGFX.4.20.0
2025-08-10 08:58:12,879 [WARN] PackLoader:240 - Cannot read IP mode file for STMicroelectronics.X-CUBE-ST67W61.1.0.0
2025-08-10 08:58:12,882 [WARN] PackLoader:240 - Cannot read IP mode file for STMicroelectronics.X-CUBE-AI.10.2.0
2025-08-10 08:58:12,899 [WARN] PackLoader:240 - Cannot read IP mode file for SEGGER.I-CUBE-embOS.1.3.1
2025-08-10 08:58:12,919 [WARN] PackLoader:240 - Cannot read IP mode file for STMicroelectronics.X-CUBE-ALGOBUILD.1.4.0
2025-08-10 08:58:12,947 [WARN] PackLoader:240 - Cannot read IP mode file for STMicroelectronics.X-CUBE-MEMS1.11.3.0
2025-08-10 08:58:12,980 [INFO] WebApp:225 - Starting web application
2025-08-10 08:58:12,980 [INFO] WebApp:593 - Web application path used C:\ST\STM32CubeIDE_1.14.0\STM32CubeIDE\plugins\com.st.stm32cube.common.mx_6.15.0.202507011659\db\plugins\mcufinder\reactClient1\index.html
2025-08-10 08:58:13,067 [WARN] PackLoader:240 - Cannot read IP mode file for STMicroelectronics.X-CUBE-AI.9.1.0
2025-08-10 08:58:13,072 [WARN] PackLoader:240 - Cannot read IP mode file for STMicroelectronics.X-CUBE-PM33A1.1.0.0
2025-08-10 08:58:13,079 [WARN] PackLoader:240 - Cannot read IP mode file for STMicroelectronics.X-CUBE-GNSS1.6.0.0
2025-08-10 08:58:13,096 [WARN] PackLoader:240 - Cannot read IP mode file for STMicroelectronics.X-CUBE-AZRTOS-F4.1.1.0
2025-08-10 08:58:13,105 [WARN] PackLoader:240 - Cannot read IP mode file for Avnet-IotConnect.X-CUBE-IoTC-DA16k-PMOD.1.0.0
2025-08-10 08:58:13,109 [WARN] PackLoader:240 - Cannot read IP mode file for STMicroelectronics.X-CUBE-ISPU.2.1.0
2025-08-10 08:58:13,110 [INFO] WebApp:191 - Connection restablished
2025-08-10 08:58:13,113 [WARN] PackLoader:240 - Cannot read IP mode file for STMicroelectronics.X-CUBE-FREERTOS.1.2.0
2025-08-10 08:58:13,117 [WARN] PackLoader:240 - Cannot read IP mode file for wolfSSL.I-CUBE-wolfSSL.5.6.6
2025-08-10 08:58:13,122 [WARN] PackLoader:240 - Cannot read IP mode file for STMicroelectronics.X-CUBE-NFC12.1.0.0
2025-08-10 08:58:13,136 [WARN] PackLoader:240 - Cannot read IP mode file for STMicroelectronics.X-CUBE-AZRTOS-L5.2.0.0
2025-08-10 08:58:13,161 [WARN] PackLoader:240 - Cannot read IP mode file for STMicroelectronics.X-CUBE-MEMS1.9.6.0
2025-08-10 08:58:13,181 [INFO] UserAuth:487 - Internet connection configuration mode: 1
2025-08-10 08:58:13,254 [WARN] PackLoader:240 - Cannot read IP mode file for STMicroelectronics.X-CUBE-EEPRMA1.4.2.0
2025-08-10 08:58:13,264 [WARN] PackLoader:240 - Cannot read IP mode file for STMicroelectronics.X-CUBE-NFC6.3.1.0
2025-08-10 08:58:13,274 [WARN] PackLoader:240 - Cannot read IP mode file for ITTIA_DB.I-CUBE-ITTIADB.8.8.0
2025-08-10 08:58:13,282 [WARN] PackLoader:240 - Cannot read IP mode file for STMicroelectronics.X-CUBE-BLEMGR.2.0.0
2025-08-10 08:58:13,290 [WARN] PackLoader:240 - Cannot read IP mode file for STMicroelectronics.X-CUBE-DPower.1.2.0
2025-08-10 08:58:13,295 [WARN] PackLoader:240 - Cannot read IP mode file for STMicroelectronics.X-CUBE-NFC4.2.0.5
2025-08-10 08:58:13,300 [WARN] PackLoader:240 - Cannot read IP mode file for STMicroelectronics.X-CUBE-NFC4.2.0.4
2025-08-10 08:58:13,304 [WARN] PackLoader:240 - Cannot read IP mode file for STMicroelectronics.X-CUBE-AI.9.0.0
2025-08-10 08:58:13,323 [WARN] ConditionMgr:438 - getConditionDescription Invalid condition id : UX DEVICE CLASS RTOS Condition cause : null
2025-08-10 08:58:13,323 [WARN] ConditionMgr:438 - getConditionDescription Invalid condition id : UX DEVICE CLASS RTOS Condition cause : null
2025-08-10 08:58:13,327 [WARN] PackLoader:240 - Cannot read IP mode file for STMicroelectronics.X-CUBE-AZRTOS-H7.3.1.0
2025-08-10 08:58:13,340 [WARN] ConditionMgr:1044 - genDependencies : Invalid condition id : UX DEVICE CLASS RTOS Condition cause : null
2025-08-10 08:58:13,341 [WARN] ConditionMgr:1044 - genDependencies : Invalid condition id : UX DEVICE CLASS RTOS Condition cause : null
2025-08-10 08:58:13,342 [WARN] ConditionMgr:1044 - genDependencies : Invalid condition id : UX DEVICE CLASS RTOS Condition cause : null
2025-08-10 08:58:13,342 [WARN] ConditionMgr:1044 - genDependencies : Invalid condition id : UX DEVICE CLASS RTOS Condition cause : null
2025-08-10 08:58:13,342 [WARN] ConditionMgr:1044 - genDependencies : Invalid condition id : UX DEVICE CLASS RTOS Condition cause : null
2025-08-10 08:58:13,352 [WARN] PackLoader:240 - Cannot read IP mode file for STMicroelectronics.X-CUBE-FREERTOS.1.3.1
2025-08-10 08:58:13,357 [WARN] PackLoader:240 - Cannot read IP mode file for STMicroelectronics.X-CUBE-FREERTOS.1.3.0
2025-08-10 08:58:13,367 [WARN] PackLoader:240 - Cannot read IP mode file for STMicroelectronics.X-CUBE-NFC7.1.0.1
2025-08-10 08:58:13,382 [WARN] PackLoader:240 - Cannot read IP mode file for STMicroelectronics.X-CUBE-NFC7.1.0.0
2025-08-10 08:58:13,395 [WARN] PackLoader:240 - Cannot read IP mode file for STMicroelectronics.X-CUBE-NFC6.3.0.0
2025-08-10 08:58:13,406 [WARN] PackLoader:240 - Cannot read IP mode file for STMicroelectronics.X-CUBE-EEPRMA1.4.1.0
2025-08-10 08:58:13,414 [WARN] PackLoader:240 - Cannot read IP mode file for STMicroelectronics.FP-SNS-STAIOTCFT.1.0.0
2025-08-10 08:58:13,419 [WARN] PackLoader:240 - Cannot read IP mode file for STMicroelectronics.X-CUBE-DPower.1.3.0
2025-08-10 08:58:13,424 [WARN] PackLoader:240 - Cannot read IP mode file for STMicroelectronics.X-CUBE-AI.8.1.0
2025-08-10 08:58:13,443 [WARN] ConditionMgr:438 - getConditionDescription Invalid condition id : LAN8742 Phy interface Condition cause : null
2025-08-10 08:58:13,444 [WARN] PackLoader:240 - Cannot read IP mode file for STMicroelectronics.X-CUBE-AZRTOS-L4.2.0.0
2025-08-10 08:58:13,445 [WARN] ConditionMgr:1044 - genDependencies : Invalid condition id : LAN8742 Phy interface Condition cause : null
2025-08-10 08:58:13,446 [WARN] ConditionMgr:1044 - genDependencies : Invalid condition id : LAN8742 Phy interface Condition cause : null
2025-08-10 08:58:13,446 [WARN] ConditionMgr:1044 - genDependencies : Invalid condition id : LAN8742 Phy interface Condition cause : null
2025-08-10 08:58:13,453 [WARN] PackLoader:240 - Cannot read IP mode file for STMicroelectronics.X-CUBE-SFXS2LP1.4.0.0
2025-08-10 08:58:13,469 [WARN] PackLoader:240 - Cannot read IP mode file for STMicroelectronics.X-CUBE-AZRTOS-H7.3.0.0
2025-08-10 08:58:13,473 [WARN] PackLoader:240 - Cannot read IP mode file for STMicroelectronics.X-CUBE-ISPU.1.1.0
2025-08-10 08:58:13,487 [WARN] PackLoader:240 - Cannot read IP mode file for STMicroelectronics.X-CUBE-AZRTOS-H7.3.3.0
2025-08-10 08:58:13,497 [WARN] PackLoader:240 - Cannot read IP mode file for RoweBots.I-CUBE-UNISONRTOS.5.5.0-4
2025-08-10 08:58:13,502 [WARN] PackLoader:240 - Cannot read IP mode file for wolfSSL.I-CUBE-wolfSSL.5.4.0
2025-08-10 08:58:13,509 [WARN] PackLoader:240 - Cannot read IP mode file for STMicroelectronics.X-CUBE-BLEMGR.4.1.0
2025-08-10 08:58:13,519 [WARN] PackLoader:240 - Cannot read IP mode file for STMicroelectronics.X-CUBE-IPS.3.0.0
2025-08-10 08:58:13,532 [WARN] ConditionMgr:438 - getConditionDescription Invalid condition id : UX DEVICE CLASS RTOS Condition cause : null
2025-08-10 08:58:13,533 [WARN] ConditionMgr:438 - getConditionDescription Invalid condition id : UX DEVICE CLASS RTOS Condition cause : null
2025-08-10 08:58:13,535 [WARN] PackLoader:240 - Cannot read IP mode file for STMicroelectronics.X-CUBE-AZRTOS-WB.2.0.0
2025-08-10 08:58:13,536 [WARN] ConditionMgr:1044 - genDependencies : Invalid condition id : UX DEVICE CLASS RTOS Condition cause : null
2025-08-10 08:58:13,536 [WARN] ConditionMgr:1044 - genDependencies : Invalid condition id : UX DEVICE CLASS RTOS Condition cause : null
2025-08-10 08:58:13,537 [WARN] ConditionMgr:1044 - genDependencies : Invalid condition id : UX DEVICE CLASS RTOS Condition cause : null
2025-08-10 08:58:13,537 [WARN] ConditionMgr:1044 - genDependencies : Invalid condition id : UX DEVICE CLASS RTOS Condition cause : null
2025-08-10 08:58:13,537 [WARN] ConditionMgr:1044 - genDependencies : Invalid condition id : UX DEVICE CLASS RTOS Condition cause : null
2025-08-10 08:58:13,543 [WARN] PackLoader:240 - Cannot read IP mode file for STMicroelectronics.X-CUBE-FREERTOS.1.0.1
2025-08-10 08:58:13,548 [WARN] PackLoader:240 - Cannot read IP mode file for STMicroelectronics.X-CUBE-GNSS1.7.0.0
2025-08-10 08:58:13,553 [WARN] PackLoader:240 - Cannot read IP mode file for STMicroelectronics.X-CUBE-GNSS1.7.0.1
2025-08-10 08:58:13,561 [WARN] PackLoader:240 - Cannot read IP mode file for STMicroelectronics.X-CUBE-BLEMGR.1.0.0
2025-08-10 08:58:13,568 [WARN] PackLoader:240 - Cannot read IP mode file for STMicroelectronics.X-CUBE-TOUCHGFX.4.25.0
2025-08-10 08:58:13,578 [WARN] PackLoader:240 - Cannot read IP mode file for STMicroelectronics.FP-SNS-STBOX1.2.0.0
2025-08-10 08:58:13,605 [WARN] PackLoader:240 - Cannot read IP mode file for STMicroelectronics.X-CUBE-AZRTOS-L5.1.1.0
2025-08-10 08:58:13,613 [WARN] PackLoader:240 - Cannot read IP mode file for STMicroelectronics.X-CUBE-AI.8.0.1
2025-08-10 08:58:13,628 [WARN] PackLoader:240 - Cannot read IP mode file for STMicroelectronics.X-CUBE-SUBG2.5.0.0
2025-08-10 08:58:13,660 [WARN] PackLoader:240 - Cannot read IP mode file for STMicroelectronics.X-CUBE-AZRTOS-H7RS.1.1.0
2025-08-10 08:58:13,667 [WARN] PackLoader:240 - Cannot read IP mode file for Cesanta.I-CUBE-Mongoose.7.13.0
2025-08-10 08:58:13,680 [WARN] PackLoader:240 - Cannot read IP mode file for STMicroelectronics.X-CUBE-AZRTOS-G4.2.0.0
2025-08-10 08:58:13,691 [WARN] PackLoader:240 - Cannot read IP mode file for STMicroelectronics.X-CUBE-TOF1.3.3.0
2025-08-10 08:58:13,703 [WARN] PackLoader:240 - Cannot read IP mode file for STMicroelectronics.FP-ATR-ASTRA1.1.1.1
2025-08-10 08:58:13,716 [WARN] PackLoader:240 - Cannot read IP mode file for Infineon.AIROC-Wi-Fi-Bluetooth-STM32.1.5.1
2025-08-10 08:58:13,723 [WARN] PackLoader:240 - Cannot read IP mode file for STMicroelectronics.FP-ATR-ASTRA1.1.1.0
2025-08-10 08:58:13,728 [WARN] PackLoader:240 - Cannot read IP mode file for STMicroelectronics.X-CUBE-NFC7.2.0.0
2025-08-10 08:58:13,732 [WARN] PackLoader:240 - Cannot read IP mode file for STMicroelectronics.FP-SNS-MOTENVWB1.1.3.1
2025-08-10 08:58:13,743 [WARN] PackLoader:240 - Cannot read IP mode file for STMicroelectronics.X-CUBE-AZRTOS-G4.1.0.0
2025-08-10 08:58:13,763 [WARN] PackLoader:240 - Cannot read IP mode file for STMicroelectronics.X-CUBE-AZRTOS-L4.1.0.0
2025-08-10 08:58:13,768 [WARN] PackLoader:240 - Cannot read IP mode file for STMicroelectronics.X-CUBE-ISPU.2.0.0
2025-08-10 08:58:13,779 [WARN] PackLoader:240 - Cannot read IP mode file for STMicroelectronics.X-CUBE-IPS.3.1.0
2025-08-10 08:58:13,789 [WARN] PackLoader:240 - Cannot read IP mode file for STMicroelectronics.X-CUBE-ALS.1.0.2
2025-08-10 08:58:13,827 [WARN] PackLoader:240 - Cannot read IP mode file for STMicroelectronics.X-CUBE-MEMS1.10.0.0
2025-08-10 08:58:13,890 [WARN] PackLoader:240 - Cannot read IP mode file for STMicroelectronics.X-CUBE-FREERTOS.1.1.0
2025-08-10 08:58:13,893 [WARN] PackLoader:240 - Cannot read IP mode file for STMicroelectronics.X-CUBE-TOUCHGFX.4.24.0
2025-08-10 08:58:13,902 [WARN] PackLoader:240 - Cannot read IP mode file for STMicroelectronics.X-CUBE-AZRTOS-WL.1.0.0
2025-08-10 08:58:13,907 [WARN] PackLoader:240 - Cannot read IP mode file for STMicroelectronics.X-CUBE-TOUCHGFX.4.24.1
2025-08-10 08:58:13,911 [WARN] PackLoader:240 - Cannot read IP mode file for wolfSSL.I-CUBE-wolfTPM.3.4.0
2025-08-10 08:58:13,916 [WARN] PackLoader:240 - Cannot read IP mode file for portGmbH.I-Cube-SoM-uGOAL.1.1.0
2025-08-10 08:58:13,920 [WARN] PackLoader:240 - Cannot read IP mode file for STMicroelectronics.X-CUBE-ALS.1.0.1
2025-08-10 08:58:13,930 [WARN] PackLoader:240 - Cannot read IP mode file for STMicroelectronics.X-CUBE-AZRTOS-WB.1.1.0
2025-08-10 08:58:13,944 [WARN] PackLoader:240 - Cannot read IP mode file for STMicroelectronics.X-CUBE-AZRTOS-L5.1.0.0
2025-08-10 08:58:13,950 [WARN] PackLoader:240 - Cannot read IP mode file for STMicroelectronics.X-CUBE-EEPRMA1.3.1.1
2025-08-10 08:58:13,973 [WARN] PackLoader:240 - Cannot read IP mode file for STMicroelectronics.X-CUBE-AZRTOS-H7RS.1.0.0
2025-08-10 08:58:13,977 [WARN] PackLoader:240 - Cannot read IP mode file for STMicroelectronics.FP-ATR-ASTRA1.2.0.0
2025-08-10 08:58:13,985 [WARN] PackLoader:240 - Cannot read IP mode file for STMicroelectronics.X-CUBE-TOF1.3.4.2
2025-08-10 08:58:14,004 [WARN] PackLoader:240 - Cannot read IP mode file for STMicroelectronics.X-CUBE-TOF1.3.4.3
2025-08-10 08:58:14,021 [WARN] PackLoader:240 - Cannot read IP mode file for STMicroelectronics.X-CUBE-TOF1.3.4.0
2025-08-10 08:58:14,036 [WARN] PackLoader:240 - Cannot read IP mode file for STMicroelectronics.X-CUBE-TOF1.3.4.1
2025-08-10 08:58:14,057 [WARN] PackLoader:240 - Cannot read IP mode file for STMicroelectronics.X-CUBE-AZRTOS-H7.3.2.0
2025-08-10 08:58:14,064 [WARN] PackLoader:240 - Cannot read IP mode file for wolfSSL.I-CUBE-wolfSSH.1.4.17
2025-08-10 08:58:14,066 [INFO] ThirdParty:978 - Integrity check success = true
2025-08-10 08:58:14,066 [INFO] IntegrityCheckThread:100 - exiting critical section [integrity check]
2025-08-10 08:58:14,066 [INFO] IntegrityCheckThread:103 - End integrity checks thread
2025-08-10 08:59:09,680 [INFO] WebApp:194 - Connection lost
2025-08-10 08:59:09,887 [INFO] WebApp:191 - Connection restablished
2025-08-10 08:59:12,134 [INFO] WebApp:194 - Connection lost
2025-08-10 08:59:12,305 [INFO] WebApp:191 - Connection restablished
2025-08-10 16:15:16,563 [ERROR] LogOutputStream:75 - [STDERR_REDIRECT] 
2025-08-10 16:27:21,263 [INFO] Activator:176 - 


2025-08-10 16:27:21,281 [INFO] Activator:177 - !SESSION log4j initialized
2025-08-10 16:27:31,667 [INFO] LogOutputStream:77 - [STDOUT_REDIRECT] 
2025-08-10 16:27:33,534 [INFO] ApplicationProperties:184 - Using Application install path: C:\ST\STM32CubeIDE_1.14.0\STM32CubeIDE\plugins\com.st.stm32cube.common.mx_6.15.0.202507011659
2025-08-10 16:27:33,554 [INFO] DbMcusXml:78 - Set database path to: C:\ST\STM32CubeIDE_1.14.0\STM32CubeIDE\plugins\com.st.stm32cube.common.mx_6.15.0.202507011659\\db\/mcu/
2025-08-10 16:27:33,554 [INFO] ApiDb:274 - Set plugin database path to: C:\ST\STM32CubeIDE_1.14.0\STM32CubeIDE\plugins\com.st.stm32cube.common.mx_6.15.0.202507011659\\db\/plugins/boardmanager/
2025-08-10 16:27:33,554 [WARN] ApiDb:259 - Overriding images path with different value:  => C:\ST\STM32CubeIDE_1.14.0\STM32CubeIDE\plugins\com.st.stm32cube.common.mx_6.15.0.202507011659\\db\/plugins/mcufinder/images/
2025-08-10 16:27:33,563 [INFO] ApiDb:250 - Set database path to: C:\Users\jihoo\.stmcufinder\plugins\mcufinder//mcu/
2025-08-10 16:27:33,564 [INFO] DbMcusAds:125 - Set database path to: C:\Users\jihoo\.stmcufinder\plugins\mcufinder//mcu/
2025-08-10 16:27:33,567 [INFO] CrossReferenceDbSqlite:203 - Set database path to: C:\Users\jihoo\.stmcufinder\plugins\mcufinder//mcu/cs/
2025-08-10 16:27:33,675 [INFO] RulesReader:64 - Compatibility file has been processed (317 Rules)
2025-08-10 16:27:33,763 [INFO] DbMcusXml:78 - Set database path to: C:\ST\STM32CubeIDE_1.14.0\STM32CubeIDE\plugins\com.st.stm32cube.common.mx_6.15.0.202507011659\\db\/mcu/
2025-08-10 16:27:33,763 [INFO] ApiDb:274 - Set plugin database path to: C:\ST\STM32CubeIDE_1.14.0\STM32CubeIDE\plugins\com.st.stm32cube.common.mx_6.15.0.202507011659\\db\/plugins/boardmanager/
2025-08-10 16:27:33,763 [INFO] ApiDb:261 - Set plugin images path to: C:\ST\STM32CubeIDE_1.14.0\STM32CubeIDE\plugins\com.st.stm32cube.common.mx_6.15.0.202507011659\\db\/plugins/mcufinder/images/
2025-08-10 16:27:33,763 [WARN] DbFile:41 - Overriding database path with different value: C:\Users\jihoo\.stmcufinder\plugins\mcufinder/ => C:\Users\jihoo\.stmcufinder\plugins\mcufinder
2025-08-10 16:27:33,763 [INFO] ApiDb:250 - Set database path to: C:\Users\jihoo\.stmcufinder\plugins\mcufinder//mcu/
2025-08-10 16:27:33,763 [WARN] DbFile:41 - Overriding database path with different value: C:\Users\jihoo\.stmcufinder\plugins\mcufinder/ => C:\Users\jihoo\.stmcufinder\plugins\mcufinder
2025-08-10 16:27:33,763 [INFO] DbMcusAds:125 - Set database path to: C:\Users\jihoo\.stmcufinder\plugins\mcufinder//mcu/
2025-08-10 16:27:33,763 [WARN] DbFile:41 - Overriding database path with different value: C:\Users\jihoo\.stmcufinder\plugins\mcufinder/ => C:\Users\jihoo\.stmcufinder\plugins\mcufinder
2025-08-10 16:27:33,763 [WARN] DbFile:41 - Overriding database path with different value: C:\Users\jihoo\.stmcufinder\plugins\mcufinder/ => C:\Users\jihoo\.stmcufinder\plugins\mcufinder
2025-08-10 16:27:33,764 [INFO] CrossReferenceDbSqlite:203 - Set database path to: C:\Users\jihoo\.stmcufinder\plugins\mcufinder//mcu/cs/
2025-08-10 16:27:33,845 [INFO] MainPanel:274 - HeapMemory: 268435456
2025-08-10 16:27:33,968 [INFO] DbMcusXml:78 - Set database path to: C:\ST\STM32CubeIDE_1.14.0\STM32CubeIDE\plugins\com.st.stm32cube.common.mx_6.15.0.202507011659\\db\/mcu/
2025-08-10 16:27:33,968 [INFO] ApiDb:274 - Set plugin database path to: C:\ST\STM32CubeIDE_1.14.0\STM32CubeIDE\plugins\com.st.stm32cube.common.mx_6.15.0.202507011659\\db\/plugins/boardmanager/
2025-08-10 16:27:33,969 [INFO] ApiDb:261 - Set plugin images path to: C:\ST\STM32CubeIDE_1.14.0\STM32CubeIDE\plugins\com.st.stm32cube.common.mx_6.15.0.202507011659\\db\/plugins/mcufinder/images/
2025-08-10 16:27:33,969 [WARN] DbFile:41 - Overriding database path with different value: C:\Users\jihoo\.stmcufinder\plugins\mcufinder/ => C:\Users\jihoo\.stmcufinder\plugins\mcufinder
2025-08-10 16:27:33,969 [INFO] ApiDb:250 - Set database path to: C:\Users\jihoo\.stmcufinder\plugins\mcufinder//mcu/
2025-08-10 16:27:33,969 [WARN] DbFile:41 - Overriding database path with different value: C:\Users\jihoo\.stmcufinder\plugins\mcufinder/ => C:\Users\jihoo\.stmcufinder\plugins\mcufinder
2025-08-10 16:27:33,969 [INFO] DbMcusAds:125 - Set database path to: C:\Users\jihoo\.stmcufinder\plugins\mcufinder//mcu/
2025-08-10 16:27:33,969 [WARN] DbFile:41 - Overriding database path with different value: C:\Users\jihoo\.stmcufinder\plugins\mcufinder/ => C:\Users\jihoo\.stmcufinder\plugins\mcufinder
2025-08-10 16:27:33,969 [WARN] DbFile:41 - Overriding database path with different value: C:\Users\jihoo\.stmcufinder\plugins\mcufinder/ => C:\Users\jihoo\.stmcufinder\plugins\mcufinder
2025-08-10 16:27:33,969 [INFO] CrossReferenceDbSqlite:203 - Set database path to: C:\Users\jihoo\.stmcufinder\plugins\mcufinder//mcu/cs/
2025-08-10 16:27:33,989 [INFO] ApplicationProperties:184 - Using Application install path: C:\ST\STM32CubeIDE_1.14.0\STM32CubeIDE\plugins\com.st.stm32cube.common.mx_6.15.0.202507011659
2025-08-10 16:27:33,991 [INFO] PluginManage:196 - Search for loadable plugins [exclusion list=, ]
2025-08-10 16:27:33,992 [INFO] PluginManage:310 - Check plugin analytics
2025-08-10 16:27:34,159 [INFO] AnalyticsPlugin:253 - Accepted Software Licenses: STM32CubeMX.6.6.1,STM32CubeMX.6.7.0,STM32CubeMX.6.10.0,STM32CubeMX.6.12.0,STM32CubeMX.6.13.0,STM32CubeMX.6.14.1,STM32CubeMX.6.15.0
2025-08-10 16:27:34,160 [INFO] AnalyticsPlugin:255 - Accepted CMSIS Pack Licenses: 
2025-08-10 16:27:34,160 [INFO] AnalyticsPlugin:257 - Accepted Firmware Licenses: FW.H7.1.12.0,FW.F4.1.28.0
2025-08-10 16:27:34,163 [INFO] PluginManage:359 - Loaded plugin analytics (category:tool,tabindex:-1)
2025-08-10 16:27:34,163 [INFO] PluginManage:310 - Check plugin cadmodel
2025-08-10 16:27:34,170 [INFO] CADModel:105 - Init CAD model plugin
2025-08-10 16:27:34,171 [INFO] PluginManage:359 - Loaded plugin cadmodel (category:power,tabindex:5)
2025-08-10 16:27:34,171 [INFO] PluginManage:310 - Check plugin clock
2025-08-10 16:27:34,183 [INFO] PluginManage:359 - Loaded plugin clock (category:base,tabindex:2)
2025-08-10 16:27:34,183 [INFO] PluginManage:310 - Check plugin ddr
2025-08-10 16:27:34,186 [INFO] PluginManage:359 - Loaded plugin ddr (category:tool,tabindex:6)
2025-08-10 16:27:34,186 [INFO] PluginManage:310 - Check plugin filemanager
2025-08-10 16:27:34,335 [INFO] PluginManage:359 - Loaded plugin filemanager (category:base,tabindex:10)
2025-08-10 16:27:34,335 [INFO] PluginManage:310 - Check plugin ipmanager
2025-08-10 16:27:34,341 [INFO] PluginManage:359 - Loaded plugin ipmanager (category:base,tabindex:5)
2025-08-10 16:27:34,341 [INFO] PluginManage:310 - Check plugin lpbam
2025-08-10 16:27:34,349 [INFO] PluginManage:359 - Loaded plugin lpbam (category:base,tabindex:0)
2025-08-10 16:27:34,350 [INFO] PluginManage:310 - Check plugin memorymap
2025-08-10 16:27:34,363 [INFO] PluginManage:359 - Loaded plugin memorymap (category:base,tabindex:4)
2025-08-10 16:27:34,363 [INFO] PluginManage:310 - Check plugin pinoutandconfiguration
2025-08-10 16:27:34,372 [INFO] PluginManage:359 - Loaded plugin pinoutandconfiguration (category:base,tabindex:1)
2025-08-10 16:27:34,373 [INFO] PluginManage:310 - Check plugin pinoutconfig
2025-08-10 16:27:34,457 [WARN] SupportedApi:132 - Cannot load RTOS API schema: s4s-elt-must-match.1: The content of 'definitions' must match (annotation?, (simpleType | complexType)?, (unique | key | keyref)*)). A problem was found starting at: attribute.
2025-08-10 16:27:34,593 [INFO] PluginManage:359 - Loaded plugin pinoutconfig (category:base,tabindex:0)
2025-08-10 16:27:34,593 [INFO] PluginManage:310 - Check plugin power
2025-08-10 16:27:34,605 [INFO] PluginManage:359 - Loaded plugin power (category:power,tabindex:4)
2025-08-10 16:27:34,605 [INFO] PluginManage:310 - Check plugin projectmanager
2025-08-10 16:27:34,621 [INFO] PluginManage:359 - Loaded plugin projectmanager (category:projectmanager,tabindex:4)
2025-08-10 16:27:34,621 [INFO] PluginManage:310 - Check plugin rif
2025-08-10 16:27:34,633 [INFO] PluginManage:359 - Loaded plugin rif (category:base,tabindex:3)
2025-08-10 16:27:34,633 [INFO] PluginManage:310 - Check plugin thirdparty
2025-08-10 16:27:34,771 [INFO] PluginManage:359 - Loaded plugin thirdparty (category:base,tabindex:-1)
2025-08-10 16:27:34,771 [WARN] IntegrityCheckThread:84 - waiting for thirdparty lock release [integrity check]
2025-08-10 16:27:34,772 [INFO] PluginManage:310 - Check plugin tools
2025-08-10 16:27:34,772 [INFO] IntegrityCheckThread:86 - entering critical section [integrity check]
2025-08-10 16:27:34,772 [INFO] ThirdPartyUpdaterWithRetryManager:70 - Updater plugin not ready yet. [1/15]
2025-08-10 16:27:34,775 [INFO] PluginManage:359 - Loaded plugin tools (category:base,tabindex:7)
2025-08-10 16:27:34,775 [INFO] PluginManage:310 - Check plugin tutovideos
2025-08-10 16:27:34,982 [INFO] PluginManage:359 - Loaded plugin tutovideos (category:base,tabindex:-1)
2025-08-10 16:27:34,982 [INFO] PluginManage:310 - Check plugin updater
2025-08-10 16:27:35,002 [INFO] PluginManage:359 - Loaded plugin updater (category:base,tabindex:12)
2025-08-10 16:27:35,002 [INFO] PluginManage:310 - Check plugin userauth
2025-08-10 16:27:35,006 [INFO] UserAuth:118 - Init User Auth plugin
2025-08-10 16:27:35,007 [INFO] PluginManage:359 - Loaded plugin userauth (category:base,tabindex:14)
2025-08-10 16:27:35,008 [INFO] PluginManage:283 - PluginManage : Loaded plugins [18]
2025-08-10 16:27:35,220 [INFO] PinOutPanel:1589 - setPackage(No Configuration,No Configuration)
2025-08-10 16:27:35,302 [INFO] CADModel:165 - CPN selected for project level
2025-08-10 16:27:35,302 [INFO] CADModel:114 - Register for checkConnection events
2025-08-10 16:27:35,322 [INFO] IPUIPlugin:80 - create IPUIPlugin
2025-08-10 16:27:35,322 [INFO] PluginManager:220 - loadIPPluginJar : add adc
2025-08-10 16:27:35,326 [INFO] IPUIPlugin:80 - create IPUIPlugin
2025-08-10 16:27:35,326 [INFO] PluginManager:220 - loadIPPluginJar : add aes
2025-08-10 16:27:35,328 [INFO] IPUIPlugin:80 - create IPUIPlugin
2025-08-10 16:27:35,329 [INFO] PluginManager:220 - loadIPPluginJar : add can
2025-08-10 16:27:35,331 [INFO] IPUIPlugin:80 - create IPUIPlugin
2025-08-10 16:27:35,331 [INFO] PluginManager:220 - loadIPPluginJar : add comp
2025-08-10 16:27:35,333 [INFO] IPUIPlugin:80 - create IPUIPlugin
2025-08-10 16:27:35,333 [INFO] PluginManager:220 - loadIPPluginJar : add cryp
2025-08-10 16:27:35,339 [INFO] IPUIPlugin:80 - create IPUIPlugin
2025-08-10 16:27:35,339 [INFO] PluginManager:220 - loadIPPluginJar : add ddr_ctrl_phy
2025-08-10 16:27:35,342 [INFO] IPUIPlugin:80 - create IPUIPlugin
2025-08-10 16:27:35,342 [INFO] PluginManager:220 - loadIPPluginJar : add dfsdm
2025-08-10 16:27:35,347 [INFO] IPUIPlugin:80 - create IPUIPlugin
2025-08-10 16:27:35,348 [INFO] PluginManager:220 - loadIPPluginJar : add dma
2025-08-10 16:27:35,350 [INFO] IPUIPlugin:80 - create IPUIPlugin
2025-08-10 16:27:35,350 [INFO] PluginManager:220 - loadIPPluginJar : add dma3
2025-08-10 16:27:35,353 [INFO] IPUIPlugin:80 - create IPUIPlugin
2025-08-10 16:27:35,354 [INFO] PluginManager:220 - loadIPPluginJar : add extmemmanager
2025-08-10 16:27:35,355 [INFO] IPUIPlugin:80 - create IPUIPlugin
2025-08-10 16:27:35,355 [INFO] PluginManager:220 - loadIPPluginJar : add fatfs
2025-08-10 16:27:35,359 [INFO] IPUIPlugin:80 - create IPUIPlugin
2025-08-10 16:27:35,360 [INFO] PluginManager:220 - loadIPPluginJar : add fmc
2025-08-10 16:27:35,367 [INFO] IPUIPlugin:80 - create IPUIPlugin
2025-08-10 16:27:35,367 [INFO] PluginManager:220 - loadIPPluginJar : add freertos
2025-08-10 16:27:35,369 [INFO] IPUIPlugin:80 - create IPUIPlugin
2025-08-10 16:27:35,369 [INFO] PluginManager:220 - loadIPPluginJar : add genericplugin
2025-08-10 16:27:35,371 [INFO] IPUIPlugin:80 - create IPUIPlugin
2025-08-10 16:27:35,371 [INFO] PluginManager:220 - loadIPPluginJar : add gfxmmu
2025-08-10 16:27:35,376 [INFO] IPUIPlugin:80 - create IPUIPlugin
2025-08-10 16:27:35,376 [INFO] PluginManager:220 - loadIPPluginJar : add gic
2025-08-10 16:27:35,380 [INFO] IPUIPlugin:80 - create IPUIPlugin
2025-08-10 16:27:35,380 [INFO] PluginManager:220 - loadIPPluginJar : add gpio
2025-08-10 16:27:35,384 [INFO] IPUIPlugin:80 - create IPUIPlugin
2025-08-10 16:27:35,384 [INFO] PluginManager:220 - loadIPPluginJar : add gtzc
2025-08-10 16:27:35,387 [INFO] IPUIPlugin:80 - create IPUIPlugin
2025-08-10 16:27:35,387 [INFO] PluginManager:220 - loadIPPluginJar : add hash
2025-08-10 16:27:35,391 [INFO] IPUIPlugin:80 - create IPUIPlugin
2025-08-10 16:27:35,391 [INFO] PluginManager:220 - loadIPPluginJar : add i2c
2025-08-10 16:27:35,394 [INFO] IPUIPlugin:80 - create IPUIPlugin
2025-08-10 16:27:35,394 [INFO] PluginManager:220 - loadIPPluginJar : add i2s
2025-08-10 16:27:35,398 [INFO] IPUIPlugin:80 - create IPUIPlugin
2025-08-10 16:27:35,398 [INFO] PluginManager:220 - loadIPPluginJar : add i3c
2025-08-10 16:27:35,404 [INFO] IPUIPlugin:80 - create IPUIPlugin
2025-08-10 16:27:35,404 [INFO] PluginManager:220 - loadIPPluginJar : add ipddr
2025-08-10 16:27:35,413 [INFO] IPUIPlugin:80 - create IPUIPlugin
2025-08-10 16:27:35,413 [INFO] PluginManager:220 - loadIPPluginJar : add linkedlist
2025-08-10 16:27:35,417 [INFO] IPUIPlugin:80 - create IPUIPlugin
2025-08-10 16:27:35,418 [INFO] PluginManager:220 - loadIPPluginJar : add lorawan
2025-08-10 16:27:35,420 [INFO] IPUIPlugin:80 - create IPUIPlugin
2025-08-10 16:27:35,420 [INFO] PluginManager:220 - loadIPPluginJar : add ltdc
2025-08-10 16:27:35,427 [INFO] IPUIPlugin:80 - create IPUIPlugin
2025-08-10 16:27:35,428 [INFO] PluginManager:220 - loadIPPluginJar : add mdma
2025-08-10 16:27:35,433 [INFO] IPUIPlugin:80 - create IPUIPlugin
2025-08-10 16:27:35,433 [INFO] PluginManager:220 - loadIPPluginJar : add nvic
2025-08-10 16:27:35,436 [INFO] IPUIPlugin:80 - create IPUIPlugin
2025-08-10 16:27:35,436 [INFO] PluginManager:220 - loadIPPluginJar : add opamp
2025-08-10 16:27:35,440 [INFO] IPUIPlugin:80 - create IPUIPlugin
2025-08-10 16:27:35,440 [INFO] PluginManager:220 - loadIPPluginJar : add openamp
2025-08-10 16:27:35,445 [INFO] IPUIPlugin:80 - create IPUIPlugin
2025-08-10 16:27:35,446 [INFO] PluginManager:220 - loadIPPluginJar : add pdm2pcm
2025-08-10 16:27:35,454 [INFO] IPUIPlugin:80 - create IPUIPlugin
2025-08-10 16:27:35,457 [INFO] PluginManager:220 - loadIPPluginJar : add plateformsettings
2025-08-10 16:27:35,459 [INFO] IPUIPlugin:80 - create IPUIPlugin
2025-08-10 16:27:35,459 [INFO] PluginManager:220 - loadIPPluginJar : add quadspi
2025-08-10 16:27:35,462 [INFO] IPUIPlugin:80 - create IPUIPlugin
2025-08-10 16:27:35,463 [INFO] PluginManager:220 - loadIPPluginJar : add radio
2025-08-10 16:27:35,468 [INFO] IPUIPlugin:80 - create IPUIPlugin
2025-08-10 16:27:35,468 [INFO] PluginManager:220 - loadIPPluginJar : add resmgrutility
2025-08-10 16:27:35,471 [INFO] IPUIPlugin:80 - create IPUIPlugin
2025-08-10 16:27:35,472 [INFO] PluginManager:220 - loadIPPluginJar : add sai
2025-08-10 16:27:35,474 [INFO] IPUIPlugin:80 - create IPUIPlugin
2025-08-10 16:27:35,474 [INFO] PluginManager:220 - loadIPPluginJar : add spi
2025-08-10 16:27:35,481 [INFO] IPUIPlugin:80 - create IPUIPlugin
2025-08-10 16:27:35,481 [INFO] PluginManager:220 - loadIPPluginJar : add stm32_wpan
2025-08-10 16:27:35,483 [INFO] IPUIPlugin:80 - create IPUIPlugin
2025-08-10 16:27:35,483 [INFO] PluginManager:220 - loadIPPluginJar : add tim
2025-08-10 16:27:35,487 [INFO] IPUIPlugin:80 - create IPUIPlugin
2025-08-10 16:27:35,487 [INFO] PluginManager:220 - loadIPPluginJar : add touchsensing
2025-08-10 16:27:35,489 [INFO] IPUIPlugin:80 - create IPUIPlugin
2025-08-10 16:27:35,489 [INFO] PluginManager:220 - loadIPPluginJar : add tracer_emb
2025-08-10 16:27:35,491 [INFO] IPUIPlugin:80 - create IPUIPlugin
2025-08-10 16:27:35,491 [INFO] PluginManager:220 - loadIPPluginJar : add ts
2025-08-10 16:27:35,493 [INFO] IPUIPlugin:80 - create IPUIPlugin
2025-08-10 16:27:35,493 [INFO] PluginManager:220 - loadIPPluginJar : add tsc
2025-08-10 16:27:35,495 [INFO] IPUIPlugin:80 - create IPUIPlugin
2025-08-10 16:27:35,495 [INFO] PluginManager:220 - loadIPPluginJar : add ucpd
2025-08-10 16:27:35,498 [INFO] IPUIPlugin:80 - create IPUIPlugin
2025-08-10 16:27:35,498 [INFO] PluginManager:220 - loadIPPluginJar : add usart
2025-08-10 16:27:35,502 [INFO] IPUIPlugin:80 - create IPUIPlugin
2025-08-10 16:27:35,502 [INFO] PluginManager:220 - loadIPPluginJar : add usbx
2025-08-10 16:27:35,636 [FATAL] Updater:351 - Updater called before beeing initialized
2025-08-10 16:27:35,659 [INFO] RulesReader:64 - Compatibility file has been processed (317 Rules)
2025-08-10 16:27:35,669 [INFO] RulesReader:64 - Compatibility file has been processed (317 Rules)
2025-08-10 16:27:35,678 [INFO] CADModel:165 - CPN selected for project level
2025-08-10 16:27:35,678 [INFO] CADModel:114 - Register for checkConnection events
2025-08-10 16:27:35,678 [FATAL] Updater:351 - Updater called before beeing initialized
2025-08-10 16:27:35,678 [ERROR] CADModel:125 - Updater not yet initialized, retry later 
2025-08-10 16:27:35,828 [FATAL] Updater:351 - Updater called before beeing initialized
2025-08-10 16:27:35,831 [INFO] CADModel:165 - CPN selected for project level
2025-08-10 16:27:35,831 [INFO] CADModel:114 - Register for checkConnection events
2025-08-10 16:27:35,831 [FATAL] Updater:351 - Updater called before beeing initialized
2025-08-10 16:27:35,831 [ERROR] CADModel:125 - Updater not yet initialized, retry later 
2025-08-10 16:27:35,834 [FATAL] Updater:351 - Updater called before beeing initialized
2025-08-10 16:27:35,923 [FATAL] Updater:351 - Updater called before beeing initialized
2025-08-10 16:27:35,927 [INFO] DbMcusAds:53 - JSON generation date=Tue Jul 08 17:14:23 KST 2025 (1751962463593)
2025-08-10 16:27:35,927 [FATAL] Updater:351 - Updater called before beeing initialized
2025-08-10 16:27:35,969 [WARN] DetailPanel:346 - Failed to get advertising image, set to default
2025-08-10 16:27:36,102 [FATAL] Updater:351 - Updater called before beeing initialized
2025-08-10 16:27:36,105 [FATAL] Updater:351 - Updater called before beeing initialized
2025-08-10 16:27:36,105 [FATAL] Updater:351 - Updater called before beeing initialized
2025-08-10 16:27:36,106 [WARN] DetailPanel:346 - Failed to get advertising image, set to default
2025-08-10 16:27:36,107 [FATAL] Updater:351 - Updater called before beeing initialized
2025-08-10 16:27:36,169 [ERROR] Updater:1198 - MainUpdater not yet initialized. External WinMGr cannot be set.
2025-08-10 16:27:36,173 [INFO] Updater:1134 - Updater Version found : 6.15.0
2025-08-10 16:27:36,194 [INFO] ApplicationProperties:184 - Using Application install path: C:\ST\STM32CubeIDE_1.14.0\STM32CubeIDE\plugins\com.st.stm32cube.common.mx_6.15.0.202507011659
2025-08-10 16:27:36,697 [INFO] MainUpdater:2872 - connection check result : 10
2025-08-10 16:27:36,698 [INFO] MainUpdater:289 - Updater Check For Update Now.
2025-08-10 16:27:36,698 [INFO] MicroXplorer:498 - Change Database Version : DB.6.0.150
2025-08-10 16:27:36,705 [INFO] McuFinderGlobals:63 - Set McuFinder mode to 2 (CubeIDE integrated)
2025-08-10 16:27:36,706 [INFO] UserAuth:487 - Internet connection configuration mode: 1
2025-08-10 16:27:36,730 [INFO] JxBrowserEngine:152 - Initiate JxBrowser Engine with user profile folder
2025-08-10 16:27:36,893 [INFO] CheckServerUpdateThread:120 - End of CheckServer Thread
2025-08-10 16:27:38,364 [WARN] PackLoader:240 - Cannot read IP mode file for STMicroelectronics.FP-SNS-MOTENVWB1.1.4.0
2025-08-10 16:27:38,393 [WARN] PackLoader:240 - Cannot read IP mode file for STMicroelectronics.FP-ATR-ASTRA1.2.0.2
2025-08-10 16:27:38,410 [WARN] PackLoader:240 - Cannot read IP mode file for STMicroelectronics.FP-ATR-ASTRA1.2.0.1
2025-08-10 16:27:38,450 [WARN] PackLoader:240 - Cannot read IP mode file for STMicroelectronics.X-CUBE-SMBUS.2.1.0
2025-08-10 16:27:38,468 [WARN] PackLoader:240 - Cannot read IP mode file for STMicroelectronics.X-CUBE-WB05N.1.1.0
2025-08-10 16:27:38,483 [WARN] PackLoader:240 - Cannot read IP mode file for STMicroelectronics.X-CUBE-ST60.1.0.0
2025-08-10 16:27:38,493 [WARN] PackLoader:240 - Cannot read IP mode file for STMicroelectronics.X-CUBE-TOUCHGFX.4.23.0
2025-08-10 16:27:38,539 [WARN] PackLoader:240 - Cannot read IP mode file for STMicroelectronics.X-CUBE-AZRTOS-F7.1.1.0
2025-08-10 16:27:38,553 [WARN] PackLoader:240 - Cannot read IP mode file for STMicroelectronics.FP-SNS-MOTENV1.4.3.2
2025-08-10 16:27:38,561 [ERROR] RealEvaluatedCondition:428 - Found unsupported composite condition: CLASS='Data Exchange' GROUP='STM32_MetaDataManager'
2025-08-10 16:27:38,562 [ERROR] RealEvaluatedCondition:428 - Found unsupported composite condition: CLASS='Data Exchange' GROUP='STM32_MetaDataManager'
2025-08-10 16:27:38,563 [WARN] PackLoader:240 - Cannot read IP mode file for STMicroelectronics.FP-SNS-MOTENV1.4.3.1
2025-08-10 16:27:38,574 [WARN] PackLoader:240 - Cannot read IP mode file for STMicroelectronics.FP-SNS-FLIGHT1.5.0.1
2025-08-10 16:27:38,581 [WARN] PackLoader:240 - Cannot read IP mode file for STMicroelectronics.X-CUBE-BLE1.6.2.3
2025-08-10 16:27:38,649 [WARN] PackLoader:240 - Cannot read IP mode file for STMicroelectronics.X-CUBE-MEMS1.11.0.0
2025-08-10 16:27:38,765 [INFO] WebApp:169 - Instantiating new browser for Auth
2025-08-10 16:27:38,882 [WARN] PackLoader:240 - Cannot read IP mode file for STMicroelectronics.X-CUBE-BLE1.6.2.4
2025-08-10 16:27:38,889 [WARN] PackLoader:240 - Cannot read IP mode file for STMicroelectronics.FP-SNS-FLIGHT1.5.0.2
2025-08-10 16:27:38,902 [WARN] PackLoader:240 - Cannot read IP mode file for STMicroelectronics.X-CUBE-TOF1.3.1.0
2025-08-10 16:27:38,933 [WARN] PackLoader:240 - Cannot read IP mode file for STMicroelectronics.X-CUBE-AZRTOS-H7.3.4.0
2025-08-10 16:27:38,945 [WARN] PackLoader:240 - Cannot read IP mode file for STMicroelectronics.X-CUBE-DISPLAY.3.0.0
2025-08-10 16:27:38,956 [WARN] PackLoader:240 - Cannot read IP mode file for STMicroelectronics.X-CUBE-BLE1.7.0.0
2025-08-10 16:27:38,965 [WARN] PackLoader:240 - Cannot read IP mode file for STMicroelectronics.X-CUBE-NFC10.1.0.0
2025-08-10 16:27:38,976 [WARN] PackLoader:240 - Cannot read IP mode file for STMicroelectronics.X-CUBE-BLEMGR.4.0.0
2025-08-10 16:27:38,986 [WARN] PackLoader:240 - Cannot read IP mode file for emotas.I-CUBE-CANOPEN.1.3.0
2025-08-10 16:27:39,050 [WARN] PackLoader:240 - Cannot read IP mode file for STMicroelectronics.X-CUBE-MEMS1.9.3.0
2025-08-10 16:27:39,164 [WARN] PackLoader:240 - Cannot read IP mode file for STMicroelectronics.X-CUBE-AI.7.2.0
2025-08-10 16:27:39,172 [WARN] PackLoader:240 - Cannot read IP mode file for STMicroelectronics.X-CUBE-BLEMGR.3.1.0
2025-08-10 16:27:39,178 [WARN] PackLoader:240 - Cannot read IP mode file for STMicroelectronics.X-CUBE-AI.10.0.0
2025-08-10 16:27:39,186 [WARN] PackLoader:240 - Cannot read IP mode file for STMicroelectronics.FP-SNS-STBOX1.2.1.0
2025-08-10 16:27:39,195 [WARN] PackLoader:240 - Cannot read IP mode file for STMicroelectronics.FP-SNS-SMARTAG2.1.2.0
2025-08-10 16:27:39,203 [WARN] PackLoader:240 - Cannot read IP mode file for STMicroelectronics.FP-SNS-FLIGHT1.5.1.0
2025-08-10 16:27:39,216 [INFO] LogOutputStream:77 - [STDOUT_REDIRECT] 1 : Invalid condition id : UX_CORESTACK_Condition cause : null
2025-08-10 16:27:39,217 [INFO] LogOutputStream:77 - [STDOUT_REDIRECT] 1 : Invalid condition id : UX_CORESTACK_Condition cause : null
2025-08-10 16:27:39,219 [INFO] LogOutputStream:77 - [STDOUT_REDIRECT] 1 : Invalid condition id : UX_CORESTACK_Condition cause : null
2025-08-10 16:27:39,220 [INFO] LogOutputStream:77 - [STDOUT_REDIRECT] 1 : Invalid condition id : UX_CORESTACK_Condition cause : null
2025-08-10 16:27:39,222 [INFO] LogOutputStream:77 - [STDOUT_REDIRECT] 1 : Invalid condition id : UX_CORESTACK_Condition cause : null
2025-08-10 16:27:39,226 [WARN] PackLoader:240 - Cannot read IP mode file for STMicroelectronics.X-CUBE-AZRTOS-WL.2.0.0
2025-08-10 16:27:39,233 [WARN] PackLoader:240 - Cannot read IP mode file for STMicroelectronics.FP-SNS-MOTENV1.5.0.0
2025-08-10 16:27:39,245 [WARN] PackLoader:240 - Cannot read IP mode file for wolfSSL.I-CUBE-wolfMQTT.1.19.0
2025-08-10 16:27:39,257 [WARN] PackLoader:240 - Cannot read IP mode file for WES.I-CUBE-Cesium.1.3.0
2025-08-10 16:27:39,267 [WARN] PackLoader:240 - Cannot read IP mode file for STMicroelectronics.X-CUBE-BLE2.3.3.0
2025-08-10 16:27:39,287 [WARN] PackLoader:240 - Cannot read IP mode file for STMicroelectronics.X-CUBE-DISPLAY.2.2.0
2025-08-10 16:27:39,329 [WARN] PackLoader:240 - Cannot read IP mode file for STMicroelectronics.X-CUBE-TOF1.3.2.0
2025-08-10 16:27:39,352 [WARN] PackLoader:240 - Cannot read IP mode file for STMicroelectronics.X-CUBE-ISPU.1.0.0
2025-08-10 16:27:39,362 [WARN] PackLoader:240 - Cannot read IP mode file for STMicroelectronics.X-CUBE-NFC9.1.0.0
2025-08-10 16:27:39,409 [WARN] PackLoader:240 - Cannot read IP mode file for STMicroelectronics.X-CUBE-AZRTOS-H7.2.1.0
2025-08-10 16:27:39,417 [WARN] PackLoader:240 - Cannot read IP mode file for STMicroelectronics.X-CUBE-BLE1.7.1.0
2025-08-10 16:27:39,432 [WARN] PackLoader:240 - Cannot read IP mode file for STMicroelectronics.X-CUBE-TCPP.4.1.0
2025-08-10 16:27:39,443 [WARN] PackLoader:240 - Cannot read IP mode file for STMicroelectronics.X-CUBE-EEPRMA1.5.2.0
2025-08-10 16:27:39,450 [WARN] PackLoader:240 - Cannot read IP mode file for STMicroelectronics.X-CUBE-TOUCHGFX.4.21.1
2025-08-10 16:27:39,457 [WARN] PackLoader:240 - Cannot read IP mode file for STMicroelectronics.X-CUBE-TOUCHGFX.4.21.0
2025-08-10 16:27:39,464 [WARN] PackLoader:240 - Cannot read IP mode file for STMicroelectronics.X-CUBE-TOUCHGFX.4.21.4
2025-08-10 16:27:39,521 [WARN] PackLoader:240 - Cannot read IP mode file for STMicroelectronics.X-CUBE-MEMS1.9.4.0
2025-08-10 16:27:39,637 [WARN] PackLoader:240 - Cannot read IP mode file for STMicroelectronics.X-CUBE-AI.7.3.0
2025-08-10 16:27:39,642 [WARN] PackLoader:240 - Cannot read IP mode file for STMicroelectronics.X-CUBE-AI.10.1.0
2025-08-10 16:27:39,649 [WARN] PackLoader:240 - Cannot read IP mode file for STMicroelectronics.X-CUBE-ALGOBUILD.1.3.0
2025-08-10 16:27:39,694 [WARN] PackLoader:240 - Cannot read IP mode file for STMicroelectronics.X-CUBE-MEMS1.11.2.0
2025-08-10 16:27:39,829 [WARN] PackLoader:240 - Cannot read IP mode file for STMicroelectronics.X-CUBE-AZRTOS-G0.1.1.0
2025-08-10 16:27:39,850 [WARN] PackLoader:240 - Cannot read IP mode file for STMicroelectronics.X-CUBE-SAFEA1.1.2.2
2025-08-10 16:27:39,862 [WARN] PackLoader:240 - Cannot read IP mode file for STMicroelectronics.X-CUBE-NFC4.3.0.0
2025-08-10 16:27:39,911 [WARN] PackLoader:240 - Cannot read IP mode file for SEGGER.I-CUBE-embOS.1.2.0
2025-08-10 16:27:39,963 [WARN] PackLoader:240 - Cannot read IP mode file for EmbeddedOffice.I-CUBE-FS-RTOS.1.0.1
2025-08-10 16:27:39,970 [WARN] PackLoader:240 - Cannot read IP mode file for STMicroelectronics.X-CUBE-WB05N.2.0.0
2025-08-10 16:27:39,985 [WARN] PackLoader:240 - Cannot read IP mode file for STMicroelectronics.X-CUBE-BLEMGR.3.0.0
2025-08-10 16:27:40,008 [WARN] PackLoader:240 - Cannot read IP mode file for STMicroelectronics.X-CUBE-BLEMGR.1.3.0
2025-08-10 16:27:40,017 [WARN] PackLoader:240 - Cannot read IP mode file for STMicroelectronics.X-CUBE-TCPP.4.2.0
2025-08-10 16:27:40,028 [INFO] WebApp:463 - Apply proxy settings
2025-08-10 16:27:40,029 [INFO] WebApp:548 - Chromium requires no authentication
2025-08-10 16:27:40,032 [WARN] PackLoader:240 - Cannot read IP mode file for RealThread.X-CUBE-RT-Thread_Nano.4.1.1
2025-08-10 16:27:40,039 [WARN] PackLoader:240 - Cannot read IP mode file for STMicroelectronics.FP-ATR-SIGFOX1.3.2.0
2025-08-10 16:27:40,045 [WARN] ConditionMgr:438 - getConditionDescription Invalid condition id : Cortex-A Device cause : null
2025-08-10 16:27:40,046 [INFO] WebApp:491 - Direct internet connection detected
2025-08-10 16:27:40,069 [WARN] ConditionMgr:1044 - genDependencies : Invalid condition id : Cortex-A Device cause : null
2025-08-10 16:27:40,069 [WARN] ConditionMgr:1044 - genDependencies : Invalid condition id : Cortex-A Device cause : null
2025-08-10 16:27:40,069 [WARN] ConditionMgr:1044 - genDependencies : Invalid condition id : Cortex-A Device cause : null
2025-08-10 16:27:40,086 [WARN] PackLoader:240 - Cannot read IP mode file for STMicroelectronics.X-CUBE-EEPRMA1.5.1.0
2025-08-10 16:27:40,094 [INFO] WebApp:900 - Register for checkConnection events
2025-08-10 16:27:40,094 [INFO] WebApp:463 - Apply proxy settings
2025-08-10 16:27:40,095 [INFO] WebApp:548 - Chromium requires no authentication
2025-08-10 16:27:40,096 [INFO] WebApp:491 - Direct internet connection detected
2025-08-10 16:27:40,096 [WARN] PackLoader:240 - Cannot read IP mode file for emotas.I-CUBE-CANOPEN.1.1.2
2025-08-10 16:27:40,100 [WARN] PackLoader:240 - Cannot read IP mode file for STMicroelectronics.X-CUBE-TOUCHGFX.4.20.0
2025-08-10 16:27:40,114 [WARN] PackLoader:240 - Cannot read IP mode file for STMicroelectronics.X-CUBE-ST67W61.1.0.0
2025-08-10 16:27:40,119 [WARN] PackLoader:240 - Cannot read IP mode file for STMicroelectronics.X-CUBE-AI.10.2.0
2025-08-10 16:27:40,144 [WARN] PackLoader:240 - Cannot read IP mode file for SEGGER.I-CUBE-embOS.1.3.1
2025-08-10 16:27:40,177 [WARN] PackLoader:240 - Cannot read IP mode file for STMicroelectronics.X-CUBE-ALGOBUILD.1.4.0
2025-08-10 16:27:40,220 [WARN] PackLoader:240 - Cannot read IP mode file for STMicroelectronics.X-CUBE-MEMS1.11.3.0
2025-08-10 16:27:40,310 [WARN] PackLoader:240 - Cannot read IP mode file for STMicroelectronics.X-CUBE-AI.9.1.0
2025-08-10 16:27:40,316 [WARN] PackLoader:240 - Cannot read IP mode file for STMicroelectronics.X-CUBE-PM33A1.1.0.0
2025-08-10 16:27:40,322 [WARN] PackLoader:240 - Cannot read IP mode file for STMicroelectronics.X-CUBE-GNSS1.6.0.0
2025-08-10 16:27:40,341 [WARN] PackLoader:240 - Cannot read IP mode file for STMicroelectronics.X-CUBE-AZRTOS-F4.1.1.0
2025-08-10 16:27:40,349 [WARN] PackLoader:240 - Cannot read IP mode file for Avnet-IotConnect.X-CUBE-IoTC-DA16k-PMOD.1.0.0
2025-08-10 16:27:40,352 [WARN] PackLoader:240 - Cannot read IP mode file for STMicroelectronics.X-CUBE-ISPU.2.1.0
2025-08-10 16:27:40,360 [WARN] PackLoader:240 - Cannot read IP mode file for STMicroelectronics.X-CUBE-FREERTOS.1.2.0
2025-08-10 16:27:40,364 [WARN] PackLoader:240 - Cannot read IP mode file for wolfSSL.I-CUBE-wolfSSL.5.6.6
2025-08-10 16:27:40,372 [WARN] PackLoader:240 - Cannot read IP mode file for STMicroelectronics.X-CUBE-NFC12.1.0.0
2025-08-10 16:27:40,388 [WARN] PackLoader:240 - Cannot read IP mode file for STMicroelectronics.X-CUBE-AZRTOS-L5.2.0.0
2025-08-10 16:27:40,404 [INFO] WebApp:225 - Starting web application
2025-08-10 16:27:40,404 [INFO] WebApp:593 - Web application path used C:\ST\STM32CubeIDE_1.14.0\STM32CubeIDE\plugins\com.st.stm32cube.common.mx_6.15.0.202507011659\db\plugins\mcufinder\reactClient1\index.html
2025-08-10 16:27:40,435 [WARN] PackLoader:240 - Cannot read IP mode file for STMicroelectronics.X-CUBE-MEMS1.9.6.0
2025-08-10 16:27:40,597 [INFO] WebApp:191 - Connection restablished
2025-08-10 16:27:40,598 [WARN] PackLoader:240 - Cannot read IP mode file for STMicroelectronics.X-CUBE-EEPRMA1.4.2.0
2025-08-10 16:27:40,608 [WARN] PackLoader:240 - Cannot read IP mode file for STMicroelectronics.X-CUBE-NFC6.3.1.0
2025-08-10 16:27:40,621 [WARN] PackLoader:240 - Cannot read IP mode file for ITTIA_DB.I-CUBE-ITTIADB.8.8.0
2025-08-10 16:27:40,629 [WARN] PackLoader:240 - Cannot read IP mode file for STMicroelectronics.X-CUBE-BLEMGR.2.0.0
2025-08-10 16:27:40,639 [WARN] PackLoader:240 - Cannot read IP mode file for STMicroelectronics.X-CUBE-DPower.1.2.0
2025-08-10 16:27:40,645 [WARN] PackLoader:240 - Cannot read IP mode file for STMicroelectronics.X-CUBE-NFC4.2.0.5
2025-08-10 16:27:40,654 [WARN] PackLoader:240 - Cannot read IP mode file for STMicroelectronics.X-CUBE-NFC4.2.0.4
2025-08-10 16:27:40,670 [WARN] PackLoader:240 - Cannot read IP mode file for STMicroelectronics.X-CUBE-AI.9.0.0
2025-08-10 16:27:40,682 [INFO] UserAuth:487 - Internet connection configuration mode: 1
2025-08-10 16:27:40,698 [WARN] ConditionMgr:438 - getConditionDescription Invalid condition id : UX DEVICE CLASS RTOS Condition cause : null
2025-08-10 16:27:40,698 [WARN] ConditionMgr:438 - getConditionDescription Invalid condition id : UX DEVICE CLASS RTOS Condition cause : null
2025-08-10 16:27:40,704 [WARN] PackLoader:240 - Cannot read IP mode file for STMicroelectronics.X-CUBE-AZRTOS-H7.3.1.0
2025-08-10 16:27:40,706 [WARN] ConditionMgr:1044 - genDependencies : Invalid condition id : UX DEVICE CLASS RTOS Condition cause : null
2025-08-10 16:27:40,706 [WARN] ConditionMgr:1044 - genDependencies : Invalid condition id : UX DEVICE CLASS RTOS Condition cause : null
2025-08-10 16:27:40,708 [WARN] ConditionMgr:1044 - genDependencies : Invalid condition id : UX DEVICE CLASS RTOS Condition cause : null
2025-08-10 16:27:40,709 [WARN] ConditionMgr:1044 - genDependencies : Invalid condition id : UX DEVICE CLASS RTOS Condition cause : null
2025-08-10 16:27:40,709 [WARN] ConditionMgr:1044 - genDependencies : Invalid condition id : UX DEVICE CLASS RTOS Condition cause : null
2025-08-10 16:27:40,727 [WARN] PackLoader:240 - Cannot read IP mode file for STMicroelectronics.X-CUBE-FREERTOS.1.3.1
2025-08-10 16:27:40,735 [WARN] PackLoader:240 - Cannot read IP mode file for STMicroelectronics.X-CUBE-FREERTOS.1.3.0
2025-08-10 16:27:40,743 [WARN] PackLoader:240 - Cannot read IP mode file for STMicroelectronics.X-CUBE-NFC7.1.0.1
2025-08-10 16:27:40,760 [WARN] PackLoader:240 - Cannot read IP mode file for STMicroelectronics.X-CUBE-NFC7.1.0.0
2025-08-10 16:27:40,770 [WARN] PackLoader:240 - Cannot read IP mode file for STMicroelectronics.X-CUBE-NFC6.3.0.0
2025-08-10 16:27:40,776 [WARN] PackLoader:240 - Cannot read IP mode file for STMicroelectronics.X-CUBE-EEPRMA1.4.1.0
2025-08-10 16:27:40,789 [WARN] PackLoader:240 - Cannot read IP mode file for STMicroelectronics.FP-SNS-STAIOTCFT.1.0.0
2025-08-10 16:27:40,795 [WARN] PackLoader:240 - Cannot read IP mode file for STMicroelectronics.X-CUBE-DPower.1.3.0
2025-08-10 16:27:40,802 [WARN] PackLoader:240 - Cannot read IP mode file for STMicroelectronics.X-CUBE-AI.8.1.0
2025-08-10 16:27:40,823 [WARN] ConditionMgr:438 - getConditionDescription Invalid condition id : LAN8742 Phy interface Condition cause : null
2025-08-10 16:27:40,823 [WARN] PackLoader:240 - Cannot read IP mode file for STMicroelectronics.X-CUBE-AZRTOS-L4.2.0.0
2025-08-10 16:27:40,826 [WARN] ConditionMgr:1044 - genDependencies : Invalid condition id : LAN8742 Phy interface Condition cause : null
2025-08-10 16:27:40,827 [WARN] ConditionMgr:1044 - genDependencies : Invalid condition id : LAN8742 Phy interface Condition cause : null
2025-08-10 16:27:40,827 [WARN] ConditionMgr:1044 - genDependencies : Invalid condition id : LAN8742 Phy interface Condition cause : null
2025-08-10 16:27:40,840 [WARN] PackLoader:240 - Cannot read IP mode file for STMicroelectronics.X-CUBE-SFXS2LP1.4.0.0
2025-08-10 16:27:40,868 [WARN] PackLoader:240 - Cannot read IP mode file for STMicroelectronics.X-CUBE-AZRTOS-H7.3.0.0
2025-08-10 16:27:40,877 [WARN] PackLoader:240 - Cannot read IP mode file for STMicroelectronics.X-CUBE-ISPU.1.1.0
2025-08-10 16:27:40,899 [WARN] PackLoader:240 - Cannot read IP mode file for STMicroelectronics.X-CUBE-AZRTOS-H7.3.3.0
2025-08-10 16:27:40,917 [WARN] PackLoader:240 - Cannot read IP mode file for RoweBots.I-CUBE-UNISONRTOS.5.5.0-4
2025-08-10 16:27:40,932 [WARN] PackLoader:240 - Cannot read IP mode file for wolfSSL.I-CUBE-wolfSSL.5.4.0
2025-08-10 16:27:40,951 [WARN] PackLoader:240 - Cannot read IP mode file for STMicroelectronics.X-CUBE-BLEMGR.4.1.0
2025-08-10 16:27:40,974 [WARN] PackLoader:240 - Cannot read IP mode file for STMicroelectronics.X-CUBE-IPS.3.0.0
2025-08-10 16:27:40,997 [WARN] ConditionMgr:438 - getConditionDescription Invalid condition id : UX DEVICE CLASS RTOS Condition cause : null
2025-08-10 16:27:40,997 [WARN] ConditionMgr:438 - getConditionDescription Invalid condition id : UX DEVICE CLASS RTOS Condition cause : null
2025-08-10 16:27:41,000 [WARN] PackLoader:240 - Cannot read IP mode file for STMicroelectronics.X-CUBE-AZRTOS-WB.2.0.0
2025-08-10 16:27:41,003 [WARN] ConditionMgr:1044 - genDependencies : Invalid condition id : UX DEVICE CLASS RTOS Condition cause : null
2025-08-10 16:27:41,003 [WARN] ConditionMgr:1044 - genDependencies : Invalid condition id : UX DEVICE CLASS RTOS Condition cause : null
2025-08-10 16:27:41,004 [WARN] ConditionMgr:1044 - genDependencies : Invalid condition id : UX DEVICE CLASS RTOS Condition cause : null
2025-08-10 16:27:41,004 [WARN] ConditionMgr:1044 - genDependencies : Invalid condition id : UX DEVICE CLASS RTOS Condition cause : null
2025-08-10 16:27:41,005 [WARN] ConditionMgr:1044 - genDependencies : Invalid condition id : UX DEVICE CLASS RTOS Condition cause : null
2025-08-10 16:27:41,012 [WARN] PackLoader:240 - Cannot read IP mode file for STMicroelectronics.X-CUBE-FREERTOS.1.0.1
2025-08-10 16:27:41,023 [WARN] PackLoader:240 - Cannot read IP mode file for STMicroelectronics.X-CUBE-GNSS1.7.0.0
2025-08-10 16:27:41,033 [WARN] PackLoader:240 - Cannot read IP mode file for STMicroelectronics.X-CUBE-GNSS1.7.0.1
2025-08-10 16:27:41,045 [WARN] PackLoader:240 - Cannot read IP mode file for STMicroelectronics.X-CUBE-BLEMGR.1.0.0
2025-08-10 16:27:41,052 [WARN] PackLoader:240 - Cannot read IP mode file for STMicroelectronics.X-CUBE-TOUCHGFX.4.25.0
2025-08-10 16:27:41,062 [WARN] PackLoader:240 - Cannot read IP mode file for STMicroelectronics.FP-SNS-STBOX1.2.0.0
2025-08-10 16:27:41,088 [WARN] PackLoader:240 - Cannot read IP mode file for STMicroelectronics.X-CUBE-AZRTOS-L5.1.1.0
2025-08-10 16:27:41,094 [WARN] PackLoader:240 - Cannot read IP mode file for STMicroelectronics.X-CUBE-AI.8.0.1
2025-08-10 16:27:41,109 [WARN] PackLoader:240 - Cannot read IP mode file for STMicroelectronics.X-CUBE-SUBG2.5.0.0
2025-08-10 16:27:41,138 [WARN] PackLoader:240 - Cannot read IP mode file for STMicroelectronics.X-CUBE-AZRTOS-H7RS.1.1.0
2025-08-10 16:27:41,156 [WARN] PackLoader:240 - Cannot read IP mode file for Cesanta.I-CUBE-Mongoose.7.13.0
2025-08-10 16:27:41,180 [WARN] PackLoader:240 - Cannot read IP mode file for STMicroelectronics.X-CUBE-AZRTOS-G4.2.0.0
2025-08-10 16:27:41,203 [WARN] PackLoader:240 - Cannot read IP mode file for STMicroelectronics.X-CUBE-TOF1.3.3.0
2025-08-10 16:27:41,217 [WARN] PackLoader:240 - Cannot read IP mode file for STMicroelectronics.FP-ATR-ASTRA1.1.1.1
2025-08-10 16:27:41,235 [WARN] PackLoader:240 - Cannot read IP mode file for Infineon.AIROC-Wi-Fi-Bluetooth-STM32.1.5.1
2025-08-10 16:27:41,244 [WARN] PackLoader:240 - Cannot read IP mode file for STMicroelectronics.FP-ATR-ASTRA1.1.1.0
2025-08-10 16:27:41,255 [WARN] PackLoader:240 - Cannot read IP mode file for STMicroelectronics.X-CUBE-NFC7.2.0.0
2025-08-10 16:27:41,263 [WARN] PackLoader:240 - Cannot read IP mode file for STMicroelectronics.FP-SNS-MOTENVWB1.1.3.1
2025-08-10 16:27:41,280 [WARN] PackLoader:240 - Cannot read IP mode file for STMicroelectronics.X-CUBE-AZRTOS-G4.1.0.0
2025-08-10 16:27:41,304 [WARN] PackLoader:240 - Cannot read IP mode file for STMicroelectronics.X-CUBE-AZRTOS-L4.1.0.0
2025-08-10 16:27:41,312 [WARN] PackLoader:240 - Cannot read IP mode file for STMicroelectronics.X-CUBE-ISPU.2.0.0
2025-08-10 16:27:41,323 [WARN] PackLoader:240 - Cannot read IP mode file for STMicroelectronics.X-CUBE-IPS.3.1.0
2025-08-10 16:27:41,336 [WARN] PackLoader:240 - Cannot read IP mode file for STMicroelectronics.X-CUBE-ALS.1.0.2
2025-08-10 16:27:41,379 [WARN] PackLoader:240 - Cannot read IP mode file for STMicroelectronics.X-CUBE-MEMS1.10.0.0
2025-08-10 16:27:41,482 [WARN] PackLoader:240 - Cannot read IP mode file for STMicroelectronics.X-CUBE-FREERTOS.1.1.0
2025-08-10 16:27:41,487 [WARN] PackLoader:240 - Cannot read IP mode file for STMicroelectronics.X-CUBE-TOUCHGFX.4.24.0
2025-08-10 16:27:41,498 [WARN] PackLoader:240 - Cannot read IP mode file for STMicroelectronics.X-CUBE-AZRTOS-WL.1.0.0
2025-08-10 16:27:41,505 [WARN] PackLoader:240 - Cannot read IP mode file for STMicroelectronics.X-CUBE-TOUCHGFX.4.24.1
2025-08-10 16:27:41,511 [WARN] PackLoader:240 - Cannot read IP mode file for wolfSSL.I-CUBE-wolfTPM.3.4.0
2025-08-10 16:27:41,518 [WARN] PackLoader:240 - Cannot read IP mode file for portGmbH.I-Cube-SoM-uGOAL.1.1.0
2025-08-10 16:27:41,527 [WARN] PackLoader:240 - Cannot read IP mode file for STMicroelectronics.X-CUBE-ALS.1.0.1
2025-08-10 16:27:41,541 [WARN] PackLoader:240 - Cannot read IP mode file for STMicroelectronics.X-CUBE-AZRTOS-WB.1.1.0
2025-08-10 16:27:41,558 [WARN] PackLoader:240 - Cannot read IP mode file for STMicroelectronics.X-CUBE-AZRTOS-L5.1.0.0
2025-08-10 16:27:41,566 [WARN] PackLoader:240 - Cannot read IP mode file for STMicroelectronics.X-CUBE-EEPRMA1.3.1.1
2025-08-10 16:27:41,585 [WARN] PackLoader:240 - Cannot read IP mode file for STMicroelectronics.X-CUBE-AZRTOS-H7RS.1.0.0
2025-08-10 16:27:41,593 [WARN] PackLoader:240 - Cannot read IP mode file for STMicroelectronics.FP-ATR-ASTRA1.2.0.0
2025-08-10 16:27:41,604 [WARN] PackLoader:240 - Cannot read IP mode file for STMicroelectronics.X-CUBE-TOF1.3.4.2
2025-08-10 16:27:41,625 [WARN] PackLoader:240 - Cannot read IP mode file for STMicroelectronics.X-CUBE-TOF1.3.4.3
2025-08-10 16:27:41,703 [WARN] PackLoader:240 - Cannot read IP mode file for STMicroelectronics.X-CUBE-TOF1.3.4.0
2025-08-10 16:27:41,741 [WARN] PackLoader:240 - Cannot read IP mode file for STMicroelectronics.X-CUBE-TOF1.3.4.1
2025-08-10 16:27:41,780 [WARN] PackLoader:240 - Cannot read IP mode file for STMicroelectronics.X-CUBE-AZRTOS-H7.3.2.0
2025-08-10 16:27:41,790 [WARN] PackLoader:240 - Cannot read IP mode file for wolfSSL.I-CUBE-wolfSSH.1.4.17
2025-08-10 16:27:41,792 [INFO] ThirdParty:978 - Integrity check success = true
2025-08-10 16:27:41,792 [INFO] IntegrityCheckThread:100 - exiting critical section [integrity check]
2025-08-10 16:27:41,792 [INFO] IntegrityCheckThread:103 - End integrity checks thread
