2025-08-16 09:36:58,599 [INFO] Activator:176 - 


2025-08-16 09:36:58,626 [INFO] Activator:177 - !SESSION log4j initialized
2025-08-16 09:37:06,539 [INFO] LogOutputStream:77 - [STDOUT_REDIRECT] 
2025-08-16 09:37:08,005 [INFO] ApplicationProperties:184 - Using Application install path: C:\ST\STM32CubeIDE_1.14.0\STM32CubeIDE\plugins\com.st.stm32cube.common.mx_6.15.0.202507011659
2025-08-16 09:37:08,023 [INFO] DbMcusXml:78 - Set database path to: C:\ST\STM32CubeIDE_1.14.0\STM32CubeIDE\plugins\com.st.stm32cube.common.mx_6.15.0.202507011659\\db\/mcu/
2025-08-16 09:37:08,023 [INFO] ApiDb:274 - Set plugin database path to: C:\ST\STM32CubeIDE_1.14.0\STM32CubeIDE\plugins\com.st.stm32cube.common.mx_6.15.0.202507011659\\db\/plugins/boardmanager/
2025-08-16 09:37:08,024 [WARN] ApiDb:259 - Overriding images path with different value:  => C:\ST\STM32CubeIDE_1.14.0\STM32CubeIDE\plugins\com.st.stm32cube.common.mx_6.15.0.202507011659\\db\/plugins/mcufinder/images/
2025-08-16 09:37:08,033 [INFO] ApiDb:250 - Set database path to: C:\Users\jihoo\.stmcufinder\plugins\mcufinder//mcu/
2025-08-16 09:37:08,034 [INFO] DbMcusAds:125 - Set database path to: C:\Users\jihoo\.stmcufinder\plugins\mcufinder//mcu/
2025-08-16 09:37:08,036 [INFO] CrossReferenceDbSqlite:203 - Set database path to: C:\Users\jihoo\.stmcufinder\plugins\mcufinder//mcu/cs/
2025-08-16 09:37:08,135 [INFO] RulesReader:64 - Compatibility file has been processed (317 Rules)
2025-08-16 09:37:08,206 [INFO] DbMcusXml:78 - Set database path to: C:\ST\STM32CubeIDE_1.14.0\STM32CubeIDE\plugins\com.st.stm32cube.common.mx_6.15.0.202507011659\\db\/mcu/
2025-08-16 09:37:08,206 [INFO] ApiDb:274 - Set plugin database path to: C:\ST\STM32CubeIDE_1.14.0\STM32CubeIDE\plugins\com.st.stm32cube.common.mx_6.15.0.202507011659\\db\/plugins/boardmanager/
2025-08-16 09:37:08,206 [INFO] ApiDb:261 - Set plugin images path to: C:\ST\STM32CubeIDE_1.14.0\STM32CubeIDE\plugins\com.st.stm32cube.common.mx_6.15.0.202507011659\\db\/plugins/mcufinder/images/
2025-08-16 09:37:08,206 [WARN] DbFile:41 - Overriding database path with different value: C:\Users\jihoo\.stmcufinder\plugins\mcufinder/ => C:\Users\jihoo\.stmcufinder\plugins\mcufinder
2025-08-16 09:37:08,206 [INFO] ApiDb:250 - Set database path to: C:\Users\jihoo\.stmcufinder\plugins\mcufinder//mcu/
2025-08-16 09:37:08,206 [WARN] DbFile:41 - Overriding database path with different value: C:\Users\jihoo\.stmcufinder\plugins\mcufinder/ => C:\Users\jihoo\.stmcufinder\plugins\mcufinder
2025-08-16 09:37:08,207 [INFO] DbMcusAds:125 - Set database path to: C:\Users\jihoo\.stmcufinder\plugins\mcufinder//mcu/
2025-08-16 09:37:08,207 [WARN] DbFile:41 - Overriding database path with different value: C:\Users\jihoo\.stmcufinder\plugins\mcufinder/ => C:\Users\jihoo\.stmcufinder\plugins\mcufinder
2025-08-16 09:37:08,207 [WARN] DbFile:41 - Overriding database path with different value: C:\Users\jihoo\.stmcufinder\plugins\mcufinder/ => C:\Users\jihoo\.stmcufinder\plugins\mcufinder
2025-08-16 09:37:08,207 [INFO] CrossReferenceDbSqlite:203 - Set database path to: C:\Users\jihoo\.stmcufinder\plugins\mcufinder//mcu/cs/
2025-08-16 09:37:08,283 [INFO] MainPanel:274 - HeapMemory: 268435456
2025-08-16 09:37:08,413 [INFO] DbMcusXml:78 - Set database path to: C:\ST\STM32CubeIDE_1.14.0\STM32CubeIDE\plugins\com.st.stm32cube.common.mx_6.15.0.202507011659\\db\/mcu/
2025-08-16 09:37:08,414 [INFO] ApiDb:274 - Set plugin database path to: C:\ST\STM32CubeIDE_1.14.0\STM32CubeIDE\plugins\com.st.stm32cube.common.mx_6.15.0.202507011659\\db\/plugins/boardmanager/
2025-08-16 09:37:08,414 [INFO] ApiDb:261 - Set plugin images path to: C:\ST\STM32CubeIDE_1.14.0\STM32CubeIDE\plugins\com.st.stm32cube.common.mx_6.15.0.202507011659\\db\/plugins/mcufinder/images/
2025-08-16 09:37:08,414 [WARN] DbFile:41 - Overriding database path with different value: C:\Users\jihoo\.stmcufinder\plugins\mcufinder/ => C:\Users\jihoo\.stmcufinder\plugins\mcufinder
2025-08-16 09:37:08,414 [INFO] ApiDb:250 - Set database path to: C:\Users\jihoo\.stmcufinder\plugins\mcufinder//mcu/
2025-08-16 09:37:08,414 [WARN] DbFile:41 - Overriding database path with different value: C:\Users\jihoo\.stmcufinder\plugins\mcufinder/ => C:\Users\jihoo\.stmcufinder\plugins\mcufinder
2025-08-16 09:37:08,414 [INFO] DbMcusAds:125 - Set database path to: C:\Users\jihoo\.stmcufinder\plugins\mcufinder//mcu/
2025-08-16 09:37:08,414 [WARN] DbFile:41 - Overriding database path with different value: C:\Users\jihoo\.stmcufinder\plugins\mcufinder/ => C:\Users\jihoo\.stmcufinder\plugins\mcufinder
2025-08-16 09:37:08,414 [WARN] DbFile:41 - Overriding database path with different value: C:\Users\jihoo\.stmcufinder\plugins\mcufinder/ => C:\Users\jihoo\.stmcufinder\plugins\mcufinder
2025-08-16 09:37:08,414 [INFO] CrossReferenceDbSqlite:203 - Set database path to: C:\Users\jihoo\.stmcufinder\plugins\mcufinder//mcu/cs/
2025-08-16 09:37:08,430 [INFO] ApplicationProperties:184 - Using Application install path: C:\ST\STM32CubeIDE_1.14.0\STM32CubeIDE\plugins\com.st.stm32cube.common.mx_6.15.0.202507011659
2025-08-16 09:37:08,431 [INFO] PluginManage:196 - Search for loadable plugins [exclusion list=, ]
2025-08-16 09:37:08,432 [INFO] PluginManage:310 - Check plugin analytics
2025-08-16 09:37:08,583 [INFO] AnalyticsPlugin:253 - Accepted Software Licenses: STM32CubeMX.6.6.1,STM32CubeMX.6.7.0,STM32CubeMX.6.10.0,STM32CubeMX.6.12.0,STM32CubeMX.6.13.0,STM32CubeMX.6.14.1,STM32CubeMX.6.15.0
2025-08-16 09:37:08,584 [INFO] AnalyticsPlugin:255 - Accepted CMSIS Pack Licenses: 
2025-08-16 09:37:08,584 [INFO] AnalyticsPlugin:257 - Accepted Firmware Licenses: FW.H7.1.12.0,FW.F4.1.28.0
2025-08-16 09:37:08,586 [INFO] PluginManage:359 - Loaded plugin analytics (category:tool,tabindex:-1)
2025-08-16 09:37:08,586 [INFO] PluginManage:310 - Check plugin cadmodel
2025-08-16 09:37:08,593 [INFO] CADModel:105 - Init CAD model plugin
2025-08-16 09:37:08,593 [INFO] PluginManage:359 - Loaded plugin cadmodel (category:power,tabindex:5)
2025-08-16 09:37:08,593 [INFO] PluginManage:310 - Check plugin clock
2025-08-16 09:37:08,604 [INFO] PluginManage:359 - Loaded plugin clock (category:base,tabindex:2)
2025-08-16 09:37:08,604 [INFO] PluginManage:310 - Check plugin ddr
2025-08-16 09:37:08,606 [INFO] PluginManage:359 - Loaded plugin ddr (category:tool,tabindex:6)
2025-08-16 09:37:08,606 [INFO] PluginManage:310 - Check plugin filemanager
2025-08-16 09:37:08,752 [INFO] PluginManage:359 - Loaded plugin filemanager (category:base,tabindex:10)
2025-08-16 09:37:08,752 [INFO] PluginManage:310 - Check plugin ipmanager
2025-08-16 09:37:08,758 [INFO] PluginManage:359 - Loaded plugin ipmanager (category:base,tabindex:5)
2025-08-16 09:37:08,758 [INFO] PluginManage:310 - Check plugin lpbam
2025-08-16 09:37:08,765 [INFO] PluginManage:359 - Loaded plugin lpbam (category:base,tabindex:0)
2025-08-16 09:37:08,765 [INFO] PluginManage:310 - Check plugin memorymap
2025-08-16 09:37:08,778 [INFO] PluginManage:359 - Loaded plugin memorymap (category:base,tabindex:4)
2025-08-16 09:37:08,778 [INFO] PluginManage:310 - Check plugin pinoutandconfiguration
2025-08-16 09:37:08,786 [INFO] PluginManage:359 - Loaded plugin pinoutandconfiguration (category:base,tabindex:1)
2025-08-16 09:37:08,786 [INFO] PluginManage:310 - Check plugin pinoutconfig
2025-08-16 09:37:08,865 [WARN] SupportedApi:132 - Cannot load RTOS API schema: s4s-elt-must-match.1: The content of 'definitions' must match (annotation?, (simpleType | complexType)?, (unique | key | keyref)*)). A problem was found starting at: attribute.
2025-08-16 09:37:08,987 [INFO] PluginManage:359 - Loaded plugin pinoutconfig (category:base,tabindex:0)
2025-08-16 09:37:08,987 [INFO] PluginManage:310 - Check plugin power
2025-08-16 09:37:08,998 [INFO] PluginManage:359 - Loaded plugin power (category:power,tabindex:4)
2025-08-16 09:37:08,998 [INFO] PluginManage:310 - Check plugin projectmanager
2025-08-16 09:37:09,012 [INFO] PluginManage:359 - Loaded plugin projectmanager (category:projectmanager,tabindex:4)
2025-08-16 09:37:09,012 [INFO] PluginManage:310 - Check plugin rif
2025-08-16 09:37:09,028 [INFO] PluginManage:359 - Loaded plugin rif (category:base,tabindex:3)
2025-08-16 09:37:09,028 [INFO] PluginManage:310 - Check plugin thirdparty
2025-08-16 09:37:09,195 [INFO] PluginManage:359 - Loaded plugin thirdparty (category:base,tabindex:-1)
2025-08-16 09:37:09,195 [WARN] IntegrityCheckThread:84 - waiting for thirdparty lock release [integrity check]
2025-08-16 09:37:09,196 [INFO] PluginManage:310 - Check plugin tools
2025-08-16 09:37:09,196 [INFO] IntegrityCheckThread:86 - entering critical section [integrity check]
2025-08-16 09:37:09,197 [INFO] ThirdPartyUpdaterWithRetryManager:70 - Updater plugin not ready yet. [1/15]
2025-08-16 09:37:09,200 [INFO] PluginManage:359 - Loaded plugin tools (category:base,tabindex:7)
2025-08-16 09:37:09,200 [INFO] PluginManage:310 - Check plugin tutovideos
2025-08-16 09:37:09,397 [INFO] PluginManage:359 - Loaded plugin tutovideos (category:base,tabindex:-1)
2025-08-16 09:37:09,397 [INFO] PluginManage:310 - Check plugin updater
2025-08-16 09:37:09,415 [INFO] PluginManage:359 - Loaded plugin updater (category:base,tabindex:12)
2025-08-16 09:37:09,416 [INFO] PluginManage:310 - Check plugin userauth
2025-08-16 09:37:09,419 [INFO] UserAuth:118 - Init User Auth plugin
2025-08-16 09:37:09,420 [INFO] PluginManage:359 - Loaded plugin userauth (category:base,tabindex:14)
2025-08-16 09:37:09,420 [INFO] PluginManage:283 - PluginManage : Loaded plugins [18]
2025-08-16 09:37:09,602 [INFO] PinOutPanel:1589 - setPackage(No Configuration,No Configuration)
2025-08-16 09:37:09,677 [INFO] CADModel:165 - CPN selected for project level
2025-08-16 09:37:09,677 [INFO] CADModel:114 - Register for checkConnection events
2025-08-16 09:37:09,694 [INFO] IPUIPlugin:80 - create IPUIPlugin
2025-08-16 09:37:09,695 [INFO] PluginManager:220 - loadIPPluginJar : add adc
2025-08-16 09:37:09,697 [INFO] IPUIPlugin:80 - create IPUIPlugin
2025-08-16 09:37:09,697 [INFO] PluginManager:220 - loadIPPluginJar : add aes
2025-08-16 09:37:09,700 [INFO] IPUIPlugin:80 - create IPUIPlugin
2025-08-16 09:37:09,700 [INFO] PluginManager:220 - loadIPPluginJar : add can
2025-08-16 09:37:09,701 [INFO] IPUIPlugin:80 - create IPUIPlugin
2025-08-16 09:37:09,701 [INFO] PluginManager:220 - loadIPPluginJar : add comp
2025-08-16 09:37:09,703 [INFO] IPUIPlugin:80 - create IPUIPlugin
2025-08-16 09:37:09,704 [INFO] PluginManager:220 - loadIPPluginJar : add cryp
2025-08-16 09:37:09,707 [INFO] IPUIPlugin:80 - create IPUIPlugin
2025-08-16 09:37:09,707 [INFO] PluginManager:220 - loadIPPluginJar : add ddr_ctrl_phy
2025-08-16 09:37:09,710 [INFO] IPUIPlugin:80 - create IPUIPlugin
2025-08-16 09:37:09,710 [INFO] PluginManager:220 - loadIPPluginJar : add dfsdm
2025-08-16 09:37:09,715 [INFO] IPUIPlugin:80 - create IPUIPlugin
2025-08-16 09:37:09,716 [INFO] PluginManager:220 - loadIPPluginJar : add dma
2025-08-16 09:37:09,718 [INFO] IPUIPlugin:80 - create IPUIPlugin
2025-08-16 09:37:09,718 [INFO] PluginManager:220 - loadIPPluginJar : add dma3
2025-08-16 09:37:09,721 [INFO] IPUIPlugin:80 - create IPUIPlugin
2025-08-16 09:37:09,721 [INFO] PluginManager:220 - loadIPPluginJar : add extmemmanager
2025-08-16 09:37:09,723 [INFO] IPUIPlugin:80 - create IPUIPlugin
2025-08-16 09:37:09,723 [INFO] PluginManager:220 - loadIPPluginJar : add fatfs
2025-08-16 09:37:09,727 [INFO] IPUIPlugin:80 - create IPUIPlugin
2025-08-16 09:37:09,728 [INFO] PluginManager:220 - loadIPPluginJar : add fmc
2025-08-16 09:37:09,739 [INFO] IPUIPlugin:80 - create IPUIPlugin
2025-08-16 09:37:09,739 [INFO] PluginManager:220 - loadIPPluginJar : add freertos
2025-08-16 09:37:09,741 [INFO] IPUIPlugin:80 - create IPUIPlugin
2025-08-16 09:37:09,741 [INFO] PluginManager:220 - loadIPPluginJar : add genericplugin
2025-08-16 09:37:09,743 [INFO] IPUIPlugin:80 - create IPUIPlugin
2025-08-16 09:37:09,743 [INFO] PluginManager:220 - loadIPPluginJar : add gfxmmu
2025-08-16 09:37:09,747 [INFO] IPUIPlugin:80 - create IPUIPlugin
2025-08-16 09:37:09,747 [INFO] PluginManager:220 - loadIPPluginJar : add gic
2025-08-16 09:37:09,752 [INFO] IPUIPlugin:80 - create IPUIPlugin
2025-08-16 09:37:09,752 [INFO] PluginManager:220 - loadIPPluginJar : add gpio
2025-08-16 09:37:09,755 [INFO] IPUIPlugin:80 - create IPUIPlugin
2025-08-16 09:37:09,755 [INFO] PluginManager:220 - loadIPPluginJar : add gtzc
2025-08-16 09:37:09,757 [INFO] IPUIPlugin:80 - create IPUIPlugin
2025-08-16 09:37:09,757 [INFO] PluginManager:220 - loadIPPluginJar : add hash
2025-08-16 09:37:09,760 [INFO] IPUIPlugin:80 - create IPUIPlugin
2025-08-16 09:37:09,760 [INFO] PluginManager:220 - loadIPPluginJar : add i2c
2025-08-16 09:37:09,762 [INFO] IPUIPlugin:80 - create IPUIPlugin
2025-08-16 09:37:09,763 [INFO] PluginManager:220 - loadIPPluginJar : add i2s
2025-08-16 09:37:09,765 [INFO] IPUIPlugin:80 - create IPUIPlugin
2025-08-16 09:37:09,765 [INFO] PluginManager:220 - loadIPPluginJar : add i3c
2025-08-16 09:37:09,768 [INFO] IPUIPlugin:80 - create IPUIPlugin
2025-08-16 09:37:09,768 [INFO] PluginManager:220 - loadIPPluginJar : add ipddr
2025-08-16 09:37:09,774 [INFO] IPUIPlugin:80 - create IPUIPlugin
2025-08-16 09:37:09,774 [INFO] PluginManager:220 - loadIPPluginJar : add linkedlist
2025-08-16 09:37:09,777 [INFO] IPUIPlugin:80 - create IPUIPlugin
2025-08-16 09:37:09,777 [INFO] PluginManager:220 - loadIPPluginJar : add lorawan
2025-08-16 09:37:09,779 [INFO] IPUIPlugin:80 - create IPUIPlugin
2025-08-16 09:37:09,779 [INFO] PluginManager:220 - loadIPPluginJar : add ltdc
2025-08-16 09:37:09,784 [INFO] IPUIPlugin:80 - create IPUIPlugin
2025-08-16 09:37:09,784 [INFO] PluginManager:220 - loadIPPluginJar : add mdma
2025-08-16 09:37:09,788 [INFO] IPUIPlugin:80 - create IPUIPlugin
2025-08-16 09:37:09,788 [INFO] PluginManager:220 - loadIPPluginJar : add nvic
2025-08-16 09:37:09,792 [INFO] IPUIPlugin:80 - create IPUIPlugin
2025-08-16 09:37:09,792 [INFO] PluginManager:220 - loadIPPluginJar : add opamp
2025-08-16 09:37:09,795 [INFO] IPUIPlugin:80 - create IPUIPlugin
2025-08-16 09:37:09,795 [INFO] PluginManager:220 - loadIPPluginJar : add openamp
2025-08-16 09:37:09,798 [INFO] IPUIPlugin:80 - create IPUIPlugin
2025-08-16 09:37:09,798 [INFO] PluginManager:220 - loadIPPluginJar : add pdm2pcm
2025-08-16 09:37:09,804 [INFO] IPUIPlugin:80 - create IPUIPlugin
2025-08-16 09:37:09,806 [INFO] PluginManager:220 - loadIPPluginJar : add plateformsettings
2025-08-16 09:37:09,808 [INFO] IPUIPlugin:80 - create IPUIPlugin
2025-08-16 09:37:09,808 [INFO] PluginManager:220 - loadIPPluginJar : add quadspi
2025-08-16 09:37:09,810 [INFO] IPUIPlugin:80 - create IPUIPlugin
2025-08-16 09:37:09,810 [INFO] PluginManager:220 - loadIPPluginJar : add radio
2025-08-16 09:37:09,815 [INFO] IPUIPlugin:80 - create IPUIPlugin
2025-08-16 09:37:09,815 [INFO] PluginManager:220 - loadIPPluginJar : add resmgrutility
2025-08-16 09:37:09,819 [INFO] IPUIPlugin:80 - create IPUIPlugin
2025-08-16 09:37:09,819 [INFO] PluginManager:220 - loadIPPluginJar : add sai
2025-08-16 09:37:09,822 [INFO] IPUIPlugin:80 - create IPUIPlugin
2025-08-16 09:37:09,822 [INFO] PluginManager:220 - loadIPPluginJar : add spi
2025-08-16 09:37:09,829 [INFO] IPUIPlugin:80 - create IPUIPlugin
2025-08-16 09:37:09,829 [INFO] PluginManager:220 - loadIPPluginJar : add stm32_wpan
2025-08-16 09:37:09,831 [INFO] IPUIPlugin:80 - create IPUIPlugin
2025-08-16 09:37:09,831 [INFO] PluginManager:220 - loadIPPluginJar : add tim
2025-08-16 09:37:09,835 [INFO] IPUIPlugin:80 - create IPUIPlugin
2025-08-16 09:37:09,835 [INFO] PluginManager:220 - loadIPPluginJar : add touchsensing
2025-08-16 09:37:09,837 [INFO] IPUIPlugin:80 - create IPUIPlugin
2025-08-16 09:37:09,837 [INFO] PluginManager:220 - loadIPPluginJar : add tracer_emb
2025-08-16 09:37:09,838 [INFO] IPUIPlugin:80 - create IPUIPlugin
2025-08-16 09:37:09,839 [INFO] PluginManager:220 - loadIPPluginJar : add ts
2025-08-16 09:37:09,840 [INFO] IPUIPlugin:80 - create IPUIPlugin
2025-08-16 09:37:09,840 [INFO] PluginManager:220 - loadIPPluginJar : add tsc
2025-08-16 09:37:09,842 [INFO] IPUIPlugin:80 - create IPUIPlugin
2025-08-16 09:37:09,842 [INFO] PluginManager:220 - loadIPPluginJar : add ucpd
2025-08-16 09:37:09,844 [INFO] IPUIPlugin:80 - create IPUIPlugin
2025-08-16 09:37:09,844 [INFO] PluginManager:220 - loadIPPluginJar : add usart
2025-08-16 09:37:09,848 [INFO] IPUIPlugin:80 - create IPUIPlugin
2025-08-16 09:37:09,848 [INFO] PluginManager:220 - loadIPPluginJar : add usbx
2025-08-16 09:37:09,966 [FATAL] Updater:351 - Updater called before beeing initialized
2025-08-16 09:37:09,989 [INFO] RulesReader:64 - Compatibility file has been processed (317 Rules)
2025-08-16 09:37:09,998 [INFO] RulesReader:64 - Compatibility file has been processed (317 Rules)
2025-08-16 09:37:10,007 [INFO] CADModel:165 - CPN selected for project level
2025-08-16 09:37:10,007 [INFO] CADModel:114 - Register for checkConnection events
2025-08-16 09:37:10,007 [FATAL] Updater:351 - Updater called before beeing initialized
2025-08-16 09:37:10,007 [ERROR] CADModel:125 - Updater not yet initialized, retry later 
2025-08-16 09:37:10,147 [FATAL] Updater:351 - Updater called before beeing initialized
2025-08-16 09:37:10,149 [INFO] CADModel:165 - CPN selected for project level
2025-08-16 09:37:10,149 [INFO] CADModel:114 - Register for checkConnection events
2025-08-16 09:37:10,149 [FATAL] Updater:351 - Updater called before beeing initialized
2025-08-16 09:37:10,149 [ERROR] CADModel:125 - Updater not yet initialized, retry later 
2025-08-16 09:37:10,151 [FATAL] Updater:351 - Updater called before beeing initialized
2025-08-16 09:37:10,249 [FATAL] Updater:351 - Updater called before beeing initialized
2025-08-16 09:37:10,255 [INFO] DbMcusAds:53 - JSON generation date=Tue Jul 08 17:14:23 KST 2025 (1751962463593)
2025-08-16 09:37:10,256 [FATAL] Updater:351 - Updater called before beeing initialized
2025-08-16 09:37:10,300 [WARN] DetailPanel:346 - Failed to get advertising image, set to default
2025-08-16 09:37:10,373 [FATAL] Updater:351 - Updater called before beeing initialized
2025-08-16 09:37:10,375 [FATAL] Updater:351 - Updater called before beeing initialized
2025-08-16 09:37:10,375 [FATAL] Updater:351 - Updater called before beeing initialized
2025-08-16 09:37:10,376 [WARN] DetailPanel:346 - Failed to get advertising image, set to default
2025-08-16 09:37:10,376 [FATAL] Updater:351 - Updater called before beeing initialized
2025-08-16 09:37:10,420 [ERROR] Updater:1198 - MainUpdater not yet initialized. External WinMGr cannot be set.
2025-08-16 09:37:10,422 [INFO] Updater:1134 - Updater Version found : 6.15.0
2025-08-16 09:37:10,440 [INFO] ApplicationProperties:184 - Using Application install path: C:\ST\STM32CubeIDE_1.14.0\STM32CubeIDE\plugins\com.st.stm32cube.common.mx_6.15.0.202507011659
2025-08-16 09:37:11,105 [INFO] MainUpdater:2872 - connection check result : 10
2025-08-16 09:37:11,106 [INFO] MainUpdater:289 - Updater Check For Update Now.
2025-08-16 09:37:11,106 [INFO] MicroXplorer:498 - Change Database Version : DB.6.0.150
2025-08-16 09:37:11,112 [INFO] McuFinderGlobals:63 - Set McuFinder mode to 2 (CubeIDE integrated)
2025-08-16 09:37:11,113 [INFO] UserAuth:487 - Internet connection configuration mode: 1
2025-08-16 09:37:11,135 [INFO] JxBrowserEngine:152 - Initiate JxBrowser Engine with user profile folder
2025-08-16 09:37:11,280 [INFO] CheckServerUpdateThread:120 - End of CheckServer Thread
2025-08-16 09:37:13,022 [WARN] PackLoader:240 - Cannot read IP mode file for STMicroelectronics.FP-SNS-MOTENVWB1.1.4.0
2025-08-16 09:37:13,032 [WARN] PackLoader:240 - Cannot read IP mode file for STMicroelectronics.FP-ATR-ASTRA1.2.0.2
2025-08-16 09:37:13,038 [WARN] PackLoader:240 - Cannot read IP mode file for STMicroelectronics.FP-ATR-ASTRA1.2.0.1
2025-08-16 09:37:13,048 [WARN] PackLoader:240 - Cannot read IP mode file for STMicroelectronics.X-CUBE-SMBUS.2.1.0
2025-08-16 09:37:13,055 [WARN] PackLoader:240 - Cannot read IP mode file for STMicroelectronics.X-CUBE-WB05N.1.1.0
2025-08-16 09:37:13,061 [WARN] PackLoader:240 - Cannot read IP mode file for STMicroelectronics.X-CUBE-ST60.1.0.0
2025-08-16 09:37:13,069 [WARN] PackLoader:240 - Cannot read IP mode file for STMicroelectronics.X-CUBE-TOUCHGFX.4.23.0
2025-08-16 09:37:13,098 [INFO] WebApp:169 - Instantiating new browser for Auth
2025-08-16 09:37:13,102 [WARN] PackLoader:240 - Cannot read IP mode file for STMicroelectronics.X-CUBE-AZRTOS-F7.1.1.0
2025-08-16 09:37:13,111 [WARN] PackLoader:240 - Cannot read IP mode file for STMicroelectronics.FP-SNS-MOTENV1.4.3.2
2025-08-16 09:37:13,117 [ERROR] RealEvaluatedCondition:428 - Found unsupported composite condition: GROUP='STM32_MetaDataManager' CLASS='Data Exchange'
2025-08-16 09:37:13,117 [ERROR] RealEvaluatedCondition:428 - Found unsupported composite condition: CLASS='Data Exchange' GROUP='STM32_MetaDataManager'
2025-08-16 09:37:13,119 [WARN] PackLoader:240 - Cannot read IP mode file for STMicroelectronics.FP-SNS-MOTENV1.4.3.1
2025-08-16 09:37:13,128 [WARN] PackLoader:240 - Cannot read IP mode file for STMicroelectronics.FP-SNS-FLIGHT1.5.0.1
2025-08-16 09:37:13,135 [WARN] PackLoader:240 - Cannot read IP mode file for STMicroelectronics.X-CUBE-BLE1.6.2.3
2025-08-16 09:37:13,192 [WARN] PackLoader:240 - Cannot read IP mode file for STMicroelectronics.X-CUBE-MEMS1.11.0.0
2025-08-16 09:37:13,341 [WARN] PackLoader:240 - Cannot read IP mode file for STMicroelectronics.X-CUBE-BLE1.6.2.4
2025-08-16 09:37:13,346 [WARN] PackLoader:240 - Cannot read IP mode file for STMicroelectronics.FP-SNS-FLIGHT1.5.0.2
2025-08-16 09:37:13,357 [WARN] PackLoader:240 - Cannot read IP mode file for STMicroelectronics.X-CUBE-TOF1.3.1.0
2025-08-16 09:37:13,414 [WARN] PackLoader:240 - Cannot read IP mode file for STMicroelectronics.X-CUBE-AZRTOS-H7.3.4.0
2025-08-16 09:37:13,426 [WARN] PackLoader:240 - Cannot read IP mode file for STMicroelectronics.X-CUBE-DISPLAY.3.0.0
2025-08-16 09:37:13,435 [WARN] PackLoader:240 - Cannot read IP mode file for STMicroelectronics.X-CUBE-BLE1.7.0.0
2025-08-16 09:37:13,443 [WARN] PackLoader:240 - Cannot read IP mode file for STMicroelectronics.X-CUBE-NFC10.1.0.0
2025-08-16 09:37:13,456 [WARN] PackLoader:240 - Cannot read IP mode file for STMicroelectronics.X-CUBE-BLEMGR.4.0.0
2025-08-16 09:37:13,463 [WARN] PackLoader:240 - Cannot read IP mode file for emotas.I-CUBE-CANOPEN.1.3.0
2025-08-16 09:37:13,497 [WARN] PackLoader:240 - Cannot read IP mode file for STMicroelectronics.X-CUBE-MEMS1.9.3.0
2025-08-16 09:37:13,582 [WARN] PackLoader:240 - Cannot read IP mode file for STMicroelectronics.X-CUBE-AI.7.2.0
2025-08-16 09:37:13,594 [WARN] PackLoader:240 - Cannot read IP mode file for STMicroelectronics.X-CUBE-BLEMGR.3.1.0
2025-08-16 09:37:13,600 [WARN] PackLoader:240 - Cannot read IP mode file for STMicroelectronics.X-CUBE-AI.10.0.0
2025-08-16 09:37:13,608 [WARN] PackLoader:240 - Cannot read IP mode file for STMicroelectronics.FP-SNS-STBOX1.2.1.0
2025-08-16 09:37:13,614 [WARN] PackLoader:240 - Cannot read IP mode file for STMicroelectronics.FP-SNS-SMARTAG2.1.2.0
2025-08-16 09:37:13,619 [WARN] PackLoader:240 - Cannot read IP mode file for STMicroelectronics.FP-SNS-FLIGHT1.5.1.0
2025-08-16 09:37:13,632 [INFO] LogOutputStream:77 - [STDOUT_REDIRECT] 1 : Invalid condition id : UX_CORESTACK_Condition cause : null
2025-08-16 09:37:13,633 [INFO] LogOutputStream:77 - [STDOUT_REDIRECT] 1 : Invalid condition id : UX_CORESTACK_Condition cause : null
2025-08-16 09:37:13,634 [INFO] LogOutputStream:77 - [STDOUT_REDIRECT] 1 : Invalid condition id : UX_CORESTACK_Condition cause : null
2025-08-16 09:37:13,636 [INFO] LogOutputStream:77 - [STDOUT_REDIRECT] 1 : Invalid condition id : UX_CORESTACK_Condition cause : null
2025-08-16 09:37:13,637 [INFO] LogOutputStream:77 - [STDOUT_REDIRECT] 1 : Invalid condition id : UX_CORESTACK_Condition cause : null
2025-08-16 09:37:13,641 [WARN] PackLoader:240 - Cannot read IP mode file for STMicroelectronics.X-CUBE-AZRTOS-WL.2.0.0
2025-08-16 09:37:13,647 [WARN] PackLoader:240 - Cannot read IP mode file for STMicroelectronics.FP-SNS-MOTENV1.5.0.0
2025-08-16 09:37:13,653 [WARN] PackLoader:240 - Cannot read IP mode file for wolfSSL.I-CUBE-wolfMQTT.1.19.0
2025-08-16 09:37:13,661 [WARN] PackLoader:240 - Cannot read IP mode file for WES.I-CUBE-Cesium.1.3.0
2025-08-16 09:37:13,667 [WARN] PackLoader:240 - Cannot read IP mode file for STMicroelectronics.X-CUBE-BLE2.3.3.0
2025-08-16 09:37:13,674 [WARN] PackLoader:240 - Cannot read IP mode file for STMicroelectronics.X-CUBE-DISPLAY.2.2.0
2025-08-16 09:37:13,686 [WARN] PackLoader:240 - Cannot read IP mode file for STMicroelectronics.X-CUBE-TOF1.3.2.0
2025-08-16 09:37:13,697 [WARN] PackLoader:240 - Cannot read IP mode file for STMicroelectronics.X-CUBE-ISPU.1.0.0
2025-08-16 09:37:13,705 [WARN] PackLoader:240 - Cannot read IP mode file for STMicroelectronics.X-CUBE-NFC9.1.0.0
2025-08-16 09:37:13,720 [WARN] PackLoader:240 - Cannot read IP mode file for STMicroelectronics.X-CUBE-AZRTOS-H7.2.1.0
2025-08-16 09:37:13,728 [WARN] PackLoader:240 - Cannot read IP mode file for STMicroelectronics.X-CUBE-BLE1.7.1.0
2025-08-16 09:37:13,738 [WARN] PackLoader:240 - Cannot read IP mode file for STMicroelectronics.X-CUBE-TCPP.4.1.0
2025-08-16 09:37:13,744 [WARN] PackLoader:240 - Cannot read IP mode file for STMicroelectronics.X-CUBE-EEPRMA1.5.2.0
2025-08-16 09:37:13,748 [WARN] PackLoader:240 - Cannot read IP mode file for STMicroelectronics.X-CUBE-TOUCHGFX.4.21.1
2025-08-16 09:37:13,751 [WARN] PackLoader:240 - Cannot read IP mode file for STMicroelectronics.X-CUBE-TOUCHGFX.4.21.0
2025-08-16 09:37:13,754 [WARN] PackLoader:240 - Cannot read IP mode file for STMicroelectronics.X-CUBE-TOUCHGFX.4.21.4
2025-08-16 09:37:13,777 [WARN] PackLoader:240 - Cannot read IP mode file for STMicroelectronics.X-CUBE-MEMS1.9.4.0
2025-08-16 09:37:13,847 [WARN] PackLoader:240 - Cannot read IP mode file for STMicroelectronics.X-CUBE-AI.7.3.0
2025-08-16 09:37:13,850 [WARN] PackLoader:240 - Cannot read IP mode file for STMicroelectronics.X-CUBE-AI.10.1.0
2025-08-16 09:37:13,856 [WARN] PackLoader:240 - Cannot read IP mode file for STMicroelectronics.X-CUBE-ALGOBUILD.1.3.0
2025-08-16 09:37:13,887 [WARN] PackLoader:240 - Cannot read IP mode file for STMicroelectronics.X-CUBE-MEMS1.11.2.0
2025-08-16 09:37:14,006 [WARN] PackLoader:240 - Cannot read IP mode file for STMicroelectronics.X-CUBE-AZRTOS-G0.1.1.0
2025-08-16 09:37:14,017 [WARN] PackLoader:240 - Cannot read IP mode file for STMicroelectronics.X-CUBE-SAFEA1.1.2.2
2025-08-16 09:37:14,025 [WARN] PackLoader:240 - Cannot read IP mode file for STMicroelectronics.X-CUBE-NFC4.3.0.0
2025-08-16 09:37:14,054 [INFO] WebApp:463 - Apply proxy settings
2025-08-16 09:37:14,055 [WARN] PackLoader:240 - Cannot read IP mode file for SEGGER.I-CUBE-embOS.1.2.0
2025-08-16 09:37:14,055 [INFO] WebApp:548 - Chromium requires no authentication
2025-08-16 09:37:14,068 [INFO] WebApp:491 - Direct internet connection detected
2025-08-16 09:37:14,081 [WARN] PackLoader:240 - Cannot read IP mode file for EmbeddedOffice.I-CUBE-FS-RTOS.1.0.1
2025-08-16 09:37:14,085 [WARN] PackLoader:240 - Cannot read IP mode file for STMicroelectronics.X-CUBE-WB05N.2.0.0
2025-08-16 09:37:14,093 [WARN] PackLoader:240 - Cannot read IP mode file for STMicroelectronics.X-CUBE-BLEMGR.3.0.0
2025-08-16 09:37:14,099 [WARN] PackLoader:240 - Cannot read IP mode file for STMicroelectronics.X-CUBE-BLEMGR.1.3.0
2025-08-16 09:37:14,103 [WARN] PackLoader:240 - Cannot read IP mode file for STMicroelectronics.X-CUBE-TCPP.4.2.0
2025-08-16 09:37:14,106 [INFO] WebApp:900 - Register for checkConnection events
2025-08-16 09:37:14,107 [INFO] WebApp:463 - Apply proxy settings
2025-08-16 09:37:14,107 [INFO] WebApp:548 - Chromium requires no authentication
2025-08-16 09:37:14,107 [INFO] WebApp:491 - Direct internet connection detected
2025-08-16 09:37:14,108 [WARN] PackLoader:240 - Cannot read IP mode file for RealThread.X-CUBE-RT-Thread_Nano.4.1.1
2025-08-16 09:37:14,112 [WARN] PackLoader:240 - Cannot read IP mode file for STMicroelectronics.FP-ATR-SIGFOX1.3.2.0
2025-08-16 09:37:14,115 [WARN] ConditionMgr:438 - getConditionDescription Invalid condition id : Cortex-A Device cause : null
2025-08-16 09:37:14,127 [WARN] ConditionMgr:1044 - genDependencies : Invalid condition id : Cortex-A Device cause : null
2025-08-16 09:37:14,128 [WARN] ConditionMgr:1044 - genDependencies : Invalid condition id : Cortex-A Device cause : null
2025-08-16 09:37:14,128 [WARN] ConditionMgr:1044 - genDependencies : Invalid condition id : Cortex-A Device cause : null
2025-08-16 09:37:14,132 [WARN] PackLoader:240 - Cannot read IP mode file for STMicroelectronics.X-CUBE-EEPRMA1.5.1.0
2025-08-16 09:37:14,137 [WARN] PackLoader:240 - Cannot read IP mode file for emotas.I-CUBE-CANOPEN.1.1.2
2025-08-16 09:37:14,139 [WARN] PackLoader:240 - Cannot read IP mode file for STMicroelectronics.X-CUBE-TOUCHGFX.4.20.0
2025-08-16 09:37:14,144 [WARN] PackLoader:240 - Cannot read IP mode file for STMicroelectronics.X-CUBE-ST67W61.1.0.0
2025-08-16 09:37:14,147 [WARN] PackLoader:240 - Cannot read IP mode file for STMicroelectronics.X-CUBE-AI.10.2.0
2025-08-16 09:37:14,162 [WARN] PackLoader:240 - Cannot read IP mode file for SEGGER.I-CUBE-embOS.1.3.1
2025-08-16 09:37:14,196 [WARN] PackLoader:240 - Cannot read IP mode file for STMicroelectronics.X-CUBE-ALGOBUILD.1.4.0
2025-08-16 09:37:14,242 [WARN] PackLoader:240 - Cannot read IP mode file for STMicroelectronics.X-CUBE-MEMS1.11.3.0
2025-08-16 09:37:14,333 [WARN] PackLoader:240 - Cannot read IP mode file for STMicroelectronics.X-CUBE-AI.9.1.0
2025-08-16 09:37:14,337 [WARN] PackLoader:240 - Cannot read IP mode file for STMicroelectronics.X-CUBE-PM33A1.1.0.0
2025-08-16 09:37:14,342 [WARN] PackLoader:240 - Cannot read IP mode file for STMicroelectronics.X-CUBE-GNSS1.6.0.0
2025-08-16 09:37:14,357 [WARN] PackLoader:240 - Cannot read IP mode file for STMicroelectronics.X-CUBE-AZRTOS-F4.1.1.0
2025-08-16 09:37:14,358 [INFO] WebApp:225 - Starting web application
2025-08-16 09:37:14,359 [INFO] WebApp:593 - Web application path used C:\ST\STM32CubeIDE_1.14.0\STM32CubeIDE\plugins\com.st.stm32cube.common.mx_6.15.0.202507011659\db\plugins\mcufinder\reactClient1\index.html
2025-08-16 09:37:14,364 [WARN] PackLoader:240 - Cannot read IP mode file for Avnet-IotConnect.X-CUBE-IoTC-DA16k-PMOD.1.0.0
2025-08-16 09:37:14,370 [WARN] PackLoader:240 - Cannot read IP mode file for STMicroelectronics.X-CUBE-ISPU.2.1.0
2025-08-16 09:37:14,377 [WARN] PackLoader:240 - Cannot read IP mode file for STMicroelectronics.X-CUBE-FREERTOS.1.2.0
2025-08-16 09:37:14,382 [WARN] PackLoader:240 - Cannot read IP mode file for wolfSSL.I-CUBE-wolfSSL.5.6.6
2025-08-16 09:37:14,389 [WARN] PackLoader:240 - Cannot read IP mode file for STMicroelectronics.X-CUBE-NFC12.1.0.0
2025-08-16 09:37:14,393 [INFO] WebApp:191 - Connection restablished
2025-08-16 09:37:14,406 [WARN] PackLoader:240 - Cannot read IP mode file for STMicroelectronics.X-CUBE-AZRTOS-L5.2.0.0
2025-08-16 09:37:14,448 [WARN] PackLoader:240 - Cannot read IP mode file for STMicroelectronics.X-CUBE-MEMS1.9.6.0
2025-08-16 09:37:14,529 [WARN] PackLoader:240 - Cannot read IP mode file for STMicroelectronics.X-CUBE-EEPRMA1.4.2.0
2025-08-16 09:37:14,537 [WARN] PackLoader:240 - Cannot read IP mode file for STMicroelectronics.X-CUBE-NFC6.3.1.0
2025-08-16 09:37:14,546 [WARN] PackLoader:240 - Cannot read IP mode file for ITTIA_DB.I-CUBE-ITTIADB.8.8.0
2025-08-16 09:37:14,553 [WARN] PackLoader:240 - Cannot read IP mode file for STMicroelectronics.X-CUBE-BLEMGR.2.0.0
2025-08-16 09:37:14,559 [WARN] PackLoader:240 - Cannot read IP mode file for STMicroelectronics.X-CUBE-DPower.1.2.0
2025-08-16 09:37:14,564 [WARN] PackLoader:240 - Cannot read IP mode file for STMicroelectronics.X-CUBE-NFC4.2.0.5
2025-08-16 09:37:14,571 [WARN] PackLoader:240 - Cannot read IP mode file for STMicroelectronics.X-CUBE-NFC4.2.0.4
2025-08-16 09:37:14,576 [WARN] PackLoader:240 - Cannot read IP mode file for STMicroelectronics.X-CUBE-AI.9.0.0
2025-08-16 09:37:14,582 [INFO] UserAuth:487 - Internet connection configuration mode: 1
2025-08-16 09:37:14,591 [WARN] ConditionMgr:438 - getConditionDescription Invalid condition id : UX DEVICE CLASS RTOS Condition cause : null
2025-08-16 09:37:14,591 [WARN] ConditionMgr:438 - getConditionDescription Invalid condition id : UX DEVICE CLASS RTOS Condition cause : null
2025-08-16 09:37:14,593 [WARN] PackLoader:240 - Cannot read IP mode file for STMicroelectronics.X-CUBE-AZRTOS-H7.3.1.0
2025-08-16 09:37:14,594 [WARN] ConditionMgr:1044 - genDependencies : Invalid condition id : UX DEVICE CLASS RTOS Condition cause : null
2025-08-16 09:37:14,594 [WARN] ConditionMgr:1044 - genDependencies : Invalid condition id : UX DEVICE CLASS RTOS Condition cause : null
2025-08-16 09:37:14,594 [WARN] ConditionMgr:1044 - genDependencies : Invalid condition id : UX DEVICE CLASS RTOS Condition cause : null
2025-08-16 09:37:14,595 [WARN] ConditionMgr:1044 - genDependencies : Invalid condition id : UX DEVICE CLASS RTOS Condition cause : null
2025-08-16 09:37:14,595 [WARN] ConditionMgr:1044 - genDependencies : Invalid condition id : UX DEVICE CLASS RTOS Condition cause : null
2025-08-16 09:37:14,601 [WARN] PackLoader:240 - Cannot read IP mode file for STMicroelectronics.X-CUBE-FREERTOS.1.3.1
2025-08-16 09:37:14,607 [WARN] PackLoader:240 - Cannot read IP mode file for STMicroelectronics.X-CUBE-FREERTOS.1.3.0
2025-08-16 09:37:14,614 [WARN] PackLoader:240 - Cannot read IP mode file for STMicroelectronics.X-CUBE-NFC7.1.0.1
2025-08-16 09:37:14,619 [WARN] PackLoader:240 - Cannot read IP mode file for STMicroelectronics.X-CUBE-NFC7.1.0.0
2025-08-16 09:37:14,626 [WARN] PackLoader:240 - Cannot read IP mode file for STMicroelectronics.X-CUBE-NFC6.3.0.0
2025-08-16 09:37:14,632 [WARN] PackLoader:240 - Cannot read IP mode file for STMicroelectronics.X-CUBE-EEPRMA1.4.1.0
2025-08-16 09:37:14,639 [WARN] PackLoader:240 - Cannot read IP mode file for STMicroelectronics.FP-SNS-STAIOTCFT.1.0.0
2025-08-16 09:37:14,645 [WARN] PackLoader:240 - Cannot read IP mode file for STMicroelectronics.X-CUBE-DPower.1.3.0
2025-08-16 09:37:14,649 [WARN] PackLoader:240 - Cannot read IP mode file for STMicroelectronics.X-CUBE-AI.8.1.0
2025-08-16 09:37:14,667 [WARN] ConditionMgr:438 - getConditionDescription Invalid condition id : LAN8742 Phy interface Condition cause : null
2025-08-16 09:37:14,667 [WARN] PackLoader:240 - Cannot read IP mode file for STMicroelectronics.X-CUBE-AZRTOS-L4.2.0.0
2025-08-16 09:37:14,668 [WARN] ConditionMgr:1044 - genDependencies : Invalid condition id : LAN8742 Phy interface Condition cause : null
2025-08-16 09:37:14,668 [WARN] ConditionMgr:1044 - genDependencies : Invalid condition id : LAN8742 Phy interface Condition cause : null
2025-08-16 09:37:14,669 [WARN] ConditionMgr:1044 - genDependencies : Invalid condition id : LAN8742 Phy interface Condition cause : null
2025-08-16 09:37:14,675 [WARN] PackLoader:240 - Cannot read IP mode file for STMicroelectronics.X-CUBE-SFXS2LP1.4.0.0
2025-08-16 09:37:14,693 [WARN] PackLoader:240 - Cannot read IP mode file for STMicroelectronics.X-CUBE-AZRTOS-H7.3.0.0
2025-08-16 09:37:14,700 [WARN] PackLoader:240 - Cannot read IP mode file for STMicroelectronics.X-CUBE-ISPU.1.1.0
2025-08-16 09:37:14,717 [WARN] PackLoader:240 - Cannot read IP mode file for STMicroelectronics.X-CUBE-AZRTOS-H7.3.3.0
2025-08-16 09:37:14,728 [WARN] PackLoader:240 - Cannot read IP mode file for RoweBots.I-CUBE-UNISONRTOS.5.5.0-4
2025-08-16 09:37:14,733 [WARN] PackLoader:240 - Cannot read IP mode file for wolfSSL.I-CUBE-wolfSSL.5.4.0
2025-08-16 09:37:14,743 [WARN] PackLoader:240 - Cannot read IP mode file for STMicroelectronics.X-CUBE-BLEMGR.4.1.0
2025-08-16 09:37:14,757 [WARN] PackLoader:240 - Cannot read IP mode file for STMicroelectronics.X-CUBE-IPS.3.0.0
2025-08-16 09:37:14,771 [WARN] ConditionMgr:438 - getConditionDescription Invalid condition id : UX DEVICE CLASS RTOS Condition cause : null
2025-08-16 09:37:14,772 [WARN] ConditionMgr:438 - getConditionDescription Invalid condition id : UX DEVICE CLASS RTOS Condition cause : null
2025-08-16 09:37:14,774 [WARN] PackLoader:240 - Cannot read IP mode file for STMicroelectronics.X-CUBE-AZRTOS-WB.2.0.0
2025-08-16 09:37:14,775 [WARN] ConditionMgr:1044 - genDependencies : Invalid condition id : UX DEVICE CLASS RTOS Condition cause : null
2025-08-16 09:37:14,775 [WARN] ConditionMgr:1044 - genDependencies : Invalid condition id : UX DEVICE CLASS RTOS Condition cause : null
2025-08-16 09:37:14,775 [WARN] ConditionMgr:1044 - genDependencies : Invalid condition id : UX DEVICE CLASS RTOS Condition cause : null
2025-08-16 09:37:14,776 [WARN] ConditionMgr:1044 - genDependencies : Invalid condition id : UX DEVICE CLASS RTOS Condition cause : null
2025-08-16 09:37:14,776 [WARN] ConditionMgr:1044 - genDependencies : Invalid condition id : UX DEVICE CLASS RTOS Condition cause : null
2025-08-16 09:37:14,788 [WARN] PackLoader:240 - Cannot read IP mode file for STMicroelectronics.X-CUBE-FREERTOS.1.0.1
2025-08-16 09:37:14,793 [WARN] PackLoader:240 - Cannot read IP mode file for STMicroelectronics.X-CUBE-GNSS1.7.0.0
2025-08-16 09:37:14,800 [WARN] PackLoader:240 - Cannot read IP mode file for STMicroelectronics.X-CUBE-GNSS1.7.0.1
2025-08-16 09:37:14,810 [WARN] PackLoader:240 - Cannot read IP mode file for STMicroelectronics.X-CUBE-BLEMGR.1.0.0
2025-08-16 09:37:14,817 [WARN] PackLoader:240 - Cannot read IP mode file for STMicroelectronics.X-CUBE-TOUCHGFX.4.25.0
2025-08-16 09:37:14,824 [WARN] PackLoader:240 - Cannot read IP mode file for STMicroelectronics.FP-SNS-STBOX1.2.0.0
2025-08-16 09:37:14,836 [WARN] PackLoader:240 - Cannot read IP mode file for STMicroelectronics.X-CUBE-AZRTOS-L5.1.1.0
2025-08-16 09:37:14,840 [WARN] PackLoader:240 - Cannot read IP mode file for STMicroelectronics.X-CUBE-AI.8.0.1
2025-08-16 09:37:14,850 [WARN] PackLoader:240 - Cannot read IP mode file for STMicroelectronics.X-CUBE-SUBG2.5.0.0
2025-08-16 09:37:14,870 [WARN] PackLoader:240 - Cannot read IP mode file for STMicroelectronics.X-CUBE-AZRTOS-H7RS.1.1.0
2025-08-16 09:37:14,878 [WARN] PackLoader:240 - Cannot read IP mode file for Cesanta.I-CUBE-Mongoose.7.13.0
2025-08-16 09:37:14,891 [WARN] PackLoader:240 - Cannot read IP mode file for STMicroelectronics.X-CUBE-AZRTOS-G4.2.0.0
2025-08-16 09:37:14,901 [WARN] PackLoader:240 - Cannot read IP mode file for STMicroelectronics.X-CUBE-TOF1.3.3.0
2025-08-16 09:37:14,909 [WARN] PackLoader:240 - Cannot read IP mode file for STMicroelectronics.FP-ATR-ASTRA1.1.1.1
2025-08-16 09:37:14,920 [WARN] PackLoader:240 - Cannot read IP mode file for Infineon.AIROC-Wi-Fi-Bluetooth-STM32.1.5.1
2025-08-16 09:37:14,926 [WARN] PackLoader:240 - Cannot read IP mode file for STMicroelectronics.FP-ATR-ASTRA1.1.1.0
2025-08-16 09:37:14,930 [WARN] PackLoader:240 - Cannot read IP mode file for STMicroelectronics.X-CUBE-NFC7.2.0.0
2025-08-16 09:37:14,934 [WARN] PackLoader:240 - Cannot read IP mode file for STMicroelectronics.FP-SNS-MOTENVWB1.1.3.1
2025-08-16 09:37:14,944 [WARN] PackLoader:240 - Cannot read IP mode file for STMicroelectronics.X-CUBE-AZRTOS-G4.1.0.0
2025-08-16 09:37:14,957 [WARN] PackLoader:240 - Cannot read IP mode file for STMicroelectronics.X-CUBE-AZRTOS-L4.1.0.0
2025-08-16 09:37:14,962 [WARN] PackLoader:240 - Cannot read IP mode file for STMicroelectronics.X-CUBE-ISPU.2.0.0
2025-08-16 09:37:14,970 [WARN] PackLoader:240 - Cannot read IP mode file for STMicroelectronics.X-CUBE-IPS.3.1.0
2025-08-16 09:37:14,978 [WARN] PackLoader:240 - Cannot read IP mode file for STMicroelectronics.X-CUBE-ALS.1.0.2
2025-08-16 09:37:15,005 [WARN] PackLoader:240 - Cannot read IP mode file for STMicroelectronics.X-CUBE-MEMS1.10.0.0
2025-08-16 09:37:15,069 [WARN] PackLoader:240 - Cannot read IP mode file for STMicroelectronics.X-CUBE-FREERTOS.1.1.0
2025-08-16 09:37:15,074 [WARN] PackLoader:240 - Cannot read IP mode file for STMicroelectronics.X-CUBE-TOUCHGFX.4.24.0
2025-08-16 09:37:15,083 [WARN] PackLoader:240 - Cannot read IP mode file for STMicroelectronics.X-CUBE-AZRTOS-WL.1.0.0
2025-08-16 09:37:15,086 [WARN] PackLoader:240 - Cannot read IP mode file for STMicroelectronics.X-CUBE-TOUCHGFX.4.24.1
2025-08-16 09:37:15,090 [WARN] PackLoader:240 - Cannot read IP mode file for wolfSSL.I-CUBE-wolfTPM.3.4.0
2025-08-16 09:37:15,095 [WARN] PackLoader:240 - Cannot read IP mode file for portGmbH.I-Cube-SoM-uGOAL.1.1.0
2025-08-16 09:37:15,098 [WARN] PackLoader:240 - Cannot read IP mode file for STMicroelectronics.X-CUBE-ALS.1.0.1
2025-08-16 09:37:15,106 [WARN] PackLoader:240 - Cannot read IP mode file for STMicroelectronics.X-CUBE-AZRTOS-WB.1.1.0
2025-08-16 09:37:15,117 [WARN] PackLoader:240 - Cannot read IP mode file for STMicroelectronics.X-CUBE-AZRTOS-L5.1.0.0
2025-08-16 09:37:15,135 [WARN] PackLoader:240 - Cannot read IP mode file for STMicroelectronics.X-CUBE-EEPRMA1.3.1.1
2025-08-16 09:37:15,145 [WARN] PackLoader:240 - Cannot read IP mode file for STMicroelectronics.X-CUBE-AZRTOS-H7RS.1.0.0
2025-08-16 09:37:15,150 [WARN] PackLoader:240 - Cannot read IP mode file for STMicroelectronics.FP-ATR-ASTRA1.2.0.0
2025-08-16 09:37:15,160 [WARN] PackLoader:240 - Cannot read IP mode file for STMicroelectronics.X-CUBE-TOF1.3.4.2
2025-08-16 09:37:15,178 [WARN] PackLoader:240 - Cannot read IP mode file for STMicroelectronics.X-CUBE-TOF1.3.4.3
2025-08-16 09:37:15,194 [WARN] PackLoader:240 - Cannot read IP mode file for STMicroelectronics.X-CUBE-TOF1.3.4.0
2025-08-16 09:37:15,211 [WARN] PackLoader:240 - Cannot read IP mode file for STMicroelectronics.X-CUBE-TOF1.3.4.1
2025-08-16 09:37:15,233 [WARN] PackLoader:240 - Cannot read IP mode file for STMicroelectronics.X-CUBE-AZRTOS-H7.3.2.0
2025-08-16 09:37:15,239 [WARN] PackLoader:240 - Cannot read IP mode file for wolfSSL.I-CUBE-wolfSSH.1.4.17
2025-08-16 09:37:15,239 [INFO] ThirdParty:978 - Integrity check success = true
2025-08-16 09:37:15,240 [INFO] IntegrityCheckThread:100 - exiting critical section [integrity check]
2025-08-16 09:37:15,240 [INFO] IntegrityCheckThread:103 - End integrity checks thread
2025-08-16 12:56:16,963 [ERROR] LogOutputStream:75 - [STDERR_REDIRECT] 
