2025-08-09 12:21:02,851 [INFO] Activator:176 - 


2025-08-09 12:21:02,856 [INFO] Activator:177 - !SESSION log4j initialized
2025-08-09 12:21:09,239 [INFO] LogOutputStream:77 - [STDOUT_REDIRECT] 
2025-08-09 12:21:22,165 [INFO] ApplicationProperties:184 - Using Application install path: C:\ST\STM32CubeIDE_1.14.0\STM32CubeIDE\plugins\com.st.stm32cube.common.mx_6.15.0.202507011659
2025-08-09 12:21:22,182 [INFO] DbMcusXml:78 - Set database path to: C:\ST\STM32CubeIDE_1.14.0\STM32CubeIDE\plugins\com.st.stm32cube.common.mx_6.15.0.202507011659\\db\/mcu/
2025-08-09 12:21:22,182 [INFO] ApiDb:274 - Set plugin database path to: C:\ST\STM32CubeIDE_1.14.0\STM32CubeIDE\plugins\com.st.stm32cube.common.mx_6.15.0.202507011659\\db\/plugins/boardmanager/
2025-08-09 12:21:22,182 [WARN] ApiDb:259 - Overriding images path with different value:  => C:\ST\STM32CubeIDE_1.14.0\STM32CubeIDE\plugins\com.st.stm32cube.common.mx_6.15.0.202507011659\\db\/plugins/mcufinder/images/
2025-08-09 12:21:22,190 [INFO] ApiDb:250 - Set database path to: C:\Users\jihoo\.stmcufinder\plugins\mcufinder//mcu/
2025-08-09 12:21:22,191 [INFO] DbMcusAds:125 - Set database path to: C:\Users\jihoo\.stmcufinder\plugins\mcufinder//mcu/
2025-08-09 12:21:22,229 [INFO] CrossReferenceDbSqlite:203 - Set database path to: C:\Users\jihoo\.stmcufinder\plugins\mcufinder//mcu/cs/
2025-08-09 12:21:22,335 [INFO] RulesReader:64 - Compatibility file has been processed (317 Rules)
2025-08-09 12:21:22,410 [INFO] DbMcusXml:78 - Set database path to: C:\ST\STM32CubeIDE_1.14.0\STM32CubeIDE\plugins\com.st.stm32cube.common.mx_6.15.0.202507011659\\db\/mcu/
2025-08-09 12:21:22,410 [INFO] ApiDb:274 - Set plugin database path to: C:\ST\STM32CubeIDE_1.14.0\STM32CubeIDE\plugins\com.st.stm32cube.common.mx_6.15.0.202507011659\\db\/plugins/boardmanager/
2025-08-09 12:21:22,410 [INFO] ApiDb:261 - Set plugin images path to: C:\ST\STM32CubeIDE_1.14.0\STM32CubeIDE\plugins\com.st.stm32cube.common.mx_6.15.0.202507011659\\db\/plugins/mcufinder/images/
2025-08-09 12:21:22,410 [WARN] DbFile:41 - Overriding database path with different value: C:\Users\jihoo\.stmcufinder\plugins\mcufinder/ => C:\Users\jihoo\.stmcufinder\plugins\mcufinder
2025-08-09 12:21:22,410 [INFO] ApiDb:250 - Set database path to: C:\Users\jihoo\.stmcufinder\plugins\mcufinder//mcu/
2025-08-09 12:21:22,410 [WARN] DbFile:41 - Overriding database path with different value: C:\Users\jihoo\.stmcufinder\plugins\mcufinder/ => C:\Users\jihoo\.stmcufinder\plugins\mcufinder
2025-08-09 12:21:22,410 [INFO] DbMcusAds:125 - Set database path to: C:\Users\jihoo\.stmcufinder\plugins\mcufinder//mcu/
2025-08-09 12:21:22,410 [WARN] DbFile:41 - Overriding database path with different value: C:\Users\jihoo\.stmcufinder\plugins\mcufinder/ => C:\Users\jihoo\.stmcufinder\plugins\mcufinder
2025-08-09 12:21:22,411 [WARN] DbFile:41 - Overriding database path with different value: C:\Users\jihoo\.stmcufinder\plugins\mcufinder/ => C:\Users\jihoo\.stmcufinder\plugins\mcufinder
2025-08-09 12:21:22,411 [INFO] CrossReferenceDbSqlite:203 - Set database path to: C:\Users\jihoo\.stmcufinder\plugins\mcufinder//mcu/cs/
2025-08-09 12:21:22,489 [INFO] MainPanel:274 - HeapMemory: 454033408
2025-08-09 12:21:22,604 [INFO] DbMcusXml:78 - Set database path to: C:\ST\STM32CubeIDE_1.14.0\STM32CubeIDE\plugins\com.st.stm32cube.common.mx_6.15.0.202507011659\\db\/mcu/
2025-08-09 12:21:22,604 [INFO] ApiDb:274 - Set plugin database path to: C:\ST\STM32CubeIDE_1.14.0\STM32CubeIDE\plugins\com.st.stm32cube.common.mx_6.15.0.202507011659\\db\/plugins/boardmanager/
2025-08-09 12:21:22,604 [INFO] ApiDb:261 - Set plugin images path to: C:\ST\STM32CubeIDE_1.14.0\STM32CubeIDE\plugins\com.st.stm32cube.common.mx_6.15.0.202507011659\\db\/plugins/mcufinder/images/
2025-08-09 12:21:22,604 [WARN] DbFile:41 - Overriding database path with different value: C:\Users\jihoo\.stmcufinder\plugins\mcufinder/ => C:\Users\jihoo\.stmcufinder\plugins\mcufinder
2025-08-09 12:21:22,604 [INFO] ApiDb:250 - Set database path to: C:\Users\jihoo\.stmcufinder\plugins\mcufinder//mcu/
2025-08-09 12:21:22,605 [WARN] DbFile:41 - Overriding database path with different value: C:\Users\jihoo\.stmcufinder\plugins\mcufinder/ => C:\Users\jihoo\.stmcufinder\plugins\mcufinder
2025-08-09 12:21:22,605 [INFO] DbMcusAds:125 - Set database path to: C:\Users\jihoo\.stmcufinder\plugins\mcufinder//mcu/
2025-08-09 12:21:22,605 [WARN] DbFile:41 - Overriding database path with different value: C:\Users\jihoo\.stmcufinder\plugins\mcufinder/ => C:\Users\jihoo\.stmcufinder\plugins\mcufinder
2025-08-09 12:21:22,605 [WARN] DbFile:41 - Overriding database path with different value: C:\Users\jihoo\.stmcufinder\plugins\mcufinder/ => C:\Users\jihoo\.stmcufinder\plugins\mcufinder
2025-08-09 12:21:22,605 [INFO] CrossReferenceDbSqlite:203 - Set database path to: C:\Users\jihoo\.stmcufinder\plugins\mcufinder//mcu/cs/
2025-08-09 12:21:22,622 [INFO] ApplicationProperties:184 - Using Application install path: C:\ST\STM32CubeIDE_1.14.0\STM32CubeIDE\plugins\com.st.stm32cube.common.mx_6.15.0.202507011659
2025-08-09 12:21:22,623 [INFO] PluginManage:196 - Search for loadable plugins [exclusion list=, ]
2025-08-09 12:21:22,624 [INFO] PluginManage:310 - Check plugin analytics
2025-08-09 12:21:22,788 [INFO] AnalyticsPlugin:253 - Accepted Software Licenses: STM32CubeMX.6.6.1,STM32CubeMX.6.7.0,STM32CubeMX.6.10.0,STM32CubeMX.6.12.0,STM32CubeMX.6.13.0,STM32CubeMX.6.14.1,STM32CubeMX.6.15.0
2025-08-09 12:21:22,788 [INFO] AnalyticsPlugin:255 - Accepted CMSIS Pack Licenses: 
2025-08-09 12:21:22,789 [INFO] AnalyticsPlugin:257 - Accepted Firmware Licenses: FW.H7.1.12.0,FW.F4.1.28.0
2025-08-09 12:21:22,791 [INFO] PluginManage:359 - Loaded plugin analytics (category:tool,tabindex:-1)
2025-08-09 12:21:22,791 [INFO] PluginManage:310 - Check plugin cadmodel
2025-08-09 12:21:22,800 [INFO] CADModel:105 - Init CAD model plugin
2025-08-09 12:21:22,800 [INFO] PluginManage:359 - Loaded plugin cadmodel (category:power,tabindex:5)
2025-08-09 12:21:22,800 [INFO] PluginManage:310 - Check plugin clock
2025-08-09 12:21:22,811 [INFO] PluginManage:359 - Loaded plugin clock (category:base,tabindex:2)
2025-08-09 12:21:22,811 [INFO] PluginManage:310 - Check plugin ddr
2025-08-09 12:21:22,814 [INFO] PluginManage:359 - Loaded plugin ddr (category:tool,tabindex:6)
2025-08-09 12:21:22,814 [INFO] PluginManage:310 - Check plugin filemanager
2025-08-09 12:21:22,947 [INFO] PluginManage:359 - Loaded plugin filemanager (category:base,tabindex:10)
2025-08-09 12:21:22,947 [INFO] PluginManage:310 - Check plugin ipmanager
2025-08-09 12:21:22,953 [INFO] PluginManage:359 - Loaded plugin ipmanager (category:base,tabindex:5)
2025-08-09 12:21:22,953 [INFO] PluginManage:310 - Check plugin lpbam
2025-08-09 12:21:22,960 [INFO] PluginManage:359 - Loaded plugin lpbam (category:base,tabindex:0)
2025-08-09 12:21:22,960 [INFO] PluginManage:310 - Check plugin memorymap
2025-08-09 12:21:22,974 [INFO] PluginManage:359 - Loaded plugin memorymap (category:base,tabindex:4)
2025-08-09 12:21:22,975 [INFO] PluginManage:310 - Check plugin pinoutandconfiguration
2025-08-09 12:21:22,983 [INFO] PluginManage:359 - Loaded plugin pinoutandconfiguration (category:base,tabindex:1)
2025-08-09 12:21:22,984 [INFO] PluginManage:310 - Check plugin pinoutconfig
2025-08-09 12:21:23,060 [WARN] SupportedApi:132 - Cannot load RTOS API schema: s4s-elt-must-match.1: The content of 'definitions' must match (annotation?, (simpleType | complexType)?, (unique | key | keyref)*)). A problem was found starting at: attribute.
2025-08-09 12:21:23,199 [INFO] PluginManage:359 - Loaded plugin pinoutconfig (category:base,tabindex:0)
2025-08-09 12:21:23,199 [INFO] PluginManage:310 - Check plugin power
2025-08-09 12:21:23,212 [INFO] PluginManage:359 - Loaded plugin power (category:power,tabindex:4)
2025-08-09 12:21:23,212 [INFO] PluginManage:310 - Check plugin projectmanager
2025-08-09 12:21:23,228 [INFO] PluginManage:359 - Loaded plugin projectmanager (category:projectmanager,tabindex:4)
2025-08-09 12:21:23,228 [INFO] PluginManage:310 - Check plugin rif
2025-08-09 12:21:23,238 [INFO] PluginManage:359 - Loaded plugin rif (category:base,tabindex:3)
2025-08-09 12:21:23,238 [INFO] PluginManage:310 - Check plugin thirdparty
2025-08-09 12:21:23,357 [INFO] PluginManage:359 - Loaded plugin thirdparty (category:base,tabindex:-1)
2025-08-09 12:21:23,357 [WARN] IntegrityCheckThread:84 - waiting for thirdparty lock release [integrity check]
2025-08-09 12:21:23,357 [INFO] PluginManage:310 - Check plugin tools
2025-08-09 12:21:23,357 [INFO] IntegrityCheckThread:86 - entering critical section [integrity check]
2025-08-09 12:21:23,358 [INFO] ThirdPartyUpdaterWithRetryManager:70 - Updater plugin not ready yet. [1/15]
2025-08-09 12:21:23,360 [INFO] PluginManage:359 - Loaded plugin tools (category:base,tabindex:7)
2025-08-09 12:21:23,360 [INFO] PluginManage:310 - Check plugin tutovideos
2025-08-09 12:21:23,539 [INFO] PluginManage:359 - Loaded plugin tutovideos (category:base,tabindex:-1)
2025-08-09 12:21:23,539 [INFO] PluginManage:310 - Check plugin updater
2025-08-09 12:21:23,558 [INFO] PluginManage:359 - Loaded plugin updater (category:base,tabindex:12)
2025-08-09 12:21:23,558 [INFO] PluginManage:310 - Check plugin userauth
2025-08-09 12:21:23,562 [INFO] UserAuth:118 - Init User Auth plugin
2025-08-09 12:21:23,563 [INFO] PluginManage:359 - Loaded plugin userauth (category:base,tabindex:14)
2025-08-09 12:21:23,563 [INFO] PluginManage:283 - PluginManage : Loaded plugins [18]
2025-08-09 12:21:23,750 [INFO] PinOutPanel:1589 - setPackage(No Configuration,No Configuration)
2025-08-09 12:21:23,831 [INFO] CADModel:165 - CPN selected for project level
2025-08-09 12:21:23,831 [INFO] CADModel:114 - Register for checkConnection events
2025-08-09 12:21:23,850 [INFO] IPUIPlugin:80 - create IPUIPlugin
2025-08-09 12:21:23,850 [INFO] PluginManager:220 - loadIPPluginJar : add adc
2025-08-09 12:21:23,853 [INFO] IPUIPlugin:80 - create IPUIPlugin
2025-08-09 12:21:23,853 [INFO] PluginManager:220 - loadIPPluginJar : add aes
2025-08-09 12:21:23,856 [INFO] IPUIPlugin:80 - create IPUIPlugin
2025-08-09 12:21:23,856 [INFO] PluginManager:220 - loadIPPluginJar : add can
2025-08-09 12:21:23,858 [INFO] IPUIPlugin:80 - create IPUIPlugin
2025-08-09 12:21:23,858 [INFO] PluginManager:220 - loadIPPluginJar : add comp
2025-08-09 12:21:23,861 [INFO] IPUIPlugin:80 - create IPUIPlugin
2025-08-09 12:21:23,861 [INFO] PluginManager:220 - loadIPPluginJar : add cryp
2025-08-09 12:21:23,865 [INFO] IPUIPlugin:80 - create IPUIPlugin
2025-08-09 12:21:23,865 [INFO] PluginManager:220 - loadIPPluginJar : add ddr_ctrl_phy
2025-08-09 12:21:23,868 [INFO] IPUIPlugin:80 - create IPUIPlugin
2025-08-09 12:21:23,868 [INFO] PluginManager:220 - loadIPPluginJar : add dfsdm
2025-08-09 12:21:23,873 [INFO] IPUIPlugin:80 - create IPUIPlugin
2025-08-09 12:21:23,874 [INFO] PluginManager:220 - loadIPPluginJar : add dma
2025-08-09 12:21:23,877 [INFO] IPUIPlugin:80 - create IPUIPlugin
2025-08-09 12:21:23,877 [INFO] PluginManager:220 - loadIPPluginJar : add dma3
2025-08-09 12:21:23,880 [INFO] IPUIPlugin:80 - create IPUIPlugin
2025-08-09 12:21:23,880 [INFO] PluginManager:220 - loadIPPluginJar : add extmemmanager
2025-08-09 12:21:23,883 [INFO] IPUIPlugin:80 - create IPUIPlugin
2025-08-09 12:21:23,883 [INFO] PluginManager:220 - loadIPPluginJar : add fatfs
2025-08-09 12:21:23,887 [INFO] IPUIPlugin:80 - create IPUIPlugin
2025-08-09 12:21:23,887 [INFO] PluginManager:220 - loadIPPluginJar : add fmc
2025-08-09 12:21:23,894 [INFO] IPUIPlugin:80 - create IPUIPlugin
2025-08-09 12:21:23,895 [INFO] PluginManager:220 - loadIPPluginJar : add freertos
2025-08-09 12:21:23,896 [INFO] IPUIPlugin:80 - create IPUIPlugin
2025-08-09 12:21:23,896 [INFO] PluginManager:220 - loadIPPluginJar : add genericplugin
2025-08-09 12:21:23,900 [INFO] IPUIPlugin:80 - create IPUIPlugin
2025-08-09 12:21:23,900 [INFO] PluginManager:220 - loadIPPluginJar : add gfxmmu
2025-08-09 12:21:23,906 [INFO] IPUIPlugin:80 - create IPUIPlugin
2025-08-09 12:21:23,906 [INFO] PluginManager:220 - loadIPPluginJar : add gic
2025-08-09 12:21:23,911 [INFO] IPUIPlugin:80 - create IPUIPlugin
2025-08-09 12:21:23,911 [INFO] PluginManager:220 - loadIPPluginJar : add gpio
2025-08-09 12:21:23,914 [INFO] IPUIPlugin:80 - create IPUIPlugin
2025-08-09 12:21:23,914 [INFO] PluginManager:220 - loadIPPluginJar : add gtzc
2025-08-09 12:21:23,917 [INFO] IPUIPlugin:80 - create IPUIPlugin
2025-08-09 12:21:23,917 [INFO] PluginManager:220 - loadIPPluginJar : add hash
2025-08-09 12:21:23,920 [INFO] IPUIPlugin:80 - create IPUIPlugin
2025-08-09 12:21:23,920 [INFO] PluginManager:220 - loadIPPluginJar : add i2c
2025-08-09 12:21:23,923 [INFO] IPUIPlugin:80 - create IPUIPlugin
2025-08-09 12:21:23,923 [INFO] PluginManager:220 - loadIPPluginJar : add i2s
2025-08-09 12:21:23,926 [INFO] IPUIPlugin:80 - create IPUIPlugin
2025-08-09 12:21:23,926 [INFO] PluginManager:220 - loadIPPluginJar : add i3c
2025-08-09 12:21:23,930 [INFO] IPUIPlugin:80 - create IPUIPlugin
2025-08-09 12:21:23,930 [INFO] PluginManager:220 - loadIPPluginJar : add ipddr
2025-08-09 12:21:23,937 [INFO] IPUIPlugin:80 - create IPUIPlugin
2025-08-09 12:21:23,937 [INFO] PluginManager:220 - loadIPPluginJar : add linkedlist
2025-08-09 12:21:23,940 [INFO] IPUIPlugin:80 - create IPUIPlugin
2025-08-09 12:21:23,940 [INFO] PluginManager:220 - loadIPPluginJar : add lorawan
2025-08-09 12:21:23,942 [INFO] IPUIPlugin:80 - create IPUIPlugin
2025-08-09 12:21:23,942 [INFO] PluginManager:220 - loadIPPluginJar : add ltdc
2025-08-09 12:21:23,948 [INFO] IPUIPlugin:80 - create IPUIPlugin
2025-08-09 12:21:23,948 [INFO] PluginManager:220 - loadIPPluginJar : add mdma
2025-08-09 12:21:23,952 [INFO] IPUIPlugin:80 - create IPUIPlugin
2025-08-09 12:21:23,952 [INFO] PluginManager:220 - loadIPPluginJar : add nvic
2025-08-09 12:21:23,955 [INFO] IPUIPlugin:80 - create IPUIPlugin
2025-08-09 12:21:23,955 [INFO] PluginManager:220 - loadIPPluginJar : add opamp
2025-08-09 12:21:23,959 [INFO] IPUIPlugin:80 - create IPUIPlugin
2025-08-09 12:21:23,959 [INFO] PluginManager:220 - loadIPPluginJar : add openamp
2025-08-09 12:21:23,963 [INFO] IPUIPlugin:80 - create IPUIPlugin
2025-08-09 12:21:23,963 [INFO] PluginManager:220 - loadIPPluginJar : add pdm2pcm
2025-08-09 12:21:23,969 [INFO] IPUIPlugin:80 - create IPUIPlugin
2025-08-09 12:21:23,971 [INFO] PluginManager:220 - loadIPPluginJar : add plateformsettings
2025-08-09 12:21:23,973 [INFO] IPUIPlugin:80 - create IPUIPlugin
2025-08-09 12:21:23,974 [INFO] PluginManager:220 - loadIPPluginJar : add quadspi
2025-08-09 12:21:23,976 [INFO] IPUIPlugin:80 - create IPUIPlugin
2025-08-09 12:21:23,976 [INFO] PluginManager:220 - loadIPPluginJar : add radio
2025-08-09 12:21:23,981 [INFO] IPUIPlugin:80 - create IPUIPlugin
2025-08-09 12:21:23,981 [INFO] PluginManager:220 - loadIPPluginJar : add resmgrutility
2025-08-09 12:21:23,985 [INFO] IPUIPlugin:80 - create IPUIPlugin
2025-08-09 12:21:23,985 [INFO] PluginManager:220 - loadIPPluginJar : add sai
2025-08-09 12:21:23,988 [INFO] IPUIPlugin:80 - create IPUIPlugin
2025-08-09 12:21:23,988 [INFO] PluginManager:220 - loadIPPluginJar : add spi
2025-08-09 12:21:23,994 [INFO] IPUIPlugin:80 - create IPUIPlugin
2025-08-09 12:21:23,995 [INFO] PluginManager:220 - loadIPPluginJar : add stm32_wpan
2025-08-09 12:21:23,996 [INFO] IPUIPlugin:80 - create IPUIPlugin
2025-08-09 12:21:23,997 [INFO] PluginManager:220 - loadIPPluginJar : add tim
2025-08-09 12:21:24,000 [INFO] IPUIPlugin:80 - create IPUIPlugin
2025-08-09 12:21:24,000 [INFO] PluginManager:220 - loadIPPluginJar : add touchsensing
2025-08-09 12:21:24,002 [INFO] IPUIPlugin:80 - create IPUIPlugin
2025-08-09 12:21:24,002 [INFO] PluginManager:220 - loadIPPluginJar : add tracer_emb
2025-08-09 12:21:24,005 [INFO] IPUIPlugin:80 - create IPUIPlugin
2025-08-09 12:21:24,005 [INFO] PluginManager:220 - loadIPPluginJar : add ts
2025-08-09 12:21:24,007 [INFO] IPUIPlugin:80 - create IPUIPlugin
2025-08-09 12:21:24,007 [INFO] PluginManager:220 - loadIPPluginJar : add tsc
2025-08-09 12:21:24,009 [INFO] IPUIPlugin:80 - create IPUIPlugin
2025-08-09 12:21:24,009 [INFO] PluginManager:220 - loadIPPluginJar : add ucpd
2025-08-09 12:21:24,012 [INFO] IPUIPlugin:80 - create IPUIPlugin
2025-08-09 12:21:24,013 [INFO] PluginManager:220 - loadIPPluginJar : add usart
2025-08-09 12:21:24,017 [INFO] IPUIPlugin:80 - create IPUIPlugin
2025-08-09 12:21:24,017 [INFO] PluginManager:220 - loadIPPluginJar : add usbx
2025-08-09 12:21:24,144 [FATAL] Updater:351 - Updater called before beeing initialized
2025-08-09 12:21:24,168 [INFO] RulesReader:64 - Compatibility file has been processed (317 Rules)
2025-08-09 12:21:24,178 [INFO] RulesReader:64 - Compatibility file has been processed (317 Rules)
2025-08-09 12:21:24,186 [INFO] CADModel:165 - CPN selected for project level
2025-08-09 12:21:24,186 [INFO] CADModel:114 - Register for checkConnection events
2025-08-09 12:21:24,186 [FATAL] Updater:351 - Updater called before beeing initialized
2025-08-09 12:21:24,186 [ERROR] CADModel:125 - Updater not yet initialized, retry later 
2025-08-09 12:21:24,341 [FATAL] Updater:351 - Updater called before beeing initialized
2025-08-09 12:21:24,343 [INFO] CADModel:165 - CPN selected for project level
2025-08-09 12:21:24,344 [INFO] CADModel:114 - Register for checkConnection events
2025-08-09 12:21:24,344 [FATAL] Updater:351 - Updater called before beeing initialized
2025-08-09 12:21:24,344 [ERROR] CADModel:125 - Updater not yet initialized, retry later 
2025-08-09 12:21:24,348 [FATAL] Updater:351 - Updater called before beeing initialized
2025-08-09 12:21:24,477 [FATAL] Updater:351 - Updater called before beeing initialized
2025-08-09 12:21:24,482 [INFO] DbMcusAds:53 - JSON generation date=Tue Jul 08 17:14:23 KST 2025 (1751962463593)
2025-08-09 12:21:24,482 [FATAL] Updater:351 - Updater called before beeing initialized
2025-08-09 12:21:24,521 [WARN] DetailPanel:346 - Failed to get advertising image, set to default
2025-08-09 12:21:24,592 [FATAL] Updater:351 - Updater called before beeing initialized
2025-08-09 12:21:24,593 [FATAL] Updater:351 - Updater called before beeing initialized
2025-08-09 12:21:24,593 [FATAL] Updater:351 - Updater called before beeing initialized
2025-08-09 12:21:24,593 [WARN] DetailPanel:346 - Failed to get advertising image, set to default
2025-08-09 12:21:24,594 [FATAL] Updater:351 - Updater called before beeing initialized
2025-08-09 12:21:24,636 [ERROR] Updater:1198 - MainUpdater not yet initialized. External WinMGr cannot be set.
2025-08-09 12:21:24,638 [INFO] Updater:1134 - Updater Version found : 6.15.0
2025-08-09 12:21:24,653 [INFO] ApplicationProperties:184 - Using Application install path: C:\ST\STM32CubeIDE_1.14.0\STM32CubeIDE\plugins\com.st.stm32cube.common.mx_6.15.0.202507011659
2025-08-09 12:21:25,031 [INFO] MainUpdater:2872 - connection check result : 10
2025-08-09 12:21:25,032 [INFO] MainUpdater:289 - Updater Check For Update Now.
2025-08-09 12:21:25,032 [INFO] MicroXplorer:498 - Change Database Version : DB.6.0.150
2025-08-09 12:21:25,039 [INFO] McuFinderGlobals:63 - Set McuFinder mode to 2 (CubeIDE integrated)
2025-08-09 12:21:25,040 [INFO] UserAuth:487 - Internet connection configuration mode: 1
2025-08-09 12:21:25,061 [INFO] JxBrowserEngine:152 - Initiate JxBrowser Engine with user profile folder
2025-08-09 12:21:25,203 [INFO] CheckServerUpdateThread:120 - End of CheckServer Thread
2025-08-09 12:21:26,673 [WARN] PackLoader:240 - Cannot read IP mode file for STMicroelectronics.FP-SNS-MOTENVWB1.1.4.0
2025-08-09 12:21:26,682 [WARN] PackLoader:240 - Cannot read IP mode file for STMicroelectronics.FP-ATR-ASTRA1.2.0.2
2025-08-09 12:21:26,686 [WARN] PackLoader:240 - Cannot read IP mode file for STMicroelectronics.FP-ATR-ASTRA1.2.0.1
2025-08-09 12:21:26,695 [WARN] PackLoader:240 - Cannot read IP mode file for STMicroelectronics.X-CUBE-SMBUS.2.1.0
2025-08-09 12:21:26,703 [WARN] PackLoader:240 - Cannot read IP mode file for STMicroelectronics.X-CUBE-WB05N.1.1.0
2025-08-09 12:21:26,708 [WARN] PackLoader:240 - Cannot read IP mode file for STMicroelectronics.X-CUBE-ST60.1.0.0
2025-08-09 12:21:26,714 [WARN] PackLoader:240 - Cannot read IP mode file for STMicroelectronics.X-CUBE-TOUCHGFX.4.23.0
2025-08-09 12:21:26,745 [WARN] PackLoader:240 - Cannot read IP mode file for STMicroelectronics.X-CUBE-AZRTOS-F7.1.1.0
2025-08-09 12:21:26,755 [WARN] PackLoader:240 - Cannot read IP mode file for STMicroelectronics.FP-SNS-MOTENV1.4.3.2
2025-08-09 12:21:26,761 [ERROR] RealEvaluatedCondition:428 - Found unsupported composite condition: CLASS='Data Exchange' GROUP='STM32_MetaDataManager'
2025-08-09 12:21:26,761 [ERROR] RealEvaluatedCondition:428 - Found unsupported composite condition: CLASS='Data Exchange' GROUP='STM32_MetaDataManager'
2025-08-09 12:21:26,763 [WARN] PackLoader:240 - Cannot read IP mode file for STMicroelectronics.FP-SNS-MOTENV1.4.3.1
2025-08-09 12:21:26,769 [WARN] PackLoader:240 - Cannot read IP mode file for STMicroelectronics.FP-SNS-FLIGHT1.5.0.1
2025-08-09 12:21:26,774 [WARN] PackLoader:240 - Cannot read IP mode file for STMicroelectronics.X-CUBE-BLE1.6.2.3
2025-08-09 12:21:26,810 [INFO] WebApp:169 - Instantiating new browser for Auth
2025-08-09 12:21:26,819 [WARN] PackLoader:240 - Cannot read IP mode file for STMicroelectronics.X-CUBE-MEMS1.11.0.0
2025-08-09 12:21:26,981 [WARN] PackLoader:240 - Cannot read IP mode file for STMicroelectronics.X-CUBE-BLE1.6.2.4
2025-08-09 12:21:26,984 [WARN] PackLoader:240 - Cannot read IP mode file for STMicroelectronics.FP-SNS-FLIGHT1.5.0.2
2025-08-09 12:21:26,993 [WARN] PackLoader:240 - Cannot read IP mode file for STMicroelectronics.X-CUBE-TOF1.3.1.0
2025-08-09 12:21:27,012 [WARN] PackLoader:240 - Cannot read IP mode file for STMicroelectronics.X-CUBE-AZRTOS-H7.3.4.0
2025-08-09 12:21:27,020 [WARN] PackLoader:240 - Cannot read IP mode file for STMicroelectronics.X-CUBE-DISPLAY.3.0.0
2025-08-09 12:21:27,027 [WARN] PackLoader:240 - Cannot read IP mode file for STMicroelectronics.X-CUBE-BLE1.7.0.0
2025-08-09 12:21:27,032 [WARN] PackLoader:240 - Cannot read IP mode file for STMicroelectronics.X-CUBE-NFC10.1.0.0
2025-08-09 12:21:27,042 [WARN] PackLoader:240 - Cannot read IP mode file for STMicroelectronics.X-CUBE-BLEMGR.4.0.0
2025-08-09 12:21:27,049 [WARN] PackLoader:240 - Cannot read IP mode file for emotas.I-CUBE-CANOPEN.1.3.0
2025-08-09 12:21:27,082 [WARN] PackLoader:240 - Cannot read IP mode file for STMicroelectronics.X-CUBE-MEMS1.9.3.0
2025-08-09 12:21:27,176 [WARN] PackLoader:240 - Cannot read IP mode file for STMicroelectronics.X-CUBE-AI.7.2.0
2025-08-09 12:21:27,182 [WARN] PackLoader:240 - Cannot read IP mode file for STMicroelectronics.X-CUBE-BLEMGR.3.1.0
2025-08-09 12:21:27,187 [WARN] PackLoader:240 - Cannot read IP mode file for STMicroelectronics.X-CUBE-AI.10.0.0
2025-08-09 12:21:27,193 [WARN] PackLoader:240 - Cannot read IP mode file for STMicroelectronics.FP-SNS-STBOX1.2.1.0
2025-08-09 12:21:27,199 [WARN] PackLoader:240 - Cannot read IP mode file for STMicroelectronics.FP-SNS-SMARTAG2.1.2.0
2025-08-09 12:21:27,203 [WARN] PackLoader:240 - Cannot read IP mode file for STMicroelectronics.FP-SNS-FLIGHT1.5.1.0
2025-08-09 12:21:27,228 [INFO] LogOutputStream:77 - [STDOUT_REDIRECT] 1 : Invalid condition id : UX_CORESTACK_Condition cause : null
2025-08-09 12:21:27,229 [INFO] LogOutputStream:77 - [STDOUT_REDIRECT] 1 : Invalid condition id : UX_CORESTACK_Condition cause : null
2025-08-09 12:21:27,229 [INFO] LogOutputStream:77 - [STDOUT_REDIRECT] 1 : Invalid condition id : UX_CORESTACK_Condition cause : null
2025-08-09 12:21:27,231 [INFO] LogOutputStream:77 - [STDOUT_REDIRECT] 1 : Invalid condition id : UX_CORESTACK_Condition cause : null
2025-08-09 12:21:27,232 [INFO] LogOutputStream:77 - [STDOUT_REDIRECT] 1 : Invalid condition id : UX_CORESTACK_Condition cause : null
2025-08-09 12:21:27,235 [WARN] PackLoader:240 - Cannot read IP mode file for STMicroelectronics.X-CUBE-AZRTOS-WL.2.0.0
2025-08-09 12:21:27,241 [WARN] PackLoader:240 - Cannot read IP mode file for STMicroelectronics.FP-SNS-MOTENV1.5.0.0
2025-08-09 12:21:27,247 [WARN] PackLoader:240 - Cannot read IP mode file for wolfSSL.I-CUBE-wolfMQTT.1.19.0
2025-08-09 12:21:27,255 [WARN] PackLoader:240 - Cannot read IP mode file for WES.I-CUBE-Cesium.1.3.0
2025-08-09 12:21:27,261 [WARN] PackLoader:240 - Cannot read IP mode file for STMicroelectronics.X-CUBE-BLE2.3.3.0
2025-08-09 12:21:27,267 [WARN] PackLoader:240 - Cannot read IP mode file for STMicroelectronics.X-CUBE-DISPLAY.2.2.0
2025-08-09 12:21:27,276 [WARN] PackLoader:240 - Cannot read IP mode file for STMicroelectronics.X-CUBE-TOF1.3.2.0
2025-08-09 12:21:27,284 [WARN] PackLoader:240 - Cannot read IP mode file for STMicroelectronics.X-CUBE-ISPU.1.0.0
2025-08-09 12:21:27,290 [WARN] PackLoader:240 - Cannot read IP mode file for STMicroelectronics.X-CUBE-NFC9.1.0.0
2025-08-09 12:21:27,302 [WARN] PackLoader:240 - Cannot read IP mode file for STMicroelectronics.X-CUBE-AZRTOS-H7.2.1.0
2025-08-09 12:21:27,308 [WARN] PackLoader:240 - Cannot read IP mode file for STMicroelectronics.X-CUBE-BLE1.7.1.0
2025-08-09 12:21:27,313 [WARN] PackLoader:240 - Cannot read IP mode file for STMicroelectronics.X-CUBE-TCPP.4.1.0
2025-08-09 12:21:27,319 [WARN] PackLoader:240 - Cannot read IP mode file for STMicroelectronics.X-CUBE-EEPRMA1.5.2.0
2025-08-09 12:21:27,323 [WARN] PackLoader:240 - Cannot read IP mode file for STMicroelectronics.X-CUBE-TOUCHGFX.4.21.1
2025-08-09 12:21:27,326 [WARN] PackLoader:240 - Cannot read IP mode file for STMicroelectronics.X-CUBE-TOUCHGFX.4.21.0
2025-08-09 12:21:27,329 [WARN] PackLoader:240 - Cannot read IP mode file for STMicroelectronics.X-CUBE-TOUCHGFX.4.21.4
2025-08-09 12:21:27,367 [WARN] PackLoader:240 - Cannot read IP mode file for STMicroelectronics.X-CUBE-MEMS1.9.4.0
2025-08-09 12:21:27,453 [WARN] PackLoader:240 - Cannot read IP mode file for STMicroelectronics.X-CUBE-AI.7.3.0
2025-08-09 12:21:27,457 [WARN] PackLoader:240 - Cannot read IP mode file for STMicroelectronics.X-CUBE-AI.10.1.0
2025-08-09 12:21:27,464 [WARN] PackLoader:240 - Cannot read IP mode file for STMicroelectronics.X-CUBE-ALGOBUILD.1.3.0
2025-08-09 12:21:27,499 [WARN] PackLoader:240 - Cannot read IP mode file for STMicroelectronics.X-CUBE-MEMS1.11.2.0
2025-08-09 12:21:27,639 [WARN] PackLoader:240 - Cannot read IP mode file for STMicroelectronics.X-CUBE-AZRTOS-G0.1.1.0
2025-08-09 12:21:27,651 [WARN] PackLoader:240 - Cannot read IP mode file for STMicroelectronics.X-CUBE-SAFEA1.1.2.2
2025-08-09 12:21:27,657 [WARN] PackLoader:240 - Cannot read IP mode file for STMicroelectronics.X-CUBE-NFC4.3.0.0
2025-08-09 12:21:27,701 [WARN] PackLoader:240 - Cannot read IP mode file for SEGGER.I-CUBE-embOS.1.2.0
2025-08-09 12:21:27,739 [WARN] PackLoader:240 - Cannot read IP mode file for EmbeddedOffice.I-CUBE-FS-RTOS.1.0.1
2025-08-09 12:21:27,745 [WARN] PackLoader:240 - Cannot read IP mode file for STMicroelectronics.X-CUBE-WB05N.2.0.0
2025-08-09 12:21:27,755 [WARN] PackLoader:240 - Cannot read IP mode file for STMicroelectronics.X-CUBE-BLEMGR.3.0.0
2025-08-09 12:21:27,763 [WARN] PackLoader:240 - Cannot read IP mode file for STMicroelectronics.X-CUBE-BLEMGR.1.3.0
2025-08-09 12:21:27,767 [WARN] PackLoader:240 - Cannot read IP mode file for STMicroelectronics.X-CUBE-TCPP.4.2.0
2025-08-09 12:21:27,774 [WARN] PackLoader:240 - Cannot read IP mode file for RealThread.X-CUBE-RT-Thread_Nano.4.1.1
2025-08-09 12:21:27,778 [WARN] PackLoader:240 - Cannot read IP mode file for STMicroelectronics.FP-ATR-SIGFOX1.3.2.0
2025-08-09 12:21:27,783 [WARN] ConditionMgr:438 - getConditionDescription Invalid condition id : Cortex-A Device cause : null
2025-08-09 12:21:27,799 [WARN] ConditionMgr:1044 - genDependencies : Invalid condition id : Cortex-A Device cause : null
2025-08-09 12:21:27,799 [WARN] ConditionMgr:1044 - genDependencies : Invalid condition id : Cortex-A Device cause : null
2025-08-09 12:21:27,799 [WARN] ConditionMgr:1044 - genDependencies : Invalid condition id : Cortex-A Device cause : null
2025-08-09 12:21:27,805 [WARN] PackLoader:240 - Cannot read IP mode file for STMicroelectronics.X-CUBE-EEPRMA1.5.1.0
2025-08-09 12:21:27,812 [WARN] PackLoader:240 - Cannot read IP mode file for emotas.I-CUBE-CANOPEN.1.1.2
2025-08-09 12:21:27,815 [WARN] PackLoader:240 - Cannot read IP mode file for STMicroelectronics.X-CUBE-TOUCHGFX.4.20.0
2025-08-09 12:21:27,820 [WARN] PackLoader:240 - Cannot read IP mode file for STMicroelectronics.X-CUBE-ST67W61.1.0.0
2025-08-09 12:21:27,825 [WARN] PackLoader:240 - Cannot read IP mode file for STMicroelectronics.X-CUBE-AI.10.2.0
2025-08-09 12:21:27,842 [INFO] WebApp:463 - Apply proxy settings
2025-08-09 12:21:27,842 [INFO] WebApp:548 - Chromium requires no authentication
2025-08-09 12:21:27,844 [WARN] PackLoader:240 - Cannot read IP mode file for SEGGER.I-CUBE-embOS.1.3.1
2025-08-09 12:21:27,854 [INFO] WebApp:491 - Direct internet connection detected
2025-08-09 12:21:27,877 [WARN] PackLoader:240 - Cannot read IP mode file for STMicroelectronics.X-CUBE-ALGOBUILD.1.4.0
2025-08-09 12:21:27,891 [INFO] WebApp:900 - Register for checkConnection events
2025-08-09 12:21:27,891 [INFO] WebApp:463 - Apply proxy settings
2025-08-09 12:21:27,891 [INFO] WebApp:548 - Chromium requires no authentication
2025-08-09 12:21:27,892 [INFO] WebApp:491 - Direct internet connection detected
2025-08-09 12:21:27,909 [WARN] PackLoader:240 - Cannot read IP mode file for STMicroelectronics.X-CUBE-MEMS1.11.3.0
2025-08-09 12:21:27,974 [WARN] PackLoader:240 - Cannot read IP mode file for STMicroelectronics.X-CUBE-AI.9.1.0
2025-08-09 12:21:27,978 [WARN] PackLoader:240 - Cannot read IP mode file for STMicroelectronics.X-CUBE-PM33A1.1.0.0
2025-08-09 12:21:27,984 [WARN] PackLoader:240 - Cannot read IP mode file for STMicroelectronics.X-CUBE-GNSS1.6.0.0
2025-08-09 12:21:27,996 [WARN] PackLoader:240 - Cannot read IP mode file for STMicroelectronics.X-CUBE-AZRTOS-F4.1.1.0
2025-08-09 12:21:28,001 [WARN] PackLoader:240 - Cannot read IP mode file for Avnet-IotConnect.X-CUBE-IoTC-DA16k-PMOD.1.0.0
2025-08-09 12:21:28,005 [WARN] PackLoader:240 - Cannot read IP mode file for STMicroelectronics.X-CUBE-ISPU.2.1.0
2025-08-09 12:21:28,009 [WARN] PackLoader:240 - Cannot read IP mode file for STMicroelectronics.X-CUBE-FREERTOS.1.2.0
2025-08-09 12:21:28,013 [WARN] PackLoader:240 - Cannot read IP mode file for wolfSSL.I-CUBE-wolfSSL.5.6.6
2025-08-09 12:21:28,018 [WARN] PackLoader:240 - Cannot read IP mode file for STMicroelectronics.X-CUBE-NFC12.1.0.0
2025-08-09 12:21:28,030 [WARN] PackLoader:240 - Cannot read IP mode file for STMicroelectronics.X-CUBE-AZRTOS-L5.2.0.0
2025-08-09 12:21:28,053 [WARN] PackLoader:240 - Cannot read IP mode file for STMicroelectronics.X-CUBE-MEMS1.9.6.0
2025-08-09 12:21:28,138 [WARN] PackLoader:240 - Cannot read IP mode file for STMicroelectronics.X-CUBE-EEPRMA1.4.2.0
2025-08-09 12:21:28,145 [WARN] PackLoader:240 - Cannot read IP mode file for STMicroelectronics.X-CUBE-NFC6.3.1.0
2025-08-09 12:21:28,151 [WARN] PackLoader:240 - Cannot read IP mode file for ITTIA_DB.I-CUBE-ITTIADB.8.8.0
2025-08-09 12:21:28,155 [WARN] PackLoader:240 - Cannot read IP mode file for STMicroelectronics.X-CUBE-BLEMGR.2.0.0
2025-08-09 12:21:28,160 [WARN] PackLoader:240 - Cannot read IP mode file for STMicroelectronics.X-CUBE-DPower.1.2.0
2025-08-09 12:21:28,164 [WARN] PackLoader:240 - Cannot read IP mode file for STMicroelectronics.X-CUBE-NFC4.2.0.5
2025-08-09 12:21:28,168 [WARN] PackLoader:240 - Cannot read IP mode file for STMicroelectronics.X-CUBE-NFC4.2.0.4
2025-08-09 12:21:28,172 [WARN] PackLoader:240 - Cannot read IP mode file for STMicroelectronics.X-CUBE-AI.9.0.0
2025-08-09 12:21:28,182 [WARN] ConditionMgr:438 - getConditionDescription Invalid condition id : UX DEVICE CLASS RTOS Condition cause : null
2025-08-09 12:21:28,182 [INFO] WebApp:225 - Starting web application
2025-08-09 12:21:28,182 [INFO] WebApp:593 - Web application path used C:\ST\STM32CubeIDE_1.14.0\STM32CubeIDE\plugins\com.st.stm32cube.common.mx_6.15.0.202507011659\db\plugins\mcufinder\reactClient1\index.html
2025-08-09 12:21:28,182 [WARN] ConditionMgr:438 - getConditionDescription Invalid condition id : UX DEVICE CLASS RTOS Condition cause : null
2025-08-09 12:21:28,185 [WARN] PackLoader:240 - Cannot read IP mode file for STMicroelectronics.X-CUBE-AZRTOS-H7.3.1.0
2025-08-09 12:21:28,186 [WARN] ConditionMgr:1044 - genDependencies : Invalid condition id : UX DEVICE CLASS RTOS Condition cause : null
2025-08-09 12:21:28,186 [WARN] ConditionMgr:1044 - genDependencies : Invalid condition id : UX DEVICE CLASS RTOS Condition cause : null
2025-08-09 12:21:28,187 [WARN] ConditionMgr:1044 - genDependencies : Invalid condition id : UX DEVICE CLASS RTOS Condition cause : null
2025-08-09 12:21:28,188 [WARN] ConditionMgr:1044 - genDependencies : Invalid condition id : UX DEVICE CLASS RTOS Condition cause : null
2025-08-09 12:21:28,188 [WARN] ConditionMgr:1044 - genDependencies : Invalid condition id : UX DEVICE CLASS RTOS Condition cause : null
2025-08-09 12:21:28,195 [WARN] PackLoader:240 - Cannot read IP mode file for STMicroelectronics.X-CUBE-FREERTOS.1.3.1
2025-08-09 12:21:28,201 [WARN] PackLoader:240 - Cannot read IP mode file for STMicroelectronics.X-CUBE-FREERTOS.1.3.0
2025-08-09 12:21:28,206 [WARN] PackLoader:240 - Cannot read IP mode file for STMicroelectronics.X-CUBE-NFC7.1.0.1
2025-08-09 12:21:28,211 [WARN] PackLoader:240 - Cannot read IP mode file for STMicroelectronics.X-CUBE-NFC7.1.0.0
2025-08-09 12:21:28,217 [WARN] PackLoader:240 - Cannot read IP mode file for STMicroelectronics.X-CUBE-NFC6.3.0.0
2025-08-09 12:21:28,225 [WARN] PackLoader:240 - Cannot read IP mode file for STMicroelectronics.X-CUBE-EEPRMA1.4.1.0
2025-08-09 12:21:28,233 [WARN] PackLoader:240 - Cannot read IP mode file for STMicroelectronics.FP-SNS-STAIOTCFT.1.0.0
2025-08-09 12:21:28,238 [WARN] PackLoader:240 - Cannot read IP mode file for STMicroelectronics.X-CUBE-DPower.1.3.0
2025-08-09 12:21:28,243 [WARN] PackLoader:240 - Cannot read IP mode file for STMicroelectronics.X-CUBE-AI.8.1.0
2025-08-09 12:21:28,259 [WARN] ConditionMgr:438 - getConditionDescription Invalid condition id : LAN8742 Phy interface Condition cause : null
2025-08-09 12:21:28,259 [WARN] PackLoader:240 - Cannot read IP mode file for STMicroelectronics.X-CUBE-AZRTOS-L4.2.0.0
2025-08-09 12:21:28,260 [WARN] ConditionMgr:1044 - genDependencies : Invalid condition id : LAN8742 Phy interface Condition cause : null
2025-08-09 12:21:28,261 [WARN] ConditionMgr:1044 - genDependencies : Invalid condition id : LAN8742 Phy interface Condition cause : null
2025-08-09 12:21:28,261 [WARN] ConditionMgr:1044 - genDependencies : Invalid condition id : LAN8742 Phy interface Condition cause : null
2025-08-09 12:21:28,268 [WARN] PackLoader:240 - Cannot read IP mode file for STMicroelectronics.X-CUBE-SFXS2LP1.4.0.0
2025-08-09 12:21:28,285 [WARN] PackLoader:240 - Cannot read IP mode file for STMicroelectronics.X-CUBE-AZRTOS-H7.3.0.0
2025-08-09 12:21:28,292 [WARN] PackLoader:240 - Cannot read IP mode file for STMicroelectronics.X-CUBE-ISPU.1.1.0
2025-08-09 12:21:28,310 [WARN] PackLoader:240 - Cannot read IP mode file for STMicroelectronics.X-CUBE-AZRTOS-H7.3.3.0
2025-08-09 12:21:28,320 [WARN] PackLoader:240 - Cannot read IP mode file for RoweBots.I-CUBE-UNISONRTOS.5.5.0-4
2025-08-09 12:21:28,324 [WARN] PackLoader:240 - Cannot read IP mode file for wolfSSL.I-CUBE-wolfSSL.5.4.0
2025-08-09 12:21:28,327 [INFO] WebApp:191 - Connection restablished
2025-08-09 12:21:28,332 [WARN] PackLoader:240 - Cannot read IP mode file for STMicroelectronics.X-CUBE-BLEMGR.4.1.0
2025-08-09 12:21:28,341 [WARN] PackLoader:240 - Cannot read IP mode file for STMicroelectronics.X-CUBE-IPS.3.0.0
2025-08-09 12:21:28,355 [WARN] ConditionMgr:438 - getConditionDescription Invalid condition id : UX DEVICE CLASS RTOS Condition cause : null
2025-08-09 12:21:28,355 [WARN] ConditionMgr:438 - getConditionDescription Invalid condition id : UX DEVICE CLASS RTOS Condition cause : null
2025-08-09 12:21:28,357 [WARN] PackLoader:240 - Cannot read IP mode file for STMicroelectronics.X-CUBE-AZRTOS-WB.2.0.0
2025-08-09 12:21:28,357 [WARN] ConditionMgr:1044 - genDependencies : Invalid condition id : UX DEVICE CLASS RTOS Condition cause : null
2025-08-09 12:21:28,357 [WARN] ConditionMgr:1044 - genDependencies : Invalid condition id : UX DEVICE CLASS RTOS Condition cause : null
2025-08-09 12:21:28,358 [WARN] ConditionMgr:1044 - genDependencies : Invalid condition id : UX DEVICE CLASS RTOS Condition cause : null
2025-08-09 12:21:28,358 [WARN] ConditionMgr:1044 - genDependencies : Invalid condition id : UX DEVICE CLASS RTOS Condition cause : null
2025-08-09 12:21:28,358 [WARN] ConditionMgr:1044 - genDependencies : Invalid condition id : UX DEVICE CLASS RTOS Condition cause : null
2025-08-09 12:21:28,361 [WARN] PackLoader:240 - Cannot read IP mode file for STMicroelectronics.X-CUBE-FREERTOS.1.0.1
2025-08-09 12:21:28,365 [WARN] PackLoader:240 - Cannot read IP mode file for STMicroelectronics.X-CUBE-GNSS1.7.0.0
2025-08-09 12:21:28,370 [WARN] PackLoader:240 - Cannot read IP mode file for STMicroelectronics.X-CUBE-GNSS1.7.0.1
2025-08-09 12:21:28,376 [WARN] PackLoader:240 - Cannot read IP mode file for STMicroelectronics.X-CUBE-BLEMGR.1.0.0
2025-08-09 12:21:28,381 [WARN] PackLoader:240 - Cannot read IP mode file for STMicroelectronics.X-CUBE-TOUCHGFX.4.25.0
2025-08-09 12:21:28,386 [WARN] PackLoader:240 - Cannot read IP mode file for STMicroelectronics.FP-SNS-STBOX1.2.0.0
2025-08-09 12:21:28,397 [WARN] PackLoader:240 - Cannot read IP mode file for STMicroelectronics.X-CUBE-AZRTOS-L5.1.1.0
2025-08-09 12:21:28,402 [WARN] PackLoader:240 - Cannot read IP mode file for STMicroelectronics.X-CUBE-AI.8.0.1
2025-08-09 12:21:28,409 [INFO] UserAuth:487 - Internet connection configuration mode: 1
2025-08-09 12:21:28,413 [WARN] PackLoader:240 - Cannot read IP mode file for STMicroelectronics.X-CUBE-SUBG2.5.0.0
2025-08-09 12:21:28,432 [WARN] PackLoader:240 - Cannot read IP mode file for STMicroelectronics.X-CUBE-AZRTOS-H7RS.1.1.0
2025-08-09 12:21:28,441 [WARN] PackLoader:240 - Cannot read IP mode file for Cesanta.I-CUBE-Mongoose.7.13.0
2025-08-09 12:21:28,454 [WARN] PackLoader:240 - Cannot read IP mode file for STMicroelectronics.X-CUBE-AZRTOS-G4.2.0.0
2025-08-09 12:21:28,463 [WARN] PackLoader:240 - Cannot read IP mode file for STMicroelectronics.X-CUBE-TOF1.3.3.0
2025-08-09 12:21:28,491 [WARN] PackLoader:240 - Cannot read IP mode file for STMicroelectronics.FP-ATR-ASTRA1.1.1.1
2025-08-09 12:21:28,509 [WARN] PackLoader:240 - Cannot read IP mode file for Infineon.AIROC-Wi-Fi-Bluetooth-STM32.1.5.1
2025-08-09 12:21:28,516 [WARN] PackLoader:240 - Cannot read IP mode file for STMicroelectronics.FP-ATR-ASTRA1.1.1.0
2025-08-09 12:21:28,520 [WARN] PackLoader:240 - Cannot read IP mode file for STMicroelectronics.X-CUBE-NFC7.2.0.0
2025-08-09 12:21:28,525 [WARN] PackLoader:240 - Cannot read IP mode file for STMicroelectronics.FP-SNS-MOTENVWB1.1.3.1
2025-08-09 12:21:28,538 [WARN] PackLoader:240 - Cannot read IP mode file for STMicroelectronics.X-CUBE-AZRTOS-G4.1.0.0
2025-08-09 12:21:28,555 [WARN] PackLoader:240 - Cannot read IP mode file for STMicroelectronics.X-CUBE-AZRTOS-L4.1.0.0
2025-08-09 12:21:28,561 [WARN] PackLoader:240 - Cannot read IP mode file for STMicroelectronics.X-CUBE-ISPU.2.0.0
2025-08-09 12:21:28,573 [WARN] PackLoader:240 - Cannot read IP mode file for STMicroelectronics.X-CUBE-IPS.3.1.0
2025-08-09 12:21:28,600 [WARN] PackLoader:240 - Cannot read IP mode file for STMicroelectronics.X-CUBE-ALS.1.0.2
2025-08-09 12:21:28,637 [WARN] PackLoader:240 - Cannot read IP mode file for STMicroelectronics.X-CUBE-MEMS1.10.0.0
2025-08-09 12:21:28,720 [WARN] PackLoader:240 - Cannot read IP mode file for STMicroelectronics.X-CUBE-FREERTOS.1.1.0
2025-08-09 12:21:28,723 [WARN] PackLoader:240 - Cannot read IP mode file for STMicroelectronics.X-CUBE-TOUCHGFX.4.24.0
2025-08-09 12:21:28,730 [WARN] PackLoader:240 - Cannot read IP mode file for STMicroelectronics.X-CUBE-AZRTOS-WL.1.0.0
2025-08-09 12:21:28,733 [WARN] PackLoader:240 - Cannot read IP mode file for STMicroelectronics.X-CUBE-TOUCHGFX.4.24.1
2025-08-09 12:21:28,738 [WARN] PackLoader:240 - Cannot read IP mode file for wolfSSL.I-CUBE-wolfTPM.3.4.0
2025-08-09 12:21:28,745 [WARN] PackLoader:240 - Cannot read IP mode file for portGmbH.I-Cube-SoM-uGOAL.1.1.0
2025-08-09 12:21:28,749 [WARN] PackLoader:240 - Cannot read IP mode file for STMicroelectronics.X-CUBE-ALS.1.0.1
2025-08-09 12:21:28,759 [WARN] PackLoader:240 - Cannot read IP mode file for STMicroelectronics.X-CUBE-AZRTOS-WB.1.1.0
2025-08-09 12:21:28,770 [WARN] PackLoader:240 - Cannot read IP mode file for STMicroelectronics.X-CUBE-AZRTOS-L5.1.0.0
2025-08-09 12:21:28,774 [WARN] PackLoader:240 - Cannot read IP mode file for STMicroelectronics.X-CUBE-EEPRMA1.3.1.1
2025-08-09 12:21:28,789 [WARN] PackLoader:240 - Cannot read IP mode file for STMicroelectronics.X-CUBE-AZRTOS-H7RS.1.0.0
2025-08-09 12:21:28,794 [WARN] PackLoader:240 - Cannot read IP mode file for STMicroelectronics.FP-ATR-ASTRA1.2.0.0
2025-08-09 12:21:28,801 [WARN] PackLoader:240 - Cannot read IP mode file for STMicroelectronics.X-CUBE-TOF1.3.4.2
2025-08-09 12:21:28,814 [WARN] PackLoader:240 - Cannot read IP mode file for STMicroelectronics.X-CUBE-TOF1.3.4.3
2025-08-09 12:21:28,829 [WARN] PackLoader:240 - Cannot read IP mode file for STMicroelectronics.X-CUBE-TOF1.3.4.0
2025-08-09 12:21:28,841 [WARN] PackLoader:240 - Cannot read IP mode file for STMicroelectronics.X-CUBE-TOF1.3.4.1
2025-08-09 12:21:28,861 [WARN] PackLoader:240 - Cannot read IP mode file for STMicroelectronics.X-CUBE-AZRTOS-H7.3.2.0
2025-08-09 12:21:28,867 [WARN] PackLoader:240 - Cannot read IP mode file for wolfSSL.I-CUBE-wolfSSH.1.4.17
2025-08-09 12:21:28,869 [INFO] ThirdParty:978 - Integrity check success = true
2025-08-09 12:21:28,869 [INFO] IntegrityCheckThread:100 - exiting critical section [integrity check]
2025-08-09 12:21:28,869 [INFO] IntegrityCheckThread:103 - End integrity checks thread
2025-08-09 16:38:43,929 [ERROR] LogOutputStream:75 - [STDERR_REDIRECT] 
