2025-07-30 21:28:58,769 [INFO] Activator:176 - 


2025-07-30 21:28:58,797 [INFO] Activator:177 - !SESSION log4j initialized
2025-07-30 21:29:03,862 [INFO] LogOutputStream:77 - [STDOUT_REDIRECT] 
2025-07-30 21:29:05,987 [INFO] ApplicationProperties:184 - Using Application install path: C:\ST\STM32CubeIDE_1.14.0\STM32CubeIDE\plugins\com.st.stm32cube.common.mx_6.15.0.202507011659
2025-07-30 21:29:06,008 [INFO] DbMcusXml:78 - Set database path to: C:\ST\STM32CubeIDE_1.14.0\STM32CubeIDE\plugins\com.st.stm32cube.common.mx_6.15.0.202507011659\\db\/mcu/
2025-07-30 21:29:06,008 [INFO] ApiDb:274 - Set plugin database path to: C:\ST\STM32CubeIDE_1.14.0\STM32CubeIDE\plugins\com.st.stm32cube.common.mx_6.15.0.202507011659\\db\/plugins/boardmanager/
2025-07-30 21:29:06,009 [WARN] ApiDb:259 - Overriding images path with different value:  => C:\ST\STM32CubeIDE_1.14.0\STM32CubeIDE\plugins\com.st.stm32cube.common.mx_6.15.0.202507011659\\db\/plugins/mcufinder/images/
2025-07-30 21:29:06,020 [INFO] ApiDb:250 - Set database path to: C:\Users\jihoo\.stmcufinder\plugins\mcufinder//mcu/
2025-07-30 21:29:06,022 [INFO] DbMcusAds:125 - Set database path to: C:\Users\jihoo\.stmcufinder\plugins\mcufinder//mcu/
2025-07-30 21:29:06,024 [INFO] CrossReferenceDbSqlite:203 - Set database path to: C:\Users\jihoo\.stmcufinder\plugins\mcufinder//mcu/cs/
2025-07-30 21:29:06,143 [INFO] RulesReader:64 - Compatibility file has been processed (317 Rules)
2025-07-30 21:29:06,232 [INFO] DbMcusXml:78 - Set database path to: C:\ST\STM32CubeIDE_1.14.0\STM32CubeIDE\plugins\com.st.stm32cube.common.mx_6.15.0.202507011659\\db\/mcu/
2025-07-30 21:29:06,232 [INFO] ApiDb:274 - Set plugin database path to: C:\ST\STM32CubeIDE_1.14.0\STM32CubeIDE\plugins\com.st.stm32cube.common.mx_6.15.0.202507011659\\db\/plugins/boardmanager/
2025-07-30 21:29:06,232 [INFO] ApiDb:261 - Set plugin images path to: C:\ST\STM32CubeIDE_1.14.0\STM32CubeIDE\plugins\com.st.stm32cube.common.mx_6.15.0.202507011659\\db\/plugins/mcufinder/images/
2025-07-30 21:29:06,232 [WARN] DbFile:41 - Overriding database path with different value: C:\Users\jihoo\.stmcufinder\plugins\mcufinder/ => C:\Users\jihoo\.stmcufinder\plugins\mcufinder
2025-07-30 21:29:06,233 [INFO] ApiDb:250 - Set database path to: C:\Users\jihoo\.stmcufinder\plugins\mcufinder//mcu/
2025-07-30 21:29:06,233 [WARN] DbFile:41 - Overriding database path with different value: C:\Users\jihoo\.stmcufinder\plugins\mcufinder/ => C:\Users\jihoo\.stmcufinder\plugins\mcufinder
2025-07-30 21:29:06,233 [INFO] DbMcusAds:125 - Set database path to: C:\Users\jihoo\.stmcufinder\plugins\mcufinder//mcu/
2025-07-30 21:29:06,233 [WARN] DbFile:41 - Overriding database path with different value: C:\Users\jihoo\.stmcufinder\plugins\mcufinder/ => C:\Users\jihoo\.stmcufinder\plugins\mcufinder
2025-07-30 21:29:06,233 [WARN] DbFile:41 - Overriding database path with different value: C:\Users\jihoo\.stmcufinder\plugins\mcufinder/ => C:\Users\jihoo\.stmcufinder\plugins\mcufinder
2025-07-30 21:29:06,233 [INFO] CrossReferenceDbSqlite:203 - Set database path to: C:\Users\jihoo\.stmcufinder\plugins\mcufinder//mcu/cs/
2025-07-30 21:29:06,311 [INFO] MainPanel:274 - HeapMemory: 358612992
2025-07-30 21:29:06,468 [INFO] DbMcusXml:78 - Set database path to: C:\ST\STM32CubeIDE_1.14.0\STM32CubeIDE\plugins\com.st.stm32cube.common.mx_6.15.0.202507011659\\db\/mcu/
2025-07-30 21:29:06,468 [INFO] ApiDb:274 - Set plugin database path to: C:\ST\STM32CubeIDE_1.14.0\STM32CubeIDE\plugins\com.st.stm32cube.common.mx_6.15.0.202507011659\\db\/plugins/boardmanager/
2025-07-30 21:29:06,468 [INFO] ApiDb:261 - Set plugin images path to: C:\ST\STM32CubeIDE_1.14.0\STM32CubeIDE\plugins\com.st.stm32cube.common.mx_6.15.0.202507011659\\db\/plugins/mcufinder/images/
2025-07-30 21:29:06,469 [WARN] DbFile:41 - Overriding database path with different value: C:\Users\jihoo\.stmcufinder\plugins\mcufinder/ => C:\Users\jihoo\.stmcufinder\plugins\mcufinder
2025-07-30 21:29:06,469 [INFO] ApiDb:250 - Set database path to: C:\Users\jihoo\.stmcufinder\plugins\mcufinder//mcu/
2025-07-30 21:29:06,470 [WARN] DbFile:41 - Overriding database path with different value: C:\Users\jihoo\.stmcufinder\plugins\mcufinder/ => C:\Users\jihoo\.stmcufinder\plugins\mcufinder
2025-07-30 21:29:06,470 [INFO] DbMcusAds:125 - Set database path to: C:\Users\jihoo\.stmcufinder\plugins\mcufinder//mcu/
2025-07-30 21:29:06,470 [WARN] DbFile:41 - Overriding database path with different value: C:\Users\jihoo\.stmcufinder\plugins\mcufinder/ => C:\Users\jihoo\.stmcufinder\plugins\mcufinder
2025-07-30 21:29:06,470 [WARN] DbFile:41 - Overriding database path with different value: C:\Users\jihoo\.stmcufinder\plugins\mcufinder/ => C:\Users\jihoo\.stmcufinder\plugins\mcufinder
2025-07-30 21:29:06,470 [INFO] CrossReferenceDbSqlite:203 - Set database path to: C:\Users\jihoo\.stmcufinder\plugins\mcufinder//mcu/cs/
2025-07-30 21:29:06,496 [INFO] ApplicationProperties:184 - Using Application install path: C:\ST\STM32CubeIDE_1.14.0\STM32CubeIDE\plugins\com.st.stm32cube.common.mx_6.15.0.202507011659
2025-07-30 21:29:06,498 [INFO] PluginManage:196 - Search for loadable plugins [exclusion list=, ]
2025-07-30 21:29:06,501 [INFO] PluginManage:310 - Check plugin analytics
2025-07-30 21:29:06,689 [INFO] AnalyticsPlugin:253 - Accepted Software Licenses: STM32CubeMX.6.6.1,STM32CubeMX.6.7.0,STM32CubeMX.6.10.0,STM32CubeMX.6.12.0,STM32CubeMX.6.13.0,STM32CubeMX.6.14.1,STM32CubeMX.6.15.0
2025-07-30 21:29:06,689 [INFO] AnalyticsPlugin:255 - Accepted CMSIS Pack Licenses: 
2025-07-30 21:29:06,689 [INFO] AnalyticsPlugin:257 - Accepted Firmware Licenses: FW.H7.1.12.0
2025-07-30 21:29:06,692 [INFO] PluginManage:359 - Loaded plugin analytics (category:tool,tabindex:-1)
2025-07-30 21:29:06,692 [INFO] PluginManage:310 - Check plugin cadmodel
2025-07-30 21:29:06,699 [INFO] CADModel:105 - Init CAD model plugin
2025-07-30 21:29:06,699 [INFO] PluginManage:359 - Loaded plugin cadmodel (category:power,tabindex:5)
2025-07-30 21:29:06,699 [INFO] PluginManage:310 - Check plugin clock
2025-07-30 21:29:06,710 [INFO] PluginManage:359 - Loaded plugin clock (category:base,tabindex:2)
2025-07-30 21:29:06,711 [INFO] PluginManage:310 - Check plugin ddr
2025-07-30 21:29:06,713 [INFO] PluginManage:359 - Loaded plugin ddr (category:tool,tabindex:6)
2025-07-30 21:29:06,713 [INFO] PluginManage:310 - Check plugin filemanager
2025-07-30 21:29:06,872 [INFO] PluginManage:359 - Loaded plugin filemanager (category:base,tabindex:10)
2025-07-30 21:29:06,872 [INFO] PluginManage:310 - Check plugin ipmanager
2025-07-30 21:29:06,879 [INFO] PluginManage:359 - Loaded plugin ipmanager (category:base,tabindex:5)
2025-07-30 21:29:06,879 [INFO] PluginManage:310 - Check plugin lpbam
2025-07-30 21:29:06,887 [INFO] PluginManage:359 - Loaded plugin lpbam (category:base,tabindex:0)
2025-07-30 21:29:06,888 [INFO] PluginManage:310 - Check plugin memorymap
2025-07-30 21:29:06,907 [INFO] PluginManage:359 - Loaded plugin memorymap (category:base,tabindex:4)
2025-07-30 21:29:06,907 [INFO] PluginManage:310 - Check plugin pinoutandconfiguration
2025-07-30 21:29:06,917 [INFO] PluginManage:359 - Loaded plugin pinoutandconfiguration (category:base,tabindex:1)
2025-07-30 21:29:06,917 [INFO] PluginManage:310 - Check plugin pinoutconfig
2025-07-30 21:29:07,020 [WARN] SupportedApi:132 - Cannot load RTOS API schema: s4s-elt-must-match.1: The content of 'definitions' must match (annotation?, (simpleType | complexType)?, (unique | key | keyref)*)). A problem was found starting at: attribute.
2025-07-30 21:29:07,169 [INFO] PluginManage:359 - Loaded plugin pinoutconfig (category:base,tabindex:0)
2025-07-30 21:29:07,169 [INFO] PluginManage:310 - Check plugin power
2025-07-30 21:29:07,183 [INFO] PluginManage:359 - Loaded plugin power (category:power,tabindex:4)
2025-07-30 21:29:07,183 [INFO] PluginManage:310 - Check plugin projectmanager
2025-07-30 21:29:07,198 [INFO] PluginManage:359 - Loaded plugin projectmanager (category:projectmanager,tabindex:4)
2025-07-30 21:29:07,198 [INFO] PluginManage:310 - Check plugin rif
2025-07-30 21:29:07,211 [INFO] PluginManage:359 - Loaded plugin rif (category:base,tabindex:3)
2025-07-30 21:29:07,211 [INFO] PluginManage:310 - Check plugin thirdparty
2025-07-30 21:29:07,361 [WARN] IntegrityCheckThread:84 - waiting for thirdparty lock release [integrity check]
2025-07-30 21:29:07,362 [INFO] IntegrityCheckThread:86 - entering critical section [integrity check]
2025-07-30 21:29:07,362 [INFO] PluginManage:359 - Loaded plugin thirdparty (category:base,tabindex:-1)
2025-07-30 21:29:07,362 [INFO] PluginManage:310 - Check plugin tools
2025-07-30 21:29:07,362 [INFO] ThirdPartyUpdaterWithRetryManager:70 - Updater plugin not ready yet. [1/15]
2025-07-30 21:29:07,365 [INFO] PluginManage:359 - Loaded plugin tools (category:base,tabindex:7)
2025-07-30 21:29:07,365 [INFO] PluginManage:310 - Check plugin tutovideos
2025-07-30 21:29:07,591 [INFO] PluginManage:359 - Loaded plugin tutovideos (category:base,tabindex:-1)
2025-07-30 21:29:07,591 [INFO] PluginManage:310 - Check plugin updater
2025-07-30 21:29:07,611 [INFO] PluginManage:359 - Loaded plugin updater (category:base,tabindex:12)
2025-07-30 21:29:07,616 [INFO] PluginManage:310 - Check plugin userauth
2025-07-30 21:29:07,622 [INFO] UserAuth:118 - Init User Auth plugin
2025-07-30 21:29:07,624 [INFO] PluginManage:359 - Loaded plugin userauth (category:base,tabindex:14)
2025-07-30 21:29:07,624 [INFO] PluginManage:283 - PluginManage : Loaded plugins [18]
2025-07-30 21:29:07,873 [INFO] PinOutPanel:1589 - setPackage(No Configuration,No Configuration)
2025-07-30 21:29:07,952 [INFO] CADModel:165 - CPN selected for project level
2025-07-30 21:29:07,952 [INFO] CADModel:114 - Register for checkConnection events
2025-07-30 21:29:07,971 [INFO] IPUIPlugin:80 - create IPUIPlugin
2025-07-30 21:29:07,971 [INFO] PluginManager:220 - loadIPPluginJar : add adc
2025-07-30 21:29:07,974 [INFO] IPUIPlugin:80 - create IPUIPlugin
2025-07-30 21:29:07,974 [INFO] PluginManager:220 - loadIPPluginJar : add aes
2025-07-30 21:29:07,976 [INFO] IPUIPlugin:80 - create IPUIPlugin
2025-07-30 21:29:07,976 [INFO] PluginManager:220 - loadIPPluginJar : add can
2025-07-30 21:29:07,978 [INFO] IPUIPlugin:80 - create IPUIPlugin
2025-07-30 21:29:07,978 [INFO] PluginManager:220 - loadIPPluginJar : add comp
2025-07-30 21:29:07,980 [INFO] IPUIPlugin:80 - create IPUIPlugin
2025-07-30 21:29:07,980 [INFO] PluginManager:220 - loadIPPluginJar : add cryp
2025-07-30 21:29:07,984 [INFO] IPUIPlugin:80 - create IPUIPlugin
2025-07-30 21:29:07,984 [INFO] PluginManager:220 - loadIPPluginJar : add ddr_ctrl_phy
2025-07-30 21:29:07,987 [INFO] IPUIPlugin:80 - create IPUIPlugin
2025-07-30 21:29:07,987 [INFO] PluginManager:220 - loadIPPluginJar : add dfsdm
2025-07-30 21:29:07,991 [INFO] IPUIPlugin:80 - create IPUIPlugin
2025-07-30 21:29:07,991 [INFO] PluginManager:220 - loadIPPluginJar : add dma
2025-07-30 21:29:07,994 [INFO] IPUIPlugin:80 - create IPUIPlugin
2025-07-30 21:29:07,994 [INFO] PluginManager:220 - loadIPPluginJar : add dma3
2025-07-30 21:29:07,997 [INFO] IPUIPlugin:80 - create IPUIPlugin
2025-07-30 21:29:07,997 [INFO] PluginManager:220 - loadIPPluginJar : add extmemmanager
2025-07-30 21:29:07,998 [INFO] IPUIPlugin:80 - create IPUIPlugin
2025-07-30 21:29:07,998 [INFO] PluginManager:220 - loadIPPluginJar : add fatfs
2025-07-30 21:29:08,002 [INFO] IPUIPlugin:80 - create IPUIPlugin
2025-07-30 21:29:08,002 [INFO] PluginManager:220 - loadIPPluginJar : add fmc
2025-07-30 21:29:08,008 [INFO] IPUIPlugin:80 - create IPUIPlugin
2025-07-30 21:29:08,008 [INFO] PluginManager:220 - loadIPPluginJar : add freertos
2025-07-30 21:29:08,010 [INFO] IPUIPlugin:80 - create IPUIPlugin
2025-07-30 21:29:08,010 [INFO] PluginManager:220 - loadIPPluginJar : add genericplugin
2025-07-30 21:29:08,012 [INFO] IPUIPlugin:80 - create IPUIPlugin
2025-07-30 21:29:08,012 [INFO] PluginManager:220 - loadIPPluginJar : add gfxmmu
2025-07-30 21:29:08,016 [INFO] IPUIPlugin:80 - create IPUIPlugin
2025-07-30 21:29:08,016 [INFO] PluginManager:220 - loadIPPluginJar : add gic
2025-07-30 21:29:08,020 [INFO] IPUIPlugin:80 - create IPUIPlugin
2025-07-30 21:29:08,020 [INFO] PluginManager:220 - loadIPPluginJar : add gpio
2025-07-30 21:29:08,022 [INFO] IPUIPlugin:80 - create IPUIPlugin
2025-07-30 21:29:08,022 [INFO] PluginManager:220 - loadIPPluginJar : add gtzc
2025-07-30 21:29:08,024 [INFO] IPUIPlugin:80 - create IPUIPlugin
2025-07-30 21:29:08,025 [INFO] PluginManager:220 - loadIPPluginJar : add hash
2025-07-30 21:29:08,027 [INFO] IPUIPlugin:80 - create IPUIPlugin
2025-07-30 21:29:08,027 [INFO] PluginManager:220 - loadIPPluginJar : add i2c
2025-07-30 21:29:08,030 [INFO] IPUIPlugin:80 - create IPUIPlugin
2025-07-30 21:29:08,030 [INFO] PluginManager:220 - loadIPPluginJar : add i2s
2025-07-30 21:29:08,033 [INFO] IPUIPlugin:80 - create IPUIPlugin
2025-07-30 21:29:08,033 [INFO] PluginManager:220 - loadIPPluginJar : add i3c
2025-07-30 21:29:08,036 [INFO] IPUIPlugin:80 - create IPUIPlugin
2025-07-30 21:29:08,036 [INFO] PluginManager:220 - loadIPPluginJar : add ipddr
2025-07-30 21:29:08,042 [INFO] IPUIPlugin:80 - create IPUIPlugin
2025-07-30 21:29:08,042 [INFO] PluginManager:220 - loadIPPluginJar : add linkedlist
2025-07-30 21:29:08,045 [INFO] IPUIPlugin:80 - create IPUIPlugin
2025-07-30 21:29:08,045 [INFO] PluginManager:220 - loadIPPluginJar : add lorawan
2025-07-30 21:29:08,047 [INFO] IPUIPlugin:80 - create IPUIPlugin
2025-07-30 21:29:08,047 [INFO] PluginManager:220 - loadIPPluginJar : add ltdc
2025-07-30 21:29:08,052 [INFO] IPUIPlugin:80 - create IPUIPlugin
2025-07-30 21:29:08,052 [INFO] PluginManager:220 - loadIPPluginJar : add mdma
2025-07-30 21:29:08,056 [INFO] IPUIPlugin:80 - create IPUIPlugin
2025-07-30 21:29:08,056 [INFO] PluginManager:220 - loadIPPluginJar : add nvic
2025-07-30 21:29:08,059 [INFO] IPUIPlugin:80 - create IPUIPlugin
2025-07-30 21:29:08,059 [INFO] PluginManager:220 - loadIPPluginJar : add opamp
2025-07-30 21:29:08,063 [INFO] IPUIPlugin:80 - create IPUIPlugin
2025-07-30 21:29:08,063 [INFO] PluginManager:220 - loadIPPluginJar : add openamp
2025-07-30 21:29:08,067 [INFO] IPUIPlugin:80 - create IPUIPlugin
2025-07-30 21:29:08,067 [INFO] PluginManager:220 - loadIPPluginJar : add pdm2pcm
2025-07-30 21:29:08,072 [INFO] IPUIPlugin:80 - create IPUIPlugin
2025-07-30 21:29:08,074 [INFO] PluginManager:220 - loadIPPluginJar : add plateformsettings
2025-07-30 21:29:08,076 [INFO] IPUIPlugin:80 - create IPUIPlugin
2025-07-30 21:29:08,076 [INFO] PluginManager:220 - loadIPPluginJar : add quadspi
2025-07-30 21:29:08,078 [INFO] IPUIPlugin:80 - create IPUIPlugin
2025-07-30 21:29:08,079 [INFO] PluginManager:220 - loadIPPluginJar : add radio
2025-07-30 21:29:08,085 [INFO] IPUIPlugin:80 - create IPUIPlugin
2025-07-30 21:29:08,085 [INFO] PluginManager:220 - loadIPPluginJar : add resmgrutility
2025-07-30 21:29:08,088 [INFO] IPUIPlugin:80 - create IPUIPlugin
2025-07-30 21:29:08,088 [INFO] PluginManager:220 - loadIPPluginJar : add sai
2025-07-30 21:29:08,091 [INFO] IPUIPlugin:80 - create IPUIPlugin
2025-07-30 21:29:08,091 [INFO] PluginManager:220 - loadIPPluginJar : add spi
2025-07-30 21:29:08,100 [INFO] IPUIPlugin:80 - create IPUIPlugin
2025-07-30 21:29:08,100 [INFO] PluginManager:220 - loadIPPluginJar : add stm32_wpan
2025-07-30 21:29:08,102 [INFO] IPUIPlugin:80 - create IPUIPlugin
2025-07-30 21:29:08,102 [INFO] PluginManager:220 - loadIPPluginJar : add tim
2025-07-30 21:29:08,106 [INFO] IPUIPlugin:80 - create IPUIPlugin
2025-07-30 21:29:08,106 [INFO] PluginManager:220 - loadIPPluginJar : add touchsensing
2025-07-30 21:29:08,108 [INFO] IPUIPlugin:80 - create IPUIPlugin
2025-07-30 21:29:08,108 [INFO] PluginManager:220 - loadIPPluginJar : add tracer_emb
2025-07-30 21:29:08,110 [INFO] IPUIPlugin:80 - create IPUIPlugin
2025-07-30 21:29:08,110 [INFO] PluginManager:220 - loadIPPluginJar : add ts
2025-07-30 21:29:08,112 [INFO] IPUIPlugin:80 - create IPUIPlugin
2025-07-30 21:29:08,112 [INFO] PluginManager:220 - loadIPPluginJar : add tsc
2025-07-30 21:29:08,113 [INFO] IPUIPlugin:80 - create IPUIPlugin
2025-07-30 21:29:08,113 [INFO] PluginManager:220 - loadIPPluginJar : add ucpd
2025-07-30 21:29:08,116 [INFO] IPUIPlugin:80 - create IPUIPlugin
2025-07-30 21:29:08,116 [INFO] PluginManager:220 - loadIPPluginJar : add usart
2025-07-30 21:29:08,119 [INFO] IPUIPlugin:80 - create IPUIPlugin
2025-07-30 21:29:08,119 [INFO] PluginManager:220 - loadIPPluginJar : add usbx
2025-07-30 21:29:08,245 [FATAL] Updater:351 - Updater called before beeing initialized
2025-07-30 21:29:08,272 [INFO] RulesReader:64 - Compatibility file has been processed (317 Rules)
2025-07-30 21:29:08,282 [INFO] RulesReader:64 - Compatibility file has been processed (317 Rules)
2025-07-30 21:29:08,296 [INFO] CADModel:165 - CPN selected for project level
2025-07-30 21:29:08,297 [INFO] CADModel:114 - Register for checkConnection events
2025-07-30 21:29:08,297 [FATAL] Updater:351 - Updater called before beeing initialized
2025-07-30 21:29:08,297 [ERROR] CADModel:125 - Updater not yet initialized, retry later 
2025-07-30 21:29:08,456 [FATAL] Updater:351 - Updater called before beeing initialized
2025-07-30 21:29:08,458 [INFO] CADModel:165 - CPN selected for project level
2025-07-30 21:29:08,458 [INFO] CADModel:114 - Register for checkConnection events
2025-07-30 21:29:08,459 [FATAL] Updater:351 - Updater called before beeing initialized
2025-07-30 21:29:08,459 [ERROR] CADModel:125 - Updater not yet initialized, retry later 
2025-07-30 21:29:08,462 [FATAL] Updater:351 - Updater called before beeing initialized
2025-07-30 21:29:08,567 [FATAL] Updater:351 - Updater called before beeing initialized
2025-07-30 21:29:08,572 [INFO] DbMcusAds:53 - JSON generation date=Tue Jul 08 17:14:23 KST 2025 (1751962463562)
2025-07-30 21:29:08,572 [FATAL] Updater:351 - Updater called before beeing initialized
2025-07-30 21:29:08,615 [WARN] DetailPanel:346 - Failed to get advertising image, set to default
2025-07-30 21:29:08,708 [FATAL] Updater:351 - Updater called before beeing initialized
2025-07-30 21:29:08,711 [FATAL] Updater:351 - Updater called before beeing initialized
2025-07-30 21:29:08,711 [FATAL] Updater:351 - Updater called before beeing initialized
2025-07-30 21:29:08,711 [WARN] DetailPanel:346 - Failed to get advertising image, set to default
2025-07-30 21:29:08,712 [FATAL] Updater:351 - Updater called before beeing initialized
2025-07-30 21:29:08,793 [ERROR] Updater:1198 - MainUpdater not yet initialized. External WinMGr cannot be set.
2025-07-30 21:29:08,796 [INFO] Updater:1134 - Updater Version found : 6.15.0
2025-07-30 21:29:08,817 [INFO] ApplicationProperties:184 - Using Application install path: C:\ST\STM32CubeIDE_1.14.0\STM32CubeIDE\plugins\com.st.stm32cube.common.mx_6.15.0.202507011659
2025-07-30 21:29:10,015 [INFO] MainUpdater:2872 - connection check result : 10
2025-07-30 21:29:10,016 [INFO] MainUpdater:289 - Updater Check For Update Now.
2025-07-30 21:29:10,017 [INFO] MicroXplorer:498 - Change Database Version : DB.6.0.150
2025-07-30 21:29:10,023 [INFO] McuFinderGlobals:63 - Set McuFinder mode to 2 (CubeIDE integrated)
2025-07-30 21:29:10,024 [INFO] UserAuth:487 - Internet connection configuration mode: 1
2025-07-30 21:29:10,045 [INFO] JxBrowserEngine:152 - Initiate JxBrowser Engine with user profile folder
2025-07-30 21:29:10,199 [INFO] CheckServerUpdateThread:120 - End of CheckServer Thread
2025-07-30 21:29:10,687 [WARN] PackLoader:240 - Cannot read IP mode file for STMicroelectronics.FP-SNS-MOTENVWB1.1.4.0
2025-07-30 21:29:10,695 [WARN] PackLoader:240 - Cannot read IP mode file for STMicroelectronics.FP-ATR-ASTRA1.2.0.2
2025-07-30 21:29:10,699 [WARN] PackLoader:240 - Cannot read IP mode file for STMicroelectronics.FP-ATR-ASTRA1.2.0.1
2025-07-30 21:29:10,707 [WARN] PackLoader:240 - Cannot read IP mode file for STMicroelectronics.X-CUBE-SMBUS.2.1.0
2025-07-30 21:29:10,715 [WARN] PackLoader:240 - Cannot read IP mode file for STMicroelectronics.X-CUBE-WB05N.1.1.0
2025-07-30 21:29:11,394 [WARN] PackLoader:240 - Cannot read IP mode file for STMicroelectronics.X-CUBE-ST60.1.0.0
2025-07-30 21:29:11,402 [WARN] PackLoader:240 - Cannot read IP mode file for STMicroelectronics.X-CUBE-TOUCHGFX.4.23.0
2025-07-30 21:29:11,430 [WARN] PackLoader:240 - Cannot read IP mode file for STMicroelectronics.X-CUBE-AZRTOS-F7.1.1.0
2025-07-30 21:29:11,437 [WARN] PackLoader:240 - Cannot read IP mode file for STMicroelectronics.FP-SNS-MOTENV1.4.3.2
2025-07-30 21:29:11,444 [ERROR] RealEvaluatedCondition:428 - Found unsupported composite condition: CLASS='Data Exchange' GROUP='STM32_MetaDataManager'
2025-07-30 21:29:11,444 [ERROR] RealEvaluatedCondition:428 - Found unsupported composite condition: GROUP='STM32_MetaDataManager' CLASS='Data Exchange'
2025-07-30 21:29:11,446 [WARN] PackLoader:240 - Cannot read IP mode file for STMicroelectronics.FP-SNS-MOTENV1.4.3.1
2025-07-30 21:29:11,452 [WARN] PackLoader:240 - Cannot read IP mode file for STMicroelectronics.FP-SNS-FLIGHT1.5.0.1
2025-07-30 21:29:11,457 [WARN] PackLoader:240 - Cannot read IP mode file for STMicroelectronics.X-CUBE-BLE1.6.2.3
2025-07-30 21:29:11,502 [WARN] PackLoader:240 - Cannot read IP mode file for STMicroelectronics.X-CUBE-MEMS1.11.0.0
2025-07-30 21:29:11,637 [WARN] PackLoader:240 - Cannot read IP mode file for STMicroelectronics.X-CUBE-BLE1.6.2.4
2025-07-30 21:29:11,642 [WARN] PackLoader:240 - Cannot read IP mode file for STMicroelectronics.FP-SNS-FLIGHT1.5.0.2
2025-07-30 21:29:11,655 [WARN] PackLoader:240 - Cannot read IP mode file for STMicroelectronics.X-CUBE-TOF1.3.1.0
2025-07-30 21:29:11,687 [WARN] PackLoader:240 - Cannot read IP mode file for STMicroelectronics.X-CUBE-AZRTOS-H7.3.4.0
2025-07-30 21:29:11,699 [WARN] PackLoader:240 - Cannot read IP mode file for STMicroelectronics.X-CUBE-DISPLAY.3.0.0
2025-07-30 21:29:11,709 [WARN] PackLoader:240 - Cannot read IP mode file for STMicroelectronics.X-CUBE-BLE1.7.0.0
2025-07-30 21:29:11,717 [WARN] PackLoader:240 - Cannot read IP mode file for STMicroelectronics.X-CUBE-NFC10.1.0.0
2025-07-30 21:29:11,730 [WARN] PackLoader:240 - Cannot read IP mode file for STMicroelectronics.X-CUBE-BLEMGR.4.0.0
2025-07-30 21:29:11,742 [WARN] PackLoader:240 - Cannot read IP mode file for emotas.I-CUBE-CANOPEN.1.3.0
2025-07-30 21:29:11,780 [WARN] PackLoader:240 - Cannot read IP mode file for STMicroelectronics.X-CUBE-MEMS1.9.3.0
2025-07-30 21:29:11,947 [WARN] PackLoader:240 - Cannot read IP mode file for STMicroelectronics.X-CUBE-AI.7.2.0
2025-07-30 21:29:11,954 [INFO] WebApp:169 - Instantiating new browser for Auth
2025-07-30 21:29:11,958 [WARN] PackLoader:240 - Cannot read IP mode file for STMicroelectronics.X-CUBE-BLEMGR.3.1.0
2025-07-30 21:29:11,965 [WARN] PackLoader:240 - Cannot read IP mode file for STMicroelectronics.X-CUBE-AI.10.0.0
2025-07-30 21:29:11,972 [WARN] PackLoader:240 - Cannot read IP mode file for STMicroelectronics.FP-SNS-SMARTAG2.1.2.0
2025-07-30 21:29:11,977 [WARN] PackLoader:240 - Cannot read IP mode file for STMicroelectronics.FP-SNS-FLIGHT1.5.1.0
2025-07-30 21:29:11,992 [INFO] LogOutputStream:77 - [STDOUT_REDIRECT] 1 : Invalid condition id : UX_CORESTACK_Condition cause : null
2025-07-30 21:29:11,992 [INFO] LogOutputStream:77 - [STDOUT_REDIRECT] 1 : Invalid condition id : UX_CORESTACK_Condition cause : null
2025-07-30 21:29:11,994 [INFO] LogOutputStream:77 - [STDOUT_REDIRECT] 1 : Invalid condition id : UX_CORESTACK_Condition cause : null
2025-07-30 21:29:11,995 [INFO] LogOutputStream:77 - [STDOUT_REDIRECT] 1 : Invalid condition id : UX_CORESTACK_Condition cause : null
2025-07-30 21:29:11,997 [INFO] LogOutputStream:77 - [STDOUT_REDIRECT] 1 : Invalid condition id : UX_CORESTACK_Condition cause : null
2025-07-30 21:29:12,000 [WARN] PackLoader:240 - Cannot read IP mode file for STMicroelectronics.X-CUBE-AZRTOS-WL.2.0.0
2025-07-30 21:29:12,008 [WARN] PackLoader:240 - Cannot read IP mode file for STMicroelectronics.FP-SNS-MOTENV1.5.0.0
2025-07-30 21:29:12,018 [WARN] PackLoader:240 - Cannot read IP mode file for wolfSSL.I-CUBE-wolfMQTT.1.19.0
2025-07-30 21:29:12,027 [WARN] PackLoader:240 - Cannot read IP mode file for WES.I-CUBE-Cesium.1.3.0
2025-07-30 21:29:12,034 [WARN] PackLoader:240 - Cannot read IP mode file for STMicroelectronics.X-CUBE-BLE2.3.3.0
2025-07-30 21:29:12,047 [WARN] PackLoader:240 - Cannot read IP mode file for STMicroelectronics.X-CUBE-DISPLAY.2.2.0
2025-07-30 21:29:12,062 [WARN] PackLoader:240 - Cannot read IP mode file for STMicroelectronics.X-CUBE-TOF1.3.2.0
2025-07-30 21:29:12,072 [WARN] PackLoader:240 - Cannot read IP mode file for STMicroelectronics.X-CUBE-ISPU.1.0.0
2025-07-30 21:29:12,079 [WARN] PackLoader:240 - Cannot read IP mode file for STMicroelectronics.X-CUBE-NFC9.1.0.0
2025-07-30 21:29:12,094 [WARN] PackLoader:240 - Cannot read IP mode file for STMicroelectronics.X-CUBE-AZRTOS-H7.2.1.0
2025-07-30 21:29:12,100 [WARN] PackLoader:240 - Cannot read IP mode file for STMicroelectronics.X-CUBE-BLE1.7.1.0
2025-07-30 21:29:12,105 [WARN] PackLoader:240 - Cannot read IP mode file for STMicroelectronics.X-CUBE-TCPP.4.1.0
2025-07-30 21:29:12,110 [WARN] PackLoader:240 - Cannot read IP mode file for STMicroelectronics.X-CUBE-EEPRMA1.5.2.0
2025-07-30 21:29:12,114 [WARN] PackLoader:240 - Cannot read IP mode file for STMicroelectronics.X-CUBE-TOUCHGFX.4.21.1
2025-07-30 21:29:12,117 [WARN] PackLoader:240 - Cannot read IP mode file for STMicroelectronics.X-CUBE-TOUCHGFX.4.21.0
2025-07-30 21:29:12,120 [WARN] PackLoader:240 - Cannot read IP mode file for STMicroelectronics.X-CUBE-TOUCHGFX.4.21.4
2025-07-30 21:29:12,148 [WARN] PackLoader:240 - Cannot read IP mode file for STMicroelectronics.X-CUBE-MEMS1.9.4.0
2025-07-30 21:29:12,248 [WARN] PackLoader:240 - Cannot read IP mode file for STMicroelectronics.X-CUBE-AI.7.3.0
2025-07-30 21:29:12,253 [WARN] PackLoader:240 - Cannot read IP mode file for STMicroelectronics.X-CUBE-AI.10.1.0
2025-07-30 21:29:12,260 [WARN] PackLoader:240 - Cannot read IP mode file for STMicroelectronics.X-CUBE-ALGOBUILD.1.3.0
2025-07-30 21:29:12,290 [WARN] PackLoader:240 - Cannot read IP mode file for STMicroelectronics.X-CUBE-MEMS1.11.2.0
2025-07-30 21:29:12,399 [WARN] PackLoader:240 - Cannot read IP mode file for STMicroelectronics.X-CUBE-AZRTOS-G0.1.1.0
2025-07-30 21:29:12,410 [WARN] PackLoader:240 - Cannot read IP mode file for STMicroelectronics.X-CUBE-SAFEA1.1.2.2
2025-07-30 21:29:12,418 [WARN] PackLoader:240 - Cannot read IP mode file for STMicroelectronics.X-CUBE-NFC4.3.0.0
2025-07-30 21:29:12,454 [WARN] PackLoader:240 - Cannot read IP mode file for SEGGER.I-CUBE-embOS.1.2.0
2025-07-30 21:29:12,520 [WARN] PackLoader:240 - Cannot read IP mode file for EmbeddedOffice.I-CUBE-FS-RTOS.1.0.1
2025-07-30 21:29:12,527 [WARN] PackLoader:240 - Cannot read IP mode file for STMicroelectronics.X-CUBE-WB05N.2.0.0
2025-07-30 21:29:12,538 [WARN] PackLoader:240 - Cannot read IP mode file for STMicroelectronics.X-CUBE-BLEMGR.3.0.0
2025-07-30 21:29:12,550 [WARN] PackLoader:240 - Cannot read IP mode file for STMicroelectronics.X-CUBE-BLEMGR.1.3.0
2025-07-30 21:29:12,558 [WARN] PackLoader:240 - Cannot read IP mode file for STMicroelectronics.X-CUBE-TCPP.4.2.0
2025-07-30 21:29:12,566 [WARN] PackLoader:240 - Cannot read IP mode file for RealThread.X-CUBE-RT-Thread_Nano.4.1.1
2025-07-30 21:29:12,573 [WARN] PackLoader:240 - Cannot read IP mode file for STMicroelectronics.FP-ATR-SIGFOX1.3.2.0
2025-07-30 21:29:12,579 [WARN] ConditionMgr:438 - getConditionDescription Invalid condition id : Cortex-A Device cause : null
2025-07-30 21:29:12,599 [WARN] ConditionMgr:1044 - genDependencies : Invalid condition id : Cortex-A Device cause : null
2025-07-30 21:29:12,599 [WARN] ConditionMgr:1044 - genDependencies : Invalid condition id : Cortex-A Device cause : null
2025-07-30 21:29:12,599 [WARN] ConditionMgr:1044 - genDependencies : Invalid condition id : Cortex-A Device cause : null
2025-07-30 21:29:12,605 [WARN] PackLoader:240 - Cannot read IP mode file for STMicroelectronics.X-CUBE-EEPRMA1.5.1.0
2025-07-30 21:29:12,614 [WARN] PackLoader:240 - Cannot read IP mode file for emotas.I-CUBE-CANOPEN.1.1.2
2025-07-30 21:29:12,619 [WARN] PackLoader:240 - Cannot read IP mode file for STMicroelectronics.X-CUBE-TOUCHGFX.4.20.0
2025-07-30 21:29:12,627 [WARN] PackLoader:240 - Cannot read IP mode file for STMicroelectronics.X-CUBE-ST67W61.1.0.0
2025-07-30 21:29:12,653 [WARN] PackLoader:240 - Cannot read IP mode file for SEGGER.I-CUBE-embOS.1.3.1
2025-07-30 21:29:12,686 [WARN] PackLoader:240 - Cannot read IP mode file for STMicroelectronics.X-CUBE-ALGOBUILD.1.4.0
2025-07-30 21:29:12,725 [WARN] PackLoader:240 - Cannot read IP mode file for STMicroelectronics.X-CUBE-MEMS1.11.3.0
2025-07-30 21:29:12,787 [WARN] PackLoader:240 - Cannot read IP mode file for STMicroelectronics.X-CUBE-AI.9.1.0
2025-07-30 21:29:12,791 [WARN] PackLoader:240 - Cannot read IP mode file for STMicroelectronics.X-CUBE-PM33A1.1.0.0
2025-07-30 21:29:12,796 [WARN] PackLoader:240 - Cannot read IP mode file for STMicroelectronics.X-CUBE-GNSS1.6.0.0
2025-07-30 21:29:12,817 [WARN] PackLoader:240 - Cannot read IP mode file for STMicroelectronics.X-CUBE-AZRTOS-F4.1.1.0
2025-07-30 21:29:12,824 [WARN] PackLoader:240 - Cannot read IP mode file for Avnet-IotConnect.X-CUBE-IoTC-DA16k-PMOD.1.0.0
2025-07-30 21:29:12,827 [WARN] PackLoader:240 - Cannot read IP mode file for STMicroelectronics.X-CUBE-ISPU.2.1.0
2025-07-30 21:29:12,835 [WARN] PackLoader:240 - Cannot read IP mode file for STMicroelectronics.X-CUBE-FREERTOS.1.2.0
2025-07-30 21:29:12,841 [WARN] PackLoader:240 - Cannot read IP mode file for wolfSSL.I-CUBE-wolfSSL.5.6.6
2025-07-30 21:29:12,849 [WARN] PackLoader:240 - Cannot read IP mode file for STMicroelectronics.X-CUBE-NFC12.1.0.0
2025-07-30 21:29:12,870 [WARN] PackLoader:240 - Cannot read IP mode file for STMicroelectronics.X-CUBE-AZRTOS-L5.2.0.0
2025-07-30 21:29:12,912 [WARN] PackLoader:240 - Cannot read IP mode file for STMicroelectronics.X-CUBE-MEMS1.9.6.0
2025-07-30 21:29:13,015 [INFO] WebApp:463 - Apply proxy settings
2025-07-30 21:29:13,016 [INFO] WebApp:548 - Chromium requires no authentication
2025-07-30 21:29:13,021 [WARN] PackLoader:240 - Cannot read IP mode file for STMicroelectronics.X-CUBE-EEPRMA1.4.2.0
2025-07-30 21:29:13,029 [INFO] WebApp:491 - Direct internet connection detected
2025-07-30 21:29:13,030 [WARN] PackLoader:240 - Cannot read IP mode file for STMicroelectronics.X-CUBE-NFC6.3.1.0
2025-07-30 21:29:13,040 [WARN] PackLoader:240 - Cannot read IP mode file for ITTIA_DB.I-CUBE-ITTIADB.8.8.0
2025-07-30 21:29:13,047 [WARN] PackLoader:240 - Cannot read IP mode file for STMicroelectronics.X-CUBE-BLEMGR.2.0.0
2025-07-30 21:29:13,053 [WARN] PackLoader:240 - Cannot read IP mode file for STMicroelectronics.X-CUBE-DPower.1.2.0
2025-07-30 21:29:13,057 [WARN] PackLoader:240 - Cannot read IP mode file for STMicroelectronics.X-CUBE-NFC4.2.0.5
2025-07-30 21:29:13,061 [WARN] PackLoader:240 - Cannot read IP mode file for STMicroelectronics.X-CUBE-NFC4.2.0.4
2025-07-30 21:29:13,065 [INFO] WebApp:900 - Register for checkConnection events
2025-07-30 21:29:13,066 [WARN] PackLoader:240 - Cannot read IP mode file for STMicroelectronics.X-CUBE-AI.9.0.0
2025-07-30 21:29:13,066 [INFO] WebApp:463 - Apply proxy settings
2025-07-30 21:29:13,066 [INFO] WebApp:548 - Chromium requires no authentication
2025-07-30 21:29:13,066 [INFO] WebApp:491 - Direct internet connection detected
2025-07-30 21:29:13,078 [WARN] ConditionMgr:438 - getConditionDescription Invalid condition id : UX DEVICE CLASS RTOS Condition cause : null
2025-07-30 21:29:13,078 [WARN] ConditionMgr:438 - getConditionDescription Invalid condition id : UX DEVICE CLASS RTOS Condition cause : null
2025-07-30 21:29:13,080 [WARN] PackLoader:240 - Cannot read IP mode file for STMicroelectronics.X-CUBE-AZRTOS-H7.3.1.0
2025-07-30 21:29:13,080 [WARN] ConditionMgr:1044 - genDependencies : Invalid condition id : UX DEVICE CLASS RTOS Condition cause : null
2025-07-30 21:29:13,080 [WARN] ConditionMgr:1044 - genDependencies : Invalid condition id : UX DEVICE CLASS RTOS Condition cause : null
2025-07-30 21:29:13,081 [WARN] ConditionMgr:1044 - genDependencies : Invalid condition id : UX DEVICE CLASS RTOS Condition cause : null
2025-07-30 21:29:13,081 [WARN] ConditionMgr:1044 - genDependencies : Invalid condition id : UX DEVICE CLASS RTOS Condition cause : null
2025-07-30 21:29:13,081 [WARN] ConditionMgr:1044 - genDependencies : Invalid condition id : UX DEVICE CLASS RTOS Condition cause : null
2025-07-30 21:29:13,085 [WARN] PackLoader:240 - Cannot read IP mode file for STMicroelectronics.X-CUBE-FREERTOS.1.3.1
2025-07-30 21:29:13,089 [WARN] PackLoader:240 - Cannot read IP mode file for STMicroelectronics.X-CUBE-FREERTOS.1.3.0
2025-07-30 21:29:13,095 [WARN] PackLoader:240 - Cannot read IP mode file for STMicroelectronics.X-CUBE-NFC7.1.0.1
2025-07-30 21:29:13,100 [WARN] PackLoader:240 - Cannot read IP mode file for STMicroelectronics.X-CUBE-NFC7.1.0.0
2025-07-30 21:29:13,108 [WARN] PackLoader:240 - Cannot read IP mode file for STMicroelectronics.X-CUBE-NFC6.3.0.0
2025-07-30 21:29:13,114 [WARN] PackLoader:240 - Cannot read IP mode file for STMicroelectronics.X-CUBE-EEPRMA1.4.1.0
2025-07-30 21:29:13,120 [WARN] PackLoader:240 - Cannot read IP mode file for STMicroelectronics.FP-SNS-STAIOTCFT.1.0.0
2025-07-30 21:29:13,124 [WARN] PackLoader:240 - Cannot read IP mode file for STMicroelectronics.X-CUBE-DPower.1.3.0
2025-07-30 21:29:13,128 [WARN] PackLoader:240 - Cannot read IP mode file for STMicroelectronics.X-CUBE-AI.8.1.0
2025-07-30 21:29:13,148 [WARN] ConditionMgr:438 - getConditionDescription Invalid condition id : LAN8742 Phy interface Condition cause : null
2025-07-30 21:29:13,149 [WARN] PackLoader:240 - Cannot read IP mode file for STMicroelectronics.X-CUBE-AZRTOS-L4.2.0.0
2025-07-30 21:29:13,150 [WARN] ConditionMgr:1044 - genDependencies : Invalid condition id : LAN8742 Phy interface Condition cause : null
2025-07-30 21:29:13,150 [WARN] ConditionMgr:1044 - genDependencies : Invalid condition id : LAN8742 Phy interface Condition cause : null
2025-07-30 21:29:13,150 [WARN] ConditionMgr:1044 - genDependencies : Invalid condition id : LAN8742 Phy interface Condition cause : null
2025-07-30 21:29:13,159 [WARN] PackLoader:240 - Cannot read IP mode file for STMicroelectronics.X-CUBE-SFXS2LP1.4.0.0
2025-07-30 21:29:13,174 [WARN] PackLoader:240 - Cannot read IP mode file for STMicroelectronics.X-CUBE-AZRTOS-H7.3.0.0
2025-07-30 21:29:13,180 [WARN] PackLoader:240 - Cannot read IP mode file for STMicroelectronics.X-CUBE-ISPU.1.1.0
2025-07-30 21:29:13,195 [WARN] PackLoader:240 - Cannot read IP mode file for STMicroelectronics.X-CUBE-AZRTOS-H7.3.3.0
2025-07-30 21:29:13,206 [WARN] PackLoader:240 - Cannot read IP mode file for RoweBots.I-CUBE-UNISONRTOS.5.5.0-4
2025-07-30 21:29:13,211 [WARN] PackLoader:240 - Cannot read IP mode file for wolfSSL.I-CUBE-wolfSSL.5.4.0
2025-07-30 21:29:13,217 [WARN] PackLoader:240 - Cannot read IP mode file for STMicroelectronics.X-CUBE-BLEMGR.4.1.0
2025-07-30 21:29:13,227 [WARN] PackLoader:240 - Cannot read IP mode file for STMicroelectronics.X-CUBE-IPS.3.0.0
2025-07-30 21:29:13,241 [WARN] ConditionMgr:438 - getConditionDescription Invalid condition id : UX DEVICE CLASS RTOS Condition cause : null
2025-07-30 21:29:13,241 [WARN] ConditionMgr:438 - getConditionDescription Invalid condition id : UX DEVICE CLASS RTOS Condition cause : null
2025-07-30 21:29:13,243 [WARN] PackLoader:240 - Cannot read IP mode file for STMicroelectronics.X-CUBE-AZRTOS-WB.2.0.0
2025-07-30 21:29:13,243 [WARN] ConditionMgr:1044 - genDependencies : Invalid condition id : UX DEVICE CLASS RTOS Condition cause : null
2025-07-30 21:29:13,243 [WARN] ConditionMgr:1044 - genDependencies : Invalid condition id : UX DEVICE CLASS RTOS Condition cause : null
2025-07-30 21:29:13,244 [WARN] ConditionMgr:1044 - genDependencies : Invalid condition id : UX DEVICE CLASS RTOS Condition cause : null
2025-07-30 21:29:13,244 [WARN] ConditionMgr:1044 - genDependencies : Invalid condition id : UX DEVICE CLASS RTOS Condition cause : null
2025-07-30 21:29:13,244 [WARN] ConditionMgr:1044 - genDependencies : Invalid condition id : UX DEVICE CLASS RTOS Condition cause : null
2025-07-30 21:29:13,248 [WARN] PackLoader:240 - Cannot read IP mode file for STMicroelectronics.X-CUBE-FREERTOS.1.0.1
2025-07-30 21:29:13,265 [WARN] PackLoader:240 - Cannot read IP mode file for STMicroelectronics.X-CUBE-GNSS1.7.0.0
2025-07-30 21:29:13,271 [WARN] PackLoader:240 - Cannot read IP mode file for STMicroelectronics.X-CUBE-GNSS1.7.0.1
2025-07-30 21:29:13,278 [WARN] PackLoader:240 - Cannot read IP mode file for STMicroelectronics.X-CUBE-BLEMGR.1.0.0
2025-07-30 21:29:13,282 [WARN] PackLoader:240 - Cannot read IP mode file for STMicroelectronics.X-CUBE-TOUCHGFX.4.25.0
2025-07-30 21:29:13,288 [WARN] PackLoader:240 - Cannot read IP mode file for STMicroelectronics.FP-SNS-STBOX1.2.0.0
2025-07-30 21:29:13,303 [WARN] PackLoader:240 - Cannot read IP mode file for STMicroelectronics.X-CUBE-AZRTOS-L5.1.1.0
2025-07-30 21:29:13,307 [WARN] PackLoader:240 - Cannot read IP mode file for STMicroelectronics.X-CUBE-AI.8.0.1
2025-07-30 21:29:13,316 [WARN] PackLoader:240 - Cannot read IP mode file for STMicroelectronics.X-CUBE-SUBG2.5.0.0
2025-07-30 21:29:13,333 [WARN] PackLoader:240 - Cannot read IP mode file for STMicroelectronics.X-CUBE-AZRTOS-H7RS.1.1.0
2025-07-30 21:29:13,340 [WARN] PackLoader:240 - Cannot read IP mode file for Cesanta.I-CUBE-Mongoose.7.13.0
2025-07-30 21:29:13,353 [INFO] WebApp:225 - Starting web application
2025-07-30 21:29:13,353 [INFO] WebApp:593 - Web application path used C:\ST\STM32CubeIDE_1.14.0\STM32CubeIDE\plugins\com.st.stm32cube.common.mx_6.15.0.202507011659\db\plugins\mcufinder\reactClient1\index.html
2025-07-30 21:29:13,353 [WARN] PackLoader:240 - Cannot read IP mode file for STMicroelectronics.X-CUBE-AZRTOS-G4.2.0.0
2025-07-30 21:29:13,368 [WARN] PackLoader:240 - Cannot read IP mode file for STMicroelectronics.X-CUBE-TOF1.3.3.0
2025-07-30 21:29:13,379 [WARN] PackLoader:240 - Cannot read IP mode file for STMicroelectronics.FP-ATR-ASTRA1.1.1.1
2025-07-30 21:29:13,391 [WARN] PackLoader:240 - Cannot read IP mode file for Infineon.AIROC-Wi-Fi-Bluetooth-STM32.1.5.1
2025-07-30 21:29:13,398 [WARN] PackLoader:240 - Cannot read IP mode file for STMicroelectronics.FP-ATR-ASTRA1.1.1.0
2025-07-30 21:29:13,402 [WARN] PackLoader:240 - Cannot read IP mode file for STMicroelectronics.X-CUBE-NFC7.2.0.0
2025-07-30 21:29:13,407 [WARN] PackLoader:240 - Cannot read IP mode file for STMicroelectronics.FP-SNS-MOTENVWB1.1.3.1
2025-07-30 21:29:13,420 [WARN] PackLoader:240 - Cannot read IP mode file for STMicroelectronics.X-CUBE-AZRTOS-G4.1.0.0
2025-07-30 21:29:13,435 [WARN] PackLoader:240 - Cannot read IP mode file for STMicroelectronics.X-CUBE-AZRTOS-L4.1.0.0
2025-07-30 21:29:13,441 [WARN] PackLoader:240 - Cannot read IP mode file for STMicroelectronics.X-CUBE-ISPU.2.0.0
2025-07-30 21:29:13,451 [WARN] PackLoader:240 - Cannot read IP mode file for STMicroelectronics.X-CUBE-IPS.3.1.0
2025-07-30 21:29:13,459 [WARN] PackLoader:240 - Cannot read IP mode file for STMicroelectronics.X-CUBE-ALS.1.0.2
2025-07-30 21:29:13,496 [WARN] PackLoader:240 - Cannot read IP mode file for STMicroelectronics.X-CUBE-MEMS1.10.0.0
2025-07-30 21:29:13,576 [WARN] PackLoader:240 - Cannot read IP mode file for STMicroelectronics.X-CUBE-FREERTOS.1.1.0
2025-07-30 21:29:13,577 [INFO] WebApp:191 - Connection restablished
2025-07-30 21:29:13,580 [WARN] PackLoader:240 - Cannot read IP mode file for STMicroelectronics.X-CUBE-TOUCHGFX.4.24.0
2025-07-30 21:29:13,588 [WARN] PackLoader:240 - Cannot read IP mode file for STMicroelectronics.X-CUBE-AZRTOS-WL.1.0.0
2025-07-30 21:29:13,593 [WARN] PackLoader:240 - Cannot read IP mode file for STMicroelectronics.X-CUBE-TOUCHGFX.4.24.1
2025-07-30 21:29:13,598 [WARN] PackLoader:240 - Cannot read IP mode file for wolfSSL.I-CUBE-wolfTPM.3.4.0
2025-07-30 21:29:13,599 [INFO] UserAuth:487 - Internet connection configuration mode: 1
2025-07-30 21:29:13,606 [WARN] PackLoader:240 - Cannot read IP mode file for portGmbH.I-Cube-SoM-uGOAL.1.1.0
2025-07-30 21:29:13,610 [WARN] PackLoader:240 - Cannot read IP mode file for STMicroelectronics.X-CUBE-ALS.1.0.1
2025-07-30 21:29:13,621 [WARN] PackLoader:240 - Cannot read IP mode file for STMicroelectronics.X-CUBE-AZRTOS-WB.1.1.0
2025-07-30 21:29:13,631 [WARN] PackLoader:240 - Cannot read IP mode file for STMicroelectronics.X-CUBE-AZRTOS-L5.1.0.0
2025-07-30 21:29:13,635 [WARN] PackLoader:240 - Cannot read IP mode file for STMicroelectronics.X-CUBE-EEPRMA1.3.1.1
2025-07-30 21:29:13,646 [WARN] PackLoader:240 - Cannot read IP mode file for STMicroelectronics.X-CUBE-AZRTOS-H7RS.1.0.0
2025-07-30 21:29:13,650 [WARN] PackLoader:240 - Cannot read IP mode file for STMicroelectronics.FP-ATR-ASTRA1.2.0.0
2025-07-30 21:29:13,658 [WARN] PackLoader:240 - Cannot read IP mode file for STMicroelectronics.X-CUBE-TOF1.3.4.2
2025-07-30 21:29:13,673 [WARN] PackLoader:240 - Cannot read IP mode file for STMicroelectronics.X-CUBE-TOF1.3.4.3
2025-07-30 21:29:13,690 [WARN] PackLoader:240 - Cannot read IP mode file for STMicroelectronics.X-CUBE-TOF1.3.4.0
2025-07-30 21:29:13,706 [WARN] PackLoader:240 - Cannot read IP mode file for STMicroelectronics.X-CUBE-TOF1.3.4.1
2025-07-30 21:29:13,724 [WARN] PackLoader:240 - Cannot read IP mode file for STMicroelectronics.X-CUBE-AZRTOS-H7.3.2.0
2025-07-30 21:29:13,730 [WARN] PackLoader:240 - Cannot read IP mode file for wolfSSL.I-CUBE-wolfSSH.1.4.17
2025-07-30 21:29:13,731 [INFO] ThirdParty:978 - Integrity check success = true
2025-07-30 21:29:13,731 [INFO] IntegrityCheckThread:100 - exiting critical section [integrity check]
2025-07-30 21:29:13,731 [INFO] IntegrityCheckThread:103 - End integrity checks thread
2025-07-30 21:30:23,708 [INFO] WebApp:194 - Connection lost
2025-07-30 21:30:23,967 [INFO] WebApp:191 - Connection restablished
2025-07-30 21:30:30,330 [INFO] WebApp:194 - Connection lost
2025-07-30 21:30:30,548 [INFO] WebApp:191 - Connection restablished
2025-07-30 22:32:55,265 [ERROR] LogOutputStream:75 - [STDERR_REDIRECT] 
